[2021-11-25 23:03:57,690] {processor.py:163} INFO - Started process (PID=5942) to work on /Users/danielcollins/opt/anaconda3/lib/python3.8/site-packages/airflow/example_dags/example_complex.py
[2021-11-25 23:03:57,690] {processor.py:625} INFO - Processing file /Users/danielcollins/opt/anaconda3/lib/python3.8/site-packages/airflow/example_dags/example_complex.py for tasks to queue
[2021-11-25 23:03:57,690] {logging_mixin.py:109} INFO - [2021-11-25 23:03:57,690] {dagbag.py:500} INFO - Filling up the DagBag from /Users/danielcollins/opt/anaconda3/lib/python3.8/site-packages/airflow/example_dags/example_complex.py
[2021-11-25 23:03:57,726] {processor.py:637} INFO - DAG(s) dict_keys(['example_complex']) retrieved from /Users/danielcollins/opt/anaconda3/lib/python3.8/site-packages/airflow/example_dags/example_complex.py
[2021-11-25 23:03:57,739] {logging_mixin.py:109} INFO - [2021-11-25 23:03:57,739] {dag.py:2396} INFO - Sync 1 DAGs
[2021-11-25 23:03:57,743] {logging_mixin.py:109} INFO - [2021-11-25 23:03:57,743] {dag.py:2928} INFO - Setting next_dagrun for example_complex to None
[2021-11-25 23:03:57,749] {processor.py:171} INFO - Processing /Users/danielcollins/opt/anaconda3/lib/python3.8/site-packages/airflow/example_dags/example_complex.py took 0.060 seconds
[2021-11-25 23:05:33,456] {processor.py:163} INFO - Started process (PID=6076) to work on /Users/danielcollins/opt/anaconda3/lib/python3.8/site-packages/airflow/example_dags/example_complex.py
[2021-11-25 23:05:33,456] {processor.py:625} INFO - Processing file /Users/danielcollins/opt/anaconda3/lib/python3.8/site-packages/airflow/example_dags/example_complex.py for tasks to queue
[2021-11-25 23:05:33,456] {logging_mixin.py:109} INFO - [2021-11-25 23:05:33,456] {dagbag.py:500} INFO - Filling up the DagBag from /Users/danielcollins/opt/anaconda3/lib/python3.8/site-packages/airflow/example_dags/example_complex.py
[2021-11-25 23:05:33,492] {processor.py:637} INFO - DAG(s) dict_keys(['example_complex']) retrieved from /Users/danielcollins/opt/anaconda3/lib/python3.8/site-packages/airflow/example_dags/example_complex.py
[2021-11-25 23:05:33,505] {logging_mixin.py:109} INFO - [2021-11-25 23:05:33,504] {dag.py:2396} INFO - Sync 1 DAGs
[2021-11-25 23:05:33,509] {logging_mixin.py:109} INFO - [2021-11-25 23:05:33,509] {dag.py:2928} INFO - Setting next_dagrun for example_complex to None
[2021-11-25 23:05:33,514] {processor.py:171} INFO - Processing /Users/danielcollins/opt/anaconda3/lib/python3.8/site-packages/airflow/example_dags/example_complex.py took 0.059 seconds
[2021-11-25 23:06:56,590] {processor.py:163} INFO - Started process (PID=6186) to work on /Users/danielcollins/opt/anaconda3/lib/python3.8/site-packages/airflow/example_dags/example_complex.py
[2021-11-25 23:06:56,592] {processor.py:625} INFO - Processing file /Users/danielcollins/opt/anaconda3/lib/python3.8/site-packages/airflow/example_dags/example_complex.py for tasks to queue
[2021-11-25 23:06:56,592] {logging_mixin.py:109} INFO - [2021-11-25 23:06:56,592] {dagbag.py:500} INFO - Filling up the DagBag from /Users/danielcollins/opt/anaconda3/lib/python3.8/site-packages/airflow/example_dags/example_complex.py
[2021-11-25 23:06:56,626] {processor.py:637} INFO - DAG(s) dict_keys(['example_complex']) retrieved from /Users/danielcollins/opt/anaconda3/lib/python3.8/site-packages/airflow/example_dags/example_complex.py
[2021-11-25 23:06:56,639] {logging_mixin.py:109} INFO - [2021-11-25 23:06:56,639] {dag.py:2396} INFO - Sync 1 DAGs
[2021-11-25 23:06:56,644] {logging_mixin.py:109} INFO - [2021-11-25 23:06:56,644] {dag.py:2928} INFO - Setting next_dagrun for example_complex to None
[2021-11-25 23:06:56,649] {processor.py:171} INFO - Processing /Users/danielcollins/opt/anaconda3/lib/python3.8/site-packages/airflow/example_dags/example_complex.py took 0.059 seconds
[2021-11-25 23:08:18,932] {processor.py:163} INFO - Started process (PID=6301) to work on /Users/danielcollins/opt/anaconda3/lib/python3.8/site-packages/airflow/example_dags/example_complex.py
[2021-11-25 23:08:18,933] {processor.py:625} INFO - Processing file /Users/danielcollins/opt/anaconda3/lib/python3.8/site-packages/airflow/example_dags/example_complex.py for tasks to queue
[2021-11-25 23:08:18,933] {logging_mixin.py:109} INFO - [2021-11-25 23:08:18,933] {dagbag.py:500} INFO - Filling up the DagBag from /Users/danielcollins/opt/anaconda3/lib/python3.8/site-packages/airflow/example_dags/example_complex.py
[2021-11-25 23:08:18,969] {processor.py:637} INFO - DAG(s) dict_keys(['example_complex']) retrieved from /Users/danielcollins/opt/anaconda3/lib/python3.8/site-packages/airflow/example_dags/example_complex.py
[2021-11-25 23:08:18,982] {logging_mixin.py:109} INFO - [2021-11-25 23:08:18,982] {dag.py:2396} INFO - Sync 1 DAGs
[2021-11-25 23:08:18,987] {logging_mixin.py:109} INFO - [2021-11-25 23:08:18,987] {dag.py:2928} INFO - Setting next_dagrun for example_complex to None
[2021-11-25 23:08:18,993] {processor.py:171} INFO - Processing /Users/danielcollins/opt/anaconda3/lib/python3.8/site-packages/airflow/example_dags/example_complex.py took 0.061 seconds
[2021-11-25 23:09:40,521] {processor.py:163} INFO - Started process (PID=6420) to work on /Users/danielcollins/opt/anaconda3/lib/python3.8/site-packages/airflow/example_dags/example_complex.py
[2021-11-25 23:09:40,522] {processor.py:625} INFO - Processing file /Users/danielcollins/opt/anaconda3/lib/python3.8/site-packages/airflow/example_dags/example_complex.py for tasks to queue
[2021-11-25 23:09:40,522] {logging_mixin.py:109} INFO - [2021-11-25 23:09:40,522] {dagbag.py:500} INFO - Filling up the DagBag from /Users/danielcollins/opt/anaconda3/lib/python3.8/site-packages/airflow/example_dags/example_complex.py
[2021-11-25 23:09:40,555] {processor.py:637} INFO - DAG(s) dict_keys(['example_complex']) retrieved from /Users/danielcollins/opt/anaconda3/lib/python3.8/site-packages/airflow/example_dags/example_complex.py
[2021-11-25 23:09:40,567] {logging_mixin.py:109} INFO - [2021-11-25 23:09:40,567] {dag.py:2396} INFO - Sync 1 DAGs
[2021-11-25 23:09:40,572] {logging_mixin.py:109} INFO - [2021-11-25 23:09:40,572] {dag.py:2928} INFO - Setting next_dagrun for example_complex to None
[2021-11-25 23:09:40,578] {processor.py:171} INFO - Processing /Users/danielcollins/opt/anaconda3/lib/python3.8/site-packages/airflow/example_dags/example_complex.py took 0.058 seconds
[2021-11-25 23:11:04,787] {processor.py:163} INFO - Started process (PID=6844) to work on /Users/danielcollins/opt/anaconda3/lib/python3.8/site-packages/airflow/example_dags/example_complex.py
[2021-11-25 23:11:04,788] {processor.py:625} INFO - Processing file /Users/danielcollins/opt/anaconda3/lib/python3.8/site-packages/airflow/example_dags/example_complex.py for tasks to queue
[2021-11-25 23:11:04,788] {logging_mixin.py:109} INFO - [2021-11-25 23:11:04,788] {dagbag.py:500} INFO - Filling up the DagBag from /Users/danielcollins/opt/anaconda3/lib/python3.8/site-packages/airflow/example_dags/example_complex.py
[2021-11-25 23:11:04,822] {processor.py:637} INFO - DAG(s) dict_keys(['example_complex']) retrieved from /Users/danielcollins/opt/anaconda3/lib/python3.8/site-packages/airflow/example_dags/example_complex.py
[2021-11-25 23:11:04,835] {logging_mixin.py:109} INFO - [2021-11-25 23:11:04,835] {dag.py:2396} INFO - Sync 1 DAGs
[2021-11-25 23:11:04,840] {logging_mixin.py:109} INFO - [2021-11-25 23:11:04,840] {dag.py:2928} INFO - Setting next_dagrun for example_complex to None
[2021-11-25 23:11:04,846] {processor.py:171} INFO - Processing /Users/danielcollins/opt/anaconda3/lib/python3.8/site-packages/airflow/example_dags/example_complex.py took 0.059 seconds
[2021-11-25 23:12:28,040] {processor.py:163} INFO - Started process (PID=7354) to work on /Users/danielcollins/opt/anaconda3/lib/python3.8/site-packages/airflow/example_dags/example_complex.py
[2021-11-25 23:12:28,041] {processor.py:625} INFO - Processing file /Users/danielcollins/opt/anaconda3/lib/python3.8/site-packages/airflow/example_dags/example_complex.py for tasks to queue
[2021-11-25 23:12:28,041] {logging_mixin.py:109} INFO - [2021-11-25 23:12:28,041] {dagbag.py:500} INFO - Filling up the DagBag from /Users/danielcollins/opt/anaconda3/lib/python3.8/site-packages/airflow/example_dags/example_complex.py
[2021-11-25 23:12:28,077] {processor.py:637} INFO - DAG(s) dict_keys(['example_complex']) retrieved from /Users/danielcollins/opt/anaconda3/lib/python3.8/site-packages/airflow/example_dags/example_complex.py
[2021-11-25 23:12:28,089] {logging_mixin.py:109} INFO - [2021-11-25 23:12:28,089] {dag.py:2396} INFO - Sync 1 DAGs
[2021-11-25 23:12:28,094] {logging_mixin.py:109} INFO - [2021-11-25 23:12:28,094] {dag.py:2928} INFO - Setting next_dagrun for example_complex to None
[2021-11-25 23:12:28,099] {processor.py:171} INFO - Processing /Users/danielcollins/opt/anaconda3/lib/python3.8/site-packages/airflow/example_dags/example_complex.py took 0.059 seconds
[2021-11-25 23:13:52,185] {processor.py:163} INFO - Started process (PID=7501) to work on /Users/danielcollins/opt/anaconda3/lib/python3.8/site-packages/airflow/example_dags/example_complex.py
[2021-11-25 23:13:52,186] {processor.py:625} INFO - Processing file /Users/danielcollins/opt/anaconda3/lib/python3.8/site-packages/airflow/example_dags/example_complex.py for tasks to queue
[2021-11-25 23:13:52,186] {logging_mixin.py:109} INFO - [2021-11-25 23:13:52,186] {dagbag.py:500} INFO - Filling up the DagBag from /Users/danielcollins/opt/anaconda3/lib/python3.8/site-packages/airflow/example_dags/example_complex.py
[2021-11-25 23:13:52,221] {processor.py:637} INFO - DAG(s) dict_keys(['example_complex']) retrieved from /Users/danielcollins/opt/anaconda3/lib/python3.8/site-packages/airflow/example_dags/example_complex.py
[2021-11-25 23:13:52,234] {logging_mixin.py:109} INFO - [2021-11-25 23:13:52,234] {dag.py:2396} INFO - Sync 1 DAGs
[2021-11-25 23:13:52,238] {logging_mixin.py:109} INFO - [2021-11-25 23:13:52,238] {dag.py:2928} INFO - Setting next_dagrun for example_complex to None
[2021-11-25 23:13:52,244] {processor.py:171} INFO - Processing /Users/danielcollins/opt/anaconda3/lib/python3.8/site-packages/airflow/example_dags/example_complex.py took 0.059 seconds
[2021-11-25 23:15:16,731] {processor.py:163} INFO - Started process (PID=7605) to work on /Users/danielcollins/opt/anaconda3/lib/python3.8/site-packages/airflow/example_dags/example_complex.py
[2021-11-25 23:15:16,731] {processor.py:625} INFO - Processing file /Users/danielcollins/opt/anaconda3/lib/python3.8/site-packages/airflow/example_dags/example_complex.py for tasks to queue
[2021-11-25 23:15:16,731] {logging_mixin.py:109} INFO - [2021-11-25 23:15:16,731] {dagbag.py:500} INFO - Filling up the DagBag from /Users/danielcollins/opt/anaconda3/lib/python3.8/site-packages/airflow/example_dags/example_complex.py
[2021-11-25 23:15:16,764] {processor.py:637} INFO - DAG(s) dict_keys(['example_complex']) retrieved from /Users/danielcollins/opt/anaconda3/lib/python3.8/site-packages/airflow/example_dags/example_complex.py
[2021-11-25 23:15:16,777] {logging_mixin.py:109} INFO - [2021-11-25 23:15:16,776] {dag.py:2396} INFO - Sync 1 DAGs
[2021-11-25 23:15:16,781] {logging_mixin.py:109} INFO - [2021-11-25 23:15:16,781] {dag.py:2928} INFO - Setting next_dagrun for example_complex to None
[2021-11-25 23:15:16,786] {processor.py:171} INFO - Processing /Users/danielcollins/opt/anaconda3/lib/python3.8/site-packages/airflow/example_dags/example_complex.py took 0.056 seconds
[2021-11-26 00:39:07,767] {processor.py:163} INFO - Started process (PID=7804) to work on /Users/danielcollins/opt/anaconda3/lib/python3.8/site-packages/airflow/example_dags/example_complex.py
[2021-11-26 00:39:07,789] {processor.py:625} INFO - Processing file /Users/danielcollins/opt/anaconda3/lib/python3.8/site-packages/airflow/example_dags/example_complex.py for tasks to queue
[2021-11-26 00:39:07,809] {logging_mixin.py:109} INFO - [2021-11-26 00:39:07,808] {dagbag.py:500} INFO - Filling up the DagBag from /Users/danielcollins/opt/anaconda3/lib/python3.8/site-packages/airflow/example_dags/example_complex.py
[2021-11-26 00:39:08,393] {processor.py:637} INFO - DAG(s) dict_keys(['example_complex']) retrieved from /Users/danielcollins/opt/anaconda3/lib/python3.8/site-packages/airflow/example_dags/example_complex.py
[2021-11-26 00:39:08,415] {logging_mixin.py:109} INFO - [2021-11-26 00:39:08,415] {dag.py:2396} INFO - Sync 1 DAGs
[2021-11-26 00:39:08,421] {logging_mixin.py:109} INFO - [2021-11-26 00:39:08,421] {dag.py:2928} INFO - Setting next_dagrun for example_complex to None
[2021-11-26 00:39:08,428] {processor.py:171} INFO - Processing /Users/danielcollins/opt/anaconda3/lib/python3.8/site-packages/airflow/example_dags/example_complex.py took 0.732 seconds
[2021-11-26 08:21:32,736] {processor.py:163} INFO - Started process (PID=8342) to work on /Users/danielcollins/opt/anaconda3/lib/python3.8/site-packages/airflow/example_dags/example_complex.py
[2021-11-26 08:21:32,736] {processor.py:625} INFO - Processing file /Users/danielcollins/opt/anaconda3/lib/python3.8/site-packages/airflow/example_dags/example_complex.py for tasks to queue
[2021-11-26 08:21:32,736] {logging_mixin.py:109} INFO - [2021-11-26 08:21:32,736] {dagbag.py:500} INFO - Filling up the DagBag from /Users/danielcollins/opt/anaconda3/lib/python3.8/site-packages/airflow/example_dags/example_complex.py
[2021-11-26 08:21:32,768] {processor.py:637} INFO - DAG(s) dict_keys(['example_complex']) retrieved from /Users/danielcollins/opt/anaconda3/lib/python3.8/site-packages/airflow/example_dags/example_complex.py
[2021-11-26 08:21:32,780] {logging_mixin.py:109} INFO - [2021-11-26 08:21:32,780] {dag.py:2396} INFO - Sync 1 DAGs
[2021-11-26 08:21:32,785] {logging_mixin.py:109} INFO - [2021-11-26 08:21:32,785] {dag.py:2928} INFO - Setting next_dagrun for example_complex to None
[2021-11-26 08:21:32,790] {processor.py:171} INFO - Processing /Users/danielcollins/opt/anaconda3/lib/python3.8/site-packages/airflow/example_dags/example_complex.py took 0.055 seconds
[2021-11-26 08:26:25,824] {processor.py:163} INFO - Started process (PID=8794) to work on /Users/danielcollins/opt/anaconda3/lib/python3.8/site-packages/airflow/example_dags/example_complex.py
[2021-11-26 08:26:25,825] {processor.py:625} INFO - Processing file /Users/danielcollins/opt/anaconda3/lib/python3.8/site-packages/airflow/example_dags/example_complex.py for tasks to queue
[2021-11-26 08:26:25,825] {logging_mixin.py:109} INFO - [2021-11-26 08:26:25,825] {dagbag.py:500} INFO - Filling up the DagBag from /Users/danielcollins/opt/anaconda3/lib/python3.8/site-packages/airflow/example_dags/example_complex.py
[2021-11-26 08:26:25,863] {processor.py:637} INFO - DAG(s) dict_keys(['example_complex']) retrieved from /Users/danielcollins/opt/anaconda3/lib/python3.8/site-packages/airflow/example_dags/example_complex.py
[2021-11-26 08:26:25,876] {logging_mixin.py:109} INFO - [2021-11-26 08:26:25,876] {dag.py:2396} INFO - Sync 1 DAGs
[2021-11-26 08:26:25,881] {logging_mixin.py:109} INFO - [2021-11-26 08:26:25,881] {dag.py:2928} INFO - Setting next_dagrun for example_complex to None
[2021-11-26 08:26:25,888] {processor.py:171} INFO - Processing /Users/danielcollins/opt/anaconda3/lib/python3.8/site-packages/airflow/example_dags/example_complex.py took 0.063 seconds
[2021-11-26 08:29:02,142] {processor.py:163} INFO - Started process (PID=9060) to work on /Users/danielcollins/opt/anaconda3/lib/python3.8/site-packages/airflow/example_dags/example_complex.py
[2021-11-26 08:29:02,143] {processor.py:625} INFO - Processing file /Users/danielcollins/opt/anaconda3/lib/python3.8/site-packages/airflow/example_dags/example_complex.py for tasks to queue
[2021-11-26 08:29:02,154] {logging_mixin.py:109} INFO - [2021-11-26 08:29:02,154] {dagbag.py:500} INFO - Filling up the DagBag from /Users/danielcollins/opt/anaconda3/lib/python3.8/site-packages/airflow/example_dags/example_complex.py
[2021-11-26 08:29:02,208] {processor.py:637} INFO - DAG(s) dict_keys(['example_complex']) retrieved from /Users/danielcollins/opt/anaconda3/lib/python3.8/site-packages/airflow/example_dags/example_complex.py
[2021-11-26 08:29:02,242] {logging_mixin.py:109} INFO - [2021-11-26 08:29:02,242] {dag.py:2396} INFO - Sync 1 DAGs
[2021-11-26 08:29:02,264] {logging_mixin.py:109} INFO - [2021-11-26 08:29:02,264] {dag.py:2928} INFO - Setting next_dagrun for example_complex to None
[2021-11-26 08:29:02,271] {processor.py:171} INFO - Processing /Users/danielcollins/opt/anaconda3/lib/python3.8/site-packages/airflow/example_dags/example_complex.py took 0.129 seconds
[2021-11-26 08:31:39,642] {processor.py:163} INFO - Started process (PID=9253) to work on /Users/danielcollins/opt/anaconda3/lib/python3.8/site-packages/airflow/example_dags/example_complex.py
[2021-11-26 08:31:39,643] {processor.py:625} INFO - Processing file /Users/danielcollins/opt/anaconda3/lib/python3.8/site-packages/airflow/example_dags/example_complex.py for tasks to queue
[2021-11-26 08:31:39,644] {logging_mixin.py:109} INFO - [2021-11-26 08:31:39,644] {dagbag.py:500} INFO - Filling up the DagBag from /Users/danielcollins/opt/anaconda3/lib/python3.8/site-packages/airflow/example_dags/example_complex.py
[2021-11-26 08:31:39,757] {processor.py:637} INFO - DAG(s) dict_keys(['example_complex']) retrieved from /Users/danielcollins/opt/anaconda3/lib/python3.8/site-packages/airflow/example_dags/example_complex.py
[2021-11-26 08:31:39,831] {logging_mixin.py:109} INFO - [2021-11-26 08:31:39,831] {dag.py:2396} INFO - Sync 1 DAGs
[2021-11-26 08:31:39,838] {logging_mixin.py:109} INFO - [2021-11-26 08:31:39,838] {dag.py:2928} INFO - Setting next_dagrun for example_complex to None
[2021-11-26 08:31:39,850] {processor.py:171} INFO - Processing /Users/danielcollins/opt/anaconda3/lib/python3.8/site-packages/airflow/example_dags/example_complex.py took 0.210 seconds
[2021-11-26 08:33:50,855] {processor.py:163} INFO - Started process (PID=9420) to work on /Users/danielcollins/opt/anaconda3/lib/python3.8/site-packages/airflow/example_dags/example_complex.py
[2021-11-26 08:33:50,856] {processor.py:625} INFO - Processing file /Users/danielcollins/opt/anaconda3/lib/python3.8/site-packages/airflow/example_dags/example_complex.py for tasks to queue
[2021-11-26 08:33:50,856] {logging_mixin.py:109} INFO - [2021-11-26 08:33:50,856] {dagbag.py:500} INFO - Filling up the DagBag from /Users/danielcollins/opt/anaconda3/lib/python3.8/site-packages/airflow/example_dags/example_complex.py
[2021-11-26 08:33:50,895] {processor.py:637} INFO - DAG(s) dict_keys(['example_complex']) retrieved from /Users/danielcollins/opt/anaconda3/lib/python3.8/site-packages/airflow/example_dags/example_complex.py
[2021-11-26 08:33:50,908] {logging_mixin.py:109} INFO - [2021-11-26 08:33:50,908] {dag.py:2396} INFO - Sync 1 DAGs
[2021-11-26 08:33:50,913] {logging_mixin.py:109} INFO - [2021-11-26 08:33:50,913] {dag.py:2928} INFO - Setting next_dagrun for example_complex to None
[2021-11-26 08:33:50,922] {processor.py:171} INFO - Processing /Users/danielcollins/opt/anaconda3/lib/python3.8/site-packages/airflow/example_dags/example_complex.py took 0.067 seconds
[2021-11-26 08:37:13,839] {processor.py:163} INFO - Started process (PID=9617) to work on /Users/danielcollins/opt/anaconda3/lib/python3.8/site-packages/airflow/example_dags/example_complex.py
[2021-11-26 08:37:13,839] {processor.py:625} INFO - Processing file /Users/danielcollins/opt/anaconda3/lib/python3.8/site-packages/airflow/example_dags/example_complex.py for tasks to queue
[2021-11-26 08:37:13,855] {logging_mixin.py:109} INFO - [2021-11-26 08:37:13,853] {dagbag.py:500} INFO - Filling up the DagBag from /Users/danielcollins/opt/anaconda3/lib/python3.8/site-packages/airflow/example_dags/example_complex.py
[2021-11-26 08:37:13,973] {processor.py:637} INFO - DAG(s) dict_keys(['example_complex']) retrieved from /Users/danielcollins/opt/anaconda3/lib/python3.8/site-packages/airflow/example_dags/example_complex.py
[2021-11-26 08:37:14,078] {logging_mixin.py:109} INFO - [2021-11-26 08:37:14,056] {dag.py:2396} INFO - Sync 1 DAGs
[2021-11-26 08:37:14,139] {logging_mixin.py:109} INFO - [2021-11-26 08:37:14,139] {dag.py:2928} INFO - Setting next_dagrun for example_complex to None
[2021-11-26 08:37:14,145] {processor.py:171} INFO - Processing /Users/danielcollins/opt/anaconda3/lib/python3.8/site-packages/airflow/example_dags/example_complex.py took 0.308 seconds
[2021-11-26 08:57:23,518] {processor.py:163} INFO - Started process (PID=9848) to work on /Users/danielcollins/opt/anaconda3/lib/python3.8/site-packages/airflow/example_dags/example_complex.py
[2021-11-26 08:57:23,519] {processor.py:625} INFO - Processing file /Users/danielcollins/opt/anaconda3/lib/python3.8/site-packages/airflow/example_dags/example_complex.py for tasks to queue
[2021-11-26 08:57:23,519] {logging_mixin.py:109} INFO - [2021-11-26 08:57:23,519] {dagbag.py:500} INFO - Filling up the DagBag from /Users/danielcollins/opt/anaconda3/lib/python3.8/site-packages/airflow/example_dags/example_complex.py
[2021-11-26 08:57:23,558] {processor.py:637} INFO - DAG(s) dict_keys(['example_complex']) retrieved from /Users/danielcollins/opt/anaconda3/lib/python3.8/site-packages/airflow/example_dags/example_complex.py
[2021-11-26 08:57:23,572] {logging_mixin.py:109} INFO - [2021-11-26 08:57:23,572] {dag.py:2396} INFO - Sync 1 DAGs
[2021-11-26 08:57:23,576] {logging_mixin.py:109} INFO - [2021-11-26 08:57:23,576] {dag.py:2928} INFO - Setting next_dagrun for example_complex to None
[2021-11-26 08:57:23,581] {processor.py:171} INFO - Processing /Users/danielcollins/opt/anaconda3/lib/python3.8/site-packages/airflow/example_dags/example_complex.py took 0.063 seconds
[2021-11-26 09:12:01,779] {processor.py:163} INFO - Started process (PID=10014) to work on /Users/danielcollins/opt/anaconda3/lib/python3.8/site-packages/airflow/example_dags/example_complex.py
[2021-11-26 09:12:01,780] {processor.py:625} INFO - Processing file /Users/danielcollins/opt/anaconda3/lib/python3.8/site-packages/airflow/example_dags/example_complex.py for tasks to queue
[2021-11-26 09:12:01,781] {logging_mixin.py:109} INFO - [2021-11-26 09:12:01,781] {dagbag.py:500} INFO - Filling up the DagBag from /Users/danielcollins/opt/anaconda3/lib/python3.8/site-packages/airflow/example_dags/example_complex.py
[2021-11-26 09:12:01,893] {processor.py:637} INFO - DAG(s) dict_keys(['example_complex']) retrieved from /Users/danielcollins/opt/anaconda3/lib/python3.8/site-packages/airflow/example_dags/example_complex.py
[2021-11-26 09:12:01,911] {logging_mixin.py:109} INFO - [2021-11-26 09:12:01,911] {dag.py:2396} INFO - Sync 1 DAGs
[2021-11-26 09:12:01,936] {logging_mixin.py:109} INFO - [2021-11-26 09:12:01,936] {dag.py:2928} INFO - Setting next_dagrun for example_complex to None
[2021-11-26 09:12:01,943] {processor.py:171} INFO - Processing /Users/danielcollins/opt/anaconda3/lib/python3.8/site-packages/airflow/example_dags/example_complex.py took 0.172 seconds
[2021-11-26 11:20:33,722] {processor.py:163} INFO - Started process (PID=10365) to work on /Users/danielcollins/opt/anaconda3/lib/python3.8/site-packages/airflow/example_dags/example_complex.py
[2021-11-26 11:20:33,723] {processor.py:625} INFO - Processing file /Users/danielcollins/opt/anaconda3/lib/python3.8/site-packages/airflow/example_dags/example_complex.py for tasks to queue
[2021-11-26 11:20:33,723] {logging_mixin.py:109} INFO - [2021-11-26 11:20:33,723] {dagbag.py:500} INFO - Filling up the DagBag from /Users/danielcollins/opt/anaconda3/lib/python3.8/site-packages/airflow/example_dags/example_complex.py
[2021-11-26 11:20:33,757] {processor.py:637} INFO - DAG(s) dict_keys(['example_complex']) retrieved from /Users/danielcollins/opt/anaconda3/lib/python3.8/site-packages/airflow/example_dags/example_complex.py
[2021-11-26 11:20:33,770] {logging_mixin.py:109} INFO - [2021-11-26 11:20:33,770] {dag.py:2396} INFO - Sync 1 DAGs
[2021-11-26 11:20:33,775] {logging_mixin.py:109} INFO - [2021-11-26 11:20:33,775] {dag.py:2928} INFO - Setting next_dagrun for example_complex to None
[2021-11-26 11:20:33,781] {processor.py:171} INFO - Processing /Users/danielcollins/opt/anaconda3/lib/python3.8/site-packages/airflow/example_dags/example_complex.py took 0.059 seconds
[2021-11-26 11:21:54,719] {processor.py:163} INFO - Started process (PID=10477) to work on /Users/danielcollins/opt/anaconda3/lib/python3.8/site-packages/airflow/example_dags/example_complex.py
[2021-11-26 11:21:54,720] {processor.py:625} INFO - Processing file /Users/danielcollins/opt/anaconda3/lib/python3.8/site-packages/airflow/example_dags/example_complex.py for tasks to queue
[2021-11-26 11:21:54,720] {logging_mixin.py:109} INFO - [2021-11-26 11:21:54,720] {dagbag.py:500} INFO - Filling up the DagBag from /Users/danielcollins/opt/anaconda3/lib/python3.8/site-packages/airflow/example_dags/example_complex.py
[2021-11-26 11:21:54,753] {processor.py:637} INFO - DAG(s) dict_keys(['example_complex']) retrieved from /Users/danielcollins/opt/anaconda3/lib/python3.8/site-packages/airflow/example_dags/example_complex.py
[2021-11-26 11:21:54,765] {logging_mixin.py:109} INFO - [2021-11-26 11:21:54,765] {dag.py:2396} INFO - Sync 1 DAGs
[2021-11-26 11:21:54,769] {logging_mixin.py:109} INFO - [2021-11-26 11:21:54,769] {dag.py:2928} INFO - Setting next_dagrun for example_complex to None
[2021-11-26 11:21:54,776] {processor.py:171} INFO - Processing /Users/danielcollins/opt/anaconda3/lib/python3.8/site-packages/airflow/example_dags/example_complex.py took 0.057 seconds
[2021-11-26 11:23:19,118] {processor.py:163} INFO - Started process (PID=10610) to work on /Users/danielcollins/opt/anaconda3/lib/python3.8/site-packages/airflow/example_dags/example_complex.py
[2021-11-26 11:23:19,119] {processor.py:625} INFO - Processing file /Users/danielcollins/opt/anaconda3/lib/python3.8/site-packages/airflow/example_dags/example_complex.py for tasks to queue
[2021-11-26 11:23:19,119] {logging_mixin.py:109} INFO - [2021-11-26 11:23:19,119] {dagbag.py:500} INFO - Filling up the DagBag from /Users/danielcollins/opt/anaconda3/lib/python3.8/site-packages/airflow/example_dags/example_complex.py
[2021-11-26 11:23:19,154] {processor.py:637} INFO - DAG(s) dict_keys(['example_complex']) retrieved from /Users/danielcollins/opt/anaconda3/lib/python3.8/site-packages/airflow/example_dags/example_complex.py
[2021-11-26 11:23:19,167] {logging_mixin.py:109} INFO - [2021-11-26 11:23:19,167] {dag.py:2396} INFO - Sync 1 DAGs
[2021-11-26 11:23:19,171] {logging_mixin.py:109} INFO - [2021-11-26 11:23:19,171] {dag.py:2928} INFO - Setting next_dagrun for example_complex to None
[2021-11-26 11:23:19,177] {processor.py:171} INFO - Processing /Users/danielcollins/opt/anaconda3/lib/python3.8/site-packages/airflow/example_dags/example_complex.py took 0.059 seconds
[2021-11-26 11:24:43,186] {processor.py:163} INFO - Started process (PID=10728) to work on /Users/danielcollins/opt/anaconda3/lib/python3.8/site-packages/airflow/example_dags/example_complex.py
[2021-11-26 11:24:43,187] {processor.py:625} INFO - Processing file /Users/danielcollins/opt/anaconda3/lib/python3.8/site-packages/airflow/example_dags/example_complex.py for tasks to queue
[2021-11-26 11:24:43,187] {logging_mixin.py:109} INFO - [2021-11-26 11:24:43,187] {dagbag.py:500} INFO - Filling up the DagBag from /Users/danielcollins/opt/anaconda3/lib/python3.8/site-packages/airflow/example_dags/example_complex.py
[2021-11-26 11:24:43,221] {processor.py:637} INFO - DAG(s) dict_keys(['example_complex']) retrieved from /Users/danielcollins/opt/anaconda3/lib/python3.8/site-packages/airflow/example_dags/example_complex.py
[2021-11-26 11:24:43,233] {logging_mixin.py:109} INFO - [2021-11-26 11:24:43,233] {dag.py:2396} INFO - Sync 1 DAGs
[2021-11-26 11:24:43,238] {logging_mixin.py:109} INFO - [2021-11-26 11:24:43,238] {dag.py:2928} INFO - Setting next_dagrun for example_complex to None
[2021-11-26 11:24:43,244] {processor.py:171} INFO - Processing /Users/danielcollins/opt/anaconda3/lib/python3.8/site-packages/airflow/example_dags/example_complex.py took 0.058 seconds
[2021-11-26 11:41:17,443] {processor.py:163} INFO - Started process (PID=10852) to work on /Users/danielcollins/opt/anaconda3/lib/python3.8/site-packages/airflow/example_dags/example_complex.py
[2021-11-26 11:41:17,444] {processor.py:625} INFO - Processing file /Users/danielcollins/opt/anaconda3/lib/python3.8/site-packages/airflow/example_dags/example_complex.py for tasks to queue
[2021-11-26 11:41:17,444] {logging_mixin.py:109} INFO - [2021-11-26 11:41:17,444] {dagbag.py:500} INFO - Filling up the DagBag from /Users/danielcollins/opt/anaconda3/lib/python3.8/site-packages/airflow/example_dags/example_complex.py
[2021-11-26 11:41:17,479] {processor.py:637} INFO - DAG(s) dict_keys(['example_complex']) retrieved from /Users/danielcollins/opt/anaconda3/lib/python3.8/site-packages/airflow/example_dags/example_complex.py
[2021-11-26 11:41:17,495] {logging_mixin.py:109} INFO - [2021-11-26 11:41:17,495] {dag.py:2396} INFO - Sync 1 DAGs
[2021-11-26 11:41:17,500] {logging_mixin.py:109} INFO - [2021-11-26 11:41:17,500] {dag.py:2928} INFO - Setting next_dagrun for example_complex to None
[2021-11-26 11:41:17,509] {processor.py:171} INFO - Processing /Users/danielcollins/opt/anaconda3/lib/python3.8/site-packages/airflow/example_dags/example_complex.py took 0.066 seconds
[2021-11-26 12:20:58,072] {processor.py:163} INFO - Started process (PID=11138) to work on /Users/danielcollins/opt/anaconda3/lib/python3.8/site-packages/airflow/example_dags/example_complex.py
[2021-11-26 12:20:58,073] {processor.py:625} INFO - Processing file /Users/danielcollins/opt/anaconda3/lib/python3.8/site-packages/airflow/example_dags/example_complex.py for tasks to queue
[2021-11-26 12:20:58,073] {logging_mixin.py:109} INFO - [2021-11-26 12:20:58,073] {dagbag.py:500} INFO - Filling up the DagBag from /Users/danielcollins/opt/anaconda3/lib/python3.8/site-packages/airflow/example_dags/example_complex.py
[2021-11-26 12:20:58,122] {processor.py:637} INFO - DAG(s) dict_keys(['example_complex']) retrieved from /Users/danielcollins/opt/anaconda3/lib/python3.8/site-packages/airflow/example_dags/example_complex.py
[2021-11-26 12:20:58,138] {logging_mixin.py:109} INFO - [2021-11-26 12:20:58,138] {dag.py:2396} INFO - Sync 1 DAGs
[2021-11-26 12:20:58,152] {logging_mixin.py:109} INFO - [2021-11-26 12:20:58,152] {dag.py:2928} INFO - Setting next_dagrun for example_complex to None
[2021-11-26 12:20:58,166] {processor.py:171} INFO - Processing /Users/danielcollins/opt/anaconda3/lib/python3.8/site-packages/airflow/example_dags/example_complex.py took 0.095 seconds
[2021-11-26 12:22:24,995] {processor.py:163} INFO - Started process (PID=11273) to work on /Users/danielcollins/opt/anaconda3/lib/python3.8/site-packages/airflow/example_dags/example_complex.py
[2021-11-26 12:22:24,996] {processor.py:625} INFO - Processing file /Users/danielcollins/opt/anaconda3/lib/python3.8/site-packages/airflow/example_dags/example_complex.py for tasks to queue
[2021-11-26 12:22:24,996] {logging_mixin.py:109} INFO - [2021-11-26 12:22:24,996] {dagbag.py:500} INFO - Filling up the DagBag from /Users/danielcollins/opt/anaconda3/lib/python3.8/site-packages/airflow/example_dags/example_complex.py
[2021-11-26 12:22:25,030] {processor.py:637} INFO - DAG(s) dict_keys(['example_complex']) retrieved from /Users/danielcollins/opt/anaconda3/lib/python3.8/site-packages/airflow/example_dags/example_complex.py
[2021-11-26 12:22:25,043] {logging_mixin.py:109} INFO - [2021-11-26 12:22:25,043] {dag.py:2396} INFO - Sync 1 DAGs
[2021-11-26 12:22:25,048] {logging_mixin.py:109} INFO - [2021-11-26 12:22:25,048] {dag.py:2928} INFO - Setting next_dagrun for example_complex to None
[2021-11-26 12:22:25,055] {processor.py:171} INFO - Processing /Users/danielcollins/opt/anaconda3/lib/python3.8/site-packages/airflow/example_dags/example_complex.py took 0.060 seconds
[2021-11-26 12:23:48,688] {processor.py:163} INFO - Started process (PID=11408) to work on /Users/danielcollins/opt/anaconda3/lib/python3.8/site-packages/airflow/example_dags/example_complex.py
[2021-11-26 12:23:48,689] {processor.py:625} INFO - Processing file /Users/danielcollins/opt/anaconda3/lib/python3.8/site-packages/airflow/example_dags/example_complex.py for tasks to queue
[2021-11-26 12:23:48,689] {logging_mixin.py:109} INFO - [2021-11-26 12:23:48,689] {dagbag.py:500} INFO - Filling up the DagBag from /Users/danielcollins/opt/anaconda3/lib/python3.8/site-packages/airflow/example_dags/example_complex.py
[2021-11-26 12:23:48,723] {processor.py:637} INFO - DAG(s) dict_keys(['example_complex']) retrieved from /Users/danielcollins/opt/anaconda3/lib/python3.8/site-packages/airflow/example_dags/example_complex.py
[2021-11-26 12:23:48,735] {logging_mixin.py:109} INFO - [2021-11-26 12:23:48,735] {dag.py:2396} INFO - Sync 1 DAGs
[2021-11-26 12:23:48,740] {logging_mixin.py:109} INFO - [2021-11-26 12:23:48,740] {dag.py:2928} INFO - Setting next_dagrun for example_complex to None
[2021-11-26 12:23:48,745] {processor.py:171} INFO - Processing /Users/danielcollins/opt/anaconda3/lib/python3.8/site-packages/airflow/example_dags/example_complex.py took 0.058 seconds
[2021-11-26 12:25:12,553] {processor.py:163} INFO - Started process (PID=11535) to work on /Users/danielcollins/opt/anaconda3/lib/python3.8/site-packages/airflow/example_dags/example_complex.py
[2021-11-26 12:25:12,553] {processor.py:625} INFO - Processing file /Users/danielcollins/opt/anaconda3/lib/python3.8/site-packages/airflow/example_dags/example_complex.py for tasks to queue
[2021-11-26 12:25:12,553] {logging_mixin.py:109} INFO - [2021-11-26 12:25:12,553] {dagbag.py:500} INFO - Filling up the DagBag from /Users/danielcollins/opt/anaconda3/lib/python3.8/site-packages/airflow/example_dags/example_complex.py
[2021-11-26 12:25:12,589] {processor.py:637} INFO - DAG(s) dict_keys(['example_complex']) retrieved from /Users/danielcollins/opt/anaconda3/lib/python3.8/site-packages/airflow/example_dags/example_complex.py
[2021-11-26 12:25:12,602] {logging_mixin.py:109} INFO - [2021-11-26 12:25:12,602] {dag.py:2396} INFO - Sync 1 DAGs
[2021-11-26 12:25:12,606] {logging_mixin.py:109} INFO - [2021-11-26 12:25:12,606] {dag.py:2928} INFO - Setting next_dagrun for example_complex to None
[2021-11-26 12:25:12,616] {processor.py:171} INFO - Processing /Users/danielcollins/opt/anaconda3/lib/python3.8/site-packages/airflow/example_dags/example_complex.py took 0.064 seconds
[2021-11-26 12:26:42,223] {processor.py:163} INFO - Started process (PID=11692) to work on /Users/danielcollins/opt/anaconda3/lib/python3.8/site-packages/airflow/example_dags/example_complex.py
[2021-11-26 12:26:42,224] {processor.py:625} INFO - Processing file /Users/danielcollins/opt/anaconda3/lib/python3.8/site-packages/airflow/example_dags/example_complex.py for tasks to queue
[2021-11-26 12:26:42,225] {logging_mixin.py:109} INFO - [2021-11-26 12:26:42,225] {dagbag.py:500} INFO - Filling up the DagBag from /Users/danielcollins/opt/anaconda3/lib/python3.8/site-packages/airflow/example_dags/example_complex.py
[2021-11-26 12:26:42,275] {processor.py:637} INFO - DAG(s) dict_keys(['example_complex']) retrieved from /Users/danielcollins/opt/anaconda3/lib/python3.8/site-packages/airflow/example_dags/example_complex.py
[2021-11-26 12:26:42,289] {logging_mixin.py:109} INFO - [2021-11-26 12:26:42,288] {dag.py:2396} INFO - Sync 1 DAGs
[2021-11-26 12:26:42,294] {logging_mixin.py:109} INFO - [2021-11-26 12:26:42,294] {dag.py:2928} INFO - Setting next_dagrun for example_complex to None
[2021-11-26 12:26:42,299] {processor.py:171} INFO - Processing /Users/danielcollins/opt/anaconda3/lib/python3.8/site-packages/airflow/example_dags/example_complex.py took 0.076 seconds
[2021-11-26 12:28:12,235] {processor.py:163} INFO - Started process (PID=11888) to work on /Users/danielcollins/opt/anaconda3/lib/python3.8/site-packages/airflow/example_dags/example_complex.py
[2021-11-26 12:28:12,236] {processor.py:625} INFO - Processing file /Users/danielcollins/opt/anaconda3/lib/python3.8/site-packages/airflow/example_dags/example_complex.py for tasks to queue
[2021-11-26 12:28:12,237] {logging_mixin.py:109} INFO - [2021-11-26 12:28:12,237] {dagbag.py:500} INFO - Filling up the DagBag from /Users/danielcollins/opt/anaconda3/lib/python3.8/site-packages/airflow/example_dags/example_complex.py
[2021-11-26 12:28:12,272] {processor.py:637} INFO - DAG(s) dict_keys(['example_complex']) retrieved from /Users/danielcollins/opt/anaconda3/lib/python3.8/site-packages/airflow/example_dags/example_complex.py
[2021-11-26 12:28:12,314] {logging_mixin.py:109} INFO - [2021-11-26 12:28:12,314] {dag.py:2396} INFO - Sync 1 DAGs
[2021-11-26 12:28:12,319] {logging_mixin.py:109} INFO - [2021-11-26 12:28:12,319] {dag.py:2928} INFO - Setting next_dagrun for example_complex to None
[2021-11-26 12:28:12,325] {processor.py:171} INFO - Processing /Users/danielcollins/opt/anaconda3/lib/python3.8/site-packages/airflow/example_dags/example_complex.py took 0.090 seconds
[2021-11-26 12:29:36,870] {processor.py:163} INFO - Started process (PID=12025) to work on /Users/danielcollins/opt/anaconda3/lib/python3.8/site-packages/airflow/example_dags/example_complex.py
[2021-11-26 12:29:36,871] {processor.py:625} INFO - Processing file /Users/danielcollins/opt/anaconda3/lib/python3.8/site-packages/airflow/example_dags/example_complex.py for tasks to queue
[2021-11-26 12:29:36,871] {logging_mixin.py:109} INFO - [2021-11-26 12:29:36,871] {dagbag.py:500} INFO - Filling up the DagBag from /Users/danielcollins/opt/anaconda3/lib/python3.8/site-packages/airflow/example_dags/example_complex.py
[2021-11-26 12:29:36,905] {processor.py:637} INFO - DAG(s) dict_keys(['example_complex']) retrieved from /Users/danielcollins/opt/anaconda3/lib/python3.8/site-packages/airflow/example_dags/example_complex.py
[2021-11-26 12:29:36,920] {logging_mixin.py:109} INFO - [2021-11-26 12:29:36,920] {dag.py:2396} INFO - Sync 1 DAGs
[2021-11-26 12:29:36,926] {logging_mixin.py:109} INFO - [2021-11-26 12:29:36,926] {dag.py:2928} INFO - Setting next_dagrun for example_complex to None
[2021-11-26 12:29:36,932] {processor.py:171} INFO - Processing /Users/danielcollins/opt/anaconda3/lib/python3.8/site-packages/airflow/example_dags/example_complex.py took 0.061 seconds
[2021-11-26 12:31:04,404] {processor.py:163} INFO - Started process (PID=12159) to work on /Users/danielcollins/opt/anaconda3/lib/python3.8/site-packages/airflow/example_dags/example_complex.py
[2021-11-26 12:31:04,405] {processor.py:625} INFO - Processing file /Users/danielcollins/opt/anaconda3/lib/python3.8/site-packages/airflow/example_dags/example_complex.py for tasks to queue
[2021-11-26 12:31:04,405] {logging_mixin.py:109} INFO - [2021-11-26 12:31:04,405] {dagbag.py:500} INFO - Filling up the DagBag from /Users/danielcollins/opt/anaconda3/lib/python3.8/site-packages/airflow/example_dags/example_complex.py
[2021-11-26 12:31:04,439] {processor.py:637} INFO - DAG(s) dict_keys(['example_complex']) retrieved from /Users/danielcollins/opt/anaconda3/lib/python3.8/site-packages/airflow/example_dags/example_complex.py
[2021-11-26 12:31:04,452] {logging_mixin.py:109} INFO - [2021-11-26 12:31:04,452] {dag.py:2396} INFO - Sync 1 DAGs
[2021-11-26 12:31:04,457] {logging_mixin.py:109} INFO - [2021-11-26 12:31:04,457] {dag.py:2928} INFO - Setting next_dagrun for example_complex to None
[2021-11-26 12:31:04,461] {processor.py:171} INFO - Processing /Users/danielcollins/opt/anaconda3/lib/python3.8/site-packages/airflow/example_dags/example_complex.py took 0.057 seconds
[2021-11-26 12:32:27,885] {processor.py:163} INFO - Started process (PID=12278) to work on /Users/danielcollins/opt/anaconda3/lib/python3.8/site-packages/airflow/example_dags/example_complex.py
[2021-11-26 12:32:27,886] {processor.py:625} INFO - Processing file /Users/danielcollins/opt/anaconda3/lib/python3.8/site-packages/airflow/example_dags/example_complex.py for tasks to queue
[2021-11-26 12:32:27,886] {logging_mixin.py:109} INFO - [2021-11-26 12:32:27,886] {dagbag.py:500} INFO - Filling up the DagBag from /Users/danielcollins/opt/anaconda3/lib/python3.8/site-packages/airflow/example_dags/example_complex.py
[2021-11-26 12:32:27,919] {processor.py:637} INFO - DAG(s) dict_keys(['example_complex']) retrieved from /Users/danielcollins/opt/anaconda3/lib/python3.8/site-packages/airflow/example_dags/example_complex.py
[2021-11-26 12:32:27,932] {logging_mixin.py:109} INFO - [2021-11-26 12:32:27,932] {dag.py:2396} INFO - Sync 1 DAGs
[2021-11-26 12:32:27,937] {logging_mixin.py:109} INFO - [2021-11-26 12:32:27,937] {dag.py:2928} INFO - Setting next_dagrun for example_complex to None
[2021-11-26 12:32:27,943] {processor.py:171} INFO - Processing /Users/danielcollins/opt/anaconda3/lib/python3.8/site-packages/airflow/example_dags/example_complex.py took 0.058 seconds
[2021-11-26 12:33:53,822] {processor.py:163} INFO - Started process (PID=12424) to work on /Users/danielcollins/opt/anaconda3/lib/python3.8/site-packages/airflow/example_dags/example_complex.py
[2021-11-26 12:33:53,823] {processor.py:625} INFO - Processing file /Users/danielcollins/opt/anaconda3/lib/python3.8/site-packages/airflow/example_dags/example_complex.py for tasks to queue
[2021-11-26 12:33:53,823] {logging_mixin.py:109} INFO - [2021-11-26 12:33:53,823] {dagbag.py:500} INFO - Filling up the DagBag from /Users/danielcollins/opt/anaconda3/lib/python3.8/site-packages/airflow/example_dags/example_complex.py
[2021-11-26 12:33:53,857] {processor.py:637} INFO - DAG(s) dict_keys(['example_complex']) retrieved from /Users/danielcollins/opt/anaconda3/lib/python3.8/site-packages/airflow/example_dags/example_complex.py
[2021-11-26 12:33:53,870] {logging_mixin.py:109} INFO - [2021-11-26 12:33:53,870] {dag.py:2396} INFO - Sync 1 DAGs
[2021-11-26 12:33:53,876] {logging_mixin.py:109} INFO - [2021-11-26 12:33:53,876] {dag.py:2928} INFO - Setting next_dagrun for example_complex to None
[2021-11-26 12:33:53,881] {processor.py:171} INFO - Processing /Users/danielcollins/opt/anaconda3/lib/python3.8/site-packages/airflow/example_dags/example_complex.py took 0.059 seconds
[2021-11-26 12:35:26,604] {processor.py:163} INFO - Started process (PID=12602) to work on /Users/danielcollins/opt/anaconda3/lib/python3.8/site-packages/airflow/example_dags/example_complex.py
[2021-11-26 12:35:26,605] {processor.py:625} INFO - Processing file /Users/danielcollins/opt/anaconda3/lib/python3.8/site-packages/airflow/example_dags/example_complex.py for tasks to queue
[2021-11-26 12:35:26,605] {logging_mixin.py:109} INFO - [2021-11-26 12:35:26,605] {dagbag.py:500} INFO - Filling up the DagBag from /Users/danielcollins/opt/anaconda3/lib/python3.8/site-packages/airflow/example_dags/example_complex.py
[2021-11-26 12:35:26,644] {processor.py:637} INFO - DAG(s) dict_keys(['example_complex']) retrieved from /Users/danielcollins/opt/anaconda3/lib/python3.8/site-packages/airflow/example_dags/example_complex.py
[2021-11-26 12:35:26,657] {logging_mixin.py:109} INFO - [2021-11-26 12:35:26,657] {dag.py:2396} INFO - Sync 1 DAGs
[2021-11-26 12:35:26,662] {logging_mixin.py:109} INFO - [2021-11-26 12:35:26,662] {dag.py:2928} INFO - Setting next_dagrun for example_complex to None
[2021-11-26 12:35:26,668] {processor.py:171} INFO - Processing /Users/danielcollins/opt/anaconda3/lib/python3.8/site-packages/airflow/example_dags/example_complex.py took 0.064 seconds
[2021-11-26 12:36:56,436] {processor.py:163} INFO - Started process (PID=12763) to work on /Users/danielcollins/opt/anaconda3/lib/python3.8/site-packages/airflow/example_dags/example_complex.py
[2021-11-26 12:36:56,437] {processor.py:625} INFO - Processing file /Users/danielcollins/opt/anaconda3/lib/python3.8/site-packages/airflow/example_dags/example_complex.py for tasks to queue
[2021-11-26 12:36:56,437] {logging_mixin.py:109} INFO - [2021-11-26 12:36:56,437] {dagbag.py:500} INFO - Filling up the DagBag from /Users/danielcollins/opt/anaconda3/lib/python3.8/site-packages/airflow/example_dags/example_complex.py
[2021-11-26 12:36:56,472] {processor.py:637} INFO - DAG(s) dict_keys(['example_complex']) retrieved from /Users/danielcollins/opt/anaconda3/lib/python3.8/site-packages/airflow/example_dags/example_complex.py
[2021-11-26 12:36:56,484] {logging_mixin.py:109} INFO - [2021-11-26 12:36:56,484] {dag.py:2396} INFO - Sync 1 DAGs
[2021-11-26 12:36:56,489] {logging_mixin.py:109} INFO - [2021-11-26 12:36:56,489] {dag.py:2928} INFO - Setting next_dagrun for example_complex to None
[2021-11-26 12:36:56,494] {processor.py:171} INFO - Processing /Users/danielcollins/opt/anaconda3/lib/python3.8/site-packages/airflow/example_dags/example_complex.py took 0.059 seconds
[2021-11-26 12:38:23,921] {processor.py:163} INFO - Started process (PID=12911) to work on /Users/danielcollins/opt/anaconda3/lib/python3.8/site-packages/airflow/example_dags/example_complex.py
[2021-11-26 12:38:23,922] {processor.py:625} INFO - Processing file /Users/danielcollins/opt/anaconda3/lib/python3.8/site-packages/airflow/example_dags/example_complex.py for tasks to queue
[2021-11-26 12:38:23,922] {logging_mixin.py:109} INFO - [2021-11-26 12:38:23,922] {dagbag.py:500} INFO - Filling up the DagBag from /Users/danielcollins/opt/anaconda3/lib/python3.8/site-packages/airflow/example_dags/example_complex.py
[2021-11-26 12:38:23,960] {processor.py:637} INFO - DAG(s) dict_keys(['example_complex']) retrieved from /Users/danielcollins/opt/anaconda3/lib/python3.8/site-packages/airflow/example_dags/example_complex.py
[2021-11-26 12:38:23,974] {logging_mixin.py:109} INFO - [2021-11-26 12:38:23,974] {dag.py:2396} INFO - Sync 1 DAGs
[2021-11-26 12:38:23,979] {logging_mixin.py:109} INFO - [2021-11-26 12:38:23,979] {dag.py:2928} INFO - Setting next_dagrun for example_complex to None
[2021-11-26 12:38:23,985] {processor.py:171} INFO - Processing /Users/danielcollins/opt/anaconda3/lib/python3.8/site-packages/airflow/example_dags/example_complex.py took 0.064 seconds
[2021-11-26 12:39:53,678] {processor.py:163} INFO - Started process (PID=13043) to work on /Users/danielcollins/opt/anaconda3/lib/python3.8/site-packages/airflow/example_dags/example_complex.py
[2021-11-26 12:39:53,680] {processor.py:625} INFO - Processing file /Users/danielcollins/opt/anaconda3/lib/python3.8/site-packages/airflow/example_dags/example_complex.py for tasks to queue
[2021-11-26 12:39:53,680] {logging_mixin.py:109} INFO - [2021-11-26 12:39:53,680] {dagbag.py:500} INFO - Filling up the DagBag from /Users/danielcollins/opt/anaconda3/lib/python3.8/site-packages/airflow/example_dags/example_complex.py
[2021-11-26 12:39:53,714] {processor.py:637} INFO - DAG(s) dict_keys(['example_complex']) retrieved from /Users/danielcollins/opt/anaconda3/lib/python3.8/site-packages/airflow/example_dags/example_complex.py
[2021-11-26 12:39:53,727] {logging_mixin.py:109} INFO - [2021-11-26 12:39:53,727] {dag.py:2396} INFO - Sync 1 DAGs
[2021-11-26 12:39:53,732] {logging_mixin.py:109} INFO - [2021-11-26 12:39:53,731] {dag.py:2928} INFO - Setting next_dagrun for example_complex to None
[2021-11-26 12:39:53,737] {processor.py:171} INFO - Processing /Users/danielcollins/opt/anaconda3/lib/python3.8/site-packages/airflow/example_dags/example_complex.py took 0.059 seconds
[2021-11-26 12:41:21,163] {processor.py:163} INFO - Started process (PID=13178) to work on /Users/danielcollins/opt/anaconda3/lib/python3.8/site-packages/airflow/example_dags/example_complex.py
[2021-11-26 12:41:21,165] {processor.py:625} INFO - Processing file /Users/danielcollins/opt/anaconda3/lib/python3.8/site-packages/airflow/example_dags/example_complex.py for tasks to queue
[2021-11-26 12:41:21,165] {logging_mixin.py:109} INFO - [2021-11-26 12:41:21,165] {dagbag.py:500} INFO - Filling up the DagBag from /Users/danielcollins/opt/anaconda3/lib/python3.8/site-packages/airflow/example_dags/example_complex.py
[2021-11-26 12:41:21,199] {processor.py:637} INFO - DAG(s) dict_keys(['example_complex']) retrieved from /Users/danielcollins/opt/anaconda3/lib/python3.8/site-packages/airflow/example_dags/example_complex.py
[2021-11-26 12:41:21,211] {logging_mixin.py:109} INFO - [2021-11-26 12:41:21,211] {dag.py:2396} INFO - Sync 1 DAGs
[2021-11-26 12:41:21,216] {logging_mixin.py:109} INFO - [2021-11-26 12:41:21,216] {dag.py:2928} INFO - Setting next_dagrun for example_complex to None
[2021-11-26 12:41:21,220] {processor.py:171} INFO - Processing /Users/danielcollins/opt/anaconda3/lib/python3.8/site-packages/airflow/example_dags/example_complex.py took 0.058 seconds
[2021-11-26 12:42:44,804] {processor.py:163} INFO - Started process (PID=13303) to work on /Users/danielcollins/opt/anaconda3/lib/python3.8/site-packages/airflow/example_dags/example_complex.py
[2021-11-26 12:42:44,804] {processor.py:625} INFO - Processing file /Users/danielcollins/opt/anaconda3/lib/python3.8/site-packages/airflow/example_dags/example_complex.py for tasks to queue
[2021-11-26 12:42:44,804] {logging_mixin.py:109} INFO - [2021-11-26 12:42:44,804] {dagbag.py:500} INFO - Filling up the DagBag from /Users/danielcollins/opt/anaconda3/lib/python3.8/site-packages/airflow/example_dags/example_complex.py
[2021-11-26 12:42:44,851] {processor.py:637} INFO - DAG(s) dict_keys(['example_complex']) retrieved from /Users/danielcollins/opt/anaconda3/lib/python3.8/site-packages/airflow/example_dags/example_complex.py
[2021-11-26 12:42:44,865] {logging_mixin.py:109} INFO - [2021-11-26 12:42:44,865] {dag.py:2396} INFO - Sync 1 DAGs
[2021-11-26 12:42:44,870] {logging_mixin.py:109} INFO - [2021-11-26 12:42:44,870] {dag.py:2928} INFO - Setting next_dagrun for example_complex to None
[2021-11-26 12:42:44,876] {processor.py:171} INFO - Processing /Users/danielcollins/opt/anaconda3/lib/python3.8/site-packages/airflow/example_dags/example_complex.py took 0.073 seconds
[2021-11-26 12:44:20,843] {processor.py:163} INFO - Started process (PID=13480) to work on /Users/danielcollins/opt/anaconda3/lib/python3.8/site-packages/airflow/example_dags/example_complex.py
[2021-11-26 12:44:20,844] {processor.py:625} INFO - Processing file /Users/danielcollins/opt/anaconda3/lib/python3.8/site-packages/airflow/example_dags/example_complex.py for tasks to queue
[2021-11-26 12:44:20,844] {logging_mixin.py:109} INFO - [2021-11-26 12:44:20,844] {dagbag.py:500} INFO - Filling up the DagBag from /Users/danielcollins/opt/anaconda3/lib/python3.8/site-packages/airflow/example_dags/example_complex.py
[2021-11-26 12:44:20,881] {processor.py:637} INFO - DAG(s) dict_keys(['example_complex']) retrieved from /Users/danielcollins/opt/anaconda3/lib/python3.8/site-packages/airflow/example_dags/example_complex.py
[2021-11-26 12:44:20,896] {logging_mixin.py:109} INFO - [2021-11-26 12:44:20,896] {dag.py:2396} INFO - Sync 1 DAGs
[2021-11-26 12:44:20,901] {logging_mixin.py:109} INFO - [2021-11-26 12:44:20,901] {dag.py:2928} INFO - Setting next_dagrun for example_complex to None
[2021-11-26 12:44:20,906] {processor.py:171} INFO - Processing /Users/danielcollins/opt/anaconda3/lib/python3.8/site-packages/airflow/example_dags/example_complex.py took 0.063 seconds
[2021-11-26 12:45:51,906] {processor.py:163} INFO - Started process (PID=13614) to work on /Users/danielcollins/opt/anaconda3/lib/python3.8/site-packages/airflow/example_dags/example_complex.py
[2021-11-26 12:45:51,907] {processor.py:625} INFO - Processing file /Users/danielcollins/opt/anaconda3/lib/python3.8/site-packages/airflow/example_dags/example_complex.py for tasks to queue
[2021-11-26 12:45:51,907] {logging_mixin.py:109} INFO - [2021-11-26 12:45:51,907] {dagbag.py:500} INFO - Filling up the DagBag from /Users/danielcollins/opt/anaconda3/lib/python3.8/site-packages/airflow/example_dags/example_complex.py
[2021-11-26 12:45:51,942] {processor.py:637} INFO - DAG(s) dict_keys(['example_complex']) retrieved from /Users/danielcollins/opt/anaconda3/lib/python3.8/site-packages/airflow/example_dags/example_complex.py
[2021-11-26 12:45:51,955] {logging_mixin.py:109} INFO - [2021-11-26 12:45:51,955] {dag.py:2396} INFO - Sync 1 DAGs
[2021-11-26 12:45:51,960] {logging_mixin.py:109} INFO - [2021-11-26 12:45:51,959] {dag.py:2928} INFO - Setting next_dagrun for example_complex to None
[2021-11-26 12:45:51,965] {processor.py:171} INFO - Processing /Users/danielcollins/opt/anaconda3/lib/python3.8/site-packages/airflow/example_dags/example_complex.py took 0.060 seconds
[2021-11-26 12:47:18,538] {processor.py:163} INFO - Started process (PID=13743) to work on /Users/danielcollins/opt/anaconda3/lib/python3.8/site-packages/airflow/example_dags/example_complex.py
[2021-11-26 12:47:18,538] {processor.py:625} INFO - Processing file /Users/danielcollins/opt/anaconda3/lib/python3.8/site-packages/airflow/example_dags/example_complex.py for tasks to queue
[2021-11-26 12:47:18,538] {logging_mixin.py:109} INFO - [2021-11-26 12:47:18,538] {dagbag.py:500} INFO - Filling up the DagBag from /Users/danielcollins/opt/anaconda3/lib/python3.8/site-packages/airflow/example_dags/example_complex.py
[2021-11-26 12:47:18,572] {processor.py:637} INFO - DAG(s) dict_keys(['example_complex']) retrieved from /Users/danielcollins/opt/anaconda3/lib/python3.8/site-packages/airflow/example_dags/example_complex.py
[2021-11-26 12:47:18,584] {logging_mixin.py:109} INFO - [2021-11-26 12:47:18,584] {dag.py:2396} INFO - Sync 1 DAGs
[2021-11-26 12:47:18,589] {logging_mixin.py:109} INFO - [2021-11-26 12:47:18,589] {dag.py:2928} INFO - Setting next_dagrun for example_complex to None
[2021-11-26 12:47:18,593] {processor.py:171} INFO - Processing /Users/danielcollins/opt/anaconda3/lib/python3.8/site-packages/airflow/example_dags/example_complex.py took 0.056 seconds
[2021-11-26 12:48:48,468] {processor.py:163} INFO - Started process (PID=13896) to work on /Users/danielcollins/opt/anaconda3/lib/python3.8/site-packages/airflow/example_dags/example_complex.py
[2021-11-26 12:48:48,469] {processor.py:625} INFO - Processing file /Users/danielcollins/opt/anaconda3/lib/python3.8/site-packages/airflow/example_dags/example_complex.py for tasks to queue
[2021-11-26 12:48:48,469] {logging_mixin.py:109} INFO - [2021-11-26 12:48:48,469] {dagbag.py:500} INFO - Filling up the DagBag from /Users/danielcollins/opt/anaconda3/lib/python3.8/site-packages/airflow/example_dags/example_complex.py
[2021-11-26 12:48:48,503] {processor.py:637} INFO - DAG(s) dict_keys(['example_complex']) retrieved from /Users/danielcollins/opt/anaconda3/lib/python3.8/site-packages/airflow/example_dags/example_complex.py
[2021-11-26 12:48:48,516] {logging_mixin.py:109} INFO - [2021-11-26 12:48:48,516] {dag.py:2396} INFO - Sync 1 DAGs
[2021-11-26 12:48:48,521] {logging_mixin.py:109} INFO - [2021-11-26 12:48:48,521] {dag.py:2928} INFO - Setting next_dagrun for example_complex to None
[2021-11-26 12:48:48,527] {processor.py:171} INFO - Processing /Users/danielcollins/opt/anaconda3/lib/python3.8/site-packages/airflow/example_dags/example_complex.py took 0.059 seconds
[2021-11-26 12:50:16,042] {processor.py:163} INFO - Started process (PID=14054) to work on /Users/danielcollins/opt/anaconda3/lib/python3.8/site-packages/airflow/example_dags/example_complex.py
[2021-11-26 12:50:16,042] {processor.py:625} INFO - Processing file /Users/danielcollins/opt/anaconda3/lib/python3.8/site-packages/airflow/example_dags/example_complex.py for tasks to queue
[2021-11-26 12:50:16,042] {logging_mixin.py:109} INFO - [2021-11-26 12:50:16,042] {dagbag.py:500} INFO - Filling up the DagBag from /Users/danielcollins/opt/anaconda3/lib/python3.8/site-packages/airflow/example_dags/example_complex.py
[2021-11-26 12:50:16,076] {processor.py:637} INFO - DAG(s) dict_keys(['example_complex']) retrieved from /Users/danielcollins/opt/anaconda3/lib/python3.8/site-packages/airflow/example_dags/example_complex.py
[2021-11-26 12:50:16,088] {logging_mixin.py:109} INFO - [2021-11-26 12:50:16,088] {dag.py:2396} INFO - Sync 1 DAGs
[2021-11-26 12:50:16,093] {logging_mixin.py:109} INFO - [2021-11-26 12:50:16,093] {dag.py:2928} INFO - Setting next_dagrun for example_complex to None
[2021-11-26 12:50:16,098] {processor.py:171} INFO - Processing /Users/danielcollins/opt/anaconda3/lib/python3.8/site-packages/airflow/example_dags/example_complex.py took 0.057 seconds
[2021-11-26 12:51:47,692] {processor.py:163} INFO - Started process (PID=14233) to work on /Users/danielcollins/opt/anaconda3/lib/python3.8/site-packages/airflow/example_dags/example_complex.py
[2021-11-26 12:51:47,692] {processor.py:625} INFO - Processing file /Users/danielcollins/opt/anaconda3/lib/python3.8/site-packages/airflow/example_dags/example_complex.py for tasks to queue
[2021-11-26 12:51:47,693] {logging_mixin.py:109} INFO - [2021-11-26 12:51:47,692] {dagbag.py:500} INFO - Filling up the DagBag from /Users/danielcollins/opt/anaconda3/lib/python3.8/site-packages/airflow/example_dags/example_complex.py
[2021-11-26 12:51:47,728] {processor.py:637} INFO - DAG(s) dict_keys(['example_complex']) retrieved from /Users/danielcollins/opt/anaconda3/lib/python3.8/site-packages/airflow/example_dags/example_complex.py
[2021-11-26 12:51:47,741] {logging_mixin.py:109} INFO - [2021-11-26 12:51:47,741] {dag.py:2396} INFO - Sync 1 DAGs
[2021-11-26 12:51:47,746] {logging_mixin.py:109} INFO - [2021-11-26 12:51:47,745] {dag.py:2928} INFO - Setting next_dagrun for example_complex to None
[2021-11-26 12:51:47,754] {processor.py:171} INFO - Processing /Users/danielcollins/opt/anaconda3/lib/python3.8/site-packages/airflow/example_dags/example_complex.py took 0.062 seconds
[2021-11-26 13:02:58,204] {processor.py:163} INFO - Started process (PID=14422) to work on /Users/danielcollins/opt/anaconda3/lib/python3.8/site-packages/airflow/example_dags/example_complex.py
[2021-11-26 13:02:58,204] {processor.py:625} INFO - Processing file /Users/danielcollins/opt/anaconda3/lib/python3.8/site-packages/airflow/example_dags/example_complex.py for tasks to queue
[2021-11-26 13:02:58,204] {logging_mixin.py:109} INFO - [2021-11-26 13:02:58,204] {dagbag.py:500} INFO - Filling up the DagBag from /Users/danielcollins/opt/anaconda3/lib/python3.8/site-packages/airflow/example_dags/example_complex.py
[2021-11-26 13:02:58,238] {processor.py:637} INFO - DAG(s) dict_keys(['example_complex']) retrieved from /Users/danielcollins/opt/anaconda3/lib/python3.8/site-packages/airflow/example_dags/example_complex.py
[2021-11-26 13:02:58,251] {logging_mixin.py:109} INFO - [2021-11-26 13:02:58,250] {dag.py:2396} INFO - Sync 1 DAGs
[2021-11-26 13:02:58,256] {logging_mixin.py:109} INFO - [2021-11-26 13:02:58,255] {dag.py:2928} INFO - Setting next_dagrun for example_complex to None
[2021-11-26 13:02:58,262] {processor.py:171} INFO - Processing /Users/danielcollins/opt/anaconda3/lib/python3.8/site-packages/airflow/example_dags/example_complex.py took 0.059 seconds
[2021-11-26 13:04:23,108] {processor.py:163} INFO - Started process (PID=14546) to work on /Users/danielcollins/opt/anaconda3/lib/python3.8/site-packages/airflow/example_dags/example_complex.py
[2021-11-26 13:04:23,109] {processor.py:625} INFO - Processing file /Users/danielcollins/opt/anaconda3/lib/python3.8/site-packages/airflow/example_dags/example_complex.py for tasks to queue
[2021-11-26 13:04:23,109] {logging_mixin.py:109} INFO - [2021-11-26 13:04:23,109] {dagbag.py:500} INFO - Filling up the DagBag from /Users/danielcollins/opt/anaconda3/lib/python3.8/site-packages/airflow/example_dags/example_complex.py
[2021-11-26 13:04:23,146] {processor.py:637} INFO - DAG(s) dict_keys(['example_complex']) retrieved from /Users/danielcollins/opt/anaconda3/lib/python3.8/site-packages/airflow/example_dags/example_complex.py
[2021-11-26 13:04:23,160] {logging_mixin.py:109} INFO - [2021-11-26 13:04:23,160] {dag.py:2396} INFO - Sync 1 DAGs
[2021-11-26 13:04:23,165] {logging_mixin.py:109} INFO - [2021-11-26 13:04:23,165] {dag.py:2928} INFO - Setting next_dagrun for example_complex to None
[2021-11-26 13:04:23,174] {processor.py:171} INFO - Processing /Users/danielcollins/opt/anaconda3/lib/python3.8/site-packages/airflow/example_dags/example_complex.py took 0.067 seconds
[2021-11-26 13:05:45,404] {processor.py:163} INFO - Started process (PID=14648) to work on /Users/danielcollins/opt/anaconda3/lib/python3.8/site-packages/airflow/example_dags/example_complex.py
[2021-11-26 13:05:45,405] {processor.py:625} INFO - Processing file /Users/danielcollins/opt/anaconda3/lib/python3.8/site-packages/airflow/example_dags/example_complex.py for tasks to queue
[2021-11-26 13:05:45,406] {logging_mixin.py:109} INFO - [2021-11-26 13:05:45,406] {dagbag.py:500} INFO - Filling up the DagBag from /Users/danielcollins/opt/anaconda3/lib/python3.8/site-packages/airflow/example_dags/example_complex.py
[2021-11-26 13:05:45,438] {processor.py:637} INFO - DAG(s) dict_keys(['example_complex']) retrieved from /Users/danielcollins/opt/anaconda3/lib/python3.8/site-packages/airflow/example_dags/example_complex.py
[2021-11-26 13:05:45,451] {logging_mixin.py:109} INFO - [2021-11-26 13:05:45,451] {dag.py:2396} INFO - Sync 1 DAGs
[2021-11-26 13:05:45,455] {logging_mixin.py:109} INFO - [2021-11-26 13:05:45,455] {dag.py:2928} INFO - Setting next_dagrun for example_complex to None
[2021-11-26 13:05:45,460] {processor.py:171} INFO - Processing /Users/danielcollins/opt/anaconda3/lib/python3.8/site-packages/airflow/example_dags/example_complex.py took 0.056 seconds
[2021-11-26 13:07:05,974] {processor.py:163} INFO - Started process (PID=14866) to work on /Users/danielcollins/opt/anaconda3/lib/python3.8/site-packages/airflow/example_dags/example_complex.py
[2021-11-26 13:07:05,976] {processor.py:625} INFO - Processing file /Users/danielcollins/opt/anaconda3/lib/python3.8/site-packages/airflow/example_dags/example_complex.py for tasks to queue
[2021-11-26 13:07:05,976] {logging_mixin.py:109} INFO - [2021-11-26 13:07:05,976] {dagbag.py:500} INFO - Filling up the DagBag from /Users/danielcollins/opt/anaconda3/lib/python3.8/site-packages/airflow/example_dags/example_complex.py
[2021-11-26 13:07:06,009] {processor.py:637} INFO - DAG(s) dict_keys(['example_complex']) retrieved from /Users/danielcollins/opt/anaconda3/lib/python3.8/site-packages/airflow/example_dags/example_complex.py
[2021-11-26 13:07:06,022] {logging_mixin.py:109} INFO - [2021-11-26 13:07:06,022] {dag.py:2396} INFO - Sync 1 DAGs
[2021-11-26 13:07:06,026] {logging_mixin.py:109} INFO - [2021-11-26 13:07:06,026] {dag.py:2928} INFO - Setting next_dagrun for example_complex to None
[2021-11-26 13:07:06,037] {processor.py:171} INFO - Processing /Users/danielcollins/opt/anaconda3/lib/python3.8/site-packages/airflow/example_dags/example_complex.py took 0.063 seconds
[2021-11-26 13:14:08,896] {processor.py:163} INFO - Started process (PID=15194) to work on /Users/danielcollins/opt/anaconda3/lib/python3.8/site-packages/airflow/example_dags/example_complex.py
[2021-11-26 13:14:08,897] {processor.py:625} INFO - Processing file /Users/danielcollins/opt/anaconda3/lib/python3.8/site-packages/airflow/example_dags/example_complex.py for tasks to queue
[2021-11-26 13:14:08,897] {logging_mixin.py:109} INFO - [2021-11-26 13:14:08,897] {dagbag.py:500} INFO - Filling up the DagBag from /Users/danielcollins/opt/anaconda3/lib/python3.8/site-packages/airflow/example_dags/example_complex.py
[2021-11-26 13:14:08,940] {processor.py:637} INFO - DAG(s) dict_keys(['example_complex']) retrieved from /Users/danielcollins/opt/anaconda3/lib/python3.8/site-packages/airflow/example_dags/example_complex.py
[2021-11-26 13:14:08,958] {logging_mixin.py:109} INFO - [2021-11-26 13:14:08,958] {dag.py:2396} INFO - Sync 1 DAGs
[2021-11-26 13:14:08,964] {logging_mixin.py:109} INFO - [2021-11-26 13:14:08,964] {dag.py:2928} INFO - Setting next_dagrun for example_complex to None
[2021-11-26 13:14:08,969] {processor.py:171} INFO - Processing /Users/danielcollins/opt/anaconda3/lib/python3.8/site-packages/airflow/example_dags/example_complex.py took 0.073 seconds
[2021-11-26 13:15:36,006] {processor.py:163} INFO - Started process (PID=15363) to work on /Users/danielcollins/opt/anaconda3/lib/python3.8/site-packages/airflow/example_dags/example_complex.py
[2021-11-26 13:15:36,008] {processor.py:625} INFO - Processing file /Users/danielcollins/opt/anaconda3/lib/python3.8/site-packages/airflow/example_dags/example_complex.py for tasks to queue
[2021-11-26 13:15:36,008] {logging_mixin.py:109} INFO - [2021-11-26 13:15:36,008] {dagbag.py:500} INFO - Filling up the DagBag from /Users/danielcollins/opt/anaconda3/lib/python3.8/site-packages/airflow/example_dags/example_complex.py
[2021-11-26 13:15:36,045] {processor.py:637} INFO - DAG(s) dict_keys(['example_complex']) retrieved from /Users/danielcollins/opt/anaconda3/lib/python3.8/site-packages/airflow/example_dags/example_complex.py
[2021-11-26 13:15:36,057] {logging_mixin.py:109} INFO - [2021-11-26 13:15:36,057] {dag.py:2396} INFO - Sync 1 DAGs
[2021-11-26 13:15:36,062] {logging_mixin.py:109} INFO - [2021-11-26 13:15:36,062] {dag.py:2928} INFO - Setting next_dagrun for example_complex to None
[2021-11-26 13:15:36,070] {processor.py:171} INFO - Processing /Users/danielcollins/opt/anaconda3/lib/python3.8/site-packages/airflow/example_dags/example_complex.py took 0.064 seconds
[2021-11-26 13:20:22,467] {processor.py:163} INFO - Started process (PID=15635) to work on /Users/danielcollins/opt/anaconda3/lib/python3.8/site-packages/airflow/example_dags/example_complex.py
[2021-11-26 13:20:22,469] {processor.py:625} INFO - Processing file /Users/danielcollins/opt/anaconda3/lib/python3.8/site-packages/airflow/example_dags/example_complex.py for tasks to queue
[2021-11-26 13:20:22,469] {logging_mixin.py:109} INFO - [2021-11-26 13:20:22,469] {dagbag.py:500} INFO - Filling up the DagBag from /Users/danielcollins/opt/anaconda3/lib/python3.8/site-packages/airflow/example_dags/example_complex.py
[2021-11-26 13:20:22,502] {processor.py:637} INFO - DAG(s) dict_keys(['example_complex']) retrieved from /Users/danielcollins/opt/anaconda3/lib/python3.8/site-packages/airflow/example_dags/example_complex.py
[2021-11-26 13:20:22,515] {logging_mixin.py:109} INFO - [2021-11-26 13:20:22,515] {dag.py:2396} INFO - Sync 1 DAGs
[2021-11-26 13:20:22,519] {logging_mixin.py:109} INFO - [2021-11-26 13:20:22,519] {dag.py:2928} INFO - Setting next_dagrun for example_complex to None
[2021-11-26 13:20:22,525] {processor.py:171} INFO - Processing /Users/danielcollins/opt/anaconda3/lib/python3.8/site-packages/airflow/example_dags/example_complex.py took 0.058 seconds
[2021-11-26 13:21:43,941] {processor.py:163} INFO - Started process (PID=15754) to work on /Users/danielcollins/opt/anaconda3/lib/python3.8/site-packages/airflow/example_dags/example_complex.py
[2021-11-26 13:21:43,944] {processor.py:625} INFO - Processing file /Users/danielcollins/opt/anaconda3/lib/python3.8/site-packages/airflow/example_dags/example_complex.py for tasks to queue
[2021-11-26 13:21:43,944] {logging_mixin.py:109} INFO - [2021-11-26 13:21:43,944] {dagbag.py:500} INFO - Filling up the DagBag from /Users/danielcollins/opt/anaconda3/lib/python3.8/site-packages/airflow/example_dags/example_complex.py
[2021-11-26 13:21:43,991] {processor.py:637} INFO - DAG(s) dict_keys(['example_complex']) retrieved from /Users/danielcollins/opt/anaconda3/lib/python3.8/site-packages/airflow/example_dags/example_complex.py
[2021-11-26 13:21:44,004] {logging_mixin.py:109} INFO - [2021-11-26 13:21:44,004] {dag.py:2396} INFO - Sync 1 DAGs
[2021-11-26 13:21:44,009] {logging_mixin.py:109} INFO - [2021-11-26 13:21:44,009] {dag.py:2928} INFO - Setting next_dagrun for example_complex to None
[2021-11-26 13:21:44,017] {processor.py:171} INFO - Processing /Users/danielcollins/opt/anaconda3/lib/python3.8/site-packages/airflow/example_dags/example_complex.py took 0.076 seconds
[2021-11-26 15:33:13,744] {processor.py:163} INFO - Started process (PID=16081) to work on /Users/danielcollins/opt/anaconda3/lib/python3.8/site-packages/airflow/example_dags/example_complex.py
[2021-11-26 15:33:13,745] {processor.py:625} INFO - Processing file /Users/danielcollins/opt/anaconda3/lib/python3.8/site-packages/airflow/example_dags/example_complex.py for tasks to queue
[2021-11-26 15:33:13,745] {logging_mixin.py:109} INFO - [2021-11-26 15:33:13,745] {dagbag.py:500} INFO - Filling up the DagBag from /Users/danielcollins/opt/anaconda3/lib/python3.8/site-packages/airflow/example_dags/example_complex.py
[2021-11-26 15:33:13,779] {processor.py:637} INFO - DAG(s) dict_keys(['example_complex']) retrieved from /Users/danielcollins/opt/anaconda3/lib/python3.8/site-packages/airflow/example_dags/example_complex.py
[2021-11-26 15:33:13,792] {logging_mixin.py:109} INFO - [2021-11-26 15:33:13,792] {dag.py:2396} INFO - Sync 1 DAGs
[2021-11-26 15:33:13,801] {logging_mixin.py:109} INFO - [2021-11-26 15:33:13,801] {dag.py:2928} INFO - Setting next_dagrun for example_complex to None
[2021-11-26 15:33:13,807] {processor.py:171} INFO - Processing /Users/danielcollins/opt/anaconda3/lib/python3.8/site-packages/airflow/example_dags/example_complex.py took 0.063 seconds
[2021-11-26 16:25:02,514] {processor.py:163} INFO - Started process (PID=16210) to work on /Users/danielcollins/opt/anaconda3/lib/python3.8/site-packages/airflow/example_dags/example_complex.py
[2021-11-26 16:25:02,515] {processor.py:625} INFO - Processing file /Users/danielcollins/opt/anaconda3/lib/python3.8/site-packages/airflow/example_dags/example_complex.py for tasks to queue
[2021-11-26 16:25:02,515] {logging_mixin.py:109} INFO - [2021-11-26 16:25:02,515] {dagbag.py:500} INFO - Filling up the DagBag from /Users/danielcollins/opt/anaconda3/lib/python3.8/site-packages/airflow/example_dags/example_complex.py
[2021-11-26 16:25:02,733] {processor.py:637} INFO - DAG(s) dict_keys(['example_complex']) retrieved from /Users/danielcollins/opt/anaconda3/lib/python3.8/site-packages/airflow/example_dags/example_complex.py
[2021-11-26 16:25:02,769] {logging_mixin.py:109} INFO - [2021-11-26 16:25:02,769] {dag.py:2396} INFO - Sync 1 DAGs
[2021-11-26 16:25:02,782] {logging_mixin.py:109} INFO - [2021-11-26 16:25:02,782] {dag.py:2928} INFO - Setting next_dagrun for example_complex to None
[2021-11-26 16:25:02,886] {processor.py:171} INFO - Processing /Users/danielcollins/opt/anaconda3/lib/python3.8/site-packages/airflow/example_dags/example_complex.py took 0.372 seconds
[2021-11-26 16:28:35,031] {processor.py:163} INFO - Started process (PID=16492) to work on /Users/danielcollins/opt/anaconda3/lib/python3.8/site-packages/airflow/example_dags/example_complex.py
[2021-11-26 16:28:35,032] {processor.py:625} INFO - Processing file /Users/danielcollins/opt/anaconda3/lib/python3.8/site-packages/airflow/example_dags/example_complex.py for tasks to queue
[2021-11-26 16:28:35,032] {logging_mixin.py:109} INFO - [2021-11-26 16:28:35,032] {dagbag.py:500} INFO - Filling up the DagBag from /Users/danielcollins/opt/anaconda3/lib/python3.8/site-packages/airflow/example_dags/example_complex.py
[2021-11-26 16:28:35,071] {processor.py:637} INFO - DAG(s) dict_keys(['example_complex']) retrieved from /Users/danielcollins/opt/anaconda3/lib/python3.8/site-packages/airflow/example_dags/example_complex.py
[2021-11-26 16:28:35,083] {logging_mixin.py:109} INFO - [2021-11-26 16:28:35,083] {dag.py:2396} INFO - Sync 1 DAGs
[2021-11-26 16:28:35,088] {logging_mixin.py:109} INFO - [2021-11-26 16:28:35,088] {dag.py:2928} INFO - Setting next_dagrun for example_complex to None
[2021-11-26 16:28:35,112] {processor.py:171} INFO - Processing /Users/danielcollins/opt/anaconda3/lib/python3.8/site-packages/airflow/example_dags/example_complex.py took 0.081 seconds
[2021-11-26 16:30:04,793] {processor.py:163} INFO - Started process (PID=16626) to work on /Users/danielcollins/opt/anaconda3/lib/python3.8/site-packages/airflow/example_dags/example_complex.py
[2021-11-26 16:30:04,794] {processor.py:625} INFO - Processing file /Users/danielcollins/opt/anaconda3/lib/python3.8/site-packages/airflow/example_dags/example_complex.py for tasks to queue
[2021-11-26 16:30:04,795] {logging_mixin.py:109} INFO - [2021-11-26 16:30:04,795] {dagbag.py:500} INFO - Filling up the DagBag from /Users/danielcollins/opt/anaconda3/lib/python3.8/site-packages/airflow/example_dags/example_complex.py
[2021-11-26 16:30:04,828] {processor.py:637} INFO - DAG(s) dict_keys(['example_complex']) retrieved from /Users/danielcollins/opt/anaconda3/lib/python3.8/site-packages/airflow/example_dags/example_complex.py
[2021-11-26 16:30:04,841] {logging_mixin.py:109} INFO - [2021-11-26 16:30:04,841] {dag.py:2396} INFO - Sync 1 DAGs
[2021-11-26 16:30:04,846] {logging_mixin.py:109} INFO - [2021-11-26 16:30:04,846] {dag.py:2928} INFO - Setting next_dagrun for example_complex to None
[2021-11-26 16:30:04,854] {processor.py:171} INFO - Processing /Users/danielcollins/opt/anaconda3/lib/python3.8/site-packages/airflow/example_dags/example_complex.py took 0.061 seconds
[2021-11-26 16:31:27,979] {processor.py:163} INFO - Started process (PID=16734) to work on /Users/danielcollins/opt/anaconda3/lib/python3.8/site-packages/airflow/example_dags/example_complex.py
[2021-11-26 16:31:27,980] {processor.py:625} INFO - Processing file /Users/danielcollins/opt/anaconda3/lib/python3.8/site-packages/airflow/example_dags/example_complex.py for tasks to queue
[2021-11-26 16:31:27,980] {logging_mixin.py:109} INFO - [2021-11-26 16:31:27,980] {dagbag.py:500} INFO - Filling up the DagBag from /Users/danielcollins/opt/anaconda3/lib/python3.8/site-packages/airflow/example_dags/example_complex.py
[2021-11-26 16:31:28,012] {processor.py:637} INFO - DAG(s) dict_keys(['example_complex']) retrieved from /Users/danielcollins/opt/anaconda3/lib/python3.8/site-packages/airflow/example_dags/example_complex.py
[2021-11-26 16:31:28,025] {logging_mixin.py:109} INFO - [2021-11-26 16:31:28,025] {dag.py:2396} INFO - Sync 1 DAGs
[2021-11-26 16:31:28,030] {logging_mixin.py:109} INFO - [2021-11-26 16:31:28,030] {dag.py:2928} INFO - Setting next_dagrun for example_complex to None
[2021-11-26 16:31:28,039] {processor.py:171} INFO - Processing /Users/danielcollins/opt/anaconda3/lib/python3.8/site-packages/airflow/example_dags/example_complex.py took 0.061 seconds
[2021-11-26 16:32:52,012] {processor.py:163} INFO - Started process (PID=16896) to work on /Users/danielcollins/opt/anaconda3/lib/python3.8/site-packages/airflow/example_dags/example_complex.py
[2021-11-26 16:32:52,012] {processor.py:625} INFO - Processing file /Users/danielcollins/opt/anaconda3/lib/python3.8/site-packages/airflow/example_dags/example_complex.py for tasks to queue
[2021-11-26 16:32:52,013] {logging_mixin.py:109} INFO - [2021-11-26 16:32:52,013] {dagbag.py:500} INFO - Filling up the DagBag from /Users/danielcollins/opt/anaconda3/lib/python3.8/site-packages/airflow/example_dags/example_complex.py
[2021-11-26 16:32:52,043] {processor.py:637} INFO - DAG(s) dict_keys(['example_complex']) retrieved from /Users/danielcollins/opt/anaconda3/lib/python3.8/site-packages/airflow/example_dags/example_complex.py
[2021-11-26 16:32:52,057] {logging_mixin.py:109} INFO - [2021-11-26 16:32:52,057] {dag.py:2396} INFO - Sync 1 DAGs
[2021-11-26 16:32:52,064] {logging_mixin.py:109} INFO - [2021-11-26 16:32:52,064] {dag.py:2928} INFO - Setting next_dagrun for example_complex to None
[2021-11-26 16:32:52,069] {processor.py:171} INFO - Processing /Users/danielcollins/opt/anaconda3/lib/python3.8/site-packages/airflow/example_dags/example_complex.py took 0.058 seconds
[2021-11-26 16:34:13,421] {processor.py:163} INFO - Started process (PID=17000) to work on /Users/danielcollins/opt/anaconda3/lib/python3.8/site-packages/airflow/example_dags/example_complex.py
[2021-11-26 16:34:13,422] {processor.py:625} INFO - Processing file /Users/danielcollins/opt/anaconda3/lib/python3.8/site-packages/airflow/example_dags/example_complex.py for tasks to queue
[2021-11-26 16:34:13,422] {logging_mixin.py:109} INFO - [2021-11-26 16:34:13,422] {dagbag.py:500} INFO - Filling up the DagBag from /Users/danielcollins/opt/anaconda3/lib/python3.8/site-packages/airflow/example_dags/example_complex.py
[2021-11-26 16:34:13,454] {processor.py:637} INFO - DAG(s) dict_keys(['example_complex']) retrieved from /Users/danielcollins/opt/anaconda3/lib/python3.8/site-packages/airflow/example_dags/example_complex.py
[2021-11-26 16:34:13,468] {logging_mixin.py:109} INFO - [2021-11-26 16:34:13,468] {dag.py:2396} INFO - Sync 1 DAGs
[2021-11-26 16:34:13,473] {logging_mixin.py:109} INFO - [2021-11-26 16:34:13,473] {dag.py:2928} INFO - Setting next_dagrun for example_complex to None
[2021-11-26 16:34:13,478] {processor.py:171} INFO - Processing /Users/danielcollins/opt/anaconda3/lib/python3.8/site-packages/airflow/example_dags/example_complex.py took 0.057 seconds
[2021-11-26 16:35:36,186] {processor.py:163} INFO - Started process (PID=17113) to work on /Users/danielcollins/opt/anaconda3/lib/python3.8/site-packages/airflow/example_dags/example_complex.py
[2021-11-26 16:35:36,188] {processor.py:625} INFO - Processing file /Users/danielcollins/opt/anaconda3/lib/python3.8/site-packages/airflow/example_dags/example_complex.py for tasks to queue
[2021-11-26 16:35:36,188] {logging_mixin.py:109} INFO - [2021-11-26 16:35:36,188] {dagbag.py:500} INFO - Filling up the DagBag from /Users/danielcollins/opt/anaconda3/lib/python3.8/site-packages/airflow/example_dags/example_complex.py
[2021-11-26 16:35:36,222] {processor.py:637} INFO - DAG(s) dict_keys(['example_complex']) retrieved from /Users/danielcollins/opt/anaconda3/lib/python3.8/site-packages/airflow/example_dags/example_complex.py
[2021-11-26 16:35:36,235] {logging_mixin.py:109} INFO - [2021-11-26 16:35:36,234] {dag.py:2396} INFO - Sync 1 DAGs
[2021-11-26 16:35:36,239] {logging_mixin.py:109} INFO - [2021-11-26 16:35:36,239] {dag.py:2928} INFO - Setting next_dagrun for example_complex to None
[2021-11-26 16:35:36,245] {processor.py:171} INFO - Processing /Users/danielcollins/opt/anaconda3/lib/python3.8/site-packages/airflow/example_dags/example_complex.py took 0.059 seconds
[2021-11-26 16:36:59,343] {processor.py:163} INFO - Started process (PID=17231) to work on /Users/danielcollins/opt/anaconda3/lib/python3.8/site-packages/airflow/example_dags/example_complex.py
[2021-11-26 16:36:59,344] {processor.py:625} INFO - Processing file /Users/danielcollins/opt/anaconda3/lib/python3.8/site-packages/airflow/example_dags/example_complex.py for tasks to queue
[2021-11-26 16:36:59,344] {logging_mixin.py:109} INFO - [2021-11-26 16:36:59,344] {dagbag.py:500} INFO - Filling up the DagBag from /Users/danielcollins/opt/anaconda3/lib/python3.8/site-packages/airflow/example_dags/example_complex.py
[2021-11-26 16:36:59,376] {processor.py:637} INFO - DAG(s) dict_keys(['example_complex']) retrieved from /Users/danielcollins/opt/anaconda3/lib/python3.8/site-packages/airflow/example_dags/example_complex.py
[2021-11-26 16:36:59,389] {logging_mixin.py:109} INFO - [2021-11-26 16:36:59,389] {dag.py:2396} INFO - Sync 1 DAGs
[2021-11-26 16:36:59,395] {logging_mixin.py:109} INFO - [2021-11-26 16:36:59,395] {dag.py:2928} INFO - Setting next_dagrun for example_complex to None
[2021-11-26 16:36:59,401] {processor.py:171} INFO - Processing /Users/danielcollins/opt/anaconda3/lib/python3.8/site-packages/airflow/example_dags/example_complex.py took 0.058 seconds
[2021-11-26 16:38:21,334] {processor.py:163} INFO - Started process (PID=17354) to work on /Users/danielcollins/opt/anaconda3/lib/python3.8/site-packages/airflow/example_dags/example_complex.py
[2021-11-26 16:38:21,334] {processor.py:625} INFO - Processing file /Users/danielcollins/opt/anaconda3/lib/python3.8/site-packages/airflow/example_dags/example_complex.py for tasks to queue
[2021-11-26 16:38:21,335] {logging_mixin.py:109} INFO - [2021-11-26 16:38:21,335] {dagbag.py:500} INFO - Filling up the DagBag from /Users/danielcollins/opt/anaconda3/lib/python3.8/site-packages/airflow/example_dags/example_complex.py
[2021-11-26 16:38:21,367] {processor.py:637} INFO - DAG(s) dict_keys(['example_complex']) retrieved from /Users/danielcollins/opt/anaconda3/lib/python3.8/site-packages/airflow/example_dags/example_complex.py
[2021-11-26 16:38:21,380] {logging_mixin.py:109} INFO - [2021-11-26 16:38:21,380] {dag.py:2396} INFO - Sync 1 DAGs
[2021-11-26 16:38:21,385] {logging_mixin.py:109} INFO - [2021-11-26 16:38:21,385] {dag.py:2928} INFO - Setting next_dagrun for example_complex to None
[2021-11-26 16:38:21,392] {processor.py:171} INFO - Processing /Users/danielcollins/opt/anaconda3/lib/python3.8/site-packages/airflow/example_dags/example_complex.py took 0.059 seconds
[2021-11-26 16:39:45,537] {processor.py:163} INFO - Started process (PID=17463) to work on /Users/danielcollins/opt/anaconda3/lib/python3.8/site-packages/airflow/example_dags/example_complex.py
[2021-11-26 16:39:45,537] {processor.py:625} INFO - Processing file /Users/danielcollins/opt/anaconda3/lib/python3.8/site-packages/airflow/example_dags/example_complex.py for tasks to queue
[2021-11-26 16:39:45,538] {logging_mixin.py:109} INFO - [2021-11-26 16:39:45,538] {dagbag.py:500} INFO - Filling up the DagBag from /Users/danielcollins/opt/anaconda3/lib/python3.8/site-packages/airflow/example_dags/example_complex.py
[2021-11-26 16:39:45,571] {processor.py:637} INFO - DAG(s) dict_keys(['example_complex']) retrieved from /Users/danielcollins/opt/anaconda3/lib/python3.8/site-packages/airflow/example_dags/example_complex.py
[2021-11-26 16:39:45,583] {logging_mixin.py:109} INFO - [2021-11-26 16:39:45,583] {dag.py:2396} INFO - Sync 1 DAGs
[2021-11-26 16:39:45,588] {logging_mixin.py:109} INFO - [2021-11-26 16:39:45,588] {dag.py:2928} INFO - Setting next_dagrun for example_complex to None
[2021-11-26 16:39:45,594] {processor.py:171} INFO - Processing /Users/danielcollins/opt/anaconda3/lib/python3.8/site-packages/airflow/example_dags/example_complex.py took 0.058 seconds
[2021-11-26 16:41:07,201] {processor.py:163} INFO - Started process (PID=17577) to work on /Users/danielcollins/opt/anaconda3/lib/python3.8/site-packages/airflow/example_dags/example_complex.py
[2021-11-26 16:41:07,202] {processor.py:625} INFO - Processing file /Users/danielcollins/opt/anaconda3/lib/python3.8/site-packages/airflow/example_dags/example_complex.py for tasks to queue
[2021-11-26 16:41:07,202] {logging_mixin.py:109} INFO - [2021-11-26 16:41:07,202] {dagbag.py:500} INFO - Filling up the DagBag from /Users/danielcollins/opt/anaconda3/lib/python3.8/site-packages/airflow/example_dags/example_complex.py
[2021-11-26 16:41:07,236] {processor.py:637} INFO - DAG(s) dict_keys(['example_complex']) retrieved from /Users/danielcollins/opt/anaconda3/lib/python3.8/site-packages/airflow/example_dags/example_complex.py
[2021-11-26 16:41:07,249] {logging_mixin.py:109} INFO - [2021-11-26 16:41:07,249] {dag.py:2396} INFO - Sync 1 DAGs
[2021-11-26 16:41:07,255] {logging_mixin.py:109} INFO - [2021-11-26 16:41:07,255] {dag.py:2928} INFO - Setting next_dagrun for example_complex to None
[2021-11-26 16:41:07,261] {processor.py:171} INFO - Processing /Users/danielcollins/opt/anaconda3/lib/python3.8/site-packages/airflow/example_dags/example_complex.py took 0.060 seconds
[2021-11-26 16:42:28,952] {processor.py:163} INFO - Started process (PID=17679) to work on /Users/danielcollins/opt/anaconda3/lib/python3.8/site-packages/airflow/example_dags/example_complex.py
[2021-11-26 16:42:28,953] {processor.py:625} INFO - Processing file /Users/danielcollins/opt/anaconda3/lib/python3.8/site-packages/airflow/example_dags/example_complex.py for tasks to queue
[2021-11-26 16:42:28,953] {logging_mixin.py:109} INFO - [2021-11-26 16:42:28,953] {dagbag.py:500} INFO - Filling up the DagBag from /Users/danielcollins/opt/anaconda3/lib/python3.8/site-packages/airflow/example_dags/example_complex.py
[2021-11-26 16:42:28,989] {processor.py:637} INFO - DAG(s) dict_keys(['example_complex']) retrieved from /Users/danielcollins/opt/anaconda3/lib/python3.8/site-packages/airflow/example_dags/example_complex.py
[2021-11-26 16:42:29,001] {logging_mixin.py:109} INFO - [2021-11-26 16:42:29,001] {dag.py:2396} INFO - Sync 1 DAGs
[2021-11-26 16:42:29,005] {logging_mixin.py:109} INFO - [2021-11-26 16:42:29,005] {dag.py:2928} INFO - Setting next_dagrun for example_complex to None
[2021-11-26 16:42:29,012] {processor.py:171} INFO - Processing /Users/danielcollins/opt/anaconda3/lib/python3.8/site-packages/airflow/example_dags/example_complex.py took 0.060 seconds
[2021-11-26 16:43:52,938] {processor.py:163} INFO - Started process (PID=17799) to work on /Users/danielcollins/opt/anaconda3/lib/python3.8/site-packages/airflow/example_dags/example_complex.py
[2021-11-26 16:43:52,939] {processor.py:625} INFO - Processing file /Users/danielcollins/opt/anaconda3/lib/python3.8/site-packages/airflow/example_dags/example_complex.py for tasks to queue
[2021-11-26 16:43:52,940] {logging_mixin.py:109} INFO - [2021-11-26 16:43:52,940] {dagbag.py:500} INFO - Filling up the DagBag from /Users/danielcollins/opt/anaconda3/lib/python3.8/site-packages/airflow/example_dags/example_complex.py
[2021-11-26 16:43:52,974] {processor.py:637} INFO - DAG(s) dict_keys(['example_complex']) retrieved from /Users/danielcollins/opt/anaconda3/lib/python3.8/site-packages/airflow/example_dags/example_complex.py
[2021-11-26 16:43:52,987] {logging_mixin.py:109} INFO - [2021-11-26 16:43:52,987] {dag.py:2396} INFO - Sync 1 DAGs
[2021-11-26 16:43:52,993] {logging_mixin.py:109} INFO - [2021-11-26 16:43:52,993] {dag.py:2928} INFO - Setting next_dagrun for example_complex to None
[2021-11-26 16:43:53,002] {processor.py:171} INFO - Processing /Users/danielcollins/opt/anaconda3/lib/python3.8/site-packages/airflow/example_dags/example_complex.py took 0.065 seconds
[2021-11-26 16:45:17,607] {processor.py:163} INFO - Started process (PID=17963) to work on /Users/danielcollins/opt/anaconda3/lib/python3.8/site-packages/airflow/example_dags/example_complex.py
[2021-11-26 16:45:17,608] {processor.py:625} INFO - Processing file /Users/danielcollins/opt/anaconda3/lib/python3.8/site-packages/airflow/example_dags/example_complex.py for tasks to queue
[2021-11-26 16:45:17,608] {logging_mixin.py:109} INFO - [2021-11-26 16:45:17,608] {dagbag.py:500} INFO - Filling up the DagBag from /Users/danielcollins/opt/anaconda3/lib/python3.8/site-packages/airflow/example_dags/example_complex.py
[2021-11-26 16:45:17,640] {processor.py:637} INFO - DAG(s) dict_keys(['example_complex']) retrieved from /Users/danielcollins/opt/anaconda3/lib/python3.8/site-packages/airflow/example_dags/example_complex.py
[2021-11-26 16:45:17,652] {logging_mixin.py:109} INFO - [2021-11-26 16:45:17,652] {dag.py:2396} INFO - Sync 1 DAGs
[2021-11-26 16:45:17,657] {logging_mixin.py:109} INFO - [2021-11-26 16:45:17,657] {dag.py:2928} INFO - Setting next_dagrun for example_complex to None
[2021-11-26 16:45:17,662] {processor.py:171} INFO - Processing /Users/danielcollins/opt/anaconda3/lib/python3.8/site-packages/airflow/example_dags/example_complex.py took 0.055 seconds
[2021-11-26 16:46:40,904] {processor.py:163} INFO - Started process (PID=18065) to work on /Users/danielcollins/opt/anaconda3/lib/python3.8/site-packages/airflow/example_dags/example_complex.py
[2021-11-26 16:46:40,905] {processor.py:625} INFO - Processing file /Users/danielcollins/opt/anaconda3/lib/python3.8/site-packages/airflow/example_dags/example_complex.py for tasks to queue
[2021-11-26 16:46:40,905] {logging_mixin.py:109} INFO - [2021-11-26 16:46:40,905] {dagbag.py:500} INFO - Filling up the DagBag from /Users/danielcollins/opt/anaconda3/lib/python3.8/site-packages/airflow/example_dags/example_complex.py
[2021-11-26 16:46:40,937] {processor.py:637} INFO - DAG(s) dict_keys(['example_complex']) retrieved from /Users/danielcollins/opt/anaconda3/lib/python3.8/site-packages/airflow/example_dags/example_complex.py
[2021-11-26 16:46:40,949] {logging_mixin.py:109} INFO - [2021-11-26 16:46:40,949] {dag.py:2396} INFO - Sync 1 DAGs
[2021-11-26 16:46:40,954] {logging_mixin.py:109} INFO - [2021-11-26 16:46:40,954] {dag.py:2928} INFO - Setting next_dagrun for example_complex to None
[2021-11-26 16:46:40,960] {processor.py:171} INFO - Processing /Users/danielcollins/opt/anaconda3/lib/python3.8/site-packages/airflow/example_dags/example_complex.py took 0.056 seconds
[2021-11-26 16:48:04,242] {processor.py:163} INFO - Started process (PID=18225) to work on /Users/danielcollins/opt/anaconda3/lib/python3.8/site-packages/airflow/example_dags/example_complex.py
[2021-11-26 16:48:04,242] {processor.py:625} INFO - Processing file /Users/danielcollins/opt/anaconda3/lib/python3.8/site-packages/airflow/example_dags/example_complex.py for tasks to queue
[2021-11-26 16:48:04,242] {logging_mixin.py:109} INFO - [2021-11-26 16:48:04,242] {dagbag.py:500} INFO - Filling up the DagBag from /Users/danielcollins/opt/anaconda3/lib/python3.8/site-packages/airflow/example_dags/example_complex.py
[2021-11-26 16:48:04,273] {processor.py:637} INFO - DAG(s) dict_keys(['example_complex']) retrieved from /Users/danielcollins/opt/anaconda3/lib/python3.8/site-packages/airflow/example_dags/example_complex.py
[2021-11-26 16:48:04,285] {logging_mixin.py:109} INFO - [2021-11-26 16:48:04,285] {dag.py:2396} INFO - Sync 1 DAGs
[2021-11-26 16:48:04,290] {logging_mixin.py:109} INFO - [2021-11-26 16:48:04,289] {dag.py:2928} INFO - Setting next_dagrun for example_complex to None
[2021-11-26 16:48:04,294] {processor.py:171} INFO - Processing /Users/danielcollins/opt/anaconda3/lib/python3.8/site-packages/airflow/example_dags/example_complex.py took 0.053 seconds
[2021-11-26 16:49:28,963] {processor.py:163} INFO - Started process (PID=18364) to work on /Users/danielcollins/opt/anaconda3/lib/python3.8/site-packages/airflow/example_dags/example_complex.py
[2021-11-26 16:49:28,964] {processor.py:625} INFO - Processing file /Users/danielcollins/opt/anaconda3/lib/python3.8/site-packages/airflow/example_dags/example_complex.py for tasks to queue
[2021-11-26 16:49:28,964] {logging_mixin.py:109} INFO - [2021-11-26 16:49:28,964] {dagbag.py:500} INFO - Filling up the DagBag from /Users/danielcollins/opt/anaconda3/lib/python3.8/site-packages/airflow/example_dags/example_complex.py
[2021-11-26 16:49:28,997] {processor.py:637} INFO - DAG(s) dict_keys(['example_complex']) retrieved from /Users/danielcollins/opt/anaconda3/lib/python3.8/site-packages/airflow/example_dags/example_complex.py
[2021-11-26 16:49:29,009] {logging_mixin.py:109} INFO - [2021-11-26 16:49:29,009] {dag.py:2396} INFO - Sync 1 DAGs
[2021-11-26 16:49:29,014] {logging_mixin.py:109} INFO - [2021-11-26 16:49:29,014] {dag.py:2928} INFO - Setting next_dagrun for example_complex to None
[2021-11-26 16:49:29,019] {processor.py:171} INFO - Processing /Users/danielcollins/opt/anaconda3/lib/python3.8/site-packages/airflow/example_dags/example_complex.py took 0.056 seconds
[2021-11-26 16:50:50,919] {processor.py:163} INFO - Started process (PID=18463) to work on /Users/danielcollins/opt/anaconda3/lib/python3.8/site-packages/airflow/example_dags/example_complex.py
[2021-11-26 16:50:50,919] {processor.py:625} INFO - Processing file /Users/danielcollins/opt/anaconda3/lib/python3.8/site-packages/airflow/example_dags/example_complex.py for tasks to queue
[2021-11-26 16:50:50,920] {logging_mixin.py:109} INFO - [2021-11-26 16:50:50,920] {dagbag.py:500} INFO - Filling up the DagBag from /Users/danielcollins/opt/anaconda3/lib/python3.8/site-packages/airflow/example_dags/example_complex.py
[2021-11-26 16:50:50,954] {processor.py:637} INFO - DAG(s) dict_keys(['example_complex']) retrieved from /Users/danielcollins/opt/anaconda3/lib/python3.8/site-packages/airflow/example_dags/example_complex.py
[2021-11-26 16:50:50,967] {logging_mixin.py:109} INFO - [2021-11-26 16:50:50,966] {dag.py:2396} INFO - Sync 1 DAGs
[2021-11-26 16:50:50,972] {logging_mixin.py:109} INFO - [2021-11-26 16:50:50,972] {dag.py:2928} INFO - Setting next_dagrun for example_complex to None
[2021-11-26 16:50:50,979] {processor.py:171} INFO - Processing /Users/danielcollins/opt/anaconda3/lib/python3.8/site-packages/airflow/example_dags/example_complex.py took 0.061 seconds
[2021-11-26 16:52:12,538] {processor.py:163} INFO - Started process (PID=18568) to work on /Users/danielcollins/opt/anaconda3/lib/python3.8/site-packages/airflow/example_dags/example_complex.py
[2021-11-26 16:52:12,539] {processor.py:625} INFO - Processing file /Users/danielcollins/opt/anaconda3/lib/python3.8/site-packages/airflow/example_dags/example_complex.py for tasks to queue
[2021-11-26 16:52:12,539] {logging_mixin.py:109} INFO - [2021-11-26 16:52:12,539] {dagbag.py:500} INFO - Filling up the DagBag from /Users/danielcollins/opt/anaconda3/lib/python3.8/site-packages/airflow/example_dags/example_complex.py
[2021-11-26 16:52:12,573] {processor.py:637} INFO - DAG(s) dict_keys(['example_complex']) retrieved from /Users/danielcollins/opt/anaconda3/lib/python3.8/site-packages/airflow/example_dags/example_complex.py
[2021-11-26 16:52:12,585] {logging_mixin.py:109} INFO - [2021-11-26 16:52:12,585] {dag.py:2396} INFO - Sync 1 DAGs
[2021-11-26 16:52:12,590] {logging_mixin.py:109} INFO - [2021-11-26 16:52:12,589] {dag.py:2928} INFO - Setting next_dagrun for example_complex to None
[2021-11-26 16:52:12,600] {processor.py:171} INFO - Processing /Users/danielcollins/opt/anaconda3/lib/python3.8/site-packages/airflow/example_dags/example_complex.py took 0.062 seconds
[2021-11-26 16:53:34,516] {processor.py:163} INFO - Started process (PID=18670) to work on /Users/danielcollins/opt/anaconda3/lib/python3.8/site-packages/airflow/example_dags/example_complex.py
[2021-11-26 16:53:34,517] {processor.py:625} INFO - Processing file /Users/danielcollins/opt/anaconda3/lib/python3.8/site-packages/airflow/example_dags/example_complex.py for tasks to queue
[2021-11-26 16:53:34,517] {logging_mixin.py:109} INFO - [2021-11-26 16:53:34,517] {dagbag.py:500} INFO - Filling up the DagBag from /Users/danielcollins/opt/anaconda3/lib/python3.8/site-packages/airflow/example_dags/example_complex.py
[2021-11-26 16:53:34,550] {processor.py:637} INFO - DAG(s) dict_keys(['example_complex']) retrieved from /Users/danielcollins/opt/anaconda3/lib/python3.8/site-packages/airflow/example_dags/example_complex.py
[2021-11-26 16:53:34,562] {logging_mixin.py:109} INFO - [2021-11-26 16:53:34,562] {dag.py:2396} INFO - Sync 1 DAGs
[2021-11-26 16:53:34,567] {logging_mixin.py:109} INFO - [2021-11-26 16:53:34,567] {dag.py:2928} INFO - Setting next_dagrun for example_complex to None
[2021-11-26 16:53:34,572] {processor.py:171} INFO - Processing /Users/danielcollins/opt/anaconda3/lib/python3.8/site-packages/airflow/example_dags/example_complex.py took 0.056 seconds
[2021-11-26 16:54:57,017] {processor.py:163} INFO - Started process (PID=18794) to work on /Users/danielcollins/opt/anaconda3/lib/python3.8/site-packages/airflow/example_dags/example_complex.py
[2021-11-26 16:54:57,018] {processor.py:625} INFO - Processing file /Users/danielcollins/opt/anaconda3/lib/python3.8/site-packages/airflow/example_dags/example_complex.py for tasks to queue
[2021-11-26 16:54:57,018] {logging_mixin.py:109} INFO - [2021-11-26 16:54:57,018] {dagbag.py:500} INFO - Filling up the DagBag from /Users/danielcollins/opt/anaconda3/lib/python3.8/site-packages/airflow/example_dags/example_complex.py
[2021-11-26 16:54:57,050] {processor.py:637} INFO - DAG(s) dict_keys(['example_complex']) retrieved from /Users/danielcollins/opt/anaconda3/lib/python3.8/site-packages/airflow/example_dags/example_complex.py
[2021-11-26 16:54:57,063] {logging_mixin.py:109} INFO - [2021-11-26 16:54:57,063] {dag.py:2396} INFO - Sync 1 DAGs
[2021-11-26 16:54:57,068] {logging_mixin.py:109} INFO - [2021-11-26 16:54:57,068] {dag.py:2928} INFO - Setting next_dagrun for example_complex to None
[2021-11-26 16:54:57,073] {processor.py:171} INFO - Processing /Users/danielcollins/opt/anaconda3/lib/python3.8/site-packages/airflow/example_dags/example_complex.py took 0.056 seconds
[2021-11-26 16:56:21,000] {processor.py:163} INFO - Started process (PID=18910) to work on /Users/danielcollins/opt/anaconda3/lib/python3.8/site-packages/airflow/example_dags/example_complex.py
[2021-11-26 16:56:21,002] {processor.py:625} INFO - Processing file /Users/danielcollins/opt/anaconda3/lib/python3.8/site-packages/airflow/example_dags/example_complex.py for tasks to queue
[2021-11-26 16:56:21,002] {logging_mixin.py:109} INFO - [2021-11-26 16:56:21,002] {dagbag.py:500} INFO - Filling up the DagBag from /Users/danielcollins/opt/anaconda3/lib/python3.8/site-packages/airflow/example_dags/example_complex.py
[2021-11-26 16:56:21,034] {processor.py:637} INFO - DAG(s) dict_keys(['example_complex']) retrieved from /Users/danielcollins/opt/anaconda3/lib/python3.8/site-packages/airflow/example_dags/example_complex.py
[2021-11-26 16:56:21,047] {logging_mixin.py:109} INFO - [2021-11-26 16:56:21,047] {dag.py:2396} INFO - Sync 1 DAGs
[2021-11-26 16:56:21,053] {logging_mixin.py:109} INFO - [2021-11-26 16:56:21,053] {dag.py:2928} INFO - Setting next_dagrun for example_complex to None
[2021-11-26 16:56:21,061] {processor.py:171} INFO - Processing /Users/danielcollins/opt/anaconda3/lib/python3.8/site-packages/airflow/example_dags/example_complex.py took 0.061 seconds
[2021-11-26 16:57:42,959] {processor.py:163} INFO - Started process (PID=19011) to work on /Users/danielcollins/opt/anaconda3/lib/python3.8/site-packages/airflow/example_dags/example_complex.py
[2021-11-26 16:57:42,960] {processor.py:625} INFO - Processing file /Users/danielcollins/opt/anaconda3/lib/python3.8/site-packages/airflow/example_dags/example_complex.py for tasks to queue
[2021-11-26 16:57:42,961] {logging_mixin.py:109} INFO - [2021-11-26 16:57:42,960] {dagbag.py:500} INFO - Filling up the DagBag from /Users/danielcollins/opt/anaconda3/lib/python3.8/site-packages/airflow/example_dags/example_complex.py
[2021-11-26 16:57:42,993] {processor.py:637} INFO - DAG(s) dict_keys(['example_complex']) retrieved from /Users/danielcollins/opt/anaconda3/lib/python3.8/site-packages/airflow/example_dags/example_complex.py
[2021-11-26 16:57:43,006] {logging_mixin.py:109} INFO - [2021-11-26 16:57:43,006] {dag.py:2396} INFO - Sync 1 DAGs
[2021-11-26 16:57:43,011] {logging_mixin.py:109} INFO - [2021-11-26 16:57:43,011] {dag.py:2928} INFO - Setting next_dagrun for example_complex to None
[2021-11-26 16:57:43,017] {processor.py:171} INFO - Processing /Users/danielcollins/opt/anaconda3/lib/python3.8/site-packages/airflow/example_dags/example_complex.py took 0.057 seconds
[2021-11-26 16:59:04,676] {processor.py:163} INFO - Started process (PID=19134) to work on /Users/danielcollins/opt/anaconda3/lib/python3.8/site-packages/airflow/example_dags/example_complex.py
[2021-11-26 16:59:04,677] {processor.py:625} INFO - Processing file /Users/danielcollins/opt/anaconda3/lib/python3.8/site-packages/airflow/example_dags/example_complex.py for tasks to queue
[2021-11-26 16:59:04,677] {logging_mixin.py:109} INFO - [2021-11-26 16:59:04,677] {dagbag.py:500} INFO - Filling up the DagBag from /Users/danielcollins/opt/anaconda3/lib/python3.8/site-packages/airflow/example_dags/example_complex.py
[2021-11-26 16:59:04,711] {processor.py:637} INFO - DAG(s) dict_keys(['example_complex']) retrieved from /Users/danielcollins/opt/anaconda3/lib/python3.8/site-packages/airflow/example_dags/example_complex.py
[2021-11-26 16:59:04,723] {logging_mixin.py:109} INFO - [2021-11-26 16:59:04,723] {dag.py:2396} INFO - Sync 1 DAGs
[2021-11-26 16:59:04,728] {logging_mixin.py:109} INFO - [2021-11-26 16:59:04,728] {dag.py:2928} INFO - Setting next_dagrun for example_complex to None
[2021-11-26 16:59:04,740] {processor.py:171} INFO - Processing /Users/danielcollins/opt/anaconda3/lib/python3.8/site-packages/airflow/example_dags/example_complex.py took 0.064 seconds
