[2021-11-26 17:00:08,203] {taskinstance.py:1035} INFO - Dependencies all met for <TaskInstance: example_bash_operator.runme_2 scheduled__2021-11-26T00:00:00+00:00 [queued]>
[2021-11-26 17:00:08,206] {taskinstance.py:1035} INFO - Dependencies all met for <TaskInstance: example_bash_operator.runme_2 scheduled__2021-11-26T00:00:00+00:00 [queued]>
[2021-11-26 17:00:08,206] {taskinstance.py:1241} INFO - 
--------------------------------------------------------------------------------
[2021-11-26 17:00:08,206] {taskinstance.py:1242} INFO - Starting attempt 1 of 1
[2021-11-26 17:00:08,206] {taskinstance.py:1243} INFO - 
--------------------------------------------------------------------------------
[2021-11-26 17:00:08,210] {taskinstance.py:1262} INFO - Executing <Task(BashOperator): runme_2> on 2021-11-26 00:00:00+00:00
[2021-11-26 17:00:08,213] {standard_task_runner.py:52} INFO - Started process 19232 to run task
[2021-11-26 17:00:08,217] {standard_task_runner.py:76} INFO - Running: ['airflow', 'tasks', 'run', 'example_bash_operator', 'runme_2', 'scheduled__2021-11-26T00:00:00+00:00', '--job-id', '17', '--raw', '--subdir', '/Users/danielcollins/opt/anaconda3/lib/python3.8/site-packages/airflow/example_dags/example_bash_operator.py', '--cfg-path', '/var/folders/9_/3lc9lq1570l2_y2nsyxbktvw0000gn/T/tmpz2n7wftt', '--error-file', '/var/folders/9_/3lc9lq1570l2_y2nsyxbktvw0000gn/T/tmpvufcikhv']
[2021-11-26 17:00:08,222] {standard_task_runner.py:77} INFO - Job 17: Subtask runme_2
[2021-11-26 17:00:08,246] {logging_mixin.py:109} INFO - Running <TaskInstance: example_bash_operator.runme_2 scheduled__2021-11-26T00:00:00+00:00 [running]> on host 1.0.0.0.0.0.0.0.0.0.0.0.0.0.0.0.0.0.0.0.0.0.0.0.0.0.0.0.0.0.0.0.ip6.arpa
[2021-11-26 17:00:08,266] {taskinstance.py:1427} INFO - Exporting the following env vars:
AIRFLOW_CTX_DAG_OWNER=airflow
AIRFLOW_CTX_DAG_ID=example_bash_operator
AIRFLOW_CTX_TASK_ID=runme_2
AIRFLOW_CTX_EXECUTION_DATE=2021-11-26T00:00:00+00:00
AIRFLOW_CTX_DAG_RUN_ID=scheduled__2021-11-26T00:00:00+00:00
[2021-11-26 17:00:08,267] {subprocess.py:62} INFO - Tmp dir root location: 
 /var/folders/9_/3lc9lq1570l2_y2nsyxbktvw0000gn/T
[2021-11-26 17:00:08,268] {subprocess.py:74} INFO - Running command: ['bash', '-c', 'echo "example_bash_operator__runme_2__20211126" && sleep 1']
[2021-11-26 17:00:08,275] {subprocess.py:85} INFO - Output:
[2021-11-26 17:00:08,284] {subprocess.py:89} INFO - example_bash_operator__runme_2__20211126
[2021-11-26 17:00:09,300] {subprocess.py:93} INFO - Command exited with return code 0
[2021-11-26 17:00:09,328] {taskinstance.py:1270} INFO - Marking task as SUCCESS. dag_id=example_bash_operator, task_id=runme_2, execution_date=20211126T000000, start_date=20211127T000008, end_date=20211127T000009
[2021-11-26 17:00:09,386] {local_task_job.py:154} INFO - Task exited with return code 0
[2021-11-26 17:00:09,421] {local_task_job.py:264} INFO - 1 downstream tasks scheduled from follow-on schedule check
