[2021-11-26 17:01:15,151] {processor.py:163} INFO - Started process (PID=19322) to work on /Users/danielcollins/opt/anaconda3/lib/python3.8/site-packages/airflow/example_dags/example_nested_branch_dag.py
[2021-11-26 17:01:15,151] {processor.py:625} INFO - Processing file /Users/danielcollins/opt/anaconda3/lib/python3.8/site-packages/airflow/example_dags/example_nested_branch_dag.py for tasks to queue
[2021-11-26 17:01:15,151] {logging_mixin.py:109} INFO - [2021-11-26 17:01:15,151] {dagbag.py:500} INFO - Filling up the DagBag from /Users/danielcollins/opt/anaconda3/lib/python3.8/site-packages/airflow/example_dags/example_nested_branch_dag.py
[2021-11-26 17:01:15,178] {processor.py:637} INFO - DAG(s) dict_keys(['example_nested_branch_dag']) retrieved from /Users/danielcollins/opt/anaconda3/lib/python3.8/site-packages/airflow/example_dags/example_nested_branch_dag.py
[2021-11-26 17:01:15,189] {logging_mixin.py:109} INFO - [2021-11-26 17:01:15,189] {dag.py:2396} INFO - Sync 1 DAGs
[2021-11-26 17:01:15,195] {logging_mixin.py:109} INFO - [2021-11-26 17:01:15,195] {dag.py:2928} INFO - Setting next_dagrun for example_nested_branch_dag to 2021-11-26 00:00:00+00:00
[2021-11-26 17:01:15,206] {processor.py:171} INFO - Processing /Users/danielcollins/opt/anaconda3/lib/python3.8/site-packages/airflow/example_dags/example_nested_branch_dag.py took 0.055 seconds
[2021-11-26 17:02:38,286] {processor.py:163} INFO - Started process (PID=19480) to work on /Users/danielcollins/opt/anaconda3/lib/python3.8/site-packages/airflow/example_dags/example_nested_branch_dag.py
[2021-11-26 17:02:38,287] {processor.py:625} INFO - Processing file /Users/danielcollins/opt/anaconda3/lib/python3.8/site-packages/airflow/example_dags/example_nested_branch_dag.py for tasks to queue
[2021-11-26 17:02:38,288] {logging_mixin.py:109} INFO - [2021-11-26 17:02:38,288] {dagbag.py:500} INFO - Filling up the DagBag from /Users/danielcollins/opt/anaconda3/lib/python3.8/site-packages/airflow/example_dags/example_nested_branch_dag.py
[2021-11-26 17:02:38,318] {processor.py:637} INFO - DAG(s) dict_keys(['example_nested_branch_dag']) retrieved from /Users/danielcollins/opt/anaconda3/lib/python3.8/site-packages/airflow/example_dags/example_nested_branch_dag.py
[2021-11-26 17:02:38,328] {logging_mixin.py:109} INFO - [2021-11-26 17:02:38,328] {dag.py:2396} INFO - Sync 1 DAGs
[2021-11-26 17:02:38,333] {logging_mixin.py:109} INFO - [2021-11-26 17:02:38,333] {dag.py:2928} INFO - Setting next_dagrun for example_nested_branch_dag to 2021-11-26 00:00:00+00:00
[2021-11-26 17:02:38,344] {processor.py:171} INFO - Processing /Users/danielcollins/opt/anaconda3/lib/python3.8/site-packages/airflow/example_dags/example_nested_branch_dag.py took 0.058 seconds
[2021-11-26 17:04:01,607] {processor.py:163} INFO - Started process (PID=19597) to work on /Users/danielcollins/opt/anaconda3/lib/python3.8/site-packages/airflow/example_dags/example_nested_branch_dag.py
[2021-11-26 17:04:01,609] {processor.py:625} INFO - Processing file /Users/danielcollins/opt/anaconda3/lib/python3.8/site-packages/airflow/example_dags/example_nested_branch_dag.py for tasks to queue
[2021-11-26 17:04:01,610] {logging_mixin.py:109} INFO - [2021-11-26 17:04:01,610] {dagbag.py:500} INFO - Filling up the DagBag from /Users/danielcollins/opt/anaconda3/lib/python3.8/site-packages/airflow/example_dags/example_nested_branch_dag.py
[2021-11-26 17:04:01,641] {processor.py:637} INFO - DAG(s) dict_keys(['example_nested_branch_dag']) retrieved from /Users/danielcollins/opt/anaconda3/lib/python3.8/site-packages/airflow/example_dags/example_nested_branch_dag.py
[2021-11-26 17:04:01,651] {logging_mixin.py:109} INFO - [2021-11-26 17:04:01,651] {dag.py:2396} INFO - Sync 1 DAGs
[2021-11-26 17:04:01,656] {logging_mixin.py:109} INFO - [2021-11-26 17:04:01,656] {dag.py:2928} INFO - Setting next_dagrun for example_nested_branch_dag to 2021-11-26 00:00:00+00:00
[2021-11-26 17:04:01,661] {processor.py:171} INFO - Processing /Users/danielcollins/opt/anaconda3/lib/python3.8/site-packages/airflow/example_dags/example_nested_branch_dag.py took 0.054 seconds
[2021-11-26 17:05:26,434] {processor.py:163} INFO - Started process (PID=19702) to work on /Users/danielcollins/opt/anaconda3/lib/python3.8/site-packages/airflow/example_dags/example_nested_branch_dag.py
[2021-11-26 17:05:26,435] {processor.py:625} INFO - Processing file /Users/danielcollins/opt/anaconda3/lib/python3.8/site-packages/airflow/example_dags/example_nested_branch_dag.py for tasks to queue
[2021-11-26 17:05:26,435] {logging_mixin.py:109} INFO - [2021-11-26 17:05:26,435] {dagbag.py:500} INFO - Filling up the DagBag from /Users/danielcollins/opt/anaconda3/lib/python3.8/site-packages/airflow/example_dags/example_nested_branch_dag.py
[2021-11-26 17:05:26,464] {processor.py:637} INFO - DAG(s) dict_keys(['example_nested_branch_dag']) retrieved from /Users/danielcollins/opt/anaconda3/lib/python3.8/site-packages/airflow/example_dags/example_nested_branch_dag.py
[2021-11-26 17:05:26,475] {logging_mixin.py:109} INFO - [2021-11-26 17:05:26,475] {dag.py:2396} INFO - Sync 1 DAGs
[2021-11-26 17:05:26,479] {logging_mixin.py:109} INFO - [2021-11-26 17:05:26,479] {dag.py:2928} INFO - Setting next_dagrun for example_nested_branch_dag to 2021-11-26 00:00:00+00:00
[2021-11-26 17:05:26,488] {processor.py:171} INFO - Processing /Users/danielcollins/opt/anaconda3/lib/python3.8/site-packages/airflow/example_dags/example_nested_branch_dag.py took 0.054 seconds
[2021-11-26 17:06:49,606] {processor.py:163} INFO - Started process (PID=19816) to work on /Users/danielcollins/opt/anaconda3/lib/python3.8/site-packages/airflow/example_dags/example_nested_branch_dag.py
[2021-11-26 17:06:49,607] {processor.py:625} INFO - Processing file /Users/danielcollins/opt/anaconda3/lib/python3.8/site-packages/airflow/example_dags/example_nested_branch_dag.py for tasks to queue
[2021-11-26 17:06:49,607] {logging_mixin.py:109} INFO - [2021-11-26 17:06:49,607] {dagbag.py:500} INFO - Filling up the DagBag from /Users/danielcollins/opt/anaconda3/lib/python3.8/site-packages/airflow/example_dags/example_nested_branch_dag.py
[2021-11-26 17:06:49,639] {processor.py:637} INFO - DAG(s) dict_keys(['example_nested_branch_dag']) retrieved from /Users/danielcollins/opt/anaconda3/lib/python3.8/site-packages/airflow/example_dags/example_nested_branch_dag.py
[2021-11-26 17:06:49,650] {logging_mixin.py:109} INFO - [2021-11-26 17:06:49,649] {dag.py:2396} INFO - Sync 1 DAGs
[2021-11-26 17:06:49,654] {logging_mixin.py:109} INFO - [2021-11-26 17:06:49,654] {dag.py:2928} INFO - Setting next_dagrun for example_nested_branch_dag to 2021-11-26 00:00:00+00:00
[2021-11-26 17:06:49,660] {processor.py:171} INFO - Processing /Users/danielcollins/opt/anaconda3/lib/python3.8/site-packages/airflow/example_dags/example_nested_branch_dag.py took 0.054 seconds
[2021-11-26 17:08:13,020] {processor.py:163} INFO - Started process (PID=19923) to work on /Users/danielcollins/opt/anaconda3/lib/python3.8/site-packages/airflow/example_dags/example_nested_branch_dag.py
[2021-11-26 17:08:13,021] {processor.py:625} INFO - Processing file /Users/danielcollins/opt/anaconda3/lib/python3.8/site-packages/airflow/example_dags/example_nested_branch_dag.py for tasks to queue
[2021-11-26 17:08:13,022] {logging_mixin.py:109} INFO - [2021-11-26 17:08:13,022] {dagbag.py:500} INFO - Filling up the DagBag from /Users/danielcollins/opt/anaconda3/lib/python3.8/site-packages/airflow/example_dags/example_nested_branch_dag.py
[2021-11-26 17:08:13,052] {processor.py:637} INFO - DAG(s) dict_keys(['example_nested_branch_dag']) retrieved from /Users/danielcollins/opt/anaconda3/lib/python3.8/site-packages/airflow/example_dags/example_nested_branch_dag.py
[2021-11-26 17:08:13,062] {logging_mixin.py:109} INFO - [2021-11-26 17:08:13,062] {dag.py:2396} INFO - Sync 1 DAGs
[2021-11-26 17:08:13,068] {logging_mixin.py:109} INFO - [2021-11-26 17:08:13,068] {dag.py:2928} INFO - Setting next_dagrun for example_nested_branch_dag to 2021-11-26 00:00:00+00:00
[2021-11-26 17:08:13,074] {processor.py:171} INFO - Processing /Users/danielcollins/opt/anaconda3/lib/python3.8/site-packages/airflow/example_dags/example_nested_branch_dag.py took 0.054 seconds
[2021-11-26 17:09:37,950] {processor.py:163} INFO - Started process (PID=20038) to work on /Users/danielcollins/opt/anaconda3/lib/python3.8/site-packages/airflow/example_dags/example_nested_branch_dag.py
[2021-11-26 17:09:37,950] {processor.py:625} INFO - Processing file /Users/danielcollins/opt/anaconda3/lib/python3.8/site-packages/airflow/example_dags/example_nested_branch_dag.py for tasks to queue
[2021-11-26 17:09:37,950] {logging_mixin.py:109} INFO - [2021-11-26 17:09:37,950] {dagbag.py:500} INFO - Filling up the DagBag from /Users/danielcollins/opt/anaconda3/lib/python3.8/site-packages/airflow/example_dags/example_nested_branch_dag.py
[2021-11-26 17:09:37,980] {processor.py:637} INFO - DAG(s) dict_keys(['example_nested_branch_dag']) retrieved from /Users/danielcollins/opt/anaconda3/lib/python3.8/site-packages/airflow/example_dags/example_nested_branch_dag.py
[2021-11-26 17:09:37,990] {logging_mixin.py:109} INFO - [2021-11-26 17:09:37,990] {dag.py:2396} INFO - Sync 1 DAGs
[2021-11-26 17:09:37,995] {logging_mixin.py:109} INFO - [2021-11-26 17:09:37,995] {dag.py:2928} INFO - Setting next_dagrun for example_nested_branch_dag to 2021-11-26 00:00:00+00:00
[2021-11-26 17:09:38,000] {processor.py:171} INFO - Processing /Users/danielcollins/opt/anaconda3/lib/python3.8/site-packages/airflow/example_dags/example_nested_branch_dag.py took 0.050 seconds
[2021-11-26 17:11:01,574] {processor.py:163} INFO - Started process (PID=20155) to work on /Users/danielcollins/opt/anaconda3/lib/python3.8/site-packages/airflow/example_dags/example_nested_branch_dag.py
[2021-11-26 17:11:01,575] {processor.py:625} INFO - Processing file /Users/danielcollins/opt/anaconda3/lib/python3.8/site-packages/airflow/example_dags/example_nested_branch_dag.py for tasks to queue
[2021-11-26 17:11:01,575] {logging_mixin.py:109} INFO - [2021-11-26 17:11:01,575] {dagbag.py:500} INFO - Filling up the DagBag from /Users/danielcollins/opt/anaconda3/lib/python3.8/site-packages/airflow/example_dags/example_nested_branch_dag.py
[2021-11-26 17:11:01,604] {processor.py:637} INFO - DAG(s) dict_keys(['example_nested_branch_dag']) retrieved from /Users/danielcollins/opt/anaconda3/lib/python3.8/site-packages/airflow/example_dags/example_nested_branch_dag.py
[2021-11-26 17:11:01,615] {logging_mixin.py:109} INFO - [2021-11-26 17:11:01,615] {dag.py:2396} INFO - Sync 1 DAGs
[2021-11-26 17:11:01,619] {logging_mixin.py:109} INFO - [2021-11-26 17:11:01,619] {dag.py:2928} INFO - Setting next_dagrun for example_nested_branch_dag to 2021-11-26 00:00:00+00:00
[2021-11-26 17:11:01,625] {processor.py:171} INFO - Processing /Users/danielcollins/opt/anaconda3/lib/python3.8/site-packages/airflow/example_dags/example_nested_branch_dag.py took 0.051 seconds
[2021-11-26 17:12:26,352] {processor.py:163} INFO - Started process (PID=20257) to work on /Users/danielcollins/opt/anaconda3/lib/python3.8/site-packages/airflow/example_dags/example_nested_branch_dag.py
[2021-11-26 17:12:26,353] {processor.py:625} INFO - Processing file /Users/danielcollins/opt/anaconda3/lib/python3.8/site-packages/airflow/example_dags/example_nested_branch_dag.py for tasks to queue
[2021-11-26 17:12:26,353] {logging_mixin.py:109} INFO - [2021-11-26 17:12:26,353] {dagbag.py:500} INFO - Filling up the DagBag from /Users/danielcollins/opt/anaconda3/lib/python3.8/site-packages/airflow/example_dags/example_nested_branch_dag.py
[2021-11-26 17:12:26,384] {processor.py:637} INFO - DAG(s) dict_keys(['example_nested_branch_dag']) retrieved from /Users/danielcollins/opt/anaconda3/lib/python3.8/site-packages/airflow/example_dags/example_nested_branch_dag.py
[2021-11-26 17:12:26,394] {logging_mixin.py:109} INFO - [2021-11-26 17:12:26,394] {dag.py:2396} INFO - Sync 1 DAGs
[2021-11-26 17:12:26,399] {logging_mixin.py:109} INFO - [2021-11-26 17:12:26,399] {dag.py:2928} INFO - Setting next_dagrun for example_nested_branch_dag to 2021-11-26 00:00:00+00:00
[2021-11-26 17:12:26,404] {processor.py:171} INFO - Processing /Users/danielcollins/opt/anaconda3/lib/python3.8/site-packages/airflow/example_dags/example_nested_branch_dag.py took 0.052 seconds
[2021-11-26 17:13:49,908] {processor.py:163} INFO - Started process (PID=20376) to work on /Users/danielcollins/opt/anaconda3/lib/python3.8/site-packages/airflow/example_dags/example_nested_branch_dag.py
[2021-11-26 17:13:49,908] {processor.py:625} INFO - Processing file /Users/danielcollins/opt/anaconda3/lib/python3.8/site-packages/airflow/example_dags/example_nested_branch_dag.py for tasks to queue
[2021-11-26 17:13:49,908] {logging_mixin.py:109} INFO - [2021-11-26 17:13:49,908] {dagbag.py:500} INFO - Filling up the DagBag from /Users/danielcollins/opt/anaconda3/lib/python3.8/site-packages/airflow/example_dags/example_nested_branch_dag.py
[2021-11-26 17:13:49,938] {processor.py:637} INFO - DAG(s) dict_keys(['example_nested_branch_dag']) retrieved from /Users/danielcollins/opt/anaconda3/lib/python3.8/site-packages/airflow/example_dags/example_nested_branch_dag.py
[2021-11-26 17:13:49,949] {logging_mixin.py:109} INFO - [2021-11-26 17:13:49,949] {dag.py:2396} INFO - Sync 1 DAGs
[2021-11-26 17:13:49,953] {logging_mixin.py:109} INFO - [2021-11-26 17:13:49,953] {dag.py:2928} INFO - Setting next_dagrun for example_nested_branch_dag to 2021-11-26 00:00:00+00:00
[2021-11-26 17:13:49,959] {processor.py:171} INFO - Processing /Users/danielcollins/opt/anaconda3/lib/python3.8/site-packages/airflow/example_dags/example_nested_branch_dag.py took 0.052 seconds
[2021-11-26 17:15:13,281] {processor.py:163} INFO - Started process (PID=20487) to work on /Users/danielcollins/opt/anaconda3/lib/python3.8/site-packages/airflow/example_dags/example_nested_branch_dag.py
[2021-11-26 17:15:13,282] {processor.py:625} INFO - Processing file /Users/danielcollins/opt/anaconda3/lib/python3.8/site-packages/airflow/example_dags/example_nested_branch_dag.py for tasks to queue
[2021-11-26 17:15:13,282] {logging_mixin.py:109} INFO - [2021-11-26 17:15:13,282] {dagbag.py:500} INFO - Filling up the DagBag from /Users/danielcollins/opt/anaconda3/lib/python3.8/site-packages/airflow/example_dags/example_nested_branch_dag.py
[2021-11-26 17:15:13,313] {processor.py:637} INFO - DAG(s) dict_keys(['example_nested_branch_dag']) retrieved from /Users/danielcollins/opt/anaconda3/lib/python3.8/site-packages/airflow/example_dags/example_nested_branch_dag.py
[2021-11-26 17:15:13,324] {logging_mixin.py:109} INFO - [2021-11-26 17:15:13,324] {dag.py:2396} INFO - Sync 1 DAGs
[2021-11-26 17:15:13,328] {logging_mixin.py:109} INFO - [2021-11-26 17:15:13,328] {dag.py:2928} INFO - Setting next_dagrun for example_nested_branch_dag to 2021-11-26 00:00:00+00:00
[2021-11-26 17:15:13,334] {processor.py:171} INFO - Processing /Users/danielcollins/opt/anaconda3/lib/python3.8/site-packages/airflow/example_dags/example_nested_branch_dag.py took 0.053 seconds
[2021-11-26 17:16:36,115] {processor.py:163} INFO - Started process (PID=20604) to work on /Users/danielcollins/opt/anaconda3/lib/python3.8/site-packages/airflow/example_dags/example_nested_branch_dag.py
[2021-11-26 17:16:36,115] {processor.py:625} INFO - Processing file /Users/danielcollins/opt/anaconda3/lib/python3.8/site-packages/airflow/example_dags/example_nested_branch_dag.py for tasks to queue
[2021-11-26 17:16:36,115] {logging_mixin.py:109} INFO - [2021-11-26 17:16:36,115] {dagbag.py:500} INFO - Filling up the DagBag from /Users/danielcollins/opt/anaconda3/lib/python3.8/site-packages/airflow/example_dags/example_nested_branch_dag.py
[2021-11-26 17:16:36,147] {processor.py:637} INFO - DAG(s) dict_keys(['example_nested_branch_dag']) retrieved from /Users/danielcollins/opt/anaconda3/lib/python3.8/site-packages/airflow/example_dags/example_nested_branch_dag.py
[2021-11-26 17:16:36,158] {logging_mixin.py:109} INFO - [2021-11-26 17:16:36,158] {dag.py:2396} INFO - Sync 1 DAGs
[2021-11-26 17:16:36,163] {logging_mixin.py:109} INFO - [2021-11-26 17:16:36,163] {dag.py:2928} INFO - Setting next_dagrun for example_nested_branch_dag to 2021-11-26 00:00:00+00:00
[2021-11-26 17:16:36,169] {processor.py:171} INFO - Processing /Users/danielcollins/opt/anaconda3/lib/python3.8/site-packages/airflow/example_dags/example_nested_branch_dag.py took 0.054 seconds
[2021-11-26 17:17:58,273] {processor.py:163} INFO - Started process (PID=20806) to work on /Users/danielcollins/opt/anaconda3/lib/python3.8/site-packages/airflow/example_dags/example_nested_branch_dag.py
[2021-11-26 17:17:58,274] {processor.py:625} INFO - Processing file /Users/danielcollins/opt/anaconda3/lib/python3.8/site-packages/airflow/example_dags/example_nested_branch_dag.py for tasks to queue
[2021-11-26 17:17:58,274] {logging_mixin.py:109} INFO - [2021-11-26 17:17:58,274] {dagbag.py:500} INFO - Filling up the DagBag from /Users/danielcollins/opt/anaconda3/lib/python3.8/site-packages/airflow/example_dags/example_nested_branch_dag.py
[2021-11-26 17:17:58,304] {processor.py:637} INFO - DAG(s) dict_keys(['example_nested_branch_dag']) retrieved from /Users/danielcollins/opt/anaconda3/lib/python3.8/site-packages/airflow/example_dags/example_nested_branch_dag.py
[2021-11-26 17:17:58,314] {logging_mixin.py:109} INFO - [2021-11-26 17:17:58,314] {dag.py:2396} INFO - Sync 1 DAGs
[2021-11-26 17:17:58,318] {logging_mixin.py:109} INFO - [2021-11-26 17:17:58,318] {dag.py:2928} INFO - Setting next_dagrun for example_nested_branch_dag to 2021-11-26 00:00:00+00:00
[2021-11-26 17:17:58,323] {processor.py:171} INFO - Processing /Users/danielcollins/opt/anaconda3/lib/python3.8/site-packages/airflow/example_dags/example_nested_branch_dag.py took 0.051 seconds
[2021-11-26 17:19:27,736] {processor.py:163} INFO - Started process (PID=20978) to work on /Users/danielcollins/opt/anaconda3/lib/python3.8/site-packages/airflow/example_dags/example_nested_branch_dag.py
[2021-11-26 17:19:27,737] {processor.py:625} INFO - Processing file /Users/danielcollins/opt/anaconda3/lib/python3.8/site-packages/airflow/example_dags/example_nested_branch_dag.py for tasks to queue
[2021-11-26 17:19:27,738] {logging_mixin.py:109} INFO - [2021-11-26 17:19:27,738] {dagbag.py:500} INFO - Filling up the DagBag from /Users/danielcollins/opt/anaconda3/lib/python3.8/site-packages/airflow/example_dags/example_nested_branch_dag.py
[2021-11-26 17:19:27,767] {processor.py:637} INFO - DAG(s) dict_keys(['example_nested_branch_dag']) retrieved from /Users/danielcollins/opt/anaconda3/lib/python3.8/site-packages/airflow/example_dags/example_nested_branch_dag.py
[2021-11-26 17:19:27,778] {logging_mixin.py:109} INFO - [2021-11-26 17:19:27,778] {dag.py:2396} INFO - Sync 1 DAGs
[2021-11-26 17:19:27,783] {logging_mixin.py:109} INFO - [2021-11-26 17:19:27,783] {dag.py:2928} INFO - Setting next_dagrun for example_nested_branch_dag to 2021-11-26 00:00:00+00:00
[2021-11-26 17:19:27,789] {processor.py:171} INFO - Processing /Users/danielcollins/opt/anaconda3/lib/python3.8/site-packages/airflow/example_dags/example_nested_branch_dag.py took 0.053 seconds
[2021-11-26 17:20:51,349] {processor.py:163} INFO - Started process (PID=21092) to work on /Users/danielcollins/opt/anaconda3/lib/python3.8/site-packages/airflow/example_dags/example_nested_branch_dag.py
[2021-11-26 17:20:51,349] {processor.py:625} INFO - Processing file /Users/danielcollins/opt/anaconda3/lib/python3.8/site-packages/airflow/example_dags/example_nested_branch_dag.py for tasks to queue
[2021-11-26 17:20:51,350] {logging_mixin.py:109} INFO - [2021-11-26 17:20:51,350] {dagbag.py:500} INFO - Filling up the DagBag from /Users/danielcollins/opt/anaconda3/lib/python3.8/site-packages/airflow/example_dags/example_nested_branch_dag.py
[2021-11-26 17:20:51,381] {processor.py:637} INFO - DAG(s) dict_keys(['example_nested_branch_dag']) retrieved from /Users/danielcollins/opt/anaconda3/lib/python3.8/site-packages/airflow/example_dags/example_nested_branch_dag.py
[2021-11-26 17:20:51,397] {logging_mixin.py:109} INFO - [2021-11-26 17:20:51,397] {dag.py:2396} INFO - Sync 1 DAGs
[2021-11-26 17:20:51,402] {logging_mixin.py:109} INFO - [2021-11-26 17:20:51,402] {dag.py:2928} INFO - Setting next_dagrun for example_nested_branch_dag to 2021-11-26 00:00:00+00:00
[2021-11-26 17:20:51,412] {processor.py:171} INFO - Processing /Users/danielcollins/opt/anaconda3/lib/python3.8/site-packages/airflow/example_dags/example_nested_branch_dag.py took 0.064 seconds
[2021-11-26 17:22:15,494] {processor.py:163} INFO - Started process (PID=21243) to work on /Users/danielcollins/opt/anaconda3/lib/python3.8/site-packages/airflow/example_dags/example_nested_branch_dag.py
[2021-11-26 17:22:15,494] {processor.py:625} INFO - Processing file /Users/danielcollins/opt/anaconda3/lib/python3.8/site-packages/airflow/example_dags/example_nested_branch_dag.py for tasks to queue
[2021-11-26 17:22:15,494] {logging_mixin.py:109} INFO - [2021-11-26 17:22:15,494] {dagbag.py:500} INFO - Filling up the DagBag from /Users/danielcollins/opt/anaconda3/lib/python3.8/site-packages/airflow/example_dags/example_nested_branch_dag.py
[2021-11-26 17:22:15,523] {processor.py:637} INFO - DAG(s) dict_keys(['example_nested_branch_dag']) retrieved from /Users/danielcollins/opt/anaconda3/lib/python3.8/site-packages/airflow/example_dags/example_nested_branch_dag.py
[2021-11-26 17:22:15,534] {logging_mixin.py:109} INFO - [2021-11-26 17:22:15,534] {dag.py:2396} INFO - Sync 1 DAGs
[2021-11-26 17:22:15,539] {logging_mixin.py:109} INFO - [2021-11-26 17:22:15,539] {dag.py:2928} INFO - Setting next_dagrun for example_nested_branch_dag to 2021-11-26 00:00:00+00:00
[2021-11-26 17:22:15,547] {processor.py:171} INFO - Processing /Users/danielcollins/opt/anaconda3/lib/python3.8/site-packages/airflow/example_dags/example_nested_branch_dag.py took 0.054 seconds
[2021-11-26 17:23:36,953] {processor.py:163} INFO - Started process (PID=21345) to work on /Users/danielcollins/opt/anaconda3/lib/python3.8/site-packages/airflow/example_dags/example_nested_branch_dag.py
[2021-11-26 17:23:36,953] {processor.py:625} INFO - Processing file /Users/danielcollins/opt/anaconda3/lib/python3.8/site-packages/airflow/example_dags/example_nested_branch_dag.py for tasks to queue
[2021-11-26 17:23:36,954] {logging_mixin.py:109} INFO - [2021-11-26 17:23:36,954] {dagbag.py:500} INFO - Filling up the DagBag from /Users/danielcollins/opt/anaconda3/lib/python3.8/site-packages/airflow/example_dags/example_nested_branch_dag.py
[2021-11-26 17:23:36,988] {processor.py:637} INFO - DAG(s) dict_keys(['example_nested_branch_dag']) retrieved from /Users/danielcollins/opt/anaconda3/lib/python3.8/site-packages/airflow/example_dags/example_nested_branch_dag.py
[2021-11-26 17:23:37,001] {logging_mixin.py:109} INFO - [2021-11-26 17:23:37,001] {dag.py:2396} INFO - Sync 1 DAGs
[2021-11-26 17:23:37,006] {logging_mixin.py:109} INFO - [2021-11-26 17:23:37,006] {dag.py:2928} INFO - Setting next_dagrun for example_nested_branch_dag to 2021-11-26 00:00:00+00:00
[2021-11-26 17:23:37,015] {processor.py:171} INFO - Processing /Users/danielcollins/opt/anaconda3/lib/python3.8/site-packages/airflow/example_dags/example_nested_branch_dag.py took 0.062 seconds
[2021-11-26 17:25:01,287] {processor.py:163} INFO - Started process (PID=21466) to work on /Users/danielcollins/opt/anaconda3/lib/python3.8/site-packages/airflow/example_dags/example_nested_branch_dag.py
[2021-11-26 17:25:01,287] {processor.py:625} INFO - Processing file /Users/danielcollins/opt/anaconda3/lib/python3.8/site-packages/airflow/example_dags/example_nested_branch_dag.py for tasks to queue
[2021-11-26 17:25:01,287] {logging_mixin.py:109} INFO - [2021-11-26 17:25:01,287] {dagbag.py:500} INFO - Filling up the DagBag from /Users/danielcollins/opt/anaconda3/lib/python3.8/site-packages/airflow/example_dags/example_nested_branch_dag.py
[2021-11-26 17:25:01,317] {processor.py:637} INFO - DAG(s) dict_keys(['example_nested_branch_dag']) retrieved from /Users/danielcollins/opt/anaconda3/lib/python3.8/site-packages/airflow/example_dags/example_nested_branch_dag.py
[2021-11-26 17:25:01,328] {logging_mixin.py:109} INFO - [2021-11-26 17:25:01,327] {dag.py:2396} INFO - Sync 1 DAGs
[2021-11-26 17:25:01,332] {logging_mixin.py:109} INFO - [2021-11-26 17:25:01,332] {dag.py:2928} INFO - Setting next_dagrun for example_nested_branch_dag to 2021-11-26 00:00:00+00:00
[2021-11-26 17:25:01,341] {processor.py:171} INFO - Processing /Users/danielcollins/opt/anaconda3/lib/python3.8/site-packages/airflow/example_dags/example_nested_branch_dag.py took 0.054 seconds
[2021-11-26 17:26:30,530] {processor.py:163} INFO - Started process (PID=22158) to work on /Users/danielcollins/opt/anaconda3/lib/python3.8/site-packages/airflow/example_dags/example_nested_branch_dag.py
[2021-11-26 17:26:30,531] {processor.py:625} INFO - Processing file /Users/danielcollins/opt/anaconda3/lib/python3.8/site-packages/airflow/example_dags/example_nested_branch_dag.py for tasks to queue
[2021-11-26 17:26:30,531] {logging_mixin.py:109} INFO - [2021-11-26 17:26:30,531] {dagbag.py:500} INFO - Filling up the DagBag from /Users/danielcollins/opt/anaconda3/lib/python3.8/site-packages/airflow/example_dags/example_nested_branch_dag.py
[2021-11-26 17:26:30,563] {processor.py:637} INFO - DAG(s) dict_keys(['example_nested_branch_dag']) retrieved from /Users/danielcollins/opt/anaconda3/lib/python3.8/site-packages/airflow/example_dags/example_nested_branch_dag.py
[2021-11-26 17:26:30,579] {logging_mixin.py:109} INFO - [2021-11-26 17:26:30,579] {dag.py:2396} INFO - Sync 1 DAGs
[2021-11-26 17:26:30,584] {logging_mixin.py:109} INFO - [2021-11-26 17:26:30,584] {dag.py:2928} INFO - Setting next_dagrun for example_nested_branch_dag to 2021-11-26 00:00:00+00:00
[2021-11-26 17:26:30,604] {processor.py:171} INFO - Processing /Users/danielcollins/opt/anaconda3/lib/python3.8/site-packages/airflow/example_dags/example_nested_branch_dag.py took 0.074 seconds
[2021-11-26 17:28:06,586] {processor.py:163} INFO - Started process (PID=22336) to work on /Users/danielcollins/opt/anaconda3/lib/python3.8/site-packages/airflow/example_dags/example_nested_branch_dag.py
[2021-11-26 17:28:06,586] {processor.py:625} INFO - Processing file /Users/danielcollins/opt/anaconda3/lib/python3.8/site-packages/airflow/example_dags/example_nested_branch_dag.py for tasks to queue
[2021-11-26 17:28:06,587] {logging_mixin.py:109} INFO - [2021-11-26 17:28:06,587] {dagbag.py:500} INFO - Filling up the DagBag from /Users/danielcollins/opt/anaconda3/lib/python3.8/site-packages/airflow/example_dags/example_nested_branch_dag.py
[2021-11-26 17:28:06,617] {processor.py:637} INFO - DAG(s) dict_keys(['example_nested_branch_dag']) retrieved from /Users/danielcollins/opt/anaconda3/lib/python3.8/site-packages/airflow/example_dags/example_nested_branch_dag.py
[2021-11-26 17:28:06,628] {logging_mixin.py:109} INFO - [2021-11-26 17:28:06,628] {dag.py:2396} INFO - Sync 1 DAGs
[2021-11-26 17:28:06,632] {logging_mixin.py:109} INFO - [2021-11-26 17:28:06,632] {dag.py:2928} INFO - Setting next_dagrun for example_nested_branch_dag to 2021-11-26 00:00:00+00:00
[2021-11-26 17:28:06,640] {processor.py:171} INFO - Processing /Users/danielcollins/opt/anaconda3/lib/python3.8/site-packages/airflow/example_dags/example_nested_branch_dag.py took 0.055 seconds
[2021-11-26 17:29:28,520] {processor.py:163} INFO - Started process (PID=22454) to work on /Users/danielcollins/opt/anaconda3/lib/python3.8/site-packages/airflow/example_dags/example_nested_branch_dag.py
[2021-11-26 17:29:28,521] {processor.py:625} INFO - Processing file /Users/danielcollins/opt/anaconda3/lib/python3.8/site-packages/airflow/example_dags/example_nested_branch_dag.py for tasks to queue
[2021-11-26 17:29:28,521] {logging_mixin.py:109} INFO - [2021-11-26 17:29:28,521] {dagbag.py:500} INFO - Filling up the DagBag from /Users/danielcollins/opt/anaconda3/lib/python3.8/site-packages/airflow/example_dags/example_nested_branch_dag.py
[2021-11-26 17:29:28,553] {processor.py:637} INFO - DAG(s) dict_keys(['example_nested_branch_dag']) retrieved from /Users/danielcollins/opt/anaconda3/lib/python3.8/site-packages/airflow/example_dags/example_nested_branch_dag.py
[2021-11-26 17:29:28,565] {logging_mixin.py:109} INFO - [2021-11-26 17:29:28,564] {dag.py:2396} INFO - Sync 1 DAGs
[2021-11-26 17:29:28,570] {logging_mixin.py:109} INFO - [2021-11-26 17:29:28,570] {dag.py:2928} INFO - Setting next_dagrun for example_nested_branch_dag to 2021-11-26 00:00:00+00:00
[2021-11-26 17:29:28,575] {processor.py:171} INFO - Processing /Users/danielcollins/opt/anaconda3/lib/python3.8/site-packages/airflow/example_dags/example_nested_branch_dag.py took 0.055 seconds
[2021-11-26 17:30:51,012] {processor.py:163} INFO - Started process (PID=22583) to work on /Users/danielcollins/opt/anaconda3/lib/python3.8/site-packages/airflow/example_dags/example_nested_branch_dag.py
[2021-11-26 17:30:51,012] {processor.py:625} INFO - Processing file /Users/danielcollins/opt/anaconda3/lib/python3.8/site-packages/airflow/example_dags/example_nested_branch_dag.py for tasks to queue
[2021-11-26 17:30:51,012] {logging_mixin.py:109} INFO - [2021-11-26 17:30:51,012] {dagbag.py:500} INFO - Filling up the DagBag from /Users/danielcollins/opt/anaconda3/lib/python3.8/site-packages/airflow/example_dags/example_nested_branch_dag.py
[2021-11-26 17:30:51,044] {processor.py:637} INFO - DAG(s) dict_keys(['example_nested_branch_dag']) retrieved from /Users/danielcollins/opt/anaconda3/lib/python3.8/site-packages/airflow/example_dags/example_nested_branch_dag.py
[2021-11-26 17:30:51,056] {logging_mixin.py:109} INFO - [2021-11-26 17:30:51,056] {dag.py:2396} INFO - Sync 1 DAGs
[2021-11-26 17:30:51,061] {logging_mixin.py:109} INFO - [2021-11-26 17:30:51,061] {dag.py:2928} INFO - Setting next_dagrun for example_nested_branch_dag to 2021-11-26 00:00:00+00:00
[2021-11-26 17:30:51,069] {processor.py:171} INFO - Processing /Users/danielcollins/opt/anaconda3/lib/python3.8/site-packages/airflow/example_dags/example_nested_branch_dag.py took 0.058 seconds
[2021-11-26 17:32:20,412] {processor.py:163} INFO - Started process (PID=22798) to work on /Users/danielcollins/opt/anaconda3/lib/python3.8/site-packages/airflow/example_dags/example_nested_branch_dag.py
[2021-11-26 17:32:20,413] {processor.py:625} INFO - Processing file /Users/danielcollins/opt/anaconda3/lib/python3.8/site-packages/airflow/example_dags/example_nested_branch_dag.py for tasks to queue
[2021-11-26 17:32:20,413] {logging_mixin.py:109} INFO - [2021-11-26 17:32:20,413] {dagbag.py:500} INFO - Filling up the DagBag from /Users/danielcollins/opt/anaconda3/lib/python3.8/site-packages/airflow/example_dags/example_nested_branch_dag.py
[2021-11-26 17:32:20,443] {processor.py:637} INFO - DAG(s) dict_keys(['example_nested_branch_dag']) retrieved from /Users/danielcollins/opt/anaconda3/lib/python3.8/site-packages/airflow/example_dags/example_nested_branch_dag.py
[2021-11-26 17:32:20,453] {logging_mixin.py:109} INFO - [2021-11-26 17:32:20,453] {dag.py:2396} INFO - Sync 1 DAGs
[2021-11-26 17:32:20,459] {logging_mixin.py:109} INFO - [2021-11-26 17:32:20,459] {dag.py:2928} INFO - Setting next_dagrun for example_nested_branch_dag to 2021-11-26 00:00:00+00:00
[2021-11-26 17:32:20,466] {processor.py:171} INFO - Processing /Users/danielcollins/opt/anaconda3/lib/python3.8/site-packages/airflow/example_dags/example_nested_branch_dag.py took 0.054 seconds
[2021-11-26 17:50:26,591] {processor.py:163} INFO - Started process (PID=23015) to work on /Users/danielcollins/opt/anaconda3/lib/python3.8/site-packages/airflow/example_dags/example_nested_branch_dag.py
[2021-11-26 17:50:26,591] {processor.py:625} INFO - Processing file /Users/danielcollins/opt/anaconda3/lib/python3.8/site-packages/airflow/example_dags/example_nested_branch_dag.py for tasks to queue
[2021-11-26 17:50:26,592] {logging_mixin.py:109} INFO - [2021-11-26 17:50:26,592] {dagbag.py:500} INFO - Filling up the DagBag from /Users/danielcollins/opt/anaconda3/lib/python3.8/site-packages/airflow/example_dags/example_nested_branch_dag.py
[2021-11-26 17:50:26,620] {processor.py:637} INFO - DAG(s) dict_keys(['example_nested_branch_dag']) retrieved from /Users/danielcollins/opt/anaconda3/lib/python3.8/site-packages/airflow/example_dags/example_nested_branch_dag.py
[2021-11-26 17:50:26,630] {logging_mixin.py:109} INFO - [2021-11-26 17:50:26,630] {dag.py:2396} INFO - Sync 1 DAGs
[2021-11-26 17:50:26,635] {logging_mixin.py:109} INFO - [2021-11-26 17:50:26,635] {dag.py:2928} INFO - Setting next_dagrun for example_nested_branch_dag to 2021-11-26 00:00:00+00:00
[2021-11-26 17:50:26,644] {processor.py:171} INFO - Processing /Users/danielcollins/opt/anaconda3/lib/python3.8/site-packages/airflow/example_dags/example_nested_branch_dag.py took 0.053 seconds
[2021-11-26 17:52:09,577] {processor.py:163} INFO - Started process (PID=23241) to work on /Users/danielcollins/opt/anaconda3/lib/python3.8/site-packages/airflow/example_dags/example_nested_branch_dag.py
[2021-11-26 17:52:09,577] {processor.py:625} INFO - Processing file /Users/danielcollins/opt/anaconda3/lib/python3.8/site-packages/airflow/example_dags/example_nested_branch_dag.py for tasks to queue
[2021-11-26 17:52:09,577] {logging_mixin.py:109} INFO - [2021-11-26 17:52:09,577] {dagbag.py:500} INFO - Filling up the DagBag from /Users/danielcollins/opt/anaconda3/lib/python3.8/site-packages/airflow/example_dags/example_nested_branch_dag.py
[2021-11-26 17:52:09,608] {processor.py:637} INFO - DAG(s) dict_keys(['example_nested_branch_dag']) retrieved from /Users/danielcollins/opt/anaconda3/lib/python3.8/site-packages/airflow/example_dags/example_nested_branch_dag.py
[2021-11-26 17:52:09,619] {logging_mixin.py:109} INFO - [2021-11-26 17:52:09,619] {dag.py:2396} INFO - Sync 1 DAGs
[2021-11-26 17:52:09,624] {logging_mixin.py:109} INFO - [2021-11-26 17:52:09,624] {dag.py:2928} INFO - Setting next_dagrun for example_nested_branch_dag to 2021-11-26 00:00:00+00:00
[2021-11-26 17:52:09,651] {processor.py:171} INFO - Processing /Users/danielcollins/opt/anaconda3/lib/python3.8/site-packages/airflow/example_dags/example_nested_branch_dag.py took 0.075 seconds
[2021-11-26 17:54:02,108] {processor.py:163} INFO - Started process (PID=23385) to work on /Users/danielcollins/opt/anaconda3/lib/python3.8/site-packages/airflow/example_dags/example_nested_branch_dag.py
[2021-11-26 17:54:02,108] {processor.py:625} INFO - Processing file /Users/danielcollins/opt/anaconda3/lib/python3.8/site-packages/airflow/example_dags/example_nested_branch_dag.py for tasks to queue
[2021-11-26 17:54:02,109] {logging_mixin.py:109} INFO - [2021-11-26 17:54:02,109] {dagbag.py:500} INFO - Filling up the DagBag from /Users/danielcollins/opt/anaconda3/lib/python3.8/site-packages/airflow/example_dags/example_nested_branch_dag.py
[2021-11-26 17:54:02,158] {processor.py:637} INFO - DAG(s) dict_keys(['example_nested_branch_dag']) retrieved from /Users/danielcollins/opt/anaconda3/lib/python3.8/site-packages/airflow/example_dags/example_nested_branch_dag.py
[2021-11-26 17:54:02,170] {logging_mixin.py:109} INFO - [2021-11-26 17:54:02,170] {dag.py:2396} INFO - Sync 1 DAGs
[2021-11-26 17:54:02,175] {logging_mixin.py:109} INFO - [2021-11-26 17:54:02,175] {dag.py:2928} INFO - Setting next_dagrun for example_nested_branch_dag to 2021-11-26 00:00:00+00:00
[2021-11-26 17:54:02,186] {processor.py:171} INFO - Processing /Users/danielcollins/opt/anaconda3/lib/python3.8/site-packages/airflow/example_dags/example_nested_branch_dag.py took 0.078 seconds
[2021-11-26 17:56:02,381] {processor.py:163} INFO - Started process (PID=23543) to work on /Users/danielcollins/opt/anaconda3/lib/python3.8/site-packages/airflow/example_dags/example_nested_branch_dag.py
[2021-11-26 17:56:02,381] {processor.py:625} INFO - Processing file /Users/danielcollins/opt/anaconda3/lib/python3.8/site-packages/airflow/example_dags/example_nested_branch_dag.py for tasks to queue
[2021-11-26 17:56:02,381] {logging_mixin.py:109} INFO - [2021-11-26 17:56:02,381] {dagbag.py:500} INFO - Filling up the DagBag from /Users/danielcollins/opt/anaconda3/lib/python3.8/site-packages/airflow/example_dags/example_nested_branch_dag.py
[2021-11-26 17:56:02,410] {processor.py:637} INFO - DAG(s) dict_keys(['example_nested_branch_dag']) retrieved from /Users/danielcollins/opt/anaconda3/lib/python3.8/site-packages/airflow/example_dags/example_nested_branch_dag.py
[2021-11-26 17:56:02,421] {logging_mixin.py:109} INFO - [2021-11-26 17:56:02,421] {dag.py:2396} INFO - Sync 1 DAGs
[2021-11-26 17:56:02,425] {logging_mixin.py:109} INFO - [2021-11-26 17:56:02,425] {dag.py:2928} INFO - Setting next_dagrun for example_nested_branch_dag to 2021-11-26 00:00:00+00:00
[2021-11-26 17:56:02,433] {processor.py:171} INFO - Processing /Users/danielcollins/opt/anaconda3/lib/python3.8/site-packages/airflow/example_dags/example_nested_branch_dag.py took 0.052 seconds
[2021-11-26 17:57:57,985] {processor.py:163} INFO - Started process (PID=23769) to work on /Users/danielcollins/opt/anaconda3/lib/python3.8/site-packages/airflow/example_dags/example_nested_branch_dag.py
[2021-11-26 17:57:57,986] {processor.py:625} INFO - Processing file /Users/danielcollins/opt/anaconda3/lib/python3.8/site-packages/airflow/example_dags/example_nested_branch_dag.py for tasks to queue
[2021-11-26 17:57:57,986] {logging_mixin.py:109} INFO - [2021-11-26 17:57:57,986] {dagbag.py:500} INFO - Filling up the DagBag from /Users/danielcollins/opt/anaconda3/lib/python3.8/site-packages/airflow/example_dags/example_nested_branch_dag.py
[2021-11-26 17:57:58,015] {processor.py:637} INFO - DAG(s) dict_keys(['example_nested_branch_dag']) retrieved from /Users/danielcollins/opt/anaconda3/lib/python3.8/site-packages/airflow/example_dags/example_nested_branch_dag.py
[2021-11-26 17:57:58,026] {logging_mixin.py:109} INFO - [2021-11-26 17:57:58,026] {dag.py:2396} INFO - Sync 1 DAGs
[2021-11-26 17:57:58,031] {logging_mixin.py:109} INFO - [2021-11-26 17:57:58,031] {dag.py:2928} INFO - Setting next_dagrun for example_nested_branch_dag to 2021-11-26 00:00:00+00:00
[2021-11-26 17:57:58,039] {processor.py:171} INFO - Processing /Users/danielcollins/opt/anaconda3/lib/python3.8/site-packages/airflow/example_dags/example_nested_branch_dag.py took 0.054 seconds
[2021-11-26 17:59:52,989] {processor.py:163} INFO - Started process (PID=23925) to work on /Users/danielcollins/opt/anaconda3/lib/python3.8/site-packages/airflow/example_dags/example_nested_branch_dag.py
[2021-11-26 17:59:52,989] {processor.py:625} INFO - Processing file /Users/danielcollins/opt/anaconda3/lib/python3.8/site-packages/airflow/example_dags/example_nested_branch_dag.py for tasks to queue
[2021-11-26 17:59:52,990] {logging_mixin.py:109} INFO - [2021-11-26 17:59:52,990] {dagbag.py:500} INFO - Filling up the DagBag from /Users/danielcollins/opt/anaconda3/lib/python3.8/site-packages/airflow/example_dags/example_nested_branch_dag.py
[2021-11-26 17:59:53,020] {processor.py:637} INFO - DAG(s) dict_keys(['example_nested_branch_dag']) retrieved from /Users/danielcollins/opt/anaconda3/lib/python3.8/site-packages/airflow/example_dags/example_nested_branch_dag.py
[2021-11-26 17:59:53,032] {logging_mixin.py:109} INFO - [2021-11-26 17:59:53,031] {dag.py:2396} INFO - Sync 1 DAGs
[2021-11-26 17:59:53,036] {logging_mixin.py:109} INFO - [2021-11-26 17:59:53,036] {dag.py:2928} INFO - Setting next_dagrun for example_nested_branch_dag to 2021-11-26 00:00:00+00:00
[2021-11-26 17:59:53,045] {processor.py:171} INFO - Processing /Users/danielcollins/opt/anaconda3/lib/python3.8/site-packages/airflow/example_dags/example_nested_branch_dag.py took 0.056 seconds
[2021-11-26 18:01:53,173] {processor.py:163} INFO - Started process (PID=24067) to work on /Users/danielcollins/opt/anaconda3/lib/python3.8/site-packages/airflow/example_dags/example_nested_branch_dag.py
[2021-11-26 18:01:53,185] {processor.py:625} INFO - Processing file /Users/danielcollins/opt/anaconda3/lib/python3.8/site-packages/airflow/example_dags/example_nested_branch_dag.py for tasks to queue
[2021-11-26 18:01:53,191] {logging_mixin.py:109} INFO - [2021-11-26 18:01:53,191] {dagbag.py:500} INFO - Filling up the DagBag from /Users/danielcollins/opt/anaconda3/lib/python3.8/site-packages/airflow/example_dags/example_nested_branch_dag.py
[2021-11-26 18:01:53,281] {processor.py:637} INFO - DAG(s) dict_keys(['example_nested_branch_dag']) retrieved from /Users/danielcollins/opt/anaconda3/lib/python3.8/site-packages/airflow/example_dags/example_nested_branch_dag.py
[2021-11-26 18:01:53,296] {logging_mixin.py:109} INFO - [2021-11-26 18:01:53,295] {dag.py:2396} INFO - Sync 1 DAGs
[2021-11-26 18:01:53,301] {logging_mixin.py:109} INFO - [2021-11-26 18:01:53,301] {dag.py:2928} INFO - Setting next_dagrun for example_nested_branch_dag to 2021-11-26 00:00:00+00:00
[2021-11-26 18:01:53,310] {processor.py:171} INFO - Processing /Users/danielcollins/opt/anaconda3/lib/python3.8/site-packages/airflow/example_dags/example_nested_branch_dag.py took 0.138 seconds
[2021-11-26 18:04:03,115] {processor.py:163} INFO - Started process (PID=24287) to work on /Users/danielcollins/opt/anaconda3/lib/python3.8/site-packages/airflow/example_dags/example_nested_branch_dag.py
[2021-11-26 18:04:03,115] {processor.py:625} INFO - Processing file /Users/danielcollins/opt/anaconda3/lib/python3.8/site-packages/airflow/example_dags/example_nested_branch_dag.py for tasks to queue
[2021-11-26 18:04:03,115] {logging_mixin.py:109} INFO - [2021-11-26 18:04:03,115] {dagbag.py:500} INFO - Filling up the DagBag from /Users/danielcollins/opt/anaconda3/lib/python3.8/site-packages/airflow/example_dags/example_nested_branch_dag.py
[2021-11-26 18:04:03,145] {processor.py:637} INFO - DAG(s) dict_keys(['example_nested_branch_dag']) retrieved from /Users/danielcollins/opt/anaconda3/lib/python3.8/site-packages/airflow/example_dags/example_nested_branch_dag.py
[2021-11-26 18:04:03,155] {logging_mixin.py:109} INFO - [2021-11-26 18:04:03,155] {dag.py:2396} INFO - Sync 1 DAGs
[2021-11-26 18:04:03,160] {logging_mixin.py:109} INFO - [2021-11-26 18:04:03,160] {dag.py:2928} INFO - Setting next_dagrun for example_nested_branch_dag to 2021-11-26 00:00:00+00:00
[2021-11-26 18:04:03,165] {processor.py:171} INFO - Processing /Users/danielcollins/opt/anaconda3/lib/python3.8/site-packages/airflow/example_dags/example_nested_branch_dag.py took 0.051 seconds
[2021-11-26 18:05:48,903] {processor.py:163} INFO - Started process (PID=24426) to work on /Users/danielcollins/opt/anaconda3/lib/python3.8/site-packages/airflow/example_dags/example_nested_branch_dag.py
[2021-11-26 18:05:48,903] {processor.py:625} INFO - Processing file /Users/danielcollins/opt/anaconda3/lib/python3.8/site-packages/airflow/example_dags/example_nested_branch_dag.py for tasks to queue
[2021-11-26 18:05:48,904] {logging_mixin.py:109} INFO - [2021-11-26 18:05:48,904] {dagbag.py:500} INFO - Filling up the DagBag from /Users/danielcollins/opt/anaconda3/lib/python3.8/site-packages/airflow/example_dags/example_nested_branch_dag.py
[2021-11-26 18:05:48,931] {processor.py:637} INFO - DAG(s) dict_keys(['example_nested_branch_dag']) retrieved from /Users/danielcollins/opt/anaconda3/lib/python3.8/site-packages/airflow/example_dags/example_nested_branch_dag.py
[2021-11-26 18:05:48,941] {logging_mixin.py:109} INFO - [2021-11-26 18:05:48,941] {dag.py:2396} INFO - Sync 1 DAGs
[2021-11-26 18:05:48,945] {logging_mixin.py:109} INFO - [2021-11-26 18:05:48,945] {dag.py:2928} INFO - Setting next_dagrun for example_nested_branch_dag to 2021-11-26 00:00:00+00:00
[2021-11-26 18:05:48,951] {processor.py:171} INFO - Processing /Users/danielcollins/opt/anaconda3/lib/python3.8/site-packages/airflow/example_dags/example_nested_branch_dag.py took 0.048 seconds
[2021-11-26 18:07:24,932] {processor.py:163} INFO - Started process (PID=24554) to work on /Users/danielcollins/opt/anaconda3/lib/python3.8/site-packages/airflow/example_dags/example_nested_branch_dag.py
[2021-11-26 18:07:24,933] {processor.py:625} INFO - Processing file /Users/danielcollins/opt/anaconda3/lib/python3.8/site-packages/airflow/example_dags/example_nested_branch_dag.py for tasks to queue
[2021-11-26 18:07:24,933] {logging_mixin.py:109} INFO - [2021-11-26 18:07:24,933] {dagbag.py:500} INFO - Filling up the DagBag from /Users/danielcollins/opt/anaconda3/lib/python3.8/site-packages/airflow/example_dags/example_nested_branch_dag.py
[2021-11-26 18:07:24,962] {processor.py:637} INFO - DAG(s) dict_keys(['example_nested_branch_dag']) retrieved from /Users/danielcollins/opt/anaconda3/lib/python3.8/site-packages/airflow/example_dags/example_nested_branch_dag.py
[2021-11-26 18:07:24,972] {logging_mixin.py:109} INFO - [2021-11-26 18:07:24,972] {dag.py:2396} INFO - Sync 1 DAGs
[2021-11-26 18:07:24,977] {logging_mixin.py:109} INFO - [2021-11-26 18:07:24,977] {dag.py:2928} INFO - Setting next_dagrun for example_nested_branch_dag to 2021-11-26 00:00:00+00:00
[2021-11-26 18:07:24,982] {processor.py:171} INFO - Processing /Users/danielcollins/opt/anaconda3/lib/python3.8/site-packages/airflow/example_dags/example_nested_branch_dag.py took 0.050 seconds
[2021-11-26 18:30:59,780] {processor.py:163} INFO - Started process (PID=24780) to work on /Users/danielcollins/opt/anaconda3/lib/python3.8/site-packages/airflow/example_dags/example_nested_branch_dag.py
[2021-11-26 18:30:59,780] {processor.py:625} INFO - Processing file /Users/danielcollins/opt/anaconda3/lib/python3.8/site-packages/airflow/example_dags/example_nested_branch_dag.py for tasks to queue
[2021-11-26 18:30:59,781] {logging_mixin.py:109} INFO - [2021-11-26 18:30:59,781] {dagbag.py:500} INFO - Filling up the DagBag from /Users/danielcollins/opt/anaconda3/lib/python3.8/site-packages/airflow/example_dags/example_nested_branch_dag.py
[2021-11-26 18:30:59,808] {processor.py:637} INFO - DAG(s) dict_keys(['example_nested_branch_dag']) retrieved from /Users/danielcollins/opt/anaconda3/lib/python3.8/site-packages/airflow/example_dags/example_nested_branch_dag.py
[2021-11-26 18:30:59,818] {logging_mixin.py:109} INFO - [2021-11-26 18:30:59,818] {dag.py:2396} INFO - Sync 1 DAGs
[2021-11-26 18:30:59,823] {logging_mixin.py:109} INFO - [2021-11-26 18:30:59,823] {dag.py:2928} INFO - Setting next_dagrun for example_nested_branch_dag to 2021-11-26 00:00:00+00:00
[2021-11-26 18:30:59,829] {processor.py:171} INFO - Processing /Users/danielcollins/opt/anaconda3/lib/python3.8/site-packages/airflow/example_dags/example_nested_branch_dag.py took 0.049 seconds
[2021-11-26 18:32:32,788] {processor.py:163} INFO - Started process (PID=24921) to work on /Users/danielcollins/opt/anaconda3/lib/python3.8/site-packages/airflow/example_dags/example_nested_branch_dag.py
[2021-11-26 18:32:32,789] {processor.py:625} INFO - Processing file /Users/danielcollins/opt/anaconda3/lib/python3.8/site-packages/airflow/example_dags/example_nested_branch_dag.py for tasks to queue
[2021-11-26 18:32:32,789] {logging_mixin.py:109} INFO - [2021-11-26 18:32:32,789] {dagbag.py:500} INFO - Filling up the DagBag from /Users/danielcollins/opt/anaconda3/lib/python3.8/site-packages/airflow/example_dags/example_nested_branch_dag.py
[2021-11-26 18:32:32,819] {processor.py:637} INFO - DAG(s) dict_keys(['example_nested_branch_dag']) retrieved from /Users/danielcollins/opt/anaconda3/lib/python3.8/site-packages/airflow/example_dags/example_nested_branch_dag.py
[2021-11-26 18:32:32,829] {logging_mixin.py:109} INFO - [2021-11-26 18:32:32,829] {dag.py:2396} INFO - Sync 1 DAGs
[2021-11-26 18:32:32,834] {logging_mixin.py:109} INFO - [2021-11-26 18:32:32,834] {dag.py:2928} INFO - Setting next_dagrun for example_nested_branch_dag to 2021-11-26 00:00:00+00:00
[2021-11-26 18:32:32,838] {processor.py:171} INFO - Processing /Users/danielcollins/opt/anaconda3/lib/python3.8/site-packages/airflow/example_dags/example_nested_branch_dag.py took 0.051 seconds
[2021-11-27 01:34:47,581] {processor.py:163} INFO - Started process (PID=25424) to work on /Users/danielcollins/opt/anaconda3/lib/python3.8/site-packages/airflow/example_dags/example_nested_branch_dag.py
[2021-11-27 01:34:47,582] {processor.py:625} INFO - Processing file /Users/danielcollins/opt/anaconda3/lib/python3.8/site-packages/airflow/example_dags/example_nested_branch_dag.py for tasks to queue
[2021-11-27 01:34:47,582] {logging_mixin.py:109} INFO - [2021-11-27 01:34:47,582] {dagbag.py:500} INFO - Filling up the DagBag from /Users/danielcollins/opt/anaconda3/lib/python3.8/site-packages/airflow/example_dags/example_nested_branch_dag.py
[2021-11-27 01:34:47,865] {processor.py:637} INFO - DAG(s) dict_keys(['example_nested_branch_dag']) retrieved from /Users/danielcollins/opt/anaconda3/lib/python3.8/site-packages/airflow/example_dags/example_nested_branch_dag.py
[2021-11-27 01:51:20,120] {logging_mixin.py:109} INFO - [2021-11-27 01:51:20,116] {dag.py:2396} INFO - Sync 1 DAGs
[2021-11-27 01:51:20,534] {logging_mixin.py:109} INFO - [2021-11-27 01:51:20,533] {dag.py:2928} INFO - Setting next_dagrun for example_nested_branch_dag to 2021-11-26 00:00:00+00:00
[2021-11-27 01:51:20,552] {processor.py:171} INFO - Processing /Users/danielcollins/opt/anaconda3/lib/python3.8/site-packages/airflow/example_dags/example_nested_branch_dag.py took 1.278 seconds
[2021-11-27 10:50:39,573] {processor.py:163} INFO - Started process (PID=25935) to work on /Users/danielcollins/opt/anaconda3/lib/python3.8/site-packages/airflow/example_dags/example_nested_branch_dag.py
[2021-11-27 10:50:39,574] {processor.py:625} INFO - Processing file /Users/danielcollins/opt/anaconda3/lib/python3.8/site-packages/airflow/example_dags/example_nested_branch_dag.py for tasks to queue
[2021-11-27 10:50:39,574] {logging_mixin.py:109} INFO - [2021-11-27 10:50:39,574] {dagbag.py:500} INFO - Filling up the DagBag from /Users/danielcollins/opt/anaconda3/lib/python3.8/site-packages/airflow/example_dags/example_nested_branch_dag.py
[2021-11-27 10:50:39,603] {processor.py:637} INFO - DAG(s) dict_keys(['example_nested_branch_dag']) retrieved from /Users/danielcollins/opt/anaconda3/lib/python3.8/site-packages/airflow/example_dags/example_nested_branch_dag.py
[2021-11-27 10:50:39,614] {logging_mixin.py:109} INFO - [2021-11-27 10:50:39,614] {dag.py:2396} INFO - Sync 1 DAGs
[2021-11-27 10:50:39,620] {logging_mixin.py:109} INFO - [2021-11-27 10:50:39,620] {dag.py:2928} INFO - Setting next_dagrun for example_nested_branch_dag to 2021-11-26 00:00:00+00:00
[2021-11-27 10:50:40,096] {processor.py:171} INFO - Processing /Users/danielcollins/opt/anaconda3/lib/python3.8/site-packages/airflow/example_dags/example_nested_branch_dag.py took 0.522 seconds
[2021-11-27 14:19:50,892] {processor.py:163} INFO - Started process (PID=26315) to work on /Users/danielcollins/opt/anaconda3/lib/python3.8/site-packages/airflow/example_dags/example_nested_branch_dag.py
[2021-11-27 14:19:50,893] {processor.py:625} INFO - Processing file /Users/danielcollins/opt/anaconda3/lib/python3.8/site-packages/airflow/example_dags/example_nested_branch_dag.py for tasks to queue
[2021-11-27 14:19:50,893] {logging_mixin.py:109} INFO - [2021-11-27 14:19:50,893] {dagbag.py:500} INFO - Filling up the DagBag from /Users/danielcollins/opt/anaconda3/lib/python3.8/site-packages/airflow/example_dags/example_nested_branch_dag.py
[2021-11-27 14:19:50,923] {processor.py:637} INFO - DAG(s) dict_keys(['example_nested_branch_dag']) retrieved from /Users/danielcollins/opt/anaconda3/lib/python3.8/site-packages/airflow/example_dags/example_nested_branch_dag.py
[2021-11-27 14:19:50,933] {logging_mixin.py:109} INFO - [2021-11-27 14:19:50,933] {dag.py:2396} INFO - Sync 1 DAGs
[2021-11-27 14:19:50,938] {logging_mixin.py:109} INFO - [2021-11-27 14:19:50,938] {dag.py:2928} INFO - Setting next_dagrun for example_nested_branch_dag to 2021-11-26 00:00:00+00:00
[2021-11-27 14:19:50,944] {processor.py:171} INFO - Processing /Users/danielcollins/opt/anaconda3/lib/python3.8/site-packages/airflow/example_dags/example_nested_branch_dag.py took 0.052 seconds
[2021-11-27 14:21:15,095] {processor.py:163} INFO - Started process (PID=26509) to work on /Users/danielcollins/opt/anaconda3/lib/python3.8/site-packages/airflow/example_dags/example_nested_branch_dag.py
[2021-11-27 14:21:15,095] {processor.py:625} INFO - Processing file /Users/danielcollins/opt/anaconda3/lib/python3.8/site-packages/airflow/example_dags/example_nested_branch_dag.py for tasks to queue
[2021-11-27 14:21:15,095] {logging_mixin.py:109} INFO - [2021-11-27 14:21:15,095] {dagbag.py:500} INFO - Filling up the DagBag from /Users/danielcollins/opt/anaconda3/lib/python3.8/site-packages/airflow/example_dags/example_nested_branch_dag.py
[2021-11-27 14:21:15,124] {processor.py:637} INFO - DAG(s) dict_keys(['example_nested_branch_dag']) retrieved from /Users/danielcollins/opt/anaconda3/lib/python3.8/site-packages/airflow/example_dags/example_nested_branch_dag.py
[2021-11-27 14:21:15,135] {logging_mixin.py:109} INFO - [2021-11-27 14:21:15,135] {dag.py:2396} INFO - Sync 1 DAGs
[2021-11-27 14:21:15,139] {logging_mixin.py:109} INFO - [2021-11-27 14:21:15,139] {dag.py:2928} INFO - Setting next_dagrun for example_nested_branch_dag to 2021-11-26 00:00:00+00:00
[2021-11-27 14:21:15,144] {processor.py:171} INFO - Processing /Users/danielcollins/opt/anaconda3/lib/python3.8/site-packages/airflow/example_dags/example_nested_branch_dag.py took 0.050 seconds
[2021-11-27 14:22:42,292] {processor.py:163} INFO - Started process (PID=26672) to work on /Users/danielcollins/opt/anaconda3/lib/python3.8/site-packages/airflow/example_dags/example_nested_branch_dag.py
[2021-11-27 14:22:42,293] {processor.py:625} INFO - Processing file /Users/danielcollins/opt/anaconda3/lib/python3.8/site-packages/airflow/example_dags/example_nested_branch_dag.py for tasks to queue
[2021-11-27 14:22:42,293] {logging_mixin.py:109} INFO - [2021-11-27 14:22:42,293] {dagbag.py:500} INFO - Filling up the DagBag from /Users/danielcollins/opt/anaconda3/lib/python3.8/site-packages/airflow/example_dags/example_nested_branch_dag.py
[2021-11-27 14:22:42,325] {processor.py:637} INFO - DAG(s) dict_keys(['example_nested_branch_dag']) retrieved from /Users/danielcollins/opt/anaconda3/lib/python3.8/site-packages/airflow/example_dags/example_nested_branch_dag.py
[2021-11-27 14:22:42,335] {logging_mixin.py:109} INFO - [2021-11-27 14:22:42,335] {dag.py:2396} INFO - Sync 1 DAGs
[2021-11-27 14:22:42,340] {logging_mixin.py:109} INFO - [2021-11-27 14:22:42,340] {dag.py:2928} INFO - Setting next_dagrun for example_nested_branch_dag to 2021-11-26 00:00:00+00:00
[2021-11-27 14:22:42,348] {processor.py:171} INFO - Processing /Users/danielcollins/opt/anaconda3/lib/python3.8/site-packages/airflow/example_dags/example_nested_branch_dag.py took 0.057 seconds
[2021-11-27 14:24:02,565] {processor.py:163} INFO - Started process (PID=28162) to work on /Users/danielcollins/opt/anaconda3/lib/python3.8/site-packages/airflow/example_dags/example_nested_branch_dag.py
[2021-11-27 14:24:02,565] {processor.py:625} INFO - Processing file /Users/danielcollins/opt/anaconda3/lib/python3.8/site-packages/airflow/example_dags/example_nested_branch_dag.py for tasks to queue
[2021-11-27 14:24:02,565] {logging_mixin.py:109} INFO - [2021-11-27 14:24:02,565] {dagbag.py:500} INFO - Filling up the DagBag from /Users/danielcollins/opt/anaconda3/lib/python3.8/site-packages/airflow/example_dags/example_nested_branch_dag.py
[2021-11-27 14:24:02,594] {processor.py:637} INFO - DAG(s) dict_keys(['example_nested_branch_dag']) retrieved from /Users/danielcollins/opt/anaconda3/lib/python3.8/site-packages/airflow/example_dags/example_nested_branch_dag.py
[2021-11-27 14:24:02,605] {logging_mixin.py:109} INFO - [2021-11-27 14:24:02,605] {dag.py:2396} INFO - Sync 1 DAGs
[2021-11-27 14:24:02,609] {logging_mixin.py:109} INFO - [2021-11-27 14:24:02,609] {dag.py:2928} INFO - Setting next_dagrun for example_nested_branch_dag to 2021-11-26 00:00:00+00:00
[2021-11-27 14:24:02,615] {processor.py:171} INFO - Processing /Users/danielcollins/opt/anaconda3/lib/python3.8/site-packages/airflow/example_dags/example_nested_branch_dag.py took 0.051 seconds
[2021-11-27 14:25:26,066] {processor.py:163} INFO - Started process (PID=28266) to work on /Users/danielcollins/opt/anaconda3/lib/python3.8/site-packages/airflow/example_dags/example_nested_branch_dag.py
[2021-11-27 14:25:26,067] {processor.py:625} INFO - Processing file /Users/danielcollins/opt/anaconda3/lib/python3.8/site-packages/airflow/example_dags/example_nested_branch_dag.py for tasks to queue
[2021-11-27 14:25:26,067] {logging_mixin.py:109} INFO - [2021-11-27 14:25:26,067] {dagbag.py:500} INFO - Filling up the DagBag from /Users/danielcollins/opt/anaconda3/lib/python3.8/site-packages/airflow/example_dags/example_nested_branch_dag.py
[2021-11-27 14:25:26,097] {processor.py:637} INFO - DAG(s) dict_keys(['example_nested_branch_dag']) retrieved from /Users/danielcollins/opt/anaconda3/lib/python3.8/site-packages/airflow/example_dags/example_nested_branch_dag.py
[2021-11-27 14:25:26,107] {logging_mixin.py:109} INFO - [2021-11-27 14:25:26,107] {dag.py:2396} INFO - Sync 1 DAGs
[2021-11-27 14:25:26,112] {logging_mixin.py:109} INFO - [2021-11-27 14:25:26,111] {dag.py:2928} INFO - Setting next_dagrun for example_nested_branch_dag to 2021-11-26 00:00:00+00:00
[2021-11-27 14:25:26,117] {processor.py:171} INFO - Processing /Users/danielcollins/opt/anaconda3/lib/python3.8/site-packages/airflow/example_dags/example_nested_branch_dag.py took 0.051 seconds
[2021-11-27 14:55:00,399] {processor.py:163} INFO - Started process (PID=28490) to work on /Users/danielcollins/opt/anaconda3/lib/python3.8/site-packages/airflow/example_dags/example_nested_branch_dag.py
[2021-11-27 14:55:00,400] {processor.py:625} INFO - Processing file /Users/danielcollins/opt/anaconda3/lib/python3.8/site-packages/airflow/example_dags/example_nested_branch_dag.py for tasks to queue
[2021-11-27 14:55:00,400] {logging_mixin.py:109} INFO - [2021-11-27 14:55:00,400] {dagbag.py:500} INFO - Filling up the DagBag from /Users/danielcollins/opt/anaconda3/lib/python3.8/site-packages/airflow/example_dags/example_nested_branch_dag.py
[2021-11-27 14:55:00,436] {processor.py:637} INFO - DAG(s) dict_keys(['example_nested_branch_dag']) retrieved from /Users/danielcollins/opt/anaconda3/lib/python3.8/site-packages/airflow/example_dags/example_nested_branch_dag.py
[2021-11-27 14:55:00,447] {logging_mixin.py:109} INFO - [2021-11-27 14:55:00,446] {dag.py:2396} INFO - Sync 1 DAGs
[2021-11-27 14:55:00,451] {logging_mixin.py:109} INFO - [2021-11-27 14:55:00,451] {dag.py:2928} INFO - Setting next_dagrun for example_nested_branch_dag to 2021-11-26 00:00:00+00:00
[2021-11-27 14:55:00,460] {processor.py:171} INFO - Processing /Users/danielcollins/opt/anaconda3/lib/python3.8/site-packages/airflow/example_dags/example_nested_branch_dag.py took 0.061 seconds
[2021-11-27 14:56:28,412] {processor.py:163} INFO - Started process (PID=28620) to work on /Users/danielcollins/opt/anaconda3/lib/python3.8/site-packages/airflow/example_dags/example_nested_branch_dag.py
[2021-11-27 14:56:28,412] {processor.py:625} INFO - Processing file /Users/danielcollins/opt/anaconda3/lib/python3.8/site-packages/airflow/example_dags/example_nested_branch_dag.py for tasks to queue
[2021-11-27 14:56:28,412] {logging_mixin.py:109} INFO - [2021-11-27 14:56:28,412] {dagbag.py:500} INFO - Filling up the DagBag from /Users/danielcollins/opt/anaconda3/lib/python3.8/site-packages/airflow/example_dags/example_nested_branch_dag.py
[2021-11-27 14:56:28,443] {processor.py:637} INFO - DAG(s) dict_keys(['example_nested_branch_dag']) retrieved from /Users/danielcollins/opt/anaconda3/lib/python3.8/site-packages/airflow/example_dags/example_nested_branch_dag.py
[2021-11-27 14:56:28,454] {logging_mixin.py:109} INFO - [2021-11-27 14:56:28,454] {dag.py:2396} INFO - Sync 1 DAGs
[2021-11-27 14:56:28,459] {logging_mixin.py:109} INFO - [2021-11-27 14:56:28,459] {dag.py:2928} INFO - Setting next_dagrun for example_nested_branch_dag to 2021-11-26 00:00:00+00:00
[2021-11-27 14:56:28,468] {processor.py:171} INFO - Processing /Users/danielcollins/opt/anaconda3/lib/python3.8/site-packages/airflow/example_dags/example_nested_branch_dag.py took 0.056 seconds
[2021-11-27 14:57:50,568] {processor.py:163} INFO - Started process (PID=28728) to work on /Users/danielcollins/opt/anaconda3/lib/python3.8/site-packages/airflow/example_dags/example_nested_branch_dag.py
[2021-11-27 14:57:50,569] {processor.py:625} INFO - Processing file /Users/danielcollins/opt/anaconda3/lib/python3.8/site-packages/airflow/example_dags/example_nested_branch_dag.py for tasks to queue
[2021-11-27 14:57:50,569] {logging_mixin.py:109} INFO - [2021-11-27 14:57:50,569] {dagbag.py:500} INFO - Filling up the DagBag from /Users/danielcollins/opt/anaconda3/lib/python3.8/site-packages/airflow/example_dags/example_nested_branch_dag.py
[2021-11-27 14:57:50,599] {processor.py:637} INFO - DAG(s) dict_keys(['example_nested_branch_dag']) retrieved from /Users/danielcollins/opt/anaconda3/lib/python3.8/site-packages/airflow/example_dags/example_nested_branch_dag.py
[2021-11-27 14:57:50,610] {logging_mixin.py:109} INFO - [2021-11-27 14:57:50,610] {dag.py:2396} INFO - Sync 1 DAGs
[2021-11-27 14:57:50,615] {logging_mixin.py:109} INFO - [2021-11-27 14:57:50,615] {dag.py:2928} INFO - Setting next_dagrun for example_nested_branch_dag to 2021-11-26 00:00:00+00:00
[2021-11-27 14:57:50,621] {processor.py:171} INFO - Processing /Users/danielcollins/opt/anaconda3/lib/python3.8/site-packages/airflow/example_dags/example_nested_branch_dag.py took 0.053 seconds
[2021-11-27 14:59:14,189] {processor.py:163} INFO - Started process (PID=28840) to work on /Users/danielcollins/opt/anaconda3/lib/python3.8/site-packages/airflow/example_dags/example_nested_branch_dag.py
[2021-11-27 14:59:14,190] {processor.py:625} INFO - Processing file /Users/danielcollins/opt/anaconda3/lib/python3.8/site-packages/airflow/example_dags/example_nested_branch_dag.py for tasks to queue
[2021-11-27 14:59:14,190] {logging_mixin.py:109} INFO - [2021-11-27 14:59:14,190] {dagbag.py:500} INFO - Filling up the DagBag from /Users/danielcollins/opt/anaconda3/lib/python3.8/site-packages/airflow/example_dags/example_nested_branch_dag.py
[2021-11-27 14:59:14,219] {processor.py:637} INFO - DAG(s) dict_keys(['example_nested_branch_dag']) retrieved from /Users/danielcollins/opt/anaconda3/lib/python3.8/site-packages/airflow/example_dags/example_nested_branch_dag.py
[2021-11-27 14:59:14,229] {logging_mixin.py:109} INFO - [2021-11-27 14:59:14,229] {dag.py:2396} INFO - Sync 1 DAGs
[2021-11-27 14:59:14,245] {logging_mixin.py:109} INFO - [2021-11-27 14:59:14,245] {dag.py:2928} INFO - Setting next_dagrun for example_nested_branch_dag to 2021-11-26 00:00:00+00:00
[2021-11-27 14:59:14,251] {processor.py:171} INFO - Processing /Users/danielcollins/opt/anaconda3/lib/python3.8/site-packages/airflow/example_dags/example_nested_branch_dag.py took 0.062 seconds
[2021-11-27 15:00:39,038] {processor.py:163} INFO - Started process (PID=29081) to work on /Users/danielcollins/opt/anaconda3/lib/python3.8/site-packages/airflow/example_dags/example_nested_branch_dag.py
[2021-11-27 15:00:39,039] {processor.py:625} INFO - Processing file /Users/danielcollins/opt/anaconda3/lib/python3.8/site-packages/airflow/example_dags/example_nested_branch_dag.py for tasks to queue
[2021-11-27 15:00:39,039] {logging_mixin.py:109} INFO - [2021-11-27 15:00:39,039] {dagbag.py:500} INFO - Filling up the DagBag from /Users/danielcollins/opt/anaconda3/lib/python3.8/site-packages/airflow/example_dags/example_nested_branch_dag.py
[2021-11-27 15:00:39,068] {processor.py:637} INFO - DAG(s) dict_keys(['example_nested_branch_dag']) retrieved from /Users/danielcollins/opt/anaconda3/lib/python3.8/site-packages/airflow/example_dags/example_nested_branch_dag.py
[2021-11-27 15:00:39,078] {logging_mixin.py:109} INFO - [2021-11-27 15:00:39,078] {dag.py:2396} INFO - Sync 1 DAGs
[2021-11-27 15:00:39,083] {logging_mixin.py:109} INFO - [2021-11-27 15:00:39,083] {dag.py:2928} INFO - Setting next_dagrun for example_nested_branch_dag to 2021-11-26 00:00:00+00:00
[2021-11-27 15:00:39,093] {processor.py:171} INFO - Processing /Users/danielcollins/opt/anaconda3/lib/python3.8/site-packages/airflow/example_dags/example_nested_branch_dag.py took 0.054 seconds
[2021-11-27 15:02:09,166] {processor.py:163} INFO - Started process (PID=29310) to work on /Users/danielcollins/opt/anaconda3/lib/python3.8/site-packages/airflow/example_dags/example_nested_branch_dag.py
[2021-11-27 15:02:09,168] {processor.py:625} INFO - Processing file /Users/danielcollins/opt/anaconda3/lib/python3.8/site-packages/airflow/example_dags/example_nested_branch_dag.py for tasks to queue
[2021-11-27 15:02:09,168] {logging_mixin.py:109} INFO - [2021-11-27 15:02:09,168] {dagbag.py:500} INFO - Filling up the DagBag from /Users/danielcollins/opt/anaconda3/lib/python3.8/site-packages/airflow/example_dags/example_nested_branch_dag.py
[2021-11-27 15:02:09,202] {processor.py:637} INFO - DAG(s) dict_keys(['example_nested_branch_dag']) retrieved from /Users/danielcollins/opt/anaconda3/lib/python3.8/site-packages/airflow/example_dags/example_nested_branch_dag.py
[2021-11-27 15:02:09,213] {logging_mixin.py:109} INFO - [2021-11-27 15:02:09,213] {dag.py:2396} INFO - Sync 1 DAGs
[2021-11-27 15:02:09,218] {logging_mixin.py:109} INFO - [2021-11-27 15:02:09,218] {dag.py:2928} INFO - Setting next_dagrun for example_nested_branch_dag to 2021-11-26 00:00:00+00:00
[2021-11-27 15:02:09,227] {processor.py:171} INFO - Processing /Users/danielcollins/opt/anaconda3/lib/python3.8/site-packages/airflow/example_dags/example_nested_branch_dag.py took 0.062 seconds
[2021-11-27 15:03:42,493] {processor.py:163} INFO - Started process (PID=29473) to work on /Users/danielcollins/opt/anaconda3/lib/python3.8/site-packages/airflow/example_dags/example_nested_branch_dag.py
[2021-11-27 15:03:42,495] {processor.py:625} INFO - Processing file /Users/danielcollins/opt/anaconda3/lib/python3.8/site-packages/airflow/example_dags/example_nested_branch_dag.py for tasks to queue
[2021-11-27 15:03:42,495] {logging_mixin.py:109} INFO - [2021-11-27 15:03:42,495] {dagbag.py:500} INFO - Filling up the DagBag from /Users/danielcollins/opt/anaconda3/lib/python3.8/site-packages/airflow/example_dags/example_nested_branch_dag.py
[2021-11-27 15:03:42,529] {processor.py:637} INFO - DAG(s) dict_keys(['example_nested_branch_dag']) retrieved from /Users/danielcollins/opt/anaconda3/lib/python3.8/site-packages/airflow/example_dags/example_nested_branch_dag.py
[2021-11-27 15:03:42,540] {logging_mixin.py:109} INFO - [2021-11-27 15:03:42,540] {dag.py:2396} INFO - Sync 1 DAGs
[2021-11-27 15:03:42,544] {logging_mixin.py:109} INFO - [2021-11-27 15:03:42,544] {dag.py:2928} INFO - Setting next_dagrun for example_nested_branch_dag to 2021-11-26 00:00:00+00:00
[2021-11-27 15:03:42,552] {processor.py:171} INFO - Processing /Users/danielcollins/opt/anaconda3/lib/python3.8/site-packages/airflow/example_dags/example_nested_branch_dag.py took 0.059 seconds
[2021-11-27 15:05:07,971] {processor.py:163} INFO - Started process (PID=29620) to work on /Users/danielcollins/opt/anaconda3/lib/python3.8/site-packages/airflow/example_dags/example_nested_branch_dag.py
[2021-11-27 15:05:07,972] {processor.py:625} INFO - Processing file /Users/danielcollins/opt/anaconda3/lib/python3.8/site-packages/airflow/example_dags/example_nested_branch_dag.py for tasks to queue
[2021-11-27 15:05:07,972] {logging_mixin.py:109} INFO - [2021-11-27 15:05:07,972] {dagbag.py:500} INFO - Filling up the DagBag from /Users/danielcollins/opt/anaconda3/lib/python3.8/site-packages/airflow/example_dags/example_nested_branch_dag.py
[2021-11-27 15:05:08,003] {processor.py:637} INFO - DAG(s) dict_keys(['example_nested_branch_dag']) retrieved from /Users/danielcollins/opt/anaconda3/lib/python3.8/site-packages/airflow/example_dags/example_nested_branch_dag.py
[2021-11-27 15:05:08,014] {logging_mixin.py:109} INFO - [2021-11-27 15:05:08,014] {dag.py:2396} INFO - Sync 1 DAGs
[2021-11-27 15:05:08,021] {logging_mixin.py:109} INFO - [2021-11-27 15:05:08,021] {dag.py:2928} INFO - Setting next_dagrun for example_nested_branch_dag to 2021-11-26 00:00:00+00:00
[2021-11-27 15:05:08,027] {processor.py:171} INFO - Processing /Users/danielcollins/opt/anaconda3/lib/python3.8/site-packages/airflow/example_dags/example_nested_branch_dag.py took 0.057 seconds
[2021-11-27 15:06:30,110] {processor.py:163} INFO - Started process (PID=29736) to work on /Users/danielcollins/opt/anaconda3/lib/python3.8/site-packages/airflow/example_dags/example_nested_branch_dag.py
[2021-11-27 15:06:30,110] {processor.py:625} INFO - Processing file /Users/danielcollins/opt/anaconda3/lib/python3.8/site-packages/airflow/example_dags/example_nested_branch_dag.py for tasks to queue
[2021-11-27 15:06:30,110] {logging_mixin.py:109} INFO - [2021-11-27 15:06:30,110] {dagbag.py:500} INFO - Filling up the DagBag from /Users/danielcollins/opt/anaconda3/lib/python3.8/site-packages/airflow/example_dags/example_nested_branch_dag.py
[2021-11-27 15:06:30,144] {processor.py:637} INFO - DAG(s) dict_keys(['example_nested_branch_dag']) retrieved from /Users/danielcollins/opt/anaconda3/lib/python3.8/site-packages/airflow/example_dags/example_nested_branch_dag.py
[2021-11-27 15:06:30,155] {logging_mixin.py:109} INFO - [2021-11-27 15:06:30,155] {dag.py:2396} INFO - Sync 1 DAGs
[2021-11-27 15:06:30,160] {logging_mixin.py:109} INFO - [2021-11-27 15:06:30,160] {dag.py:2928} INFO - Setting next_dagrun for example_nested_branch_dag to 2021-11-26 00:00:00+00:00
[2021-11-27 15:06:30,169] {processor.py:171} INFO - Processing /Users/danielcollins/opt/anaconda3/lib/python3.8/site-packages/airflow/example_dags/example_nested_branch_dag.py took 0.060 seconds
[2021-11-27 15:07:52,468] {processor.py:163} INFO - Started process (PID=29849) to work on /Users/danielcollins/opt/anaconda3/lib/python3.8/site-packages/airflow/example_dags/example_nested_branch_dag.py
[2021-11-27 15:07:52,469] {processor.py:625} INFO - Processing file /Users/danielcollins/opt/anaconda3/lib/python3.8/site-packages/airflow/example_dags/example_nested_branch_dag.py for tasks to queue
[2021-11-27 15:07:52,469] {logging_mixin.py:109} INFO - [2021-11-27 15:07:52,469] {dagbag.py:500} INFO - Filling up the DagBag from /Users/danielcollins/opt/anaconda3/lib/python3.8/site-packages/airflow/example_dags/example_nested_branch_dag.py
[2021-11-27 15:07:52,502] {processor.py:637} INFO - DAG(s) dict_keys(['example_nested_branch_dag']) retrieved from /Users/danielcollins/opt/anaconda3/lib/python3.8/site-packages/airflow/example_dags/example_nested_branch_dag.py
[2021-11-27 15:07:52,512] {logging_mixin.py:109} INFO - [2021-11-27 15:07:52,512] {dag.py:2396} INFO - Sync 1 DAGs
[2021-11-27 15:07:52,517] {logging_mixin.py:109} INFO - [2021-11-27 15:07:52,517] {dag.py:2928} INFO - Setting next_dagrun for example_nested_branch_dag to 2021-11-26 00:00:00+00:00
[2021-11-27 15:07:52,522] {processor.py:171} INFO - Processing /Users/danielcollins/opt/anaconda3/lib/python3.8/site-packages/airflow/example_dags/example_nested_branch_dag.py took 0.055 seconds
[2021-11-27 15:09:20,453] {processor.py:163} INFO - Started process (PID=30015) to work on /Users/danielcollins/opt/anaconda3/lib/python3.8/site-packages/airflow/example_dags/example_nested_branch_dag.py
[2021-11-27 15:09:20,453] {processor.py:625} INFO - Processing file /Users/danielcollins/opt/anaconda3/lib/python3.8/site-packages/airflow/example_dags/example_nested_branch_dag.py for tasks to queue
[2021-11-27 15:09:20,453] {logging_mixin.py:109} INFO - [2021-11-27 15:09:20,453] {dagbag.py:500} INFO - Filling up the DagBag from /Users/danielcollins/opt/anaconda3/lib/python3.8/site-packages/airflow/example_dags/example_nested_branch_dag.py
[2021-11-27 15:09:20,483] {processor.py:637} INFO - DAG(s) dict_keys(['example_nested_branch_dag']) retrieved from /Users/danielcollins/opt/anaconda3/lib/python3.8/site-packages/airflow/example_dags/example_nested_branch_dag.py
[2021-11-27 15:09:20,493] {logging_mixin.py:109} INFO - [2021-11-27 15:09:20,493] {dag.py:2396} INFO - Sync 1 DAGs
[2021-11-27 15:09:20,498] {logging_mixin.py:109} INFO - [2021-11-27 15:09:20,498] {dag.py:2928} INFO - Setting next_dagrun for example_nested_branch_dag to 2021-11-26 00:00:00+00:00
[2021-11-27 15:09:20,509] {processor.py:171} INFO - Processing /Users/danielcollins/opt/anaconda3/lib/python3.8/site-packages/airflow/example_dags/example_nested_branch_dag.py took 0.057 seconds
[2021-11-27 15:10:43,832] {processor.py:163} INFO - Started process (PID=30152) to work on /Users/danielcollins/opt/anaconda3/lib/python3.8/site-packages/airflow/example_dags/example_nested_branch_dag.py
[2021-11-27 15:10:43,833] {processor.py:625} INFO - Processing file /Users/danielcollins/opt/anaconda3/lib/python3.8/site-packages/airflow/example_dags/example_nested_branch_dag.py for tasks to queue
[2021-11-27 15:10:43,833] {logging_mixin.py:109} INFO - [2021-11-27 15:10:43,833] {dagbag.py:500} INFO - Filling up the DagBag from /Users/danielcollins/opt/anaconda3/lib/python3.8/site-packages/airflow/example_dags/example_nested_branch_dag.py
[2021-11-27 15:10:43,866] {processor.py:637} INFO - DAG(s) dict_keys(['example_nested_branch_dag']) retrieved from /Users/danielcollins/opt/anaconda3/lib/python3.8/site-packages/airflow/example_dags/example_nested_branch_dag.py
[2021-11-27 15:10:43,876] {logging_mixin.py:109} INFO - [2021-11-27 15:10:43,876] {dag.py:2396} INFO - Sync 1 DAGs
[2021-11-27 15:10:43,881] {logging_mixin.py:109} INFO - [2021-11-27 15:10:43,881] {dag.py:2928} INFO - Setting next_dagrun for example_nested_branch_dag to 2021-11-26 00:00:00+00:00
[2021-11-27 15:10:43,887] {processor.py:171} INFO - Processing /Users/danielcollins/opt/anaconda3/lib/python3.8/site-packages/airflow/example_dags/example_nested_branch_dag.py took 0.056 seconds
[2021-11-27 15:12:12,401] {processor.py:163} INFO - Started process (PID=30283) to work on /Users/danielcollins/opt/anaconda3/lib/python3.8/site-packages/airflow/example_dags/example_nested_branch_dag.py
[2021-11-27 15:12:12,402] {processor.py:625} INFO - Processing file /Users/danielcollins/opt/anaconda3/lib/python3.8/site-packages/airflow/example_dags/example_nested_branch_dag.py for tasks to queue
[2021-11-27 15:12:12,402] {logging_mixin.py:109} INFO - [2021-11-27 15:12:12,402] {dagbag.py:500} INFO - Filling up the DagBag from /Users/danielcollins/opt/anaconda3/lib/python3.8/site-packages/airflow/example_dags/example_nested_branch_dag.py
[2021-11-27 15:12:12,433] {processor.py:637} INFO - DAG(s) dict_keys(['example_nested_branch_dag']) retrieved from /Users/danielcollins/opt/anaconda3/lib/python3.8/site-packages/airflow/example_dags/example_nested_branch_dag.py
[2021-11-27 15:12:12,445] {logging_mixin.py:109} INFO - [2021-11-27 15:12:12,445] {dag.py:2396} INFO - Sync 1 DAGs
[2021-11-27 15:12:12,450] {logging_mixin.py:109} INFO - [2021-11-27 15:12:12,450] {dag.py:2928} INFO - Setting next_dagrun for example_nested_branch_dag to 2021-11-26 00:00:00+00:00
[2021-11-27 15:12:12,459] {processor.py:171} INFO - Processing /Users/danielcollins/opt/anaconda3/lib/python3.8/site-packages/airflow/example_dags/example_nested_branch_dag.py took 0.058 seconds
[2021-11-27 15:13:44,024] {processor.py:163} INFO - Started process (PID=30424) to work on /Users/danielcollins/opt/anaconda3/lib/python3.8/site-packages/airflow/example_dags/example_nested_branch_dag.py
[2021-11-27 15:13:44,025] {processor.py:625} INFO - Processing file /Users/danielcollins/opt/anaconda3/lib/python3.8/site-packages/airflow/example_dags/example_nested_branch_dag.py for tasks to queue
[2021-11-27 15:13:44,025] {logging_mixin.py:109} INFO - [2021-11-27 15:13:44,025] {dagbag.py:500} INFO - Filling up the DagBag from /Users/danielcollins/opt/anaconda3/lib/python3.8/site-packages/airflow/example_dags/example_nested_branch_dag.py
[2021-11-27 15:13:44,057] {processor.py:637} INFO - DAG(s) dict_keys(['example_nested_branch_dag']) retrieved from /Users/danielcollins/opt/anaconda3/lib/python3.8/site-packages/airflow/example_dags/example_nested_branch_dag.py
[2021-11-27 15:13:44,084] {logging_mixin.py:109} INFO - [2021-11-27 15:13:44,083] {dag.py:2396} INFO - Sync 1 DAGs
[2021-11-27 15:13:44,089] {logging_mixin.py:109} INFO - [2021-11-27 15:13:44,089] {dag.py:2928} INFO - Setting next_dagrun for example_nested_branch_dag to 2021-11-26 00:00:00+00:00
[2021-11-27 15:13:44,097] {processor.py:171} INFO - Processing /Users/danielcollins/opt/anaconda3/lib/python3.8/site-packages/airflow/example_dags/example_nested_branch_dag.py took 0.073 seconds
[2021-11-27 15:15:12,521] {processor.py:163} INFO - Started process (PID=30536) to work on /Users/danielcollins/opt/anaconda3/lib/python3.8/site-packages/airflow/example_dags/example_nested_branch_dag.py
[2021-11-27 15:15:12,522] {processor.py:625} INFO - Processing file /Users/danielcollins/opt/anaconda3/lib/python3.8/site-packages/airflow/example_dags/example_nested_branch_dag.py for tasks to queue
[2021-11-27 15:15:12,522] {logging_mixin.py:109} INFO - [2021-11-27 15:15:12,522] {dagbag.py:500} INFO - Filling up the DagBag from /Users/danielcollins/opt/anaconda3/lib/python3.8/site-packages/airflow/example_dags/example_nested_branch_dag.py
[2021-11-27 15:15:12,554] {processor.py:637} INFO - DAG(s) dict_keys(['example_nested_branch_dag']) retrieved from /Users/danielcollins/opt/anaconda3/lib/python3.8/site-packages/airflow/example_dags/example_nested_branch_dag.py
[2021-11-27 15:15:12,565] {logging_mixin.py:109} INFO - [2021-11-27 15:15:12,565] {dag.py:2396} INFO - Sync 1 DAGs
[2021-11-27 15:15:12,570] {logging_mixin.py:109} INFO - [2021-11-27 15:15:12,570] {dag.py:2928} INFO - Setting next_dagrun for example_nested_branch_dag to 2021-11-26 00:00:00+00:00
[2021-11-27 15:15:12,575] {processor.py:171} INFO - Processing /Users/danielcollins/opt/anaconda3/lib/python3.8/site-packages/airflow/example_dags/example_nested_branch_dag.py took 0.055 seconds
[2021-11-27 15:16:36,036] {processor.py:163} INFO - Started process (PID=30709) to work on /Users/danielcollins/opt/anaconda3/lib/python3.8/site-packages/airflow/example_dags/example_nested_branch_dag.py
[2021-11-27 15:16:36,037] {processor.py:625} INFO - Processing file /Users/danielcollins/opt/anaconda3/lib/python3.8/site-packages/airflow/example_dags/example_nested_branch_dag.py for tasks to queue
[2021-11-27 15:16:36,037] {logging_mixin.py:109} INFO - [2021-11-27 15:16:36,037] {dagbag.py:500} INFO - Filling up the DagBag from /Users/danielcollins/opt/anaconda3/lib/python3.8/site-packages/airflow/example_dags/example_nested_branch_dag.py
[2021-11-27 15:16:36,067] {processor.py:637} INFO - DAG(s) dict_keys(['example_nested_branch_dag']) retrieved from /Users/danielcollins/opt/anaconda3/lib/python3.8/site-packages/airflow/example_dags/example_nested_branch_dag.py
[2021-11-27 15:16:36,077] {logging_mixin.py:109} INFO - [2021-11-27 15:16:36,077] {dag.py:2396} INFO - Sync 1 DAGs
[2021-11-27 15:16:36,082] {logging_mixin.py:109} INFO - [2021-11-27 15:16:36,081] {dag.py:2928} INFO - Setting next_dagrun for example_nested_branch_dag to 2021-11-26 00:00:00+00:00
[2021-11-27 15:16:36,087] {processor.py:171} INFO - Processing /Users/danielcollins/opt/anaconda3/lib/python3.8/site-packages/airflow/example_dags/example_nested_branch_dag.py took 0.051 seconds
[2021-11-27 15:18:05,662] {processor.py:163} INFO - Started process (PID=30835) to work on /Users/danielcollins/opt/anaconda3/lib/python3.8/site-packages/airflow/example_dags/example_nested_branch_dag.py
[2021-11-27 15:18:05,663] {processor.py:625} INFO - Processing file /Users/danielcollins/opt/anaconda3/lib/python3.8/site-packages/airflow/example_dags/example_nested_branch_dag.py for tasks to queue
[2021-11-27 15:18:05,663] {logging_mixin.py:109} INFO - [2021-11-27 15:18:05,663] {dagbag.py:500} INFO - Filling up the DagBag from /Users/danielcollins/opt/anaconda3/lib/python3.8/site-packages/airflow/example_dags/example_nested_branch_dag.py
[2021-11-27 15:18:05,695] {processor.py:637} INFO - DAG(s) dict_keys(['example_nested_branch_dag']) retrieved from /Users/danielcollins/opt/anaconda3/lib/python3.8/site-packages/airflow/example_dags/example_nested_branch_dag.py
[2021-11-27 15:18:05,706] {logging_mixin.py:109} INFO - [2021-11-27 15:18:05,706] {dag.py:2396} INFO - Sync 1 DAGs
[2021-11-27 15:18:05,711] {logging_mixin.py:109} INFO - [2021-11-27 15:18:05,711] {dag.py:2928} INFO - Setting next_dagrun for example_nested_branch_dag to 2021-11-26 00:00:00+00:00
[2021-11-27 15:18:05,716] {processor.py:171} INFO - Processing /Users/danielcollins/opt/anaconda3/lib/python3.8/site-packages/airflow/example_dags/example_nested_branch_dag.py took 0.054 seconds
[2021-11-27 15:19:37,119] {processor.py:163} INFO - Started process (PID=31038) to work on /Users/danielcollins/opt/anaconda3/lib/python3.8/site-packages/airflow/example_dags/example_nested_branch_dag.py
[2021-11-27 15:19:37,119] {processor.py:625} INFO - Processing file /Users/danielcollins/opt/anaconda3/lib/python3.8/site-packages/airflow/example_dags/example_nested_branch_dag.py for tasks to queue
[2021-11-27 15:19:37,119] {logging_mixin.py:109} INFO - [2021-11-27 15:19:37,119] {dagbag.py:500} INFO - Filling up the DagBag from /Users/danielcollins/opt/anaconda3/lib/python3.8/site-packages/airflow/example_dags/example_nested_branch_dag.py
[2021-11-27 15:19:37,151] {processor.py:637} INFO - DAG(s) dict_keys(['example_nested_branch_dag']) retrieved from /Users/danielcollins/opt/anaconda3/lib/python3.8/site-packages/airflow/example_dags/example_nested_branch_dag.py
[2021-11-27 15:19:37,162] {logging_mixin.py:109} INFO - [2021-11-27 15:19:37,162] {dag.py:2396} INFO - Sync 1 DAGs
[2021-11-27 15:19:37,167] {logging_mixin.py:109} INFO - [2021-11-27 15:19:37,167] {dag.py:2928} INFO - Setting next_dagrun for example_nested_branch_dag to 2021-11-26 00:00:00+00:00
[2021-11-27 15:19:37,173] {processor.py:171} INFO - Processing /Users/danielcollins/opt/anaconda3/lib/python3.8/site-packages/airflow/example_dags/example_nested_branch_dag.py took 0.055 seconds
[2021-11-27 15:21:10,309] {processor.py:163} INFO - Started process (PID=31147) to work on /Users/danielcollins/opt/anaconda3/lib/python3.8/site-packages/airflow/example_dags/example_nested_branch_dag.py
[2021-11-27 15:21:10,310] {processor.py:625} INFO - Processing file /Users/danielcollins/opt/anaconda3/lib/python3.8/site-packages/airflow/example_dags/example_nested_branch_dag.py for tasks to queue
[2021-11-27 15:21:10,310] {logging_mixin.py:109} INFO - [2021-11-27 15:21:10,310] {dagbag.py:500} INFO - Filling up the DagBag from /Users/danielcollins/opt/anaconda3/lib/python3.8/site-packages/airflow/example_dags/example_nested_branch_dag.py
[2021-11-27 15:21:10,376] {processor.py:637} INFO - DAG(s) dict_keys(['example_nested_branch_dag']) retrieved from /Users/danielcollins/opt/anaconda3/lib/python3.8/site-packages/airflow/example_dags/example_nested_branch_dag.py
[2021-11-27 15:21:10,388] {logging_mixin.py:109} INFO - [2021-11-27 15:21:10,388] {dag.py:2396} INFO - Sync 1 DAGs
[2021-11-27 15:21:10,393] {logging_mixin.py:109} INFO - [2021-11-27 15:21:10,393] {dag.py:2928} INFO - Setting next_dagrun for example_nested_branch_dag to 2021-11-26 00:00:00+00:00
[2021-11-27 15:21:10,405] {processor.py:171} INFO - Processing /Users/danielcollins/opt/anaconda3/lib/python3.8/site-packages/airflow/example_dags/example_nested_branch_dag.py took 0.096 seconds
[2021-11-27 15:22:39,925] {processor.py:163} INFO - Started process (PID=31271) to work on /Users/danielcollins/opt/anaconda3/lib/python3.8/site-packages/airflow/example_dags/example_nested_branch_dag.py
[2021-11-27 15:22:39,925] {processor.py:625} INFO - Processing file /Users/danielcollins/opt/anaconda3/lib/python3.8/site-packages/airflow/example_dags/example_nested_branch_dag.py for tasks to queue
[2021-11-27 15:22:39,925] {logging_mixin.py:109} INFO - [2021-11-27 15:22:39,925] {dagbag.py:500} INFO - Filling up the DagBag from /Users/danielcollins/opt/anaconda3/lib/python3.8/site-packages/airflow/example_dags/example_nested_branch_dag.py
[2021-11-27 15:22:39,954] {processor.py:637} INFO - DAG(s) dict_keys(['example_nested_branch_dag']) retrieved from /Users/danielcollins/opt/anaconda3/lib/python3.8/site-packages/airflow/example_dags/example_nested_branch_dag.py
[2021-11-27 15:22:39,965] {logging_mixin.py:109} INFO - [2021-11-27 15:22:39,965] {dag.py:2396} INFO - Sync 1 DAGs
[2021-11-27 15:22:39,972] {logging_mixin.py:109} INFO - [2021-11-27 15:22:39,972] {dag.py:2928} INFO - Setting next_dagrun for example_nested_branch_dag to 2021-11-26 00:00:00+00:00
[2021-11-27 15:22:39,978] {processor.py:171} INFO - Processing /Users/danielcollins/opt/anaconda3/lib/python3.8/site-packages/airflow/example_dags/example_nested_branch_dag.py took 0.054 seconds
[2021-11-27 15:24:04,953] {processor.py:163} INFO - Started process (PID=31411) to work on /Users/danielcollins/opt/anaconda3/lib/python3.8/site-packages/airflow/example_dags/example_nested_branch_dag.py
[2021-11-27 15:24:04,953] {processor.py:625} INFO - Processing file /Users/danielcollins/opt/anaconda3/lib/python3.8/site-packages/airflow/example_dags/example_nested_branch_dag.py for tasks to queue
[2021-11-27 15:24:04,953] {logging_mixin.py:109} INFO - [2021-11-27 15:24:04,953] {dagbag.py:500} INFO - Filling up the DagBag from /Users/danielcollins/opt/anaconda3/lib/python3.8/site-packages/airflow/example_dags/example_nested_branch_dag.py
[2021-11-27 15:24:04,981] {processor.py:637} INFO - DAG(s) dict_keys(['example_nested_branch_dag']) retrieved from /Users/danielcollins/opt/anaconda3/lib/python3.8/site-packages/airflow/example_dags/example_nested_branch_dag.py
[2021-11-27 15:24:04,991] {logging_mixin.py:109} INFO - [2021-11-27 15:24:04,991] {dag.py:2396} INFO - Sync 1 DAGs
[2021-11-27 15:24:04,996] {logging_mixin.py:109} INFO - [2021-11-27 15:24:04,996] {dag.py:2928} INFO - Setting next_dagrun for example_nested_branch_dag to 2021-11-26 00:00:00+00:00
[2021-11-27 15:24:05,004] {processor.py:171} INFO - Processing /Users/danielcollins/opt/anaconda3/lib/python3.8/site-packages/airflow/example_dags/example_nested_branch_dag.py took 0.052 seconds
[2021-11-27 15:25:27,974] {processor.py:163} INFO - Started process (PID=31530) to work on /Users/danielcollins/opt/anaconda3/lib/python3.8/site-packages/airflow/example_dags/example_nested_branch_dag.py
[2021-11-27 15:25:27,975] {processor.py:625} INFO - Processing file /Users/danielcollins/opt/anaconda3/lib/python3.8/site-packages/airflow/example_dags/example_nested_branch_dag.py for tasks to queue
[2021-11-27 15:25:27,975] {logging_mixin.py:109} INFO - [2021-11-27 15:25:27,975] {dagbag.py:500} INFO - Filling up the DagBag from /Users/danielcollins/opt/anaconda3/lib/python3.8/site-packages/airflow/example_dags/example_nested_branch_dag.py
[2021-11-27 15:25:28,006] {processor.py:637} INFO - DAG(s) dict_keys(['example_nested_branch_dag']) retrieved from /Users/danielcollins/opt/anaconda3/lib/python3.8/site-packages/airflow/example_dags/example_nested_branch_dag.py
[2021-11-27 15:25:28,017] {logging_mixin.py:109} INFO - [2021-11-27 15:25:28,016] {dag.py:2396} INFO - Sync 1 DAGs
[2021-11-27 15:25:28,021] {logging_mixin.py:109} INFO - [2021-11-27 15:25:28,021] {dag.py:2928} INFO - Setting next_dagrun for example_nested_branch_dag to 2021-11-26 00:00:00+00:00
[2021-11-27 15:25:28,026] {processor.py:171} INFO - Processing /Users/danielcollins/opt/anaconda3/lib/python3.8/site-packages/airflow/example_dags/example_nested_branch_dag.py took 0.053 seconds
[2021-11-27 15:26:54,685] {processor.py:163} INFO - Started process (PID=31728) to work on /Users/danielcollins/opt/anaconda3/lib/python3.8/site-packages/airflow/example_dags/example_nested_branch_dag.py
[2021-11-27 15:26:54,686] {processor.py:625} INFO - Processing file /Users/danielcollins/opt/anaconda3/lib/python3.8/site-packages/airflow/example_dags/example_nested_branch_dag.py for tasks to queue
[2021-11-27 15:26:54,687] {logging_mixin.py:109} INFO - [2021-11-27 15:26:54,687] {dagbag.py:500} INFO - Filling up the DagBag from /Users/danielcollins/opt/anaconda3/lib/python3.8/site-packages/airflow/example_dags/example_nested_branch_dag.py
[2021-11-27 15:26:54,719] {processor.py:637} INFO - DAG(s) dict_keys(['example_nested_branch_dag']) retrieved from /Users/danielcollins/opt/anaconda3/lib/python3.8/site-packages/airflow/example_dags/example_nested_branch_dag.py
[2021-11-27 15:26:54,730] {logging_mixin.py:109} INFO - [2021-11-27 15:26:54,729] {dag.py:2396} INFO - Sync 1 DAGs
[2021-11-27 15:26:54,735] {logging_mixin.py:109} INFO - [2021-11-27 15:26:54,735] {dag.py:2928} INFO - Setting next_dagrun for example_nested_branch_dag to 2021-11-26 00:00:00+00:00
[2021-11-27 15:26:54,740] {processor.py:171} INFO - Processing /Users/danielcollins/opt/anaconda3/lib/python3.8/site-packages/airflow/example_dags/example_nested_branch_dag.py took 0.055 seconds
[2021-11-27 15:28:19,727] {processor.py:163} INFO - Started process (PID=31886) to work on /Users/danielcollins/opt/anaconda3/lib/python3.8/site-packages/airflow/example_dags/example_nested_branch_dag.py
[2021-11-27 15:28:19,728] {processor.py:625} INFO - Processing file /Users/danielcollins/opt/anaconda3/lib/python3.8/site-packages/airflow/example_dags/example_nested_branch_dag.py for tasks to queue
[2021-11-27 15:28:19,728] {logging_mixin.py:109} INFO - [2021-11-27 15:28:19,728] {dagbag.py:500} INFO - Filling up the DagBag from /Users/danielcollins/opt/anaconda3/lib/python3.8/site-packages/airflow/example_dags/example_nested_branch_dag.py
[2021-11-27 15:28:19,759] {processor.py:637} INFO - DAG(s) dict_keys(['example_nested_branch_dag']) retrieved from /Users/danielcollins/opt/anaconda3/lib/python3.8/site-packages/airflow/example_dags/example_nested_branch_dag.py
[2021-11-27 15:28:19,770] {logging_mixin.py:109} INFO - [2021-11-27 15:28:19,770] {dag.py:2396} INFO - Sync 1 DAGs
[2021-11-27 15:28:19,775] {logging_mixin.py:109} INFO - [2021-11-27 15:28:19,775] {dag.py:2928} INFO - Setting next_dagrun for example_nested_branch_dag to 2021-11-26 00:00:00+00:00
[2021-11-27 15:28:19,785] {processor.py:171} INFO - Processing /Users/danielcollins/opt/anaconda3/lib/python3.8/site-packages/airflow/example_dags/example_nested_branch_dag.py took 0.058 seconds
[2021-11-27 15:30:22,871] {processor.py:163} INFO - Started process (PID=32169) to work on /Users/danielcollins/opt/anaconda3/lib/python3.8/site-packages/airflow/example_dags/example_nested_branch_dag.py
[2021-11-27 15:30:22,872] {processor.py:625} INFO - Processing file /Users/danielcollins/opt/anaconda3/lib/python3.8/site-packages/airflow/example_dags/example_nested_branch_dag.py for tasks to queue
[2021-11-27 15:30:22,873] {logging_mixin.py:109} INFO - [2021-11-27 15:30:22,873] {dagbag.py:500} INFO - Filling up the DagBag from /Users/danielcollins/opt/anaconda3/lib/python3.8/site-packages/airflow/example_dags/example_nested_branch_dag.py
[2021-11-27 15:30:22,999] {processor.py:637} INFO - DAG(s) dict_keys(['example_nested_branch_dag']) retrieved from /Users/danielcollins/opt/anaconda3/lib/python3.8/site-packages/airflow/example_dags/example_nested_branch_dag.py
[2021-11-27 15:30:23,132] {logging_mixin.py:109} INFO - [2021-11-27 15:30:23,120] {dag.py:2396} INFO - Sync 1 DAGs
[2021-11-27 15:30:23,187] {logging_mixin.py:109} INFO - [2021-11-27 15:30:23,186] {dag.py:2928} INFO - Setting next_dagrun for example_nested_branch_dag to 2021-11-26 00:00:00+00:00
[2021-11-27 15:30:23,223] {processor.py:171} INFO - Processing /Users/danielcollins/opt/anaconda3/lib/python3.8/site-packages/airflow/example_dags/example_nested_branch_dag.py took 0.359 seconds
[2021-11-27 15:48:41,068] {processor.py:163} INFO - Started process (PID=32422) to work on /Users/danielcollins/opt/anaconda3/lib/python3.8/site-packages/airflow/example_dags/example_nested_branch_dag.py
[2021-11-27 15:48:41,069] {processor.py:625} INFO - Processing file /Users/danielcollins/opt/anaconda3/lib/python3.8/site-packages/airflow/example_dags/example_nested_branch_dag.py for tasks to queue
[2021-11-27 15:48:41,089] {logging_mixin.py:109} INFO - [2021-11-27 15:48:41,089] {dagbag.py:500} INFO - Filling up the DagBag from /Users/danielcollins/opt/anaconda3/lib/python3.8/site-packages/airflow/example_dags/example_nested_branch_dag.py
[2021-11-27 15:48:41,164] {processor.py:637} INFO - DAG(s) dict_keys(['example_nested_branch_dag']) retrieved from /Users/danielcollins/opt/anaconda3/lib/python3.8/site-packages/airflow/example_dags/example_nested_branch_dag.py
[2021-11-27 15:48:41,239] {logging_mixin.py:109} INFO - [2021-11-27 15:48:41,238] {dag.py:2396} INFO - Sync 1 DAGs
[2021-11-27 15:48:41,266] {logging_mixin.py:109} INFO - [2021-11-27 15:48:41,265] {dag.py:2928} INFO - Setting next_dagrun for example_nested_branch_dag to 2021-11-26 00:00:00+00:00
[2021-11-27 15:48:41,275] {processor.py:171} INFO - Processing /Users/danielcollins/opt/anaconda3/lib/python3.8/site-packages/airflow/example_dags/example_nested_branch_dag.py took 0.207 seconds
[2021-11-27 15:51:39,723] {processor.py:163} INFO - Started process (PID=32613) to work on /Users/danielcollins/opt/anaconda3/lib/python3.8/site-packages/airflow/example_dags/example_nested_branch_dag.py
[2021-11-27 15:51:39,727] {processor.py:625} INFO - Processing file /Users/danielcollins/opt/anaconda3/lib/python3.8/site-packages/airflow/example_dags/example_nested_branch_dag.py for tasks to queue
[2021-11-27 15:51:39,739] {logging_mixin.py:109} INFO - [2021-11-27 15:51:39,727] {dagbag.py:500} INFO - Filling up the DagBag from /Users/danielcollins/opt/anaconda3/lib/python3.8/site-packages/airflow/example_dags/example_nested_branch_dag.py
[2021-11-27 15:51:39,888] {processor.py:637} INFO - DAG(s) dict_keys(['example_nested_branch_dag']) retrieved from /Users/danielcollins/opt/anaconda3/lib/python3.8/site-packages/airflow/example_dags/example_nested_branch_dag.py
[2021-11-27 15:51:39,966] {logging_mixin.py:109} INFO - [2021-11-27 15:51:39,966] {dag.py:2396} INFO - Sync 1 DAGs
[2021-11-27 15:51:40,027] {logging_mixin.py:109} INFO - [2021-11-27 15:51:40,026] {dag.py:2928} INFO - Setting next_dagrun for example_nested_branch_dag to 2021-11-26 00:00:00+00:00
[2021-11-27 15:51:40,066] {processor.py:171} INFO - Processing /Users/danielcollins/opt/anaconda3/lib/python3.8/site-packages/airflow/example_dags/example_nested_branch_dag.py took 0.349 seconds
[2021-11-27 16:28:22,158] {processor.py:163} INFO - Started process (PID=32817) to work on /Users/danielcollins/opt/anaconda3/lib/python3.8/site-packages/airflow/example_dags/example_nested_branch_dag.py
[2021-11-27 16:28:22,160] {processor.py:625} INFO - Processing file /Users/danielcollins/opt/anaconda3/lib/python3.8/site-packages/airflow/example_dags/example_nested_branch_dag.py for tasks to queue
[2021-11-27 16:28:22,161] {logging_mixin.py:109} INFO - [2021-11-27 16:28:22,161] {dagbag.py:500} INFO - Filling up the DagBag from /Users/danielcollins/opt/anaconda3/lib/python3.8/site-packages/airflow/example_dags/example_nested_branch_dag.py
[2021-11-27 16:28:22,286] {processor.py:637} INFO - DAG(s) dict_keys(['example_nested_branch_dag']) retrieved from /Users/danielcollins/opt/anaconda3/lib/python3.8/site-packages/airflow/example_dags/example_nested_branch_dag.py
[2021-11-27 16:28:22,448] {logging_mixin.py:109} INFO - [2021-11-27 16:28:22,447] {dag.py:2396} INFO - Sync 1 DAGs
[2021-11-27 16:28:22,526] {logging_mixin.py:109} INFO - [2021-11-27 16:28:22,520] {dag.py:2928} INFO - Setting next_dagrun for example_nested_branch_dag to 2021-11-26 00:00:00+00:00
[2021-11-27 16:28:22,567] {processor.py:171} INFO - Processing /Users/danielcollins/opt/anaconda3/lib/python3.8/site-packages/airflow/example_dags/example_nested_branch_dag.py took 0.430 seconds
[2021-11-27 16:52:19,969] {processor.py:163} INFO - Started process (PID=32972) to work on /Users/danielcollins/opt/anaconda3/lib/python3.8/site-packages/airflow/example_dags/example_nested_branch_dag.py
[2021-11-27 16:52:19,970] {processor.py:625} INFO - Processing file /Users/danielcollins/opt/anaconda3/lib/python3.8/site-packages/airflow/example_dags/example_nested_branch_dag.py for tasks to queue
[2021-11-27 16:52:19,970] {logging_mixin.py:109} INFO - [2021-11-27 16:52:19,970] {dagbag.py:500} INFO - Filling up the DagBag from /Users/danielcollins/opt/anaconda3/lib/python3.8/site-packages/airflow/example_dags/example_nested_branch_dag.py
[2021-11-27 16:52:20,033] {processor.py:637} INFO - DAG(s) dict_keys(['example_nested_branch_dag']) retrieved from /Users/danielcollins/opt/anaconda3/lib/python3.8/site-packages/airflow/example_dags/example_nested_branch_dag.py
[2021-11-27 16:52:20,052] {logging_mixin.py:109} INFO - [2021-11-27 16:52:20,052] {dag.py:2396} INFO - Sync 1 DAGs
[2021-11-27 16:52:20,075] {logging_mixin.py:109} INFO - [2021-11-27 16:52:20,075] {dag.py:2928} INFO - Setting next_dagrun for example_nested_branch_dag to 2021-11-26 00:00:00+00:00
[2021-11-27 16:52:20,089] {processor.py:171} INFO - Processing /Users/danielcollins/opt/anaconda3/lib/python3.8/site-packages/airflow/example_dags/example_nested_branch_dag.py took 0.121 seconds
[2021-11-27 16:53:52,369] {processor.py:163} INFO - Started process (PID=33120) to work on /Users/danielcollins/opt/anaconda3/lib/python3.8/site-packages/airflow/example_dags/example_nested_branch_dag.py
[2021-11-27 16:53:52,370] {processor.py:625} INFO - Processing file /Users/danielcollins/opt/anaconda3/lib/python3.8/site-packages/airflow/example_dags/example_nested_branch_dag.py for tasks to queue
[2021-11-27 16:53:52,370] {logging_mixin.py:109} INFO - [2021-11-27 16:53:52,370] {dagbag.py:500} INFO - Filling up the DagBag from /Users/danielcollins/opt/anaconda3/lib/python3.8/site-packages/airflow/example_dags/example_nested_branch_dag.py
[2021-11-27 16:53:52,402] {processor.py:637} INFO - DAG(s) dict_keys(['example_nested_branch_dag']) retrieved from /Users/danielcollins/opt/anaconda3/lib/python3.8/site-packages/airflow/example_dags/example_nested_branch_dag.py
[2021-11-27 16:53:52,412] {logging_mixin.py:109} INFO - [2021-11-27 16:53:52,412] {dag.py:2396} INFO - Sync 1 DAGs
[2021-11-27 16:53:52,417] {logging_mixin.py:109} INFO - [2021-11-27 16:53:52,417] {dag.py:2928} INFO - Setting next_dagrun for example_nested_branch_dag to 2021-11-26 00:00:00+00:00
[2021-11-27 16:53:52,427] {processor.py:171} INFO - Processing /Users/danielcollins/opt/anaconda3/lib/python3.8/site-packages/airflow/example_dags/example_nested_branch_dag.py took 0.058 seconds
[2021-11-27 16:55:18,245] {processor.py:163} INFO - Started process (PID=33281) to work on /Users/danielcollins/opt/anaconda3/lib/python3.8/site-packages/airflow/example_dags/example_nested_branch_dag.py
[2021-11-27 16:55:18,245] {processor.py:625} INFO - Processing file /Users/danielcollins/opt/anaconda3/lib/python3.8/site-packages/airflow/example_dags/example_nested_branch_dag.py for tasks to queue
[2021-11-27 16:55:18,245] {logging_mixin.py:109} INFO - [2021-11-27 16:55:18,245] {dagbag.py:500} INFO - Filling up the DagBag from /Users/danielcollins/opt/anaconda3/lib/python3.8/site-packages/airflow/example_dags/example_nested_branch_dag.py
[2021-11-27 16:55:18,278] {processor.py:637} INFO - DAG(s) dict_keys(['example_nested_branch_dag']) retrieved from /Users/danielcollins/opt/anaconda3/lib/python3.8/site-packages/airflow/example_dags/example_nested_branch_dag.py
[2021-11-27 16:55:18,289] {logging_mixin.py:109} INFO - [2021-11-27 16:55:18,289] {dag.py:2396} INFO - Sync 1 DAGs
[2021-11-27 16:55:18,293] {logging_mixin.py:109} INFO - [2021-11-27 16:55:18,293] {dag.py:2928} INFO - Setting next_dagrun for example_nested_branch_dag to 2021-11-26 00:00:00+00:00
[2021-11-27 16:55:18,304] {processor.py:171} INFO - Processing /Users/danielcollins/opt/anaconda3/lib/python3.8/site-packages/airflow/example_dags/example_nested_branch_dag.py took 0.059 seconds
