[2021-11-26 17:00:45,906] {processor.py:163} INFO - Started process (PID=19284) to work on /Users/danielcollins/opt/anaconda3/lib/python3.8/site-packages/airflow/example_dags/example_branch_labels.py
[2021-11-26 17:00:45,907] {processor.py:625} INFO - Processing file /Users/danielcollins/opt/anaconda3/lib/python3.8/site-packages/airflow/example_dags/example_branch_labels.py for tasks to queue
[2021-11-26 17:00:45,907] {logging_mixin.py:109} INFO - [2021-11-26 17:00:45,907] {dagbag.py:500} INFO - Filling up the DagBag from /Users/danielcollins/opt/anaconda3/lib/python3.8/site-packages/airflow/example_dags/example_branch_labels.py
[2021-11-26 17:00:45,926] {processor.py:637} INFO - DAG(s) dict_keys(['example_branch_labels']) retrieved from /Users/danielcollins/opt/anaconda3/lib/python3.8/site-packages/airflow/example_dags/example_branch_labels.py
[2021-11-26 17:00:45,936] {logging_mixin.py:109} INFO - [2021-11-26 17:00:45,936] {dag.py:2396} INFO - Sync 1 DAGs
[2021-11-26 17:00:45,941] {logging_mixin.py:109} INFO - [2021-11-26 17:00:45,941] {dag.py:2928} INFO - Setting next_dagrun for example_branch_labels to 2021-11-26 00:00:00+00:00
[2021-11-26 17:00:45,946] {processor.py:171} INFO - Processing /Users/danielcollins/opt/anaconda3/lib/python3.8/site-packages/airflow/example_dags/example_branch_labels.py took 0.040 seconds
[2021-11-26 17:02:08,592] {processor.py:163} INFO - Started process (PID=19444) to work on /Users/danielcollins/opt/anaconda3/lib/python3.8/site-packages/airflow/example_dags/example_branch_labels.py
[2021-11-26 17:02:08,592] {processor.py:625} INFO - Processing file /Users/danielcollins/opt/anaconda3/lib/python3.8/site-packages/airflow/example_dags/example_branch_labels.py for tasks to queue
[2021-11-26 17:02:08,592] {logging_mixin.py:109} INFO - [2021-11-26 17:02:08,592] {dagbag.py:500} INFO - Filling up the DagBag from /Users/danielcollins/opt/anaconda3/lib/python3.8/site-packages/airflow/example_dags/example_branch_labels.py
[2021-11-26 17:02:08,611] {processor.py:637} INFO - DAG(s) dict_keys(['example_branch_labels']) retrieved from /Users/danielcollins/opt/anaconda3/lib/python3.8/site-packages/airflow/example_dags/example_branch_labels.py
[2021-11-26 17:02:08,622] {logging_mixin.py:109} INFO - [2021-11-26 17:02:08,622] {dag.py:2396} INFO - Sync 1 DAGs
[2021-11-26 17:02:08,627] {logging_mixin.py:109} INFO - [2021-11-26 17:02:08,627] {dag.py:2928} INFO - Setting next_dagrun for example_branch_labels to 2021-11-26 00:00:00+00:00
[2021-11-26 17:02:08,631] {processor.py:171} INFO - Processing /Users/danielcollins/opt/anaconda3/lib/python3.8/site-packages/airflow/example_dags/example_branch_labels.py took 0.040 seconds
[2021-11-26 17:03:30,970] {processor.py:163} INFO - Started process (PID=19561) to work on /Users/danielcollins/opt/anaconda3/lib/python3.8/site-packages/airflow/example_dags/example_branch_labels.py
[2021-11-26 17:03:30,971] {processor.py:625} INFO - Processing file /Users/danielcollins/opt/anaconda3/lib/python3.8/site-packages/airflow/example_dags/example_branch_labels.py for tasks to queue
[2021-11-26 17:03:30,971] {logging_mixin.py:109} INFO - [2021-11-26 17:03:30,971] {dagbag.py:500} INFO - Filling up the DagBag from /Users/danielcollins/opt/anaconda3/lib/python3.8/site-packages/airflow/example_dags/example_branch_labels.py
[2021-11-26 17:03:30,992] {processor.py:637} INFO - DAG(s) dict_keys(['example_branch_labels']) retrieved from /Users/danielcollins/opt/anaconda3/lib/python3.8/site-packages/airflow/example_dags/example_branch_labels.py
[2021-11-26 17:03:31,002] {logging_mixin.py:109} INFO - [2021-11-26 17:03:31,001] {dag.py:2396} INFO - Sync 1 DAGs
[2021-11-26 17:03:31,006] {logging_mixin.py:109} INFO - [2021-11-26 17:03:31,006] {dag.py:2928} INFO - Setting next_dagrun for example_branch_labels to 2021-11-26 00:00:00+00:00
[2021-11-26 17:03:31,012] {processor.py:171} INFO - Processing /Users/danielcollins/opt/anaconda3/lib/python3.8/site-packages/airflow/example_dags/example_branch_labels.py took 0.042 seconds
[2021-11-26 17:04:55,780] {processor.py:163} INFO - Started process (PID=19666) to work on /Users/danielcollins/opt/anaconda3/lib/python3.8/site-packages/airflow/example_dags/example_branch_labels.py
[2021-11-26 17:04:55,781] {processor.py:625} INFO - Processing file /Users/danielcollins/opt/anaconda3/lib/python3.8/site-packages/airflow/example_dags/example_branch_labels.py for tasks to queue
[2021-11-26 17:04:55,781] {logging_mixin.py:109} INFO - [2021-11-26 17:04:55,781] {dagbag.py:500} INFO - Filling up the DagBag from /Users/danielcollins/opt/anaconda3/lib/python3.8/site-packages/airflow/example_dags/example_branch_labels.py
[2021-11-26 17:04:55,800] {processor.py:637} INFO - DAG(s) dict_keys(['example_branch_labels']) retrieved from /Users/danielcollins/opt/anaconda3/lib/python3.8/site-packages/airflow/example_dags/example_branch_labels.py
[2021-11-26 17:04:55,811] {logging_mixin.py:109} INFO - [2021-11-26 17:04:55,811] {dag.py:2396} INFO - Sync 1 DAGs
[2021-11-26 17:04:55,816] {logging_mixin.py:109} INFO - [2021-11-26 17:04:55,816] {dag.py:2928} INFO - Setting next_dagrun for example_branch_labels to 2021-11-26 00:00:00+00:00
[2021-11-26 17:04:55,821] {processor.py:171} INFO - Processing /Users/danielcollins/opt/anaconda3/lib/python3.8/site-packages/airflow/example_dags/example_branch_labels.py took 0.041 seconds
[2021-11-26 17:06:20,138] {processor.py:163} INFO - Started process (PID=19780) to work on /Users/danielcollins/opt/anaconda3/lib/python3.8/site-packages/airflow/example_dags/example_branch_labels.py
[2021-11-26 17:06:20,139] {processor.py:625} INFO - Processing file /Users/danielcollins/opt/anaconda3/lib/python3.8/site-packages/airflow/example_dags/example_branch_labels.py for tasks to queue
[2021-11-26 17:06:20,139] {logging_mixin.py:109} INFO - [2021-11-26 17:06:20,139] {dagbag.py:500} INFO - Filling up the DagBag from /Users/danielcollins/opt/anaconda3/lib/python3.8/site-packages/airflow/example_dags/example_branch_labels.py
[2021-11-26 17:06:20,157] {processor.py:637} INFO - DAG(s) dict_keys(['example_branch_labels']) retrieved from /Users/danielcollins/opt/anaconda3/lib/python3.8/site-packages/airflow/example_dags/example_branch_labels.py
[2021-11-26 17:06:20,167] {logging_mixin.py:109} INFO - [2021-11-26 17:06:20,167] {dag.py:2396} INFO - Sync 1 DAGs
[2021-11-26 17:06:20,172] {logging_mixin.py:109} INFO - [2021-11-26 17:06:20,172] {dag.py:2928} INFO - Setting next_dagrun for example_branch_labels to 2021-11-26 00:00:00+00:00
[2021-11-26 17:06:20,178] {processor.py:171} INFO - Processing /Users/danielcollins/opt/anaconda3/lib/python3.8/site-packages/airflow/example_dags/example_branch_labels.py took 0.040 seconds
[2021-11-26 17:07:42,299] {processor.py:163} INFO - Started process (PID=19881) to work on /Users/danielcollins/opt/anaconda3/lib/python3.8/site-packages/airflow/example_dags/example_branch_labels.py
[2021-11-26 17:07:42,300] {processor.py:625} INFO - Processing file /Users/danielcollins/opt/anaconda3/lib/python3.8/site-packages/airflow/example_dags/example_branch_labels.py for tasks to queue
[2021-11-26 17:07:42,300] {logging_mixin.py:109} INFO - [2021-11-26 17:07:42,300] {dagbag.py:500} INFO - Filling up the DagBag from /Users/danielcollins/opt/anaconda3/lib/python3.8/site-packages/airflow/example_dags/example_branch_labels.py
[2021-11-26 17:07:42,319] {processor.py:637} INFO - DAG(s) dict_keys(['example_branch_labels']) retrieved from /Users/danielcollins/opt/anaconda3/lib/python3.8/site-packages/airflow/example_dags/example_branch_labels.py
[2021-11-26 17:07:42,329] {logging_mixin.py:109} INFO - [2021-11-26 17:07:42,329] {dag.py:2396} INFO - Sync 1 DAGs
[2021-11-26 17:07:42,334] {logging_mixin.py:109} INFO - [2021-11-26 17:07:42,334] {dag.py:2928} INFO - Setting next_dagrun for example_branch_labels to 2021-11-26 00:00:00+00:00
[2021-11-26 17:07:42,339] {processor.py:171} INFO - Processing /Users/danielcollins/opt/anaconda3/lib/python3.8/site-packages/airflow/example_dags/example_branch_labels.py took 0.041 seconds
[2021-11-26 17:09:07,381] {processor.py:163} INFO - Started process (PID=20001) to work on /Users/danielcollins/opt/anaconda3/lib/python3.8/site-packages/airflow/example_dags/example_branch_labels.py
[2021-11-26 17:09:07,381] {processor.py:625} INFO - Processing file /Users/danielcollins/opt/anaconda3/lib/python3.8/site-packages/airflow/example_dags/example_branch_labels.py for tasks to queue
[2021-11-26 17:09:07,381] {logging_mixin.py:109} INFO - [2021-11-26 17:09:07,381] {dagbag.py:500} INFO - Filling up the DagBag from /Users/danielcollins/opt/anaconda3/lib/python3.8/site-packages/airflow/example_dags/example_branch_labels.py
[2021-11-26 17:09:07,400] {processor.py:637} INFO - DAG(s) dict_keys(['example_branch_labels']) retrieved from /Users/danielcollins/opt/anaconda3/lib/python3.8/site-packages/airflow/example_dags/example_branch_labels.py
[2021-11-26 17:09:07,410] {logging_mixin.py:109} INFO - [2021-11-26 17:09:07,410] {dag.py:2396} INFO - Sync 1 DAGs
[2021-11-26 17:09:07,414] {logging_mixin.py:109} INFO - [2021-11-26 17:09:07,414] {dag.py:2928} INFO - Setting next_dagrun for example_branch_labels to 2021-11-26 00:00:00+00:00
[2021-11-26 17:09:07,419] {processor.py:171} INFO - Processing /Users/danielcollins/opt/anaconda3/lib/python3.8/site-packages/airflow/example_dags/example_branch_labels.py took 0.039 seconds
[2021-11-26 17:10:30,789] {processor.py:163} INFO - Started process (PID=20104) to work on /Users/danielcollins/opt/anaconda3/lib/python3.8/site-packages/airflow/example_dags/example_branch_labels.py
[2021-11-26 17:10:30,791] {processor.py:625} INFO - Processing file /Users/danielcollins/opt/anaconda3/lib/python3.8/site-packages/airflow/example_dags/example_branch_labels.py for tasks to queue
[2021-11-26 17:10:30,791] {logging_mixin.py:109} INFO - [2021-11-26 17:10:30,791] {dagbag.py:500} INFO - Filling up the DagBag from /Users/danielcollins/opt/anaconda3/lib/python3.8/site-packages/airflow/example_dags/example_branch_labels.py
[2021-11-26 17:10:30,809] {processor.py:637} INFO - DAG(s) dict_keys(['example_branch_labels']) retrieved from /Users/danielcollins/opt/anaconda3/lib/python3.8/site-packages/airflow/example_dags/example_branch_labels.py
[2021-11-26 17:10:30,825] {logging_mixin.py:109} INFO - [2021-11-26 17:10:30,824] {dag.py:2396} INFO - Sync 1 DAGs
[2021-11-26 17:10:30,830] {logging_mixin.py:109} INFO - [2021-11-26 17:10:30,830] {dag.py:2928} INFO - Setting next_dagrun for example_branch_labels to 2021-11-26 00:00:00+00:00
[2021-11-26 17:10:30,835] {processor.py:171} INFO - Processing /Users/danielcollins/opt/anaconda3/lib/python3.8/site-packages/airflow/example_dags/example_branch_labels.py took 0.046 seconds
[2021-11-26 17:11:55,669] {processor.py:163} INFO - Started process (PID=20219) to work on /Users/danielcollins/opt/anaconda3/lib/python3.8/site-packages/airflow/example_dags/example_branch_labels.py
[2021-11-26 17:11:55,670] {processor.py:625} INFO - Processing file /Users/danielcollins/opt/anaconda3/lib/python3.8/site-packages/airflow/example_dags/example_branch_labels.py for tasks to queue
[2021-11-26 17:11:55,670] {logging_mixin.py:109} INFO - [2021-11-26 17:11:55,670] {dagbag.py:500} INFO - Filling up the DagBag from /Users/danielcollins/opt/anaconda3/lib/python3.8/site-packages/airflow/example_dags/example_branch_labels.py
[2021-11-26 17:11:55,690] {processor.py:637} INFO - DAG(s) dict_keys(['example_branch_labels']) retrieved from /Users/danielcollins/opt/anaconda3/lib/python3.8/site-packages/airflow/example_dags/example_branch_labels.py
[2021-11-26 17:11:55,701] {logging_mixin.py:109} INFO - [2021-11-26 17:11:55,701] {dag.py:2396} INFO - Sync 1 DAGs
[2021-11-26 17:11:55,705] {logging_mixin.py:109} INFO - [2021-11-26 17:11:55,705] {dag.py:2928} INFO - Setting next_dagrun for example_branch_labels to 2021-11-26 00:00:00+00:00
[2021-11-26 17:11:55,710] {processor.py:171} INFO - Processing /Users/danielcollins/opt/anaconda3/lib/python3.8/site-packages/airflow/example_dags/example_branch_labels.py took 0.041 seconds
[2021-11-26 17:13:20,391] {processor.py:163} INFO - Started process (PID=20336) to work on /Users/danielcollins/opt/anaconda3/lib/python3.8/site-packages/airflow/example_dags/example_branch_labels.py
[2021-11-26 17:13:20,392] {processor.py:625} INFO - Processing file /Users/danielcollins/opt/anaconda3/lib/python3.8/site-packages/airflow/example_dags/example_branch_labels.py for tasks to queue
[2021-11-26 17:13:20,393] {logging_mixin.py:109} INFO - [2021-11-26 17:13:20,392] {dagbag.py:500} INFO - Filling up the DagBag from /Users/danielcollins/opt/anaconda3/lib/python3.8/site-packages/airflow/example_dags/example_branch_labels.py
[2021-11-26 17:13:20,412] {processor.py:637} INFO - DAG(s) dict_keys(['example_branch_labels']) retrieved from /Users/danielcollins/opt/anaconda3/lib/python3.8/site-packages/airflow/example_dags/example_branch_labels.py
[2021-11-26 17:13:20,422] {logging_mixin.py:109} INFO - [2021-11-26 17:13:20,422] {dag.py:2396} INFO - Sync 1 DAGs
[2021-11-26 17:13:20,427] {logging_mixin.py:109} INFO - [2021-11-26 17:13:20,427] {dag.py:2928} INFO - Setting next_dagrun for example_branch_labels to 2021-11-26 00:00:00+00:00
[2021-11-26 17:13:20,432] {processor.py:171} INFO - Processing /Users/danielcollins/opt/anaconda3/lib/python3.8/site-packages/airflow/example_dags/example_branch_labels.py took 0.041 seconds
[2021-11-26 17:14:43,693] {processor.py:163} INFO - Started process (PID=20450) to work on /Users/danielcollins/opt/anaconda3/lib/python3.8/site-packages/airflow/example_dags/example_branch_labels.py
[2021-11-26 17:14:43,694] {processor.py:625} INFO - Processing file /Users/danielcollins/opt/anaconda3/lib/python3.8/site-packages/airflow/example_dags/example_branch_labels.py for tasks to queue
[2021-11-26 17:14:43,694] {logging_mixin.py:109} INFO - [2021-11-26 17:14:43,694] {dagbag.py:500} INFO - Filling up the DagBag from /Users/danielcollins/opt/anaconda3/lib/python3.8/site-packages/airflow/example_dags/example_branch_labels.py
[2021-11-26 17:14:43,714] {processor.py:637} INFO - DAG(s) dict_keys(['example_branch_labels']) retrieved from /Users/danielcollins/opt/anaconda3/lib/python3.8/site-packages/airflow/example_dags/example_branch_labels.py
[2021-11-26 17:14:43,726] {logging_mixin.py:109} INFO - [2021-11-26 17:14:43,726] {dag.py:2396} INFO - Sync 1 DAGs
[2021-11-26 17:14:43,731] {logging_mixin.py:109} INFO - [2021-11-26 17:14:43,731] {dag.py:2928} INFO - Setting next_dagrun for example_branch_labels to 2021-11-26 00:00:00+00:00
[2021-11-26 17:14:43,744] {processor.py:171} INFO - Processing /Users/danielcollins/opt/anaconda3/lib/python3.8/site-packages/airflow/example_dags/example_branch_labels.py took 0.051 seconds
[2021-11-26 17:16:05,697] {processor.py:163} INFO - Started process (PID=20568) to work on /Users/danielcollins/opt/anaconda3/lib/python3.8/site-packages/airflow/example_dags/example_branch_labels.py
[2021-11-26 17:16:05,697] {processor.py:625} INFO - Processing file /Users/danielcollins/opt/anaconda3/lib/python3.8/site-packages/airflow/example_dags/example_branch_labels.py for tasks to queue
[2021-11-26 17:16:05,697] {logging_mixin.py:109} INFO - [2021-11-26 17:16:05,697] {dagbag.py:500} INFO - Filling up the DagBag from /Users/danielcollins/opt/anaconda3/lib/python3.8/site-packages/airflow/example_dags/example_branch_labels.py
[2021-11-26 17:16:05,717] {processor.py:637} INFO - DAG(s) dict_keys(['example_branch_labels']) retrieved from /Users/danielcollins/opt/anaconda3/lib/python3.8/site-packages/airflow/example_dags/example_branch_labels.py
[2021-11-26 17:16:05,727] {logging_mixin.py:109} INFO - [2021-11-26 17:16:05,727] {dag.py:2396} INFO - Sync 1 DAGs
[2021-11-26 17:16:05,731] {logging_mixin.py:109} INFO - [2021-11-26 17:16:05,731] {dag.py:2928} INFO - Setting next_dagrun for example_branch_labels to 2021-11-26 00:00:00+00:00
[2021-11-26 17:16:05,738] {processor.py:171} INFO - Processing /Users/danielcollins/opt/anaconda3/lib/python3.8/site-packages/airflow/example_dags/example_branch_labels.py took 0.041 seconds
[2021-11-26 17:17:27,750] {processor.py:163} INFO - Started process (PID=20746) to work on /Users/danielcollins/opt/anaconda3/lib/python3.8/site-packages/airflow/example_dags/example_branch_labels.py
[2021-11-26 17:17:27,751] {processor.py:625} INFO - Processing file /Users/danielcollins/opt/anaconda3/lib/python3.8/site-packages/airflow/example_dags/example_branch_labels.py for tasks to queue
[2021-11-26 17:17:27,751] {logging_mixin.py:109} INFO - [2021-11-26 17:17:27,751] {dagbag.py:500} INFO - Filling up the DagBag from /Users/danielcollins/opt/anaconda3/lib/python3.8/site-packages/airflow/example_dags/example_branch_labels.py
[2021-11-26 17:17:27,771] {processor.py:637} INFO - DAG(s) dict_keys(['example_branch_labels']) retrieved from /Users/danielcollins/opt/anaconda3/lib/python3.8/site-packages/airflow/example_dags/example_branch_labels.py
[2021-11-26 17:17:27,781] {logging_mixin.py:109} INFO - [2021-11-26 17:17:27,781] {dag.py:2396} INFO - Sync 1 DAGs
[2021-11-26 17:17:27,786] {logging_mixin.py:109} INFO - [2021-11-26 17:17:27,786] {dag.py:2928} INFO - Setting next_dagrun for example_branch_labels to 2021-11-26 00:00:00+00:00
[2021-11-26 17:17:27,791] {processor.py:171} INFO - Processing /Users/danielcollins/opt/anaconda3/lib/python3.8/site-packages/airflow/example_dags/example_branch_labels.py took 0.041 seconds
[2021-11-26 17:18:53,764] {processor.py:163} INFO - Started process (PID=20929) to work on /Users/danielcollins/opt/anaconda3/lib/python3.8/site-packages/airflow/example_dags/example_branch_labels.py
[2021-11-26 17:18:53,765] {processor.py:625} INFO - Processing file /Users/danielcollins/opt/anaconda3/lib/python3.8/site-packages/airflow/example_dags/example_branch_labels.py for tasks to queue
[2021-11-26 17:18:53,765] {logging_mixin.py:109} INFO - [2021-11-26 17:18:53,765] {dagbag.py:500} INFO - Filling up the DagBag from /Users/danielcollins/opt/anaconda3/lib/python3.8/site-packages/airflow/example_dags/example_branch_labels.py
[2021-11-26 17:18:53,785] {processor.py:637} INFO - DAG(s) dict_keys(['example_branch_labels']) retrieved from /Users/danielcollins/opt/anaconda3/lib/python3.8/site-packages/airflow/example_dags/example_branch_labels.py
[2021-11-26 17:18:53,796] {logging_mixin.py:109} INFO - [2021-11-26 17:18:53,796] {dag.py:2396} INFO - Sync 1 DAGs
[2021-11-26 17:18:53,801] {logging_mixin.py:109} INFO - [2021-11-26 17:18:53,801] {dag.py:2928} INFO - Setting next_dagrun for example_branch_labels to 2021-11-26 00:00:00+00:00
[2021-11-26 17:18:53,809] {processor.py:171} INFO - Processing /Users/danielcollins/opt/anaconda3/lib/python3.8/site-packages/airflow/example_dags/example_branch_labels.py took 0.045 seconds
[2021-11-26 17:20:20,862] {processor.py:163} INFO - Started process (PID=21055) to work on /Users/danielcollins/opt/anaconda3/lib/python3.8/site-packages/airflow/example_dags/example_branch_labels.py
[2021-11-26 17:20:20,863] {processor.py:625} INFO - Processing file /Users/danielcollins/opt/anaconda3/lib/python3.8/site-packages/airflow/example_dags/example_branch_labels.py for tasks to queue
[2021-11-26 17:20:20,863] {logging_mixin.py:109} INFO - [2021-11-26 17:20:20,863] {dagbag.py:500} INFO - Filling up the DagBag from /Users/danielcollins/opt/anaconda3/lib/python3.8/site-packages/airflow/example_dags/example_branch_labels.py
[2021-11-26 17:20:20,881] {processor.py:637} INFO - DAG(s) dict_keys(['example_branch_labels']) retrieved from /Users/danielcollins/opt/anaconda3/lib/python3.8/site-packages/airflow/example_dags/example_branch_labels.py
[2021-11-26 17:20:20,891] {logging_mixin.py:109} INFO - [2021-11-26 17:20:20,891] {dag.py:2396} INFO - Sync 1 DAGs
[2021-11-26 17:20:20,896] {logging_mixin.py:109} INFO - [2021-11-26 17:20:20,896] {dag.py:2928} INFO - Setting next_dagrun for example_branch_labels to 2021-11-26 00:00:00+00:00
[2021-11-26 17:20:20,908] {processor.py:171} INFO - Processing /Users/danielcollins/opt/anaconda3/lib/python3.8/site-packages/airflow/example_dags/example_branch_labels.py took 0.046 seconds
[2021-11-26 17:21:45,154] {processor.py:163} INFO - Started process (PID=21175) to work on /Users/danielcollins/opt/anaconda3/lib/python3.8/site-packages/airflow/example_dags/example_branch_labels.py
[2021-11-26 17:21:45,154] {processor.py:625} INFO - Processing file /Users/danielcollins/opt/anaconda3/lib/python3.8/site-packages/airflow/example_dags/example_branch_labels.py for tasks to queue
[2021-11-26 17:21:45,154] {logging_mixin.py:109} INFO - [2021-11-26 17:21:45,154] {dagbag.py:500} INFO - Filling up the DagBag from /Users/danielcollins/opt/anaconda3/lib/python3.8/site-packages/airflow/example_dags/example_branch_labels.py
[2021-11-26 17:21:45,173] {processor.py:637} INFO - DAG(s) dict_keys(['example_branch_labels']) retrieved from /Users/danielcollins/opt/anaconda3/lib/python3.8/site-packages/airflow/example_dags/example_branch_labels.py
[2021-11-26 17:21:45,188] {logging_mixin.py:109} INFO - [2021-11-26 17:21:45,188] {dag.py:2396} INFO - Sync 1 DAGs
[2021-11-26 17:21:45,193] {logging_mixin.py:109} INFO - [2021-11-26 17:21:45,193] {dag.py:2928} INFO - Setting next_dagrun for example_branch_labels to 2021-11-26 00:00:00+00:00
[2021-11-26 17:21:45,200] {processor.py:171} INFO - Processing /Users/danielcollins/opt/anaconda3/lib/python3.8/site-packages/airflow/example_dags/example_branch_labels.py took 0.046 seconds
[2021-11-26 17:23:07,037] {processor.py:163} INFO - Started process (PID=21307) to work on /Users/danielcollins/opt/anaconda3/lib/python3.8/site-packages/airflow/example_dags/example_branch_labels.py
[2021-11-26 17:23:07,038] {processor.py:625} INFO - Processing file /Users/danielcollins/opt/anaconda3/lib/python3.8/site-packages/airflow/example_dags/example_branch_labels.py for tasks to queue
[2021-11-26 17:23:07,038] {logging_mixin.py:109} INFO - [2021-11-26 17:23:07,038] {dagbag.py:500} INFO - Filling up the DagBag from /Users/danielcollins/opt/anaconda3/lib/python3.8/site-packages/airflow/example_dags/example_branch_labels.py
[2021-11-26 17:23:07,057] {processor.py:637} INFO - DAG(s) dict_keys(['example_branch_labels']) retrieved from /Users/danielcollins/opt/anaconda3/lib/python3.8/site-packages/airflow/example_dags/example_branch_labels.py
[2021-11-26 17:23:07,067] {logging_mixin.py:109} INFO - [2021-11-26 17:23:07,067] {dag.py:2396} INFO - Sync 1 DAGs
[2021-11-26 17:23:07,072] {logging_mixin.py:109} INFO - [2021-11-26 17:23:07,072] {dag.py:2928} INFO - Setting next_dagrun for example_branch_labels to 2021-11-26 00:00:00+00:00
[2021-11-26 17:23:07,078] {processor.py:171} INFO - Processing /Users/danielcollins/opt/anaconda3/lib/python3.8/site-packages/airflow/example_dags/example_branch_labels.py took 0.041 seconds
[2021-11-26 17:24:30,731] {processor.py:163} INFO - Started process (PID=21421) to work on /Users/danielcollins/opt/anaconda3/lib/python3.8/site-packages/airflow/example_dags/example_branch_labels.py
[2021-11-26 17:24:30,731] {processor.py:625} INFO - Processing file /Users/danielcollins/opt/anaconda3/lib/python3.8/site-packages/airflow/example_dags/example_branch_labels.py for tasks to queue
[2021-11-26 17:24:30,731] {logging_mixin.py:109} INFO - [2021-11-26 17:24:30,731] {dagbag.py:500} INFO - Filling up the DagBag from /Users/danielcollins/opt/anaconda3/lib/python3.8/site-packages/airflow/example_dags/example_branch_labels.py
[2021-11-26 17:24:30,750] {processor.py:637} INFO - DAG(s) dict_keys(['example_branch_labels']) retrieved from /Users/danielcollins/opt/anaconda3/lib/python3.8/site-packages/airflow/example_dags/example_branch_labels.py
[2021-11-26 17:24:30,760] {logging_mixin.py:109} INFO - [2021-11-26 17:24:30,760] {dag.py:2396} INFO - Sync 1 DAGs
[2021-11-26 17:24:30,765] {logging_mixin.py:109} INFO - [2021-11-26 17:24:30,765] {dag.py:2928} INFO - Setting next_dagrun for example_branch_labels to 2021-11-26 00:00:00+00:00
[2021-11-26 17:24:30,774] {processor.py:171} INFO - Processing /Users/danielcollins/opt/anaconda3/lib/python3.8/site-packages/airflow/example_dags/example_branch_labels.py took 0.044 seconds
[2021-11-26 17:25:56,799] {processor.py:163} INFO - Started process (PID=21651) to work on /Users/danielcollins/opt/anaconda3/lib/python3.8/site-packages/airflow/example_dags/example_branch_labels.py
[2021-11-26 17:25:56,799] {processor.py:625} INFO - Processing file /Users/danielcollins/opt/anaconda3/lib/python3.8/site-packages/airflow/example_dags/example_branch_labels.py for tasks to queue
[2021-11-26 17:25:56,799] {logging_mixin.py:109} INFO - [2021-11-26 17:25:56,799] {dagbag.py:500} INFO - Filling up the DagBag from /Users/danielcollins/opt/anaconda3/lib/python3.8/site-packages/airflow/example_dags/example_branch_labels.py
[2021-11-26 17:25:56,821] {processor.py:637} INFO - DAG(s) dict_keys(['example_branch_labels']) retrieved from /Users/danielcollins/opt/anaconda3/lib/python3.8/site-packages/airflow/example_dags/example_branch_labels.py
[2021-11-26 17:25:56,843] {logging_mixin.py:109} INFO - [2021-11-26 17:25:56,842] {dag.py:2396} INFO - Sync 1 DAGs
[2021-11-26 17:25:56,848] {logging_mixin.py:109} INFO - [2021-11-26 17:25:56,848] {dag.py:2928} INFO - Setting next_dagrun for example_branch_labels to 2021-11-26 00:00:00+00:00
[2021-11-26 17:25:56,861] {processor.py:171} INFO - Processing /Users/danielcollins/opt/anaconda3/lib/python3.8/site-packages/airflow/example_dags/example_branch_labels.py took 0.063 seconds
[2021-11-26 17:27:32,176] {processor.py:163} INFO - Started process (PID=22293) to work on /Users/danielcollins/opt/anaconda3/lib/python3.8/site-packages/airflow/example_dags/example_branch_labels.py
[2021-11-26 17:27:32,177] {processor.py:625} INFO - Processing file /Users/danielcollins/opt/anaconda3/lib/python3.8/site-packages/airflow/example_dags/example_branch_labels.py for tasks to queue
[2021-11-26 17:27:32,177] {logging_mixin.py:109} INFO - [2021-11-26 17:27:32,177] {dagbag.py:500} INFO - Filling up the DagBag from /Users/danielcollins/opt/anaconda3/lib/python3.8/site-packages/airflow/example_dags/example_branch_labels.py
[2021-11-26 17:27:32,196] {processor.py:637} INFO - DAG(s) dict_keys(['example_branch_labels']) retrieved from /Users/danielcollins/opt/anaconda3/lib/python3.8/site-packages/airflow/example_dags/example_branch_labels.py
[2021-11-26 17:27:32,206] {logging_mixin.py:109} INFO - [2021-11-26 17:27:32,206] {dag.py:2396} INFO - Sync 1 DAGs
[2021-11-26 17:27:32,211] {logging_mixin.py:109} INFO - [2021-11-26 17:27:32,211] {dag.py:2928} INFO - Setting next_dagrun for example_branch_labels to 2021-11-26 00:00:00+00:00
[2021-11-26 17:27:32,218] {processor.py:171} INFO - Processing /Users/danielcollins/opt/anaconda3/lib/python3.8/site-packages/airflow/example_dags/example_branch_labels.py took 0.042 seconds
[2021-11-26 17:28:58,844] {processor.py:163} INFO - Started process (PID=22409) to work on /Users/danielcollins/opt/anaconda3/lib/python3.8/site-packages/airflow/example_dags/example_branch_labels.py
[2021-11-26 17:28:58,845] {processor.py:625} INFO - Processing file /Users/danielcollins/opt/anaconda3/lib/python3.8/site-packages/airflow/example_dags/example_branch_labels.py for tasks to queue
[2021-11-26 17:28:58,845] {logging_mixin.py:109} INFO - [2021-11-26 17:28:58,845] {dagbag.py:500} INFO - Filling up the DagBag from /Users/danielcollins/opt/anaconda3/lib/python3.8/site-packages/airflow/example_dags/example_branch_labels.py
[2021-11-26 17:28:58,863] {processor.py:637} INFO - DAG(s) dict_keys(['example_branch_labels']) retrieved from /Users/danielcollins/opt/anaconda3/lib/python3.8/site-packages/airflow/example_dags/example_branch_labels.py
[2021-11-26 17:28:58,879] {logging_mixin.py:109} INFO - [2021-11-26 17:28:58,879] {dag.py:2396} INFO - Sync 1 DAGs
[2021-11-26 17:28:58,884] {logging_mixin.py:109} INFO - [2021-11-26 17:28:58,884] {dag.py:2928} INFO - Setting next_dagrun for example_branch_labels to 2021-11-26 00:00:00+00:00
[2021-11-26 17:28:58,891] {processor.py:171} INFO - Processing /Users/danielcollins/opt/anaconda3/lib/python3.8/site-packages/airflow/example_dags/example_branch_labels.py took 0.047 seconds
[2021-11-26 17:30:20,232] {processor.py:163} INFO - Started process (PID=22535) to work on /Users/danielcollins/opt/anaconda3/lib/python3.8/site-packages/airflow/example_dags/example_branch_labels.py
[2021-11-26 17:30:20,233] {processor.py:625} INFO - Processing file /Users/danielcollins/opt/anaconda3/lib/python3.8/site-packages/airflow/example_dags/example_branch_labels.py for tasks to queue
[2021-11-26 17:30:20,233] {logging_mixin.py:109} INFO - [2021-11-26 17:30:20,233] {dagbag.py:500} INFO - Filling up the DagBag from /Users/danielcollins/opt/anaconda3/lib/python3.8/site-packages/airflow/example_dags/example_branch_labels.py
[2021-11-26 17:30:20,251] {processor.py:637} INFO - DAG(s) dict_keys(['example_branch_labels']) retrieved from /Users/danielcollins/opt/anaconda3/lib/python3.8/site-packages/airflow/example_dags/example_branch_labels.py
[2021-11-26 17:30:20,260] {logging_mixin.py:109} INFO - [2021-11-26 17:30:20,260] {dag.py:2396} INFO - Sync 1 DAGs
[2021-11-26 17:30:20,265] {logging_mixin.py:109} INFO - [2021-11-26 17:30:20,265] {dag.py:2928} INFO - Setting next_dagrun for example_branch_labels to 2021-11-26 00:00:00+00:00
[2021-11-26 17:30:20,271] {processor.py:171} INFO - Processing /Users/danielcollins/opt/anaconda3/lib/python3.8/site-packages/airflow/example_dags/example_branch_labels.py took 0.039 seconds
[2021-11-26 17:31:42,270] {processor.py:163} INFO - Started process (PID=22655) to work on /Users/danielcollins/opt/anaconda3/lib/python3.8/site-packages/airflow/example_dags/example_branch_labels.py
[2021-11-26 17:31:42,271] {processor.py:625} INFO - Processing file /Users/danielcollins/opt/anaconda3/lib/python3.8/site-packages/airflow/example_dags/example_branch_labels.py for tasks to queue
[2021-11-26 17:31:42,271] {logging_mixin.py:109} INFO - [2021-11-26 17:31:42,271] {dagbag.py:500} INFO - Filling up the DagBag from /Users/danielcollins/opt/anaconda3/lib/python3.8/site-packages/airflow/example_dags/example_branch_labels.py
[2021-11-26 17:31:42,291] {processor.py:637} INFO - DAG(s) dict_keys(['example_branch_labels']) retrieved from /Users/danielcollins/opt/anaconda3/lib/python3.8/site-packages/airflow/example_dags/example_branch_labels.py
[2021-11-26 17:31:42,301] {logging_mixin.py:109} INFO - [2021-11-26 17:31:42,301] {dag.py:2396} INFO - Sync 1 DAGs
[2021-11-26 17:31:42,306] {logging_mixin.py:109} INFO - [2021-11-26 17:31:42,306] {dag.py:2928} INFO - Setting next_dagrun for example_branch_labels to 2021-11-26 00:00:00+00:00
[2021-11-26 17:31:42,314] {processor.py:171} INFO - Processing /Users/danielcollins/opt/anaconda3/lib/python3.8/site-packages/airflow/example_dags/example_branch_labels.py took 0.044 seconds
[2021-11-26 17:33:18,220] {processor.py:163} INFO - Started process (PID=22938) to work on /Users/danielcollins/opt/anaconda3/lib/python3.8/site-packages/airflow/example_dags/example_branch_labels.py
[2021-11-26 17:33:18,220] {processor.py:625} INFO - Processing file /Users/danielcollins/opt/anaconda3/lib/python3.8/site-packages/airflow/example_dags/example_branch_labels.py for tasks to queue
[2021-11-26 17:33:18,220] {logging_mixin.py:109} INFO - [2021-11-26 17:33:18,220] {dagbag.py:500} INFO - Filling up the DagBag from /Users/danielcollins/opt/anaconda3/lib/python3.8/site-packages/airflow/example_dags/example_branch_labels.py
[2021-11-26 17:33:18,240] {processor.py:637} INFO - DAG(s) dict_keys(['example_branch_labels']) retrieved from /Users/danielcollins/opt/anaconda3/lib/python3.8/site-packages/airflow/example_dags/example_branch_labels.py
[2021-11-26 17:33:18,250] {logging_mixin.py:109} INFO - [2021-11-26 17:33:18,250] {dag.py:2396} INFO - Sync 1 DAGs
[2021-11-26 17:33:18,255] {logging_mixin.py:109} INFO - [2021-11-26 17:33:18,255] {dag.py:2928} INFO - Setting next_dagrun for example_branch_labels to 2021-11-26 00:00:00+00:00
[2021-11-26 17:33:18,262] {processor.py:171} INFO - Processing /Users/danielcollins/opt/anaconda3/lib/python3.8/site-packages/airflow/example_dags/example_branch_labels.py took 0.042 seconds
[2021-11-26 17:51:33,409] {processor.py:163} INFO - Started process (PID=23169) to work on /Users/danielcollins/opt/anaconda3/lib/python3.8/site-packages/airflow/example_dags/example_branch_labels.py
[2021-11-26 17:51:33,409] {processor.py:625} INFO - Processing file /Users/danielcollins/opt/anaconda3/lib/python3.8/site-packages/airflow/example_dags/example_branch_labels.py for tasks to queue
[2021-11-26 17:51:33,409] {logging_mixin.py:109} INFO - [2021-11-26 17:51:33,409] {dagbag.py:500} INFO - Filling up the DagBag from /Users/danielcollins/opt/anaconda3/lib/python3.8/site-packages/airflow/example_dags/example_branch_labels.py
[2021-11-26 17:51:33,428] {processor.py:637} INFO - DAG(s) dict_keys(['example_branch_labels']) retrieved from /Users/danielcollins/opt/anaconda3/lib/python3.8/site-packages/airflow/example_dags/example_branch_labels.py
[2021-11-26 17:51:33,438] {logging_mixin.py:109} INFO - [2021-11-26 17:51:33,438] {dag.py:2396} INFO - Sync 1 DAGs
[2021-11-26 17:51:33,443] {logging_mixin.py:109} INFO - [2021-11-26 17:51:33,443] {dag.py:2928} INFO - Setting next_dagrun for example_branch_labels to 2021-11-26 00:00:00+00:00
[2021-11-26 17:51:33,452] {processor.py:171} INFO - Processing /Users/danielcollins/opt/anaconda3/lib/python3.8/site-packages/airflow/example_dags/example_branch_labels.py took 0.043 seconds
[2021-11-26 17:53:17,094] {processor.py:163} INFO - Started process (PID=23332) to work on /Users/danielcollins/opt/anaconda3/lib/python3.8/site-packages/airflow/example_dags/example_branch_labels.py
[2021-11-26 17:53:17,095] {processor.py:625} INFO - Processing file /Users/danielcollins/opt/anaconda3/lib/python3.8/site-packages/airflow/example_dags/example_branch_labels.py for tasks to queue
[2021-11-26 17:53:17,095] {logging_mixin.py:109} INFO - [2021-11-26 17:53:17,095] {dagbag.py:500} INFO - Filling up the DagBag from /Users/danielcollins/opt/anaconda3/lib/python3.8/site-packages/airflow/example_dags/example_branch_labels.py
[2021-11-26 17:53:17,115] {processor.py:637} INFO - DAG(s) dict_keys(['example_branch_labels']) retrieved from /Users/danielcollins/opt/anaconda3/lib/python3.8/site-packages/airflow/example_dags/example_branch_labels.py
[2021-11-26 17:53:17,126] {logging_mixin.py:109} INFO - [2021-11-26 17:53:17,126] {dag.py:2396} INFO - Sync 1 DAGs
[2021-11-26 17:53:17,131] {logging_mixin.py:109} INFO - [2021-11-26 17:53:17,131] {dag.py:2928} INFO - Setting next_dagrun for example_branch_labels to 2021-11-26 00:00:00+00:00
[2021-11-26 17:53:17,136] {processor.py:171} INFO - Processing /Users/danielcollins/opt/anaconda3/lib/python3.8/site-packages/airflow/example_dags/example_branch_labels.py took 0.042 seconds
[2021-11-26 17:55:09,814] {processor.py:163} INFO - Started process (PID=23476) to work on /Users/danielcollins/opt/anaconda3/lib/python3.8/site-packages/airflow/example_dags/example_branch_labels.py
[2021-11-26 17:55:09,814] {processor.py:625} INFO - Processing file /Users/danielcollins/opt/anaconda3/lib/python3.8/site-packages/airflow/example_dags/example_branch_labels.py for tasks to queue
[2021-11-26 17:55:09,815] {logging_mixin.py:109} INFO - [2021-11-26 17:55:09,815] {dagbag.py:500} INFO - Filling up the DagBag from /Users/danielcollins/opt/anaconda3/lib/python3.8/site-packages/airflow/example_dags/example_branch_labels.py
[2021-11-26 17:55:09,845] {processor.py:637} INFO - DAG(s) dict_keys(['example_branch_labels']) retrieved from /Users/danielcollins/opt/anaconda3/lib/python3.8/site-packages/airflow/example_dags/example_branch_labels.py
[2021-11-26 17:55:09,857] {logging_mixin.py:109} INFO - [2021-11-26 17:55:09,857] {dag.py:2396} INFO - Sync 1 DAGs
[2021-11-26 17:55:09,862] {logging_mixin.py:109} INFO - [2021-11-26 17:55:09,862] {dag.py:2928} INFO - Setting next_dagrun for example_branch_labels to 2021-11-26 00:00:00+00:00
[2021-11-26 17:55:09,868] {processor.py:171} INFO - Processing /Users/danielcollins/opt/anaconda3/lib/python3.8/site-packages/airflow/example_dags/example_branch_labels.py took 0.055 seconds
[2021-11-26 17:57:09,312] {processor.py:163} INFO - Started process (PID=23658) to work on /Users/danielcollins/opt/anaconda3/lib/python3.8/site-packages/airflow/example_dags/example_branch_labels.py
[2021-11-26 17:57:09,312] {processor.py:625} INFO - Processing file /Users/danielcollins/opt/anaconda3/lib/python3.8/site-packages/airflow/example_dags/example_branch_labels.py for tasks to queue
[2021-11-26 17:57:09,312] {logging_mixin.py:109} INFO - [2021-11-26 17:57:09,312] {dagbag.py:500} INFO - Filling up the DagBag from /Users/danielcollins/opt/anaconda3/lib/python3.8/site-packages/airflow/example_dags/example_branch_labels.py
[2021-11-26 17:57:09,330] {processor.py:637} INFO - DAG(s) dict_keys(['example_branch_labels']) retrieved from /Users/danielcollins/opt/anaconda3/lib/python3.8/site-packages/airflow/example_dags/example_branch_labels.py
[2021-11-26 17:57:09,341] {logging_mixin.py:109} INFO - [2021-11-26 17:57:09,341] {dag.py:2396} INFO - Sync 1 DAGs
[2021-11-26 17:57:09,345] {logging_mixin.py:109} INFO - [2021-11-26 17:57:09,345] {dag.py:2928} INFO - Setting next_dagrun for example_branch_labels to 2021-11-26 00:00:00+00:00
[2021-11-26 17:57:09,353] {processor.py:171} INFO - Processing /Users/danielcollins/opt/anaconda3/lib/python3.8/site-packages/airflow/example_dags/example_branch_labels.py took 0.042 seconds
[2021-11-26 17:59:04,965] {processor.py:163} INFO - Started process (PID=23857) to work on /Users/danielcollins/opt/anaconda3/lib/python3.8/site-packages/airflow/example_dags/example_branch_labels.py
[2021-11-26 17:59:04,966] {processor.py:625} INFO - Processing file /Users/danielcollins/opt/anaconda3/lib/python3.8/site-packages/airflow/example_dags/example_branch_labels.py for tasks to queue
[2021-11-26 17:59:04,966] {logging_mixin.py:109} INFO - [2021-11-26 17:59:04,966] {dagbag.py:500} INFO - Filling up the DagBag from /Users/danielcollins/opt/anaconda3/lib/python3.8/site-packages/airflow/example_dags/example_branch_labels.py
[2021-11-26 17:59:04,986] {processor.py:637} INFO - DAG(s) dict_keys(['example_branch_labels']) retrieved from /Users/danielcollins/opt/anaconda3/lib/python3.8/site-packages/airflow/example_dags/example_branch_labels.py
[2021-11-26 17:59:04,997] {logging_mixin.py:109} INFO - [2021-11-26 17:59:04,997] {dag.py:2396} INFO - Sync 1 DAGs
[2021-11-26 17:59:05,002] {logging_mixin.py:109} INFO - [2021-11-26 17:59:05,002] {dag.py:2928} INFO - Setting next_dagrun for example_branch_labels to 2021-11-26 00:00:00+00:00
[2021-11-26 17:59:05,009] {processor.py:171} INFO - Processing /Users/danielcollins/opt/anaconda3/lib/python3.8/site-packages/airflow/example_dags/example_branch_labels.py took 0.044 seconds
[2021-11-26 18:01:03,084] {processor.py:163} INFO - Started process (PID=23998) to work on /Users/danielcollins/opt/anaconda3/lib/python3.8/site-packages/airflow/example_dags/example_branch_labels.py
[2021-11-26 18:01:03,085] {processor.py:625} INFO - Processing file /Users/danielcollins/opt/anaconda3/lib/python3.8/site-packages/airflow/example_dags/example_branch_labels.py for tasks to queue
[2021-11-26 18:01:03,085] {logging_mixin.py:109} INFO - [2021-11-26 18:01:03,085] {dagbag.py:500} INFO - Filling up the DagBag from /Users/danielcollins/opt/anaconda3/lib/python3.8/site-packages/airflow/example_dags/example_branch_labels.py
[2021-11-26 18:01:03,104] {processor.py:637} INFO - DAG(s) dict_keys(['example_branch_labels']) retrieved from /Users/danielcollins/opt/anaconda3/lib/python3.8/site-packages/airflow/example_dags/example_branch_labels.py
[2021-11-26 18:01:03,114] {logging_mixin.py:109} INFO - [2021-11-26 18:01:03,114] {dag.py:2396} INFO - Sync 1 DAGs
[2021-11-26 18:01:03,119] {logging_mixin.py:109} INFO - [2021-11-26 18:01:03,119] {dag.py:2928} INFO - Setting next_dagrun for example_branch_labels to 2021-11-26 00:00:00+00:00
[2021-11-26 18:01:03,125] {processor.py:171} INFO - Processing /Users/danielcollins/opt/anaconda3/lib/python3.8/site-packages/airflow/example_dags/example_branch_labels.py took 0.041 seconds
[2021-11-26 18:03:13,885] {processor.py:163} INFO - Started process (PID=24162) to work on /Users/danielcollins/opt/anaconda3/lib/python3.8/site-packages/airflow/example_dags/example_branch_labels.py
[2021-11-26 18:03:13,886] {processor.py:625} INFO - Processing file /Users/danielcollins/opt/anaconda3/lib/python3.8/site-packages/airflow/example_dags/example_branch_labels.py for tasks to queue
[2021-11-26 18:03:13,887] {logging_mixin.py:109} INFO - [2021-11-26 18:03:13,887] {dagbag.py:500} INFO - Filling up the DagBag from /Users/danielcollins/opt/anaconda3/lib/python3.8/site-packages/airflow/example_dags/example_branch_labels.py
[2021-11-26 18:03:13,954] {processor.py:637} INFO - DAG(s) dict_keys(['example_branch_labels']) retrieved from /Users/danielcollins/opt/anaconda3/lib/python3.8/site-packages/airflow/example_dags/example_branch_labels.py
[2021-11-26 18:03:14,038] {logging_mixin.py:109} INFO - [2021-11-26 18:03:14,020] {dag.py:2396} INFO - Sync 1 DAGs
[2021-11-26 18:03:14,056] {logging_mixin.py:109} INFO - [2021-11-26 18:03:14,056] {dag.py:2928} INFO - Setting next_dagrun for example_branch_labels to 2021-11-26 00:00:00+00:00
[2021-11-26 18:03:14,111] {processor.py:171} INFO - Processing /Users/danielcollins/opt/anaconda3/lib/python3.8/site-packages/airflow/example_dags/example_branch_labels.py took 0.228 seconds
[2021-11-26 18:05:04,425] {processor.py:163} INFO - Started process (PID=24368) to work on /Users/danielcollins/opt/anaconda3/lib/python3.8/site-packages/airflow/example_dags/example_branch_labels.py
[2021-11-26 18:05:04,426] {processor.py:625} INFO - Processing file /Users/danielcollins/opt/anaconda3/lib/python3.8/site-packages/airflow/example_dags/example_branch_labels.py for tasks to queue
[2021-11-26 18:05:04,426] {logging_mixin.py:109} INFO - [2021-11-26 18:05:04,426] {dagbag.py:500} INFO - Filling up the DagBag from /Users/danielcollins/opt/anaconda3/lib/python3.8/site-packages/airflow/example_dags/example_branch_labels.py
[2021-11-26 18:05:04,447] {processor.py:637} INFO - DAG(s) dict_keys(['example_branch_labels']) retrieved from /Users/danielcollins/opt/anaconda3/lib/python3.8/site-packages/airflow/example_dags/example_branch_labels.py
[2021-11-26 18:05:04,457] {logging_mixin.py:109} INFO - [2021-11-26 18:05:04,457] {dag.py:2396} INFO - Sync 1 DAGs
[2021-11-26 18:05:04,462] {logging_mixin.py:109} INFO - [2021-11-26 18:05:04,462] {dag.py:2928} INFO - Setting next_dagrun for example_branch_labels to 2021-11-26 00:00:00+00:00
[2021-11-26 18:05:04,470] {processor.py:171} INFO - Processing /Users/danielcollins/opt/anaconda3/lib/python3.8/site-packages/airflow/example_dags/example_branch_labels.py took 0.045 seconds
[2021-11-26 18:06:47,200] {processor.py:163} INFO - Started process (PID=24512) to work on /Users/danielcollins/opt/anaconda3/lib/python3.8/site-packages/airflow/example_dags/example_branch_labels.py
[2021-11-26 18:06:47,200] {processor.py:625} INFO - Processing file /Users/danielcollins/opt/anaconda3/lib/python3.8/site-packages/airflow/example_dags/example_branch_labels.py for tasks to queue
[2021-11-26 18:06:47,201] {logging_mixin.py:109} INFO - [2021-11-26 18:06:47,200] {dagbag.py:500} INFO - Filling up the DagBag from /Users/danielcollins/opt/anaconda3/lib/python3.8/site-packages/airflow/example_dags/example_branch_labels.py
[2021-11-26 18:06:47,220] {processor.py:637} INFO - DAG(s) dict_keys(['example_branch_labels']) retrieved from /Users/danielcollins/opt/anaconda3/lib/python3.8/site-packages/airflow/example_dags/example_branch_labels.py
[2021-11-26 18:06:47,230] {logging_mixin.py:109} INFO - [2021-11-26 18:06:47,230] {dag.py:2396} INFO - Sync 1 DAGs
[2021-11-26 18:06:47,235] {logging_mixin.py:109} INFO - [2021-11-26 18:06:47,235] {dag.py:2928} INFO - Setting next_dagrun for example_branch_labels to 2021-11-26 00:00:00+00:00
[2021-11-26 18:06:47,240] {processor.py:171} INFO - Processing /Users/danielcollins/opt/anaconda3/lib/python3.8/site-packages/airflow/example_dags/example_branch_labels.py took 0.040 seconds
[2021-11-26 18:13:47,672] {processor.py:163} INFO - Started process (PID=24663) to work on /Users/danielcollins/opt/anaconda3/lib/python3.8/site-packages/airflow/example_dags/example_branch_labels.py
[2021-11-26 18:13:47,673] {processor.py:625} INFO - Processing file /Users/danielcollins/opt/anaconda3/lib/python3.8/site-packages/airflow/example_dags/example_branch_labels.py for tasks to queue
[2021-11-26 18:13:47,674] {logging_mixin.py:109} INFO - [2021-11-26 18:13:47,673] {dagbag.py:500} INFO - Filling up the DagBag from /Users/danielcollins/opt/anaconda3/lib/python3.8/site-packages/airflow/example_dags/example_branch_labels.py
[2021-11-26 18:13:47,695] {processor.py:637} INFO - DAG(s) dict_keys(['example_branch_labels']) retrieved from /Users/danielcollins/opt/anaconda3/lib/python3.8/site-packages/airflow/example_dags/example_branch_labels.py
[2021-11-26 18:13:47,714] {logging_mixin.py:109} INFO - [2021-11-26 18:13:47,714] {dag.py:2396} INFO - Sync 1 DAGs
[2021-11-26 18:13:47,719] {logging_mixin.py:109} INFO - [2021-11-26 18:13:47,719] {dag.py:2928} INFO - Setting next_dagrun for example_branch_labels to 2021-11-26 00:00:00+00:00
[2021-11-26 18:13:47,725] {processor.py:171} INFO - Processing /Users/danielcollins/opt/anaconda3/lib/python3.8/site-packages/airflow/example_dags/example_branch_labels.py took 0.054 seconds
[2021-11-26 18:32:01,945] {processor.py:163} INFO - Started process (PID=24885) to work on /Users/danielcollins/opt/anaconda3/lib/python3.8/site-packages/airflow/example_dags/example_branch_labels.py
[2021-11-26 18:32:01,946] {processor.py:625} INFO - Processing file /Users/danielcollins/opt/anaconda3/lib/python3.8/site-packages/airflow/example_dags/example_branch_labels.py for tasks to queue
[2021-11-26 18:32:01,947] {logging_mixin.py:109} INFO - [2021-11-26 18:32:01,947] {dagbag.py:500} INFO - Filling up the DagBag from /Users/danielcollins/opt/anaconda3/lib/python3.8/site-packages/airflow/example_dags/example_branch_labels.py
[2021-11-26 18:32:01,967] {processor.py:637} INFO - DAG(s) dict_keys(['example_branch_labels']) retrieved from /Users/danielcollins/opt/anaconda3/lib/python3.8/site-packages/airflow/example_dags/example_branch_labels.py
[2021-11-26 18:32:01,977] {logging_mixin.py:109} INFO - [2021-11-26 18:32:01,977] {dag.py:2396} INFO - Sync 1 DAGs
[2021-11-26 18:32:01,982] {logging_mixin.py:109} INFO - [2021-11-26 18:32:01,982] {dag.py:2928} INFO - Setting next_dagrun for example_branch_labels to 2021-11-26 00:00:00+00:00
[2021-11-26 18:32:01,987] {processor.py:171} INFO - Processing /Users/danielcollins/opt/anaconda3/lib/python3.8/site-packages/airflow/example_dags/example_branch_labels.py took 0.042 seconds
[2021-11-26 20:07:01,100] {processor.py:163} INFO - Started process (PID=25127) to work on /Users/danielcollins/opt/anaconda3/lib/python3.8/site-packages/airflow/example_dags/example_branch_labels.py
[2021-11-26 20:07:01,100] {processor.py:625} INFO - Processing file /Users/danielcollins/opt/anaconda3/lib/python3.8/site-packages/airflow/example_dags/example_branch_labels.py for tasks to queue
[2021-11-26 20:07:01,100] {logging_mixin.py:109} INFO - [2021-11-26 20:07:01,100] {dagbag.py:500} INFO - Filling up the DagBag from /Users/danielcollins/opt/anaconda3/lib/python3.8/site-packages/airflow/example_dags/example_branch_labels.py
[2021-11-26 20:07:01,119] {processor.py:637} INFO - DAG(s) dict_keys(['example_branch_labels']) retrieved from /Users/danielcollins/opt/anaconda3/lib/python3.8/site-packages/airflow/example_dags/example_branch_labels.py
[2021-11-26 20:07:01,129] {logging_mixin.py:109} INFO - [2021-11-26 20:07:01,128] {dag.py:2396} INFO - Sync 1 DAGs
[2021-11-26 20:07:01,133] {logging_mixin.py:109} INFO - [2021-11-26 20:07:01,133] {dag.py:2928} INFO - Setting next_dagrun for example_branch_labels to 2021-11-26 00:00:00+00:00
[2021-11-26 20:07:01,140] {processor.py:171} INFO - Processing /Users/danielcollins/opt/anaconda3/lib/python3.8/site-packages/airflow/example_dags/example_branch_labels.py took 0.041 seconds
[2021-11-27 04:38:26,377] {processor.py:163} INFO - Started process (PID=25652) to work on /Users/danielcollins/opt/anaconda3/lib/python3.8/site-packages/airflow/example_dags/example_branch_labels.py
[2021-11-27 04:38:26,388] {processor.py:625} INFO - Processing file /Users/danielcollins/opt/anaconda3/lib/python3.8/site-packages/airflow/example_dags/example_branch_labels.py for tasks to queue
[2021-11-27 04:38:26,390] {logging_mixin.py:109} INFO - [2021-11-27 04:38:26,390] {dagbag.py:500} INFO - Filling up the DagBag from /Users/danielcollins/opt/anaconda3/lib/python3.8/site-packages/airflow/example_dags/example_branch_labels.py
[2021-11-27 04:38:26,525] {processor.py:637} INFO - DAG(s) dict_keys(['example_branch_labels']) retrieved from /Users/danielcollins/opt/anaconda3/lib/python3.8/site-packages/airflow/example_dags/example_branch_labels.py
[2021-11-27 04:38:26,625] {logging_mixin.py:109} INFO - [2021-11-27 04:38:26,616] {dag.py:2396} INFO - Sync 1 DAGs
[2021-11-27 04:38:26,657] {logging_mixin.py:109} INFO - [2021-11-27 04:38:26,657] {dag.py:2928} INFO - Setting next_dagrun for example_branch_labels to 2021-11-26 00:00:00+00:00
[2021-11-27 04:38:26,691] {processor.py:171} INFO - Processing /Users/danielcollins/opt/anaconda3/lib/python3.8/site-packages/airflow/example_dags/example_branch_labels.py took 0.316 seconds
[2021-11-27 12:14:03,723] {processor.py:163} INFO - Started process (PID=26099) to work on /Users/danielcollins/opt/anaconda3/lib/python3.8/site-packages/airflow/example_dags/example_branch_labels.py
[2021-11-27 12:14:03,723] {processor.py:625} INFO - Processing file /Users/danielcollins/opt/anaconda3/lib/python3.8/site-packages/airflow/example_dags/example_branch_labels.py for tasks to queue
[2021-11-27 12:14:03,723] {logging_mixin.py:109} INFO - [2021-11-27 12:14:03,723] {dagbag.py:500} INFO - Filling up the DagBag from /Users/danielcollins/opt/anaconda3/lib/python3.8/site-packages/airflow/example_dags/example_branch_labels.py
[2021-11-27 12:14:03,742] {processor.py:637} INFO - DAG(s) dict_keys(['example_branch_labels']) retrieved from /Users/danielcollins/opt/anaconda3/lib/python3.8/site-packages/airflow/example_dags/example_branch_labels.py
[2021-11-27 12:14:03,752] {logging_mixin.py:109} INFO - [2021-11-27 12:14:03,752] {dag.py:2396} INFO - Sync 1 DAGs
[2021-11-27 12:14:03,758] {logging_mixin.py:109} INFO - [2021-11-27 12:14:03,758] {dag.py:2928} INFO - Setting next_dagrun for example_branch_labels to 2021-11-26 00:00:00+00:00
[2021-11-27 12:14:03,785] {processor.py:171} INFO - Processing /Users/danielcollins/opt/anaconda3/lib/python3.8/site-packages/airflow/example_dags/example_branch_labels.py took 0.063 seconds
[2021-11-27 14:20:12,645] {processor.py:163} INFO - Started process (PID=26342) to work on /Users/danielcollins/opt/anaconda3/lib/python3.8/site-packages/airflow/example_dags/example_branch_labels.py
[2021-11-27 14:20:12,645] {processor.py:625} INFO - Processing file /Users/danielcollins/opt/anaconda3/lib/python3.8/site-packages/airflow/example_dags/example_branch_labels.py for tasks to queue
[2021-11-27 14:20:12,645] {logging_mixin.py:109} INFO - [2021-11-27 14:20:12,645] {dagbag.py:500} INFO - Filling up the DagBag from /Users/danielcollins/opt/anaconda3/lib/python3.8/site-packages/airflow/example_dags/example_branch_labels.py
[2021-11-27 14:20:12,667] {processor.py:637} INFO - DAG(s) dict_keys(['example_branch_labels']) retrieved from /Users/danielcollins/opt/anaconda3/lib/python3.8/site-packages/airflow/example_dags/example_branch_labels.py
[2021-11-27 14:20:12,677] {logging_mixin.py:109} INFO - [2021-11-27 14:20:12,677] {dag.py:2396} INFO - Sync 1 DAGs
[2021-11-27 14:20:12,682] {logging_mixin.py:109} INFO - [2021-11-27 14:20:12,682] {dag.py:2928} INFO - Setting next_dagrun for example_branch_labels to 2021-11-26 00:00:00+00:00
[2021-11-27 14:20:12,688] {processor.py:171} INFO - Processing /Users/danielcollins/opt/anaconda3/lib/python3.8/site-packages/airflow/example_dags/example_branch_labels.py took 0.043 seconds
[2021-11-27 14:21:36,816] {processor.py:163} INFO - Started process (PID=26547) to work on /Users/danielcollins/opt/anaconda3/lib/python3.8/site-packages/airflow/example_dags/example_branch_labels.py
[2021-11-27 14:21:36,817] {processor.py:625} INFO - Processing file /Users/danielcollins/opt/anaconda3/lib/python3.8/site-packages/airflow/example_dags/example_branch_labels.py for tasks to queue
[2021-11-27 14:21:36,817] {logging_mixin.py:109} INFO - [2021-11-27 14:21:36,817] {dagbag.py:500} INFO - Filling up the DagBag from /Users/danielcollins/opt/anaconda3/lib/python3.8/site-packages/airflow/example_dags/example_branch_labels.py
[2021-11-27 14:21:36,837] {processor.py:637} INFO - DAG(s) dict_keys(['example_branch_labels']) retrieved from /Users/danielcollins/opt/anaconda3/lib/python3.8/site-packages/airflow/example_dags/example_branch_labels.py
[2021-11-27 14:21:36,848] {logging_mixin.py:109} INFO - [2021-11-27 14:21:36,848] {dag.py:2396} INFO - Sync 1 DAGs
[2021-11-27 14:21:36,853] {logging_mixin.py:109} INFO - [2021-11-27 14:21:36,853] {dag.py:2928} INFO - Setting next_dagrun for example_branch_labels to 2021-11-26 00:00:00+00:00
[2021-11-27 14:21:36,859] {processor.py:171} INFO - Processing /Users/danielcollins/opt/anaconda3/lib/python3.8/site-packages/airflow/example_dags/example_branch_labels.py took 0.043 seconds
[2021-11-27 14:23:07,536] {processor.py:163} INFO - Started process (PID=27705) to work on /Users/danielcollins/opt/anaconda3/lib/python3.8/site-packages/airflow/example_dags/example_branch_labels.py
[2021-11-27 14:23:07,536] {processor.py:625} INFO - Processing file /Users/danielcollins/opt/anaconda3/lib/python3.8/site-packages/airflow/example_dags/example_branch_labels.py for tasks to queue
[2021-11-27 14:23:07,536] {logging_mixin.py:109} INFO - [2021-11-27 14:23:07,536] {dagbag.py:500} INFO - Filling up the DagBag from /Users/danielcollins/opt/anaconda3/lib/python3.8/site-packages/airflow/example_dags/example_branch_labels.py
[2021-11-27 14:23:07,560] {processor.py:637} INFO - DAG(s) dict_keys(['example_branch_labels']) retrieved from /Users/danielcollins/opt/anaconda3/lib/python3.8/site-packages/airflow/example_dags/example_branch_labels.py
[2021-11-27 14:23:07,573] {logging_mixin.py:109} INFO - [2021-11-27 14:23:07,573] {dag.py:2396} INFO - Sync 1 DAGs
[2021-11-27 14:23:07,580] {logging_mixin.py:109} INFO - [2021-11-27 14:23:07,580] {dag.py:2928} INFO - Setting next_dagrun for example_branch_labels to 2021-11-26 00:00:00+00:00
[2021-11-27 14:23:07,592] {processor.py:171} INFO - Processing /Users/danielcollins/opt/anaconda3/lib/python3.8/site-packages/airflow/example_dags/example_branch_labels.py took 0.057 seconds
[2021-11-27 14:24:42,552] {processor.py:163} INFO - Started process (PID=28211) to work on /Users/danielcollins/opt/anaconda3/lib/python3.8/site-packages/airflow/example_dags/example_branch_labels.py
[2021-11-27 14:24:42,554] {processor.py:625} INFO - Processing file /Users/danielcollins/opt/anaconda3/lib/python3.8/site-packages/airflow/example_dags/example_branch_labels.py for tasks to queue
[2021-11-27 14:24:42,554] {logging_mixin.py:109} INFO - [2021-11-27 14:24:42,554] {dagbag.py:500} INFO - Filling up the DagBag from /Users/danielcollins/opt/anaconda3/lib/python3.8/site-packages/airflow/example_dags/example_branch_labels.py
[2021-11-27 14:24:42,574] {processor.py:637} INFO - DAG(s) dict_keys(['example_branch_labels']) retrieved from /Users/danielcollins/opt/anaconda3/lib/python3.8/site-packages/airflow/example_dags/example_branch_labels.py
[2021-11-27 14:24:42,584] {logging_mixin.py:109} INFO - [2021-11-27 14:24:42,584] {dag.py:2396} INFO - Sync 1 DAGs
[2021-11-27 14:24:42,589] {logging_mixin.py:109} INFO - [2021-11-27 14:24:42,589] {dag.py:2928} INFO - Setting next_dagrun for example_branch_labels to 2021-11-26 00:00:00+00:00
[2021-11-27 14:24:42,594] {processor.py:171} INFO - Processing /Users/danielcollins/opt/anaconda3/lib/python3.8/site-packages/airflow/example_dags/example_branch_labels.py took 0.042 seconds
[2021-11-27 14:54:09,713] {processor.py:163} INFO - Started process (PID=28382) to work on /Users/danielcollins/opt/anaconda3/lib/python3.8/site-packages/airflow/example_dags/example_branch_labels.py
[2021-11-27 14:54:09,714] {processor.py:625} INFO - Processing file /Users/danielcollins/opt/anaconda3/lib/python3.8/site-packages/airflow/example_dags/example_branch_labels.py for tasks to queue
[2021-11-27 14:54:09,714] {logging_mixin.py:109} INFO - [2021-11-27 14:54:09,714] {dagbag.py:500} INFO - Filling up the DagBag from /Users/danielcollins/opt/anaconda3/lib/python3.8/site-packages/airflow/example_dags/example_branch_labels.py
[2021-11-27 14:54:09,732] {processor.py:637} INFO - DAG(s) dict_keys(['example_branch_labels']) retrieved from /Users/danielcollins/opt/anaconda3/lib/python3.8/site-packages/airflow/example_dags/example_branch_labels.py
[2021-11-27 14:54:09,741] {logging_mixin.py:109} INFO - [2021-11-27 14:54:09,741] {dag.py:2396} INFO - Sync 1 DAGs
[2021-11-27 14:54:09,746] {logging_mixin.py:109} INFO - [2021-11-27 14:54:09,746] {dag.py:2928} INFO - Setting next_dagrun for example_branch_labels to 2021-11-26 00:00:00+00:00
[2021-11-27 14:54:09,752] {processor.py:171} INFO - Processing /Users/danielcollins/opt/anaconda3/lib/python3.8/site-packages/airflow/example_dags/example_branch_labels.py took 0.039 seconds
[2021-11-27 14:55:52,595] {processor.py:163} INFO - Started process (PID=28574) to work on /Users/danielcollins/opt/anaconda3/lib/python3.8/site-packages/airflow/example_dags/example_branch_labels.py
[2021-11-27 14:55:52,596] {processor.py:625} INFO - Processing file /Users/danielcollins/opt/anaconda3/lib/python3.8/site-packages/airflow/example_dags/example_branch_labels.py for tasks to queue
[2021-11-27 14:55:52,596] {logging_mixin.py:109} INFO - [2021-11-27 14:55:52,596] {dagbag.py:500} INFO - Filling up the DagBag from /Users/danielcollins/opt/anaconda3/lib/python3.8/site-packages/airflow/example_dags/example_branch_labels.py
[2021-11-27 14:55:52,615] {processor.py:637} INFO - DAG(s) dict_keys(['example_branch_labels']) retrieved from /Users/danielcollins/opt/anaconda3/lib/python3.8/site-packages/airflow/example_dags/example_branch_labels.py
[2021-11-27 14:55:52,626] {logging_mixin.py:109} INFO - [2021-11-27 14:55:52,626] {dag.py:2396} INFO - Sync 1 DAGs
[2021-11-27 14:55:52,631] {logging_mixin.py:109} INFO - [2021-11-27 14:55:52,630] {dag.py:2928} INFO - Setting next_dagrun for example_branch_labels to 2021-11-26 00:00:00+00:00
[2021-11-27 14:55:52,636] {processor.py:171} INFO - Processing /Users/danielcollins/opt/anaconda3/lib/python3.8/site-packages/airflow/example_dags/example_branch_labels.py took 0.041 seconds
[2021-11-27 14:57:18,474] {processor.py:163} INFO - Started process (PID=28688) to work on /Users/danielcollins/opt/anaconda3/lib/python3.8/site-packages/airflow/example_dags/example_branch_labels.py
[2021-11-27 14:57:18,475] {processor.py:625} INFO - Processing file /Users/danielcollins/opt/anaconda3/lib/python3.8/site-packages/airflow/example_dags/example_branch_labels.py for tasks to queue
[2021-11-27 14:57:18,475] {logging_mixin.py:109} INFO - [2021-11-27 14:57:18,475] {dagbag.py:500} INFO - Filling up the DagBag from /Users/danielcollins/opt/anaconda3/lib/python3.8/site-packages/airflow/example_dags/example_branch_labels.py
[2021-11-27 14:57:18,494] {processor.py:637} INFO - DAG(s) dict_keys(['example_branch_labels']) retrieved from /Users/danielcollins/opt/anaconda3/lib/python3.8/site-packages/airflow/example_dags/example_branch_labels.py
[2021-11-27 14:57:18,504] {logging_mixin.py:109} INFO - [2021-11-27 14:57:18,504] {dag.py:2396} INFO - Sync 1 DAGs
[2021-11-27 14:57:18,509] {logging_mixin.py:109} INFO - [2021-11-27 14:57:18,509] {dag.py:2928} INFO - Setting next_dagrun for example_branch_labels to 2021-11-26 00:00:00+00:00
[2021-11-27 14:57:18,531] {processor.py:171} INFO - Processing /Users/danielcollins/opt/anaconda3/lib/python3.8/site-packages/airflow/example_dags/example_branch_labels.py took 0.057 seconds
[2021-11-27 14:58:41,084] {processor.py:163} INFO - Started process (PID=28792) to work on /Users/danielcollins/opt/anaconda3/lib/python3.8/site-packages/airflow/example_dags/example_branch_labels.py
[2021-11-27 14:58:41,085] {processor.py:625} INFO - Processing file /Users/danielcollins/opt/anaconda3/lib/python3.8/site-packages/airflow/example_dags/example_branch_labels.py for tasks to queue
[2021-11-27 14:58:41,085] {logging_mixin.py:109} INFO - [2021-11-27 14:58:41,085] {dagbag.py:500} INFO - Filling up the DagBag from /Users/danielcollins/opt/anaconda3/lib/python3.8/site-packages/airflow/example_dags/example_branch_labels.py
[2021-11-27 14:58:41,105] {processor.py:637} INFO - DAG(s) dict_keys(['example_branch_labels']) retrieved from /Users/danielcollins/opt/anaconda3/lib/python3.8/site-packages/airflow/example_dags/example_branch_labels.py
[2021-11-27 14:58:41,115] {logging_mixin.py:109} INFO - [2021-11-27 14:58:41,115] {dag.py:2396} INFO - Sync 1 DAGs
[2021-11-27 14:58:41,122] {logging_mixin.py:109} INFO - [2021-11-27 14:58:41,122] {dag.py:2928} INFO - Setting next_dagrun for example_branch_labels to 2021-11-26 00:00:00+00:00
[2021-11-27 14:58:41,128] {processor.py:171} INFO - Processing /Users/danielcollins/opt/anaconda3/lib/python3.8/site-packages/airflow/example_dags/example_branch_labels.py took 0.044 seconds
[2021-11-27 15:00:05,847] {processor.py:163} INFO - Started process (PID=28909) to work on /Users/danielcollins/opt/anaconda3/lib/python3.8/site-packages/airflow/example_dags/example_branch_labels.py
[2021-11-27 15:00:05,848] {processor.py:625} INFO - Processing file /Users/danielcollins/opt/anaconda3/lib/python3.8/site-packages/airflow/example_dags/example_branch_labels.py for tasks to queue
[2021-11-27 15:00:05,848] {logging_mixin.py:109} INFO - [2021-11-27 15:00:05,848] {dagbag.py:500} INFO - Filling up the DagBag from /Users/danielcollins/opt/anaconda3/lib/python3.8/site-packages/airflow/example_dags/example_branch_labels.py
[2021-11-27 15:00:05,869] {processor.py:637} INFO - DAG(s) dict_keys(['example_branch_labels']) retrieved from /Users/danielcollins/opt/anaconda3/lib/python3.8/site-packages/airflow/example_dags/example_branch_labels.py
[2021-11-27 15:00:05,882] {logging_mixin.py:109} INFO - [2021-11-27 15:00:05,882] {dag.py:2396} INFO - Sync 1 DAGs
[2021-11-27 15:00:05,888] {logging_mixin.py:109} INFO - [2021-11-27 15:00:05,888] {dag.py:2928} INFO - Setting next_dagrun for example_branch_labels to 2021-11-26 00:00:00+00:00
[2021-11-27 15:00:05,893] {processor.py:171} INFO - Processing /Users/danielcollins/opt/anaconda3/lib/python3.8/site-packages/airflow/example_dags/example_branch_labels.py took 0.046 seconds
[2021-11-27 15:01:31,391] {processor.py:163} INFO - Started process (PID=29232) to work on /Users/danielcollins/opt/anaconda3/lib/python3.8/site-packages/airflow/example_dags/example_branch_labels.py
[2021-11-27 15:01:31,392] {processor.py:625} INFO - Processing file /Users/danielcollins/opt/anaconda3/lib/python3.8/site-packages/airflow/example_dags/example_branch_labels.py for tasks to queue
[2021-11-27 15:01:31,393] {logging_mixin.py:109} INFO - [2021-11-27 15:01:31,393] {dagbag.py:500} INFO - Filling up the DagBag from /Users/danielcollins/opt/anaconda3/lib/python3.8/site-packages/airflow/example_dags/example_branch_labels.py
[2021-11-27 15:01:31,411] {processor.py:637} INFO - DAG(s) dict_keys(['example_branch_labels']) retrieved from /Users/danielcollins/opt/anaconda3/lib/python3.8/site-packages/airflow/example_dags/example_branch_labels.py
[2021-11-27 15:01:31,421] {logging_mixin.py:109} INFO - [2021-11-27 15:01:31,421] {dag.py:2396} INFO - Sync 1 DAGs
[2021-11-27 15:01:31,426] {logging_mixin.py:109} INFO - [2021-11-27 15:01:31,426] {dag.py:2928} INFO - Setting next_dagrun for example_branch_labels to 2021-11-26 00:00:00+00:00
[2021-11-27 15:01:31,436] {processor.py:171} INFO - Processing /Users/danielcollins/opt/anaconda3/lib/python3.8/site-packages/airflow/example_dags/example_branch_labels.py took 0.045 seconds
[2021-11-27 15:03:07,761] {processor.py:163} INFO - Started process (PID=29416) to work on /Users/danielcollins/opt/anaconda3/lib/python3.8/site-packages/airflow/example_dags/example_branch_labels.py
[2021-11-27 15:03:07,761] {processor.py:625} INFO - Processing file /Users/danielcollins/opt/anaconda3/lib/python3.8/site-packages/airflow/example_dags/example_branch_labels.py for tasks to queue
[2021-11-27 15:03:07,761] {logging_mixin.py:109} INFO - [2021-11-27 15:03:07,761] {dagbag.py:500} INFO - Filling up the DagBag from /Users/danielcollins/opt/anaconda3/lib/python3.8/site-packages/airflow/example_dags/example_branch_labels.py
[2021-11-27 15:03:07,780] {processor.py:637} INFO - DAG(s) dict_keys(['example_branch_labels']) retrieved from /Users/danielcollins/opt/anaconda3/lib/python3.8/site-packages/airflow/example_dags/example_branch_labels.py
[2021-11-27 15:03:07,790] {logging_mixin.py:109} INFO - [2021-11-27 15:03:07,790] {dag.py:2396} INFO - Sync 1 DAGs
[2021-11-27 15:03:07,795] {logging_mixin.py:109} INFO - [2021-11-27 15:03:07,795] {dag.py:2928} INFO - Setting next_dagrun for example_branch_labels to 2021-11-26 00:00:00+00:00
[2021-11-27 15:03:07,800] {processor.py:171} INFO - Processing /Users/danielcollins/opt/anaconda3/lib/python3.8/site-packages/airflow/example_dags/example_branch_labels.py took 0.040 seconds
[2021-11-27 15:04:32,707] {processor.py:163} INFO - Started process (PID=29568) to work on /Users/danielcollins/opt/anaconda3/lib/python3.8/site-packages/airflow/example_dags/example_branch_labels.py
[2021-11-27 15:04:32,707] {processor.py:625} INFO - Processing file /Users/danielcollins/opt/anaconda3/lib/python3.8/site-packages/airflow/example_dags/example_branch_labels.py for tasks to queue
[2021-11-27 15:04:32,707] {logging_mixin.py:109} INFO - [2021-11-27 15:04:32,707] {dagbag.py:500} INFO - Filling up the DagBag from /Users/danielcollins/opt/anaconda3/lib/python3.8/site-packages/airflow/example_dags/example_branch_labels.py
[2021-11-27 15:04:32,725] {processor.py:637} INFO - DAG(s) dict_keys(['example_branch_labels']) retrieved from /Users/danielcollins/opt/anaconda3/lib/python3.8/site-packages/airflow/example_dags/example_branch_labels.py
[2021-11-27 15:04:32,735] {logging_mixin.py:109} INFO - [2021-11-27 15:04:32,735] {dag.py:2396} INFO - Sync 1 DAGs
[2021-11-27 15:04:32,740] {logging_mixin.py:109} INFO - [2021-11-27 15:04:32,740] {dag.py:2928} INFO - Setting next_dagrun for example_branch_labels to 2021-11-26 00:00:00+00:00
[2021-11-27 15:04:32,745] {processor.py:171} INFO - Processing /Users/danielcollins/opt/anaconda3/lib/python3.8/site-packages/airflow/example_dags/example_branch_labels.py took 0.039 seconds
[2021-11-27 15:05:57,958] {processor.py:163} INFO - Started process (PID=29696) to work on /Users/danielcollins/opt/anaconda3/lib/python3.8/site-packages/airflow/example_dags/example_branch_labels.py
[2021-11-27 15:05:57,959] {processor.py:625} INFO - Processing file /Users/danielcollins/opt/anaconda3/lib/python3.8/site-packages/airflow/example_dags/example_branch_labels.py for tasks to queue
[2021-11-27 15:05:57,959] {logging_mixin.py:109} INFO - [2021-11-27 15:05:57,959] {dagbag.py:500} INFO - Filling up the DagBag from /Users/danielcollins/opt/anaconda3/lib/python3.8/site-packages/airflow/example_dags/example_branch_labels.py
[2021-11-27 15:05:57,979] {processor.py:637} INFO - DAG(s) dict_keys(['example_branch_labels']) retrieved from /Users/danielcollins/opt/anaconda3/lib/python3.8/site-packages/airflow/example_dags/example_branch_labels.py
[2021-11-27 15:05:57,989] {logging_mixin.py:109} INFO - [2021-11-27 15:05:57,989] {dag.py:2396} INFO - Sync 1 DAGs
[2021-11-27 15:05:57,994] {logging_mixin.py:109} INFO - [2021-11-27 15:05:57,994] {dag.py:2928} INFO - Setting next_dagrun for example_branch_labels to 2021-11-26 00:00:00+00:00
[2021-11-27 15:05:58,003] {processor.py:171} INFO - Processing /Users/danielcollins/opt/anaconda3/lib/python3.8/site-packages/airflow/example_dags/example_branch_labels.py took 0.045 seconds
[2021-11-27 15:07:19,893] {processor.py:163} INFO - Started process (PID=29802) to work on /Users/danielcollins/opt/anaconda3/lib/python3.8/site-packages/airflow/example_dags/example_branch_labels.py
[2021-11-27 15:07:19,893] {processor.py:625} INFO - Processing file /Users/danielcollins/opt/anaconda3/lib/python3.8/site-packages/airflow/example_dags/example_branch_labels.py for tasks to queue
[2021-11-27 15:07:19,893] {logging_mixin.py:109} INFO - [2021-11-27 15:07:19,893] {dagbag.py:500} INFO - Filling up the DagBag from /Users/danielcollins/opt/anaconda3/lib/python3.8/site-packages/airflow/example_dags/example_branch_labels.py
[2021-11-27 15:07:19,912] {processor.py:637} INFO - DAG(s) dict_keys(['example_branch_labels']) retrieved from /Users/danielcollins/opt/anaconda3/lib/python3.8/site-packages/airflow/example_dags/example_branch_labels.py
[2021-11-27 15:07:19,923] {logging_mixin.py:109} INFO - [2021-11-27 15:07:19,923] {dag.py:2396} INFO - Sync 1 DAGs
[2021-11-27 15:07:19,929] {logging_mixin.py:109} INFO - [2021-11-27 15:07:19,929] {dag.py:2928} INFO - Setting next_dagrun for example_branch_labels to 2021-11-26 00:00:00+00:00
[2021-11-27 15:07:19,935] {processor.py:171} INFO - Processing /Users/danielcollins/opt/anaconda3/lib/python3.8/site-packages/airflow/example_dags/example_branch_labels.py took 0.042 seconds
[2021-11-27 15:08:44,610] {processor.py:163} INFO - Started process (PID=29941) to work on /Users/danielcollins/opt/anaconda3/lib/python3.8/site-packages/airflow/example_dags/example_branch_labels.py
[2021-11-27 15:08:44,610] {processor.py:625} INFO - Processing file /Users/danielcollins/opt/anaconda3/lib/python3.8/site-packages/airflow/example_dags/example_branch_labels.py for tasks to queue
[2021-11-27 15:08:44,610] {logging_mixin.py:109} INFO - [2021-11-27 15:08:44,610] {dagbag.py:500} INFO - Filling up the DagBag from /Users/danielcollins/opt/anaconda3/lib/python3.8/site-packages/airflow/example_dags/example_branch_labels.py
[2021-11-27 15:08:44,631] {processor.py:637} INFO - DAG(s) dict_keys(['example_branch_labels']) retrieved from /Users/danielcollins/opt/anaconda3/lib/python3.8/site-packages/airflow/example_dags/example_branch_labels.py
[2021-11-27 15:08:44,645] {logging_mixin.py:109} INFO - [2021-11-27 15:08:44,645] {dag.py:2396} INFO - Sync 1 DAGs
[2021-11-27 15:08:44,650] {logging_mixin.py:109} INFO - [2021-11-27 15:08:44,650] {dag.py:2928} INFO - Setting next_dagrun for example_branch_labels to 2021-11-26 00:00:00+00:00
[2021-11-27 15:08:44,659] {processor.py:171} INFO - Processing /Users/danielcollins/opt/anaconda3/lib/python3.8/site-packages/airflow/example_dags/example_branch_labels.py took 0.049 seconds
[2021-11-27 15:10:10,785] {processor.py:163} INFO - Started process (PID=30108) to work on /Users/danielcollins/opt/anaconda3/lib/python3.8/site-packages/airflow/example_dags/example_branch_labels.py
[2021-11-27 15:10:10,786] {processor.py:625} INFO - Processing file /Users/danielcollins/opt/anaconda3/lib/python3.8/site-packages/airflow/example_dags/example_branch_labels.py for tasks to queue
[2021-11-27 15:10:10,786] {logging_mixin.py:109} INFO - [2021-11-27 15:10:10,786] {dagbag.py:500} INFO - Filling up the DagBag from /Users/danielcollins/opt/anaconda3/lib/python3.8/site-packages/airflow/example_dags/example_branch_labels.py
[2021-11-27 15:10:10,806] {processor.py:637} INFO - DAG(s) dict_keys(['example_branch_labels']) retrieved from /Users/danielcollins/opt/anaconda3/lib/python3.8/site-packages/airflow/example_dags/example_branch_labels.py
[2021-11-27 15:10:10,817] {logging_mixin.py:109} INFO - [2021-11-27 15:10:10,817] {dag.py:2396} INFO - Sync 1 DAGs
[2021-11-27 15:10:10,822] {logging_mixin.py:109} INFO - [2021-11-27 15:10:10,822] {dag.py:2928} INFO - Setting next_dagrun for example_branch_labels to 2021-11-26 00:00:00+00:00
[2021-11-27 15:10:10,828] {processor.py:171} INFO - Processing /Users/danielcollins/opt/anaconda3/lib/python3.8/site-packages/airflow/example_dags/example_branch_labels.py took 0.043 seconds
[2021-11-27 15:11:35,730] {processor.py:163} INFO - Started process (PID=30214) to work on /Users/danielcollins/opt/anaconda3/lib/python3.8/site-packages/airflow/example_dags/example_branch_labels.py
[2021-11-27 15:11:35,730] {processor.py:625} INFO - Processing file /Users/danielcollins/opt/anaconda3/lib/python3.8/site-packages/airflow/example_dags/example_branch_labels.py for tasks to queue
[2021-11-27 15:11:35,731] {logging_mixin.py:109} INFO - [2021-11-27 15:11:35,731] {dagbag.py:500} INFO - Filling up the DagBag from /Users/danielcollins/opt/anaconda3/lib/python3.8/site-packages/airflow/example_dags/example_branch_labels.py
[2021-11-27 15:11:35,750] {processor.py:637} INFO - DAG(s) dict_keys(['example_branch_labels']) retrieved from /Users/danielcollins/opt/anaconda3/lib/python3.8/site-packages/airflow/example_dags/example_branch_labels.py
[2021-11-27 15:11:35,760] {logging_mixin.py:109} INFO - [2021-11-27 15:11:35,760] {dag.py:2396} INFO - Sync 1 DAGs
[2021-11-27 15:11:35,765] {logging_mixin.py:109} INFO - [2021-11-27 15:11:35,765] {dag.py:2928} INFO - Setting next_dagrun for example_branch_labels to 2021-11-26 00:00:00+00:00
[2021-11-27 15:11:35,774] {processor.py:171} INFO - Processing /Users/danielcollins/opt/anaconda3/lib/python3.8/site-packages/airflow/example_dags/example_branch_labels.py took 0.044 seconds
[2021-11-27 15:13:08,124] {processor.py:163} INFO - Started process (PID=30363) to work on /Users/danielcollins/opt/anaconda3/lib/python3.8/site-packages/airflow/example_dags/example_branch_labels.py
[2021-11-27 15:13:08,125] {processor.py:625} INFO - Processing file /Users/danielcollins/opt/anaconda3/lib/python3.8/site-packages/airflow/example_dags/example_branch_labels.py for tasks to queue
[2021-11-27 15:13:08,125] {logging_mixin.py:109} INFO - [2021-11-27 15:13:08,125] {dagbag.py:500} INFO - Filling up the DagBag from /Users/danielcollins/opt/anaconda3/lib/python3.8/site-packages/airflow/example_dags/example_branch_labels.py
[2021-11-27 15:13:08,145] {processor.py:637} INFO - DAG(s) dict_keys(['example_branch_labels']) retrieved from /Users/danielcollins/opt/anaconda3/lib/python3.8/site-packages/airflow/example_dags/example_branch_labels.py
[2021-11-27 15:13:08,155] {logging_mixin.py:109} INFO - [2021-11-27 15:13:08,155] {dag.py:2396} INFO - Sync 1 DAGs
[2021-11-27 15:13:08,160] {logging_mixin.py:109} INFO - [2021-11-27 15:13:08,160] {dag.py:2928} INFO - Setting next_dagrun for example_branch_labels to 2021-11-26 00:00:00+00:00
[2021-11-27 15:13:08,168] {processor.py:171} INFO - Processing /Users/danielcollins/opt/anaconda3/lib/python3.8/site-packages/airflow/example_dags/example_branch_labels.py took 0.045 seconds
[2021-11-27 15:14:38,803] {processor.py:163} INFO - Started process (PID=30491) to work on /Users/danielcollins/opt/anaconda3/lib/python3.8/site-packages/airflow/example_dags/example_branch_labels.py
[2021-11-27 15:14:38,804] {processor.py:625} INFO - Processing file /Users/danielcollins/opt/anaconda3/lib/python3.8/site-packages/airflow/example_dags/example_branch_labels.py for tasks to queue
[2021-11-27 15:14:38,804] {logging_mixin.py:109} INFO - [2021-11-27 15:14:38,804] {dagbag.py:500} INFO - Filling up the DagBag from /Users/danielcollins/opt/anaconda3/lib/python3.8/site-packages/airflow/example_dags/example_branch_labels.py
[2021-11-27 15:14:38,824] {processor.py:637} INFO - DAG(s) dict_keys(['example_branch_labels']) retrieved from /Users/danielcollins/opt/anaconda3/lib/python3.8/site-packages/airflow/example_dags/example_branch_labels.py
[2021-11-27 15:14:38,834] {logging_mixin.py:109} INFO - [2021-11-27 15:14:38,834] {dag.py:2396} INFO - Sync 1 DAGs
[2021-11-27 15:14:38,840] {logging_mixin.py:109} INFO - [2021-11-27 15:14:38,840] {dag.py:2928} INFO - Setting next_dagrun for example_branch_labels to 2021-11-26 00:00:00+00:00
[2021-11-27 15:14:38,846] {processor.py:171} INFO - Processing /Users/danielcollins/opt/anaconda3/lib/python3.8/site-packages/airflow/example_dags/example_branch_labels.py took 0.043 seconds
[2021-11-27 15:16:01,558] {processor.py:163} INFO - Started process (PID=30607) to work on /Users/danielcollins/opt/anaconda3/lib/python3.8/site-packages/airflow/example_dags/example_branch_labels.py
[2021-11-27 15:16:01,559] {processor.py:625} INFO - Processing file /Users/danielcollins/opt/anaconda3/lib/python3.8/site-packages/airflow/example_dags/example_branch_labels.py for tasks to queue
[2021-11-27 15:16:01,559] {logging_mixin.py:109} INFO - [2021-11-27 15:16:01,559] {dagbag.py:500} INFO - Filling up the DagBag from /Users/danielcollins/opt/anaconda3/lib/python3.8/site-packages/airflow/example_dags/example_branch_labels.py
[2021-11-27 15:16:01,579] {processor.py:637} INFO - DAG(s) dict_keys(['example_branch_labels']) retrieved from /Users/danielcollins/opt/anaconda3/lib/python3.8/site-packages/airflow/example_dags/example_branch_labels.py
[2021-11-27 15:16:01,589] {logging_mixin.py:109} INFO - [2021-11-27 15:16:01,589] {dag.py:2396} INFO - Sync 1 DAGs
[2021-11-27 15:16:01,593] {logging_mixin.py:109} INFO - [2021-11-27 15:16:01,593] {dag.py:2928} INFO - Setting next_dagrun for example_branch_labels to 2021-11-26 00:00:00+00:00
[2021-11-27 15:16:01,598] {processor.py:171} INFO - Processing /Users/danielcollins/opt/anaconda3/lib/python3.8/site-packages/airflow/example_dags/example_branch_labels.py took 0.040 seconds
[2021-11-27 15:17:30,958] {processor.py:163} INFO - Started process (PID=30777) to work on /Users/danielcollins/opt/anaconda3/lib/python3.8/site-packages/airflow/example_dags/example_branch_labels.py
[2021-11-27 15:17:30,959] {processor.py:625} INFO - Processing file /Users/danielcollins/opt/anaconda3/lib/python3.8/site-packages/airflow/example_dags/example_branch_labels.py for tasks to queue
[2021-11-27 15:17:30,959] {logging_mixin.py:109} INFO - [2021-11-27 15:17:30,959] {dagbag.py:500} INFO - Filling up the DagBag from /Users/danielcollins/opt/anaconda3/lib/python3.8/site-packages/airflow/example_dags/example_branch_labels.py
[2021-11-27 15:17:30,981] {processor.py:637} INFO - DAG(s) dict_keys(['example_branch_labels']) retrieved from /Users/danielcollins/opt/anaconda3/lib/python3.8/site-packages/airflow/example_dags/example_branch_labels.py
[2021-11-27 15:17:30,992] {logging_mixin.py:109} INFO - [2021-11-27 15:17:30,992] {dag.py:2396} INFO - Sync 1 DAGs
[2021-11-27 15:17:30,997] {logging_mixin.py:109} INFO - [2021-11-27 15:17:30,997] {dag.py:2928} INFO - Setting next_dagrun for example_branch_labels to 2021-11-26 00:00:00+00:00
[2021-11-27 15:17:31,001] {processor.py:171} INFO - Processing /Users/danielcollins/opt/anaconda3/lib/python3.8/site-packages/airflow/example_dags/example_branch_labels.py took 0.043 seconds
[2021-11-27 15:18:59,582] {processor.py:163} INFO - Started process (PID=30955) to work on /Users/danielcollins/opt/anaconda3/lib/python3.8/site-packages/airflow/example_dags/example_branch_labels.py
[2021-11-27 15:18:59,583] {processor.py:625} INFO - Processing file /Users/danielcollins/opt/anaconda3/lib/python3.8/site-packages/airflow/example_dags/example_branch_labels.py for tasks to queue
[2021-11-27 15:18:59,583] {logging_mixin.py:109} INFO - [2021-11-27 15:18:59,583] {dagbag.py:500} INFO - Filling up the DagBag from /Users/danielcollins/opt/anaconda3/lib/python3.8/site-packages/airflow/example_dags/example_branch_labels.py
[2021-11-27 15:18:59,603] {processor.py:637} INFO - DAG(s) dict_keys(['example_branch_labels']) retrieved from /Users/danielcollins/opt/anaconda3/lib/python3.8/site-packages/airflow/example_dags/example_branch_labels.py
[2021-11-27 15:18:59,615] {logging_mixin.py:109} INFO - [2021-11-27 15:18:59,615] {dag.py:2396} INFO - Sync 1 DAGs
[2021-11-27 15:18:59,620] {logging_mixin.py:109} INFO - [2021-11-27 15:18:59,620] {dag.py:2928} INFO - Setting next_dagrun for example_branch_labels to 2021-11-26 00:00:00+00:00
[2021-11-27 15:18:59,630] {processor.py:171} INFO - Processing /Users/danielcollins/opt/anaconda3/lib/python3.8/site-packages/airflow/example_dags/example_branch_labels.py took 0.048 seconds
[2021-11-27 15:20:32,425] {processor.py:163} INFO - Started process (PID=31102) to work on /Users/danielcollins/opt/anaconda3/lib/python3.8/site-packages/airflow/example_dags/example_branch_labels.py
[2021-11-27 15:20:32,427] {processor.py:625} INFO - Processing file /Users/danielcollins/opt/anaconda3/lib/python3.8/site-packages/airflow/example_dags/example_branch_labels.py for tasks to queue
[2021-11-27 15:20:32,427] {logging_mixin.py:109} INFO - [2021-11-27 15:20:32,427] {dagbag.py:500} INFO - Filling up the DagBag from /Users/danielcollins/opt/anaconda3/lib/python3.8/site-packages/airflow/example_dags/example_branch_labels.py
[2021-11-27 15:20:32,448] {processor.py:637} INFO - DAG(s) dict_keys(['example_branch_labels']) retrieved from /Users/danielcollins/opt/anaconda3/lib/python3.8/site-packages/airflow/example_dags/example_branch_labels.py
[2021-11-27 15:20:32,460] {logging_mixin.py:109} INFO - [2021-11-27 15:20:32,460] {dag.py:2396} INFO - Sync 1 DAGs
[2021-11-27 15:20:32,466] {logging_mixin.py:109} INFO - [2021-11-27 15:20:32,466] {dag.py:2928} INFO - Setting next_dagrun for example_branch_labels to 2021-11-26 00:00:00+00:00
[2021-11-27 15:20:32,471] {processor.py:171} INFO - Processing /Users/danielcollins/opt/anaconda3/lib/python3.8/site-packages/airflow/example_dags/example_branch_labels.py took 0.046 seconds
[2021-11-27 15:22:05,453] {processor.py:163} INFO - Started process (PID=31228) to work on /Users/danielcollins/opt/anaconda3/lib/python3.8/site-packages/airflow/example_dags/example_branch_labels.py
[2021-11-27 15:22:05,454] {processor.py:625} INFO - Processing file /Users/danielcollins/opt/anaconda3/lib/python3.8/site-packages/airflow/example_dags/example_branch_labels.py for tasks to queue
[2021-11-27 15:22:05,454] {logging_mixin.py:109} INFO - [2021-11-27 15:22:05,454] {dagbag.py:500} INFO - Filling up the DagBag from /Users/danielcollins/opt/anaconda3/lib/python3.8/site-packages/airflow/example_dags/example_branch_labels.py
[2021-11-27 15:22:05,478] {processor.py:637} INFO - DAG(s) dict_keys(['example_branch_labels']) retrieved from /Users/danielcollins/opt/anaconda3/lib/python3.8/site-packages/airflow/example_dags/example_branch_labels.py
[2021-11-27 15:22:05,488] {logging_mixin.py:109} INFO - [2021-11-27 15:22:05,488] {dag.py:2396} INFO - Sync 1 DAGs
[2021-11-27 15:22:05,493] {logging_mixin.py:109} INFO - [2021-11-27 15:22:05,493] {dag.py:2928} INFO - Setting next_dagrun for example_branch_labels to 2021-11-26 00:00:00+00:00
[2021-11-27 15:22:05,499] {processor.py:171} INFO - Processing /Users/danielcollins/opt/anaconda3/lib/python3.8/site-packages/airflow/example_dags/example_branch_labels.py took 0.046 seconds
[2021-11-27 15:23:31,327] {processor.py:163} INFO - Started process (PID=31343) to work on /Users/danielcollins/opt/anaconda3/lib/python3.8/site-packages/airflow/example_dags/example_branch_labels.py
[2021-11-27 15:23:31,328] {processor.py:625} INFO - Processing file /Users/danielcollins/opt/anaconda3/lib/python3.8/site-packages/airflow/example_dags/example_branch_labels.py for tasks to queue
[2021-11-27 15:23:31,328] {logging_mixin.py:109} INFO - [2021-11-27 15:23:31,328] {dagbag.py:500} INFO - Filling up the DagBag from /Users/danielcollins/opt/anaconda3/lib/python3.8/site-packages/airflow/example_dags/example_branch_labels.py
[2021-11-27 15:23:31,347] {processor.py:637} INFO - DAG(s) dict_keys(['example_branch_labels']) retrieved from /Users/danielcollins/opt/anaconda3/lib/python3.8/site-packages/airflow/example_dags/example_branch_labels.py
[2021-11-27 15:23:31,357] {logging_mixin.py:109} INFO - [2021-11-27 15:23:31,357] {dag.py:2396} INFO - Sync 1 DAGs
[2021-11-27 15:23:31,361] {logging_mixin.py:109} INFO - [2021-11-27 15:23:31,361] {dag.py:2928} INFO - Setting next_dagrun for example_branch_labels to 2021-11-26 00:00:00+00:00
[2021-11-27 15:23:31,366] {processor.py:171} INFO - Processing /Users/danielcollins/opt/anaconda3/lib/python3.8/site-packages/airflow/example_dags/example_branch_labels.py took 0.040 seconds
[2021-11-27 15:24:56,296] {processor.py:163} INFO - Started process (PID=31482) to work on /Users/danielcollins/opt/anaconda3/lib/python3.8/site-packages/airflow/example_dags/example_branch_labels.py
[2021-11-27 15:24:56,299] {processor.py:625} INFO - Processing file /Users/danielcollins/opt/anaconda3/lib/python3.8/site-packages/airflow/example_dags/example_branch_labels.py for tasks to queue
[2021-11-27 15:24:56,299] {logging_mixin.py:109} INFO - [2021-11-27 15:24:56,299] {dagbag.py:500} INFO - Filling up the DagBag from /Users/danielcollins/opt/anaconda3/lib/python3.8/site-packages/airflow/example_dags/example_branch_labels.py
[2021-11-27 15:24:56,318] {processor.py:637} INFO - DAG(s) dict_keys(['example_branch_labels']) retrieved from /Users/danielcollins/opt/anaconda3/lib/python3.8/site-packages/airflow/example_dags/example_branch_labels.py
[2021-11-27 15:24:56,328] {logging_mixin.py:109} INFO - [2021-11-27 15:24:56,328] {dag.py:2396} INFO - Sync 1 DAGs
[2021-11-27 15:24:56,333] {logging_mixin.py:109} INFO - [2021-11-27 15:24:56,333] {dag.py:2928} INFO - Setting next_dagrun for example_branch_labels to 2021-11-26 00:00:00+00:00
[2021-11-27 15:24:56,338] {processor.py:171} INFO - Processing /Users/danielcollins/opt/anaconda3/lib/python3.8/site-packages/airflow/example_dags/example_branch_labels.py took 0.042 seconds
[2021-11-27 15:26:20,182] {processor.py:163} INFO - Started process (PID=31683) to work on /Users/danielcollins/opt/anaconda3/lib/python3.8/site-packages/airflow/example_dags/example_branch_labels.py
[2021-11-27 15:26:20,182] {processor.py:625} INFO - Processing file /Users/danielcollins/opt/anaconda3/lib/python3.8/site-packages/airflow/example_dags/example_branch_labels.py for tasks to queue
[2021-11-27 15:26:20,182] {logging_mixin.py:109} INFO - [2021-11-27 15:26:20,182] {dagbag.py:500} INFO - Filling up the DagBag from /Users/danielcollins/opt/anaconda3/lib/python3.8/site-packages/airflow/example_dags/example_branch_labels.py
[2021-11-27 15:26:20,202] {processor.py:637} INFO - DAG(s) dict_keys(['example_branch_labels']) retrieved from /Users/danielcollins/opt/anaconda3/lib/python3.8/site-packages/airflow/example_dags/example_branch_labels.py
[2021-11-27 15:26:20,212] {logging_mixin.py:109} INFO - [2021-11-27 15:26:20,212] {dag.py:2396} INFO - Sync 1 DAGs
[2021-11-27 15:26:20,217] {logging_mixin.py:109} INFO - [2021-11-27 15:26:20,217] {dag.py:2928} INFO - Setting next_dagrun for example_branch_labels to 2021-11-26 00:00:00+00:00
[2021-11-27 15:26:20,226] {processor.py:171} INFO - Processing /Users/danielcollins/opt/anaconda3/lib/python3.8/site-packages/airflow/example_dags/example_branch_labels.py took 0.044 seconds
[2021-11-27 15:27:45,634] {processor.py:163} INFO - Started process (PID=31803) to work on /Users/danielcollins/opt/anaconda3/lib/python3.8/site-packages/airflow/example_dags/example_branch_labels.py
[2021-11-27 15:27:45,634] {processor.py:625} INFO - Processing file /Users/danielcollins/opt/anaconda3/lib/python3.8/site-packages/airflow/example_dags/example_branch_labels.py for tasks to queue
[2021-11-27 15:27:45,634] {logging_mixin.py:109} INFO - [2021-11-27 15:27:45,634] {dagbag.py:500} INFO - Filling up the DagBag from /Users/danielcollins/opt/anaconda3/lib/python3.8/site-packages/airflow/example_dags/example_branch_labels.py
[2021-11-27 15:27:45,654] {processor.py:637} INFO - DAG(s) dict_keys(['example_branch_labels']) retrieved from /Users/danielcollins/opt/anaconda3/lib/python3.8/site-packages/airflow/example_dags/example_branch_labels.py
[2021-11-27 15:27:45,665] {logging_mixin.py:109} INFO - [2021-11-27 15:27:45,665] {dag.py:2396} INFO - Sync 1 DAGs
[2021-11-27 15:27:45,670] {logging_mixin.py:109} INFO - [2021-11-27 15:27:45,670] {dag.py:2928} INFO - Setting next_dagrun for example_branch_labels to 2021-11-26 00:00:00+00:00
[2021-11-27 15:27:45,678] {processor.py:171} INFO - Processing /Users/danielcollins/opt/anaconda3/lib/python3.8/site-packages/airflow/example_dags/example_branch_labels.py took 0.045 seconds
[2021-11-27 15:29:20,942] {processor.py:163} INFO - Started process (PID=32066) to work on /Users/danielcollins/opt/anaconda3/lib/python3.8/site-packages/airflow/example_dags/example_branch_labels.py
[2021-11-27 15:29:20,943] {processor.py:625} INFO - Processing file /Users/danielcollins/opt/anaconda3/lib/python3.8/site-packages/airflow/example_dags/example_branch_labels.py for tasks to queue
[2021-11-27 15:29:20,943] {logging_mixin.py:109} INFO - [2021-11-27 15:29:20,943] {dagbag.py:500} INFO - Filling up the DagBag from /Users/danielcollins/opt/anaconda3/lib/python3.8/site-packages/airflow/example_dags/example_branch_labels.py
[2021-11-27 15:29:20,964] {processor.py:637} INFO - DAG(s) dict_keys(['example_branch_labels']) retrieved from /Users/danielcollins/opt/anaconda3/lib/python3.8/site-packages/airflow/example_dags/example_branch_labels.py
[2021-11-27 15:29:20,973] {logging_mixin.py:109} INFO - [2021-11-27 15:29:20,973] {dag.py:2396} INFO - Sync 1 DAGs
[2021-11-27 15:29:20,978] {logging_mixin.py:109} INFO - [2021-11-27 15:29:20,978] {dag.py:2928} INFO - Setting next_dagrun for example_branch_labels to 2021-11-26 00:00:00+00:00
[2021-11-27 15:29:20,984] {processor.py:171} INFO - Processing /Users/danielcollins/opt/anaconda3/lib/python3.8/site-packages/airflow/example_dags/example_branch_labels.py took 0.042 seconds
[2021-11-27 15:49:15,183] {processor.py:163} INFO - Started process (PID=32462) to work on /Users/danielcollins/opt/anaconda3/lib/python3.8/site-packages/airflow/example_dags/example_branch_labels.py
[2021-11-27 15:49:15,184] {processor.py:625} INFO - Processing file /Users/danielcollins/opt/anaconda3/lib/python3.8/site-packages/airflow/example_dags/example_branch_labels.py for tasks to queue
[2021-11-27 15:49:15,184] {logging_mixin.py:109} INFO - [2021-11-27 15:49:15,184] {dagbag.py:500} INFO - Filling up the DagBag from /Users/danielcollins/opt/anaconda3/lib/python3.8/site-packages/airflow/example_dags/example_branch_labels.py
[2021-11-27 15:49:15,276] {processor.py:637} INFO - DAG(s) dict_keys(['example_branch_labels']) retrieved from /Users/danielcollins/opt/anaconda3/lib/python3.8/site-packages/airflow/example_dags/example_branch_labels.py
[2021-11-27 15:49:15,400] {logging_mixin.py:109} INFO - [2021-11-27 15:49:15,380] {dag.py:2396} INFO - Sync 1 DAGs
[2021-11-27 15:49:15,431] {logging_mixin.py:109} INFO - [2021-11-27 15:49:15,431] {dag.py:2928} INFO - Setting next_dagrun for example_branch_labels to 2021-11-26 00:00:00+00:00
[2021-11-27 15:49:15,460] {processor.py:171} INFO - Processing /Users/danielcollins/opt/anaconda3/lib/python3.8/site-packages/airflow/example_dags/example_branch_labels.py took 0.278 seconds
[2021-11-27 16:29:03,215] {processor.py:163} INFO - Started process (PID=32844) to work on /Users/danielcollins/opt/anaconda3/lib/python3.8/site-packages/airflow/example_dags/example_branch_labels.py
[2021-11-27 16:29:03,216] {processor.py:625} INFO - Processing file /Users/danielcollins/opt/anaconda3/lib/python3.8/site-packages/airflow/example_dags/example_branch_labels.py for tasks to queue
[2021-11-27 16:29:03,216] {logging_mixin.py:109} INFO - [2021-11-27 16:29:03,216] {dagbag.py:500} INFO - Filling up the DagBag from /Users/danielcollins/opt/anaconda3/lib/python3.8/site-packages/airflow/example_dags/example_branch_labels.py
[2021-11-27 16:29:03,292] {processor.py:637} INFO - DAG(s) dict_keys(['example_branch_labels']) retrieved from /Users/danielcollins/opt/anaconda3/lib/python3.8/site-packages/airflow/example_dags/example_branch_labels.py
[2021-11-27 16:29:03,386] {logging_mixin.py:109} INFO - [2021-11-27 16:29:03,385] {dag.py:2396} INFO - Sync 1 DAGs
[2021-11-27 16:29:03,400] {logging_mixin.py:109} INFO - [2021-11-27 16:29:03,400] {dag.py:2928} INFO - Setting next_dagrun for example_branch_labels to 2021-11-26 00:00:00+00:00
[2021-11-27 16:29:03,411] {processor.py:171} INFO - Processing /Users/danielcollins/opt/anaconda3/lib/python3.8/site-packages/airflow/example_dags/example_branch_labels.py took 0.198 seconds
[2021-11-27 16:53:23,466] {processor.py:163} INFO - Started process (PID=33086) to work on /Users/danielcollins/opt/anaconda3/lib/python3.8/site-packages/airflow/example_dags/example_branch_labels.py
[2021-11-27 16:53:23,466] {processor.py:625} INFO - Processing file /Users/danielcollins/opt/anaconda3/lib/python3.8/site-packages/airflow/example_dags/example_branch_labels.py for tasks to queue
[2021-11-27 16:53:23,468] {logging_mixin.py:109} INFO - [2021-11-27 16:53:23,468] {dagbag.py:500} INFO - Filling up the DagBag from /Users/danielcollins/opt/anaconda3/lib/python3.8/site-packages/airflow/example_dags/example_branch_labels.py
[2021-11-27 16:53:23,486] {processor.py:637} INFO - DAG(s) dict_keys(['example_branch_labels']) retrieved from /Users/danielcollins/opt/anaconda3/lib/python3.8/site-packages/airflow/example_dags/example_branch_labels.py
[2021-11-27 16:53:23,497] {logging_mixin.py:109} INFO - [2021-11-27 16:53:23,497] {dag.py:2396} INFO - Sync 1 DAGs
[2021-11-27 16:53:23,502] {logging_mixin.py:109} INFO - [2021-11-27 16:53:23,502] {dag.py:2928} INFO - Setting next_dagrun for example_branch_labels to 2021-11-26 00:00:00+00:00
[2021-11-27 16:53:23,508] {processor.py:171} INFO - Processing /Users/danielcollins/opt/anaconda3/lib/python3.8/site-packages/airflow/example_dags/example_branch_labels.py took 0.042 seconds
[2021-11-27 16:54:50,155] {processor.py:163} INFO - Started process (PID=33246) to work on /Users/danielcollins/opt/anaconda3/lib/python3.8/site-packages/airflow/example_dags/example_branch_labels.py
[2021-11-27 16:54:50,157] {processor.py:625} INFO - Processing file /Users/danielcollins/opt/anaconda3/lib/python3.8/site-packages/airflow/example_dags/example_branch_labels.py for tasks to queue
[2021-11-27 16:54:50,162] {logging_mixin.py:109} INFO - [2021-11-27 16:54:50,162] {dagbag.py:500} INFO - Filling up the DagBag from /Users/danielcollins/opt/anaconda3/lib/python3.8/site-packages/airflow/example_dags/example_branch_labels.py
[2021-11-27 16:54:50,182] {processor.py:637} INFO - DAG(s) dict_keys(['example_branch_labels']) retrieved from /Users/danielcollins/opt/anaconda3/lib/python3.8/site-packages/airflow/example_dags/example_branch_labels.py
[2021-11-27 16:54:50,192] {logging_mixin.py:109} INFO - [2021-11-27 16:54:50,191] {dag.py:2396} INFO - Sync 1 DAGs
[2021-11-27 16:54:50,196] {logging_mixin.py:109} INFO - [2021-11-27 16:54:50,196] {dag.py:2928} INFO - Setting next_dagrun for example_branch_labels to 2021-11-26 00:00:00+00:00
[2021-11-27 16:54:50,201] {processor.py:171} INFO - Processing /Users/danielcollins/opt/anaconda3/lib/python3.8/site-packages/airflow/example_dags/example_branch_labels.py took 0.046 seconds
