[2021-11-26 17:00:49,881] {processor.py:163} INFO - Started process (PID=19290) to work on /Users/danielcollins/opt/anaconda3/lib/python3.8/site-packages/airflow/example_dags/example_branch_datetime_operator.py
[2021-11-26 17:00:49,881] {processor.py:625} INFO - Processing file /Users/danielcollins/opt/anaconda3/lib/python3.8/site-packages/airflow/example_dags/example_branch_datetime_operator.py for tasks to queue
[2021-11-26 17:00:49,881] {logging_mixin.py:109} INFO - [2021-11-26 17:00:49,881] {dagbag.py:500} INFO - Filling up the DagBag from /Users/danielcollins/opt/anaconda3/lib/python3.8/site-packages/airflow/example_dags/example_branch_datetime_operator.py
[2021-11-26 17:00:49,902] {processor.py:637} INFO - DAG(s) dict_keys(['example_branch_datetime_operator_2']) retrieved from /Users/danielcollins/opt/anaconda3/lib/python3.8/site-packages/airflow/example_dags/example_branch_datetime_operator.py
[2021-11-26 17:00:49,912] {logging_mixin.py:109} INFO - [2021-11-26 17:00:49,912] {dag.py:2396} INFO - Sync 1 DAGs
[2021-11-26 17:00:49,918] {logging_mixin.py:109} INFO - [2021-11-26 17:00:49,918] {dag.py:2928} INFO - Setting next_dagrun for example_branch_datetime_operator_2 to 2021-11-26 00:00:00+00:00
[2021-11-26 17:00:49,924] {processor.py:171} INFO - Processing /Users/danielcollins/opt/anaconda3/lib/python3.8/site-packages/airflow/example_dags/example_branch_datetime_operator.py took 0.043 seconds
[2021-11-26 17:02:12,602] {processor.py:163} INFO - Started process (PID=19448) to work on /Users/danielcollins/opt/anaconda3/lib/python3.8/site-packages/airflow/example_dags/example_branch_datetime_operator.py
[2021-11-26 17:02:12,602] {processor.py:625} INFO - Processing file /Users/danielcollins/opt/anaconda3/lib/python3.8/site-packages/airflow/example_dags/example_branch_datetime_operator.py for tasks to queue
[2021-11-26 17:02:12,603] {logging_mixin.py:109} INFO - [2021-11-26 17:02:12,603] {dagbag.py:500} INFO - Filling up the DagBag from /Users/danielcollins/opt/anaconda3/lib/python3.8/site-packages/airflow/example_dags/example_branch_datetime_operator.py
[2021-11-26 17:02:12,623] {processor.py:637} INFO - DAG(s) dict_keys(['example_branch_datetime_operator_2']) retrieved from /Users/danielcollins/opt/anaconda3/lib/python3.8/site-packages/airflow/example_dags/example_branch_datetime_operator.py
[2021-11-26 17:02:12,633] {logging_mixin.py:109} INFO - [2021-11-26 17:02:12,633] {dag.py:2396} INFO - Sync 1 DAGs
[2021-11-26 17:02:12,637] {logging_mixin.py:109} INFO - [2021-11-26 17:02:12,637] {dag.py:2928} INFO - Setting next_dagrun for example_branch_datetime_operator_2 to 2021-11-26 00:00:00+00:00
[2021-11-26 17:02:12,642] {processor.py:171} INFO - Processing /Users/danielcollins/opt/anaconda3/lib/python3.8/site-packages/airflow/example_dags/example_branch_datetime_operator.py took 0.040 seconds
[2021-11-26 17:03:35,724] {processor.py:163} INFO - Started process (PID=19565) to work on /Users/danielcollins/opt/anaconda3/lib/python3.8/site-packages/airflow/example_dags/example_branch_datetime_operator.py
[2021-11-26 17:03:35,725] {processor.py:625} INFO - Processing file /Users/danielcollins/opt/anaconda3/lib/python3.8/site-packages/airflow/example_dags/example_branch_datetime_operator.py for tasks to queue
[2021-11-26 17:03:35,725] {logging_mixin.py:109} INFO - [2021-11-26 17:03:35,725] {dagbag.py:500} INFO - Filling up the DagBag from /Users/danielcollins/opt/anaconda3/lib/python3.8/site-packages/airflow/example_dags/example_branch_datetime_operator.py
[2021-11-26 17:03:35,745] {processor.py:637} INFO - DAG(s) dict_keys(['example_branch_datetime_operator_2']) retrieved from /Users/danielcollins/opt/anaconda3/lib/python3.8/site-packages/airflow/example_dags/example_branch_datetime_operator.py
[2021-11-26 17:03:35,755] {logging_mixin.py:109} INFO - [2021-11-26 17:03:35,755] {dag.py:2396} INFO - Sync 1 DAGs
[2021-11-26 17:03:35,760] {logging_mixin.py:109} INFO - [2021-11-26 17:03:35,760] {dag.py:2928} INFO - Setting next_dagrun for example_branch_datetime_operator_2 to 2021-11-26 00:00:00+00:00
[2021-11-26 17:03:35,766] {processor.py:171} INFO - Processing /Users/danielcollins/opt/anaconda3/lib/python3.8/site-packages/airflow/example_dags/example_branch_datetime_operator.py took 0.042 seconds
[2021-11-26 17:05:00,578] {processor.py:163} INFO - Started process (PID=19672) to work on /Users/danielcollins/opt/anaconda3/lib/python3.8/site-packages/airflow/example_dags/example_branch_datetime_operator.py
[2021-11-26 17:05:00,578] {processor.py:625} INFO - Processing file /Users/danielcollins/opt/anaconda3/lib/python3.8/site-packages/airflow/example_dags/example_branch_datetime_operator.py for tasks to queue
[2021-11-26 17:05:00,578] {logging_mixin.py:109} INFO - [2021-11-26 17:05:00,578] {dagbag.py:500} INFO - Filling up the DagBag from /Users/danielcollins/opt/anaconda3/lib/python3.8/site-packages/airflow/example_dags/example_branch_datetime_operator.py
[2021-11-26 17:05:00,598] {processor.py:637} INFO - DAG(s) dict_keys(['example_branch_datetime_operator_2']) retrieved from /Users/danielcollins/opt/anaconda3/lib/python3.8/site-packages/airflow/example_dags/example_branch_datetime_operator.py
[2021-11-26 17:05:00,607] {logging_mixin.py:109} INFO - [2021-11-26 17:05:00,607] {dag.py:2396} INFO - Sync 1 DAGs
[2021-11-26 17:05:00,612] {logging_mixin.py:109} INFO - [2021-11-26 17:05:00,612] {dag.py:2928} INFO - Setting next_dagrun for example_branch_datetime_operator_2 to 2021-11-26 00:00:00+00:00
[2021-11-26 17:05:00,618] {processor.py:171} INFO - Processing /Users/danielcollins/opt/anaconda3/lib/python3.8/site-packages/airflow/example_dags/example_branch_datetime_operator.py took 0.040 seconds
[2021-11-26 17:06:24,090] {processor.py:163} INFO - Started process (PID=19784) to work on /Users/danielcollins/opt/anaconda3/lib/python3.8/site-packages/airflow/example_dags/example_branch_datetime_operator.py
[2021-11-26 17:06:24,091] {processor.py:625} INFO - Processing file /Users/danielcollins/opt/anaconda3/lib/python3.8/site-packages/airflow/example_dags/example_branch_datetime_operator.py for tasks to queue
[2021-11-26 17:06:24,091] {logging_mixin.py:109} INFO - [2021-11-26 17:06:24,091] {dagbag.py:500} INFO - Filling up the DagBag from /Users/danielcollins/opt/anaconda3/lib/python3.8/site-packages/airflow/example_dags/example_branch_datetime_operator.py
[2021-11-26 17:06:24,112] {processor.py:637} INFO - DAG(s) dict_keys(['example_branch_datetime_operator_2']) retrieved from /Users/danielcollins/opt/anaconda3/lib/python3.8/site-packages/airflow/example_dags/example_branch_datetime_operator.py
[2021-11-26 17:06:24,122] {logging_mixin.py:109} INFO - [2021-11-26 17:06:24,122] {dag.py:2396} INFO - Sync 1 DAGs
[2021-11-26 17:06:24,130] {logging_mixin.py:109} INFO - [2021-11-26 17:06:24,130] {dag.py:2928} INFO - Setting next_dagrun for example_branch_datetime_operator_2 to 2021-11-26 00:00:00+00:00
[2021-11-26 17:06:24,141] {processor.py:171} INFO - Processing /Users/danielcollins/opt/anaconda3/lib/python3.8/site-packages/airflow/example_dags/example_branch_datetime_operator.py took 0.051 seconds
[2021-11-26 17:07:47,117] {processor.py:163} INFO - Started process (PID=19885) to work on /Users/danielcollins/opt/anaconda3/lib/python3.8/site-packages/airflow/example_dags/example_branch_datetime_operator.py
[2021-11-26 17:07:47,118] {processor.py:625} INFO - Processing file /Users/danielcollins/opt/anaconda3/lib/python3.8/site-packages/airflow/example_dags/example_branch_datetime_operator.py for tasks to queue
[2021-11-26 17:07:47,118] {logging_mixin.py:109} INFO - [2021-11-26 17:07:47,118] {dagbag.py:500} INFO - Filling up the DagBag from /Users/danielcollins/opt/anaconda3/lib/python3.8/site-packages/airflow/example_dags/example_branch_datetime_operator.py
[2021-11-26 17:07:47,143] {processor.py:637} INFO - DAG(s) dict_keys(['example_branch_datetime_operator_2']) retrieved from /Users/danielcollins/opt/anaconda3/lib/python3.8/site-packages/airflow/example_dags/example_branch_datetime_operator.py
[2021-11-26 17:07:47,153] {logging_mixin.py:109} INFO - [2021-11-26 17:07:47,153] {dag.py:2396} INFO - Sync 1 DAGs
[2021-11-26 17:07:47,158] {logging_mixin.py:109} INFO - [2021-11-26 17:07:47,158] {dag.py:2928} INFO - Setting next_dagrun for example_branch_datetime_operator_2 to 2021-11-26 00:00:00+00:00
[2021-11-26 17:07:47,168] {processor.py:171} INFO - Processing /Users/danielcollins/opt/anaconda3/lib/python3.8/site-packages/airflow/example_dags/example_branch_datetime_operator.py took 0.051 seconds
[2021-11-26 17:09:12,126] {processor.py:163} INFO - Started process (PID=20007) to work on /Users/danielcollins/opt/anaconda3/lib/python3.8/site-packages/airflow/example_dags/example_branch_datetime_operator.py
[2021-11-26 17:09:12,126] {processor.py:625} INFO - Processing file /Users/danielcollins/opt/anaconda3/lib/python3.8/site-packages/airflow/example_dags/example_branch_datetime_operator.py for tasks to queue
[2021-11-26 17:09:12,127] {logging_mixin.py:109} INFO - [2021-11-26 17:09:12,127] {dagbag.py:500} INFO - Filling up the DagBag from /Users/danielcollins/opt/anaconda3/lib/python3.8/site-packages/airflow/example_dags/example_branch_datetime_operator.py
[2021-11-26 17:09:12,146] {processor.py:637} INFO - DAG(s) dict_keys(['example_branch_datetime_operator_2']) retrieved from /Users/danielcollins/opt/anaconda3/lib/python3.8/site-packages/airflow/example_dags/example_branch_datetime_operator.py
[2021-11-26 17:09:12,157] {logging_mixin.py:109} INFO - [2021-11-26 17:09:12,157] {dag.py:2396} INFO - Sync 1 DAGs
[2021-11-26 17:09:12,161] {logging_mixin.py:109} INFO - [2021-11-26 17:09:12,161] {dag.py:2928} INFO - Setting next_dagrun for example_branch_datetime_operator_2 to 2021-11-26 00:00:00+00:00
[2021-11-26 17:09:12,167] {processor.py:171} INFO - Processing /Users/danielcollins/opt/anaconda3/lib/python3.8/site-packages/airflow/example_dags/example_branch_datetime_operator.py took 0.041 seconds
[2021-11-26 17:10:34,735] {processor.py:163} INFO - Started process (PID=20114) to work on /Users/danielcollins/opt/anaconda3/lib/python3.8/site-packages/airflow/example_dags/example_branch_datetime_operator.py
[2021-11-26 17:10:34,736] {processor.py:625} INFO - Processing file /Users/danielcollins/opt/anaconda3/lib/python3.8/site-packages/airflow/example_dags/example_branch_datetime_operator.py for tasks to queue
[2021-11-26 17:10:34,736] {logging_mixin.py:109} INFO - [2021-11-26 17:10:34,736] {dagbag.py:500} INFO - Filling up the DagBag from /Users/danielcollins/opt/anaconda3/lib/python3.8/site-packages/airflow/example_dags/example_branch_datetime_operator.py
[2021-11-26 17:10:34,754] {processor.py:637} INFO - DAG(s) dict_keys(['example_branch_datetime_operator_2']) retrieved from /Users/danielcollins/opt/anaconda3/lib/python3.8/site-packages/airflow/example_dags/example_branch_datetime_operator.py
[2021-11-26 17:10:34,764] {logging_mixin.py:109} INFO - [2021-11-26 17:10:34,764] {dag.py:2396} INFO - Sync 1 DAGs
[2021-11-26 17:10:34,769] {logging_mixin.py:109} INFO - [2021-11-26 17:10:34,769] {dag.py:2928} INFO - Setting next_dagrun for example_branch_datetime_operator_2 to 2021-11-26 00:00:00+00:00
[2021-11-26 17:10:34,774] {processor.py:171} INFO - Processing /Users/danielcollins/opt/anaconda3/lib/python3.8/site-packages/airflow/example_dags/example_branch_datetime_operator.py took 0.039 seconds
[2021-11-26 17:11:59,641] {processor.py:163} INFO - Started process (PID=20224) to work on /Users/danielcollins/opt/anaconda3/lib/python3.8/site-packages/airflow/example_dags/example_branch_datetime_operator.py
[2021-11-26 17:11:59,642] {processor.py:625} INFO - Processing file /Users/danielcollins/opt/anaconda3/lib/python3.8/site-packages/airflow/example_dags/example_branch_datetime_operator.py for tasks to queue
[2021-11-26 17:11:59,642] {logging_mixin.py:109} INFO - [2021-11-26 17:11:59,642] {dagbag.py:500} INFO - Filling up the DagBag from /Users/danielcollins/opt/anaconda3/lib/python3.8/site-packages/airflow/example_dags/example_branch_datetime_operator.py
[2021-11-26 17:11:59,663] {processor.py:637} INFO - DAG(s) dict_keys(['example_branch_datetime_operator_2']) retrieved from /Users/danielcollins/opt/anaconda3/lib/python3.8/site-packages/airflow/example_dags/example_branch_datetime_operator.py
[2021-11-26 17:11:59,673] {logging_mixin.py:109} INFO - [2021-11-26 17:11:59,673] {dag.py:2396} INFO - Sync 1 DAGs
[2021-11-26 17:11:59,677] {logging_mixin.py:109} INFO - [2021-11-26 17:11:59,677] {dag.py:2928} INFO - Setting next_dagrun for example_branch_datetime_operator_2 to 2021-11-26 00:00:00+00:00
[2021-11-26 17:11:59,683] {processor.py:171} INFO - Processing /Users/danielcollins/opt/anaconda3/lib/python3.8/site-packages/airflow/example_dags/example_branch_datetime_operator.py took 0.042 seconds
[2021-11-26 17:13:24,357] {processor.py:163} INFO - Started process (PID=20340) to work on /Users/danielcollins/opt/anaconda3/lib/python3.8/site-packages/airflow/example_dags/example_branch_datetime_operator.py
[2021-11-26 17:13:24,358] {processor.py:625} INFO - Processing file /Users/danielcollins/opt/anaconda3/lib/python3.8/site-packages/airflow/example_dags/example_branch_datetime_operator.py for tasks to queue
[2021-11-26 17:13:24,358] {logging_mixin.py:109} INFO - [2021-11-26 17:13:24,358] {dagbag.py:500} INFO - Filling up the DagBag from /Users/danielcollins/opt/anaconda3/lib/python3.8/site-packages/airflow/example_dags/example_branch_datetime_operator.py
[2021-11-26 17:13:24,378] {processor.py:637} INFO - DAG(s) dict_keys(['example_branch_datetime_operator_2']) retrieved from /Users/danielcollins/opt/anaconda3/lib/python3.8/site-packages/airflow/example_dags/example_branch_datetime_operator.py
[2021-11-26 17:13:24,387] {logging_mixin.py:109} INFO - [2021-11-26 17:13:24,387] {dag.py:2396} INFO - Sync 1 DAGs
[2021-11-26 17:13:24,392] {logging_mixin.py:109} INFO - [2021-11-26 17:13:24,392] {dag.py:2928} INFO - Setting next_dagrun for example_branch_datetime_operator_2 to 2021-11-26 00:00:00+00:00
[2021-11-26 17:13:24,402] {processor.py:171} INFO - Processing /Users/danielcollins/opt/anaconda3/lib/python3.8/site-packages/airflow/example_dags/example_branch_datetime_operator.py took 0.045 seconds
[2021-11-26 17:14:47,715] {processor.py:163} INFO - Started process (PID=20454) to work on /Users/danielcollins/opt/anaconda3/lib/python3.8/site-packages/airflow/example_dags/example_branch_datetime_operator.py
[2021-11-26 17:14:47,716] {processor.py:625} INFO - Processing file /Users/danielcollins/opt/anaconda3/lib/python3.8/site-packages/airflow/example_dags/example_branch_datetime_operator.py for tasks to queue
[2021-11-26 17:14:47,716] {logging_mixin.py:109} INFO - [2021-11-26 17:14:47,716] {dagbag.py:500} INFO - Filling up the DagBag from /Users/danielcollins/opt/anaconda3/lib/python3.8/site-packages/airflow/example_dags/example_branch_datetime_operator.py
[2021-11-26 17:14:47,738] {processor.py:637} INFO - DAG(s) dict_keys(['example_branch_datetime_operator_2']) retrieved from /Users/danielcollins/opt/anaconda3/lib/python3.8/site-packages/airflow/example_dags/example_branch_datetime_operator.py
[2021-11-26 17:14:47,750] {logging_mixin.py:109} INFO - [2021-11-26 17:14:47,750] {dag.py:2396} INFO - Sync 1 DAGs
[2021-11-26 17:14:47,755] {logging_mixin.py:109} INFO - [2021-11-26 17:14:47,755] {dag.py:2928} INFO - Setting next_dagrun for example_branch_datetime_operator_2 to 2021-11-26 00:00:00+00:00
[2021-11-26 17:14:47,761] {processor.py:171} INFO - Processing /Users/danielcollins/opt/anaconda3/lib/python3.8/site-packages/airflow/example_dags/example_branch_datetime_operator.py took 0.046 seconds
[2021-11-26 17:16:09,662] {processor.py:163} INFO - Started process (PID=20573) to work on /Users/danielcollins/opt/anaconda3/lib/python3.8/site-packages/airflow/example_dags/example_branch_datetime_operator.py
[2021-11-26 17:16:09,663] {processor.py:625} INFO - Processing file /Users/danielcollins/opt/anaconda3/lib/python3.8/site-packages/airflow/example_dags/example_branch_datetime_operator.py for tasks to queue
[2021-11-26 17:16:09,663] {logging_mixin.py:109} INFO - [2021-11-26 17:16:09,663] {dagbag.py:500} INFO - Filling up the DagBag from /Users/danielcollins/opt/anaconda3/lib/python3.8/site-packages/airflow/example_dags/example_branch_datetime_operator.py
[2021-11-26 17:16:09,683] {processor.py:637} INFO - DAG(s) dict_keys(['example_branch_datetime_operator_2']) retrieved from /Users/danielcollins/opt/anaconda3/lib/python3.8/site-packages/airflow/example_dags/example_branch_datetime_operator.py
[2021-11-26 17:16:09,694] {logging_mixin.py:109} INFO - [2021-11-26 17:16:09,693] {dag.py:2396} INFO - Sync 1 DAGs
[2021-11-26 17:16:09,698] {logging_mixin.py:109} INFO - [2021-11-26 17:16:09,698] {dag.py:2928} INFO - Setting next_dagrun for example_branch_datetime_operator_2 to 2021-11-26 00:00:00+00:00
[2021-11-26 17:16:09,703] {processor.py:171} INFO - Processing /Users/danielcollins/opt/anaconda3/lib/python3.8/site-packages/airflow/example_dags/example_branch_datetime_operator.py took 0.041 seconds
[2021-11-26 17:17:32,531] {processor.py:163} INFO - Started process (PID=20755) to work on /Users/danielcollins/opt/anaconda3/lib/python3.8/site-packages/airflow/example_dags/example_branch_datetime_operator.py
[2021-11-26 17:17:32,531] {processor.py:625} INFO - Processing file /Users/danielcollins/opt/anaconda3/lib/python3.8/site-packages/airflow/example_dags/example_branch_datetime_operator.py for tasks to queue
[2021-11-26 17:17:32,532] {logging_mixin.py:109} INFO - [2021-11-26 17:17:32,532] {dagbag.py:500} INFO - Filling up the DagBag from /Users/danielcollins/opt/anaconda3/lib/python3.8/site-packages/airflow/example_dags/example_branch_datetime_operator.py
[2021-11-26 17:17:32,551] {processor.py:637} INFO - DAG(s) dict_keys(['example_branch_datetime_operator_2']) retrieved from /Users/danielcollins/opt/anaconda3/lib/python3.8/site-packages/airflow/example_dags/example_branch_datetime_operator.py
[2021-11-26 17:17:32,561] {logging_mixin.py:109} INFO - [2021-11-26 17:17:32,561] {dag.py:2396} INFO - Sync 1 DAGs
[2021-11-26 17:17:32,566] {logging_mixin.py:109} INFO - [2021-11-26 17:17:32,566] {dag.py:2928} INFO - Setting next_dagrun for example_branch_datetime_operator_2 to 2021-11-26 00:00:00+00:00
[2021-11-26 17:17:32,572] {processor.py:171} INFO - Processing /Users/danielcollins/opt/anaconda3/lib/python3.8/site-packages/airflow/example_dags/example_branch_datetime_operator.py took 0.042 seconds
[2021-11-26 17:18:58,683] {processor.py:163} INFO - Started process (PID=20940) to work on /Users/danielcollins/opt/anaconda3/lib/python3.8/site-packages/airflow/example_dags/example_branch_datetime_operator.py
[2021-11-26 17:18:58,684] {processor.py:625} INFO - Processing file /Users/danielcollins/opt/anaconda3/lib/python3.8/site-packages/airflow/example_dags/example_branch_datetime_operator.py for tasks to queue
[2021-11-26 17:18:58,684] {logging_mixin.py:109} INFO - [2021-11-26 17:18:58,684] {dagbag.py:500} INFO - Filling up the DagBag from /Users/danielcollins/opt/anaconda3/lib/python3.8/site-packages/airflow/example_dags/example_branch_datetime_operator.py
[2021-11-26 17:18:58,705] {processor.py:637} INFO - DAG(s) dict_keys(['example_branch_datetime_operator_2']) retrieved from /Users/danielcollins/opt/anaconda3/lib/python3.8/site-packages/airflow/example_dags/example_branch_datetime_operator.py
[2021-11-26 17:18:58,715] {logging_mixin.py:109} INFO - [2021-11-26 17:18:58,715] {dag.py:2396} INFO - Sync 1 DAGs
[2021-11-26 17:18:58,721] {logging_mixin.py:109} INFO - [2021-11-26 17:18:58,721] {dag.py:2928} INFO - Setting next_dagrun for example_branch_datetime_operator_2 to 2021-11-26 00:00:00+00:00
[2021-11-26 17:18:58,730] {processor.py:171} INFO - Processing /Users/danielcollins/opt/anaconda3/lib/python3.8/site-packages/airflow/example_dags/example_branch_datetime_operator.py took 0.048 seconds
[2021-11-26 17:20:25,643] {processor.py:163} INFO - Started process (PID=21060) to work on /Users/danielcollins/opt/anaconda3/lib/python3.8/site-packages/airflow/example_dags/example_branch_datetime_operator.py
[2021-11-26 17:20:25,643] {processor.py:625} INFO - Processing file /Users/danielcollins/opt/anaconda3/lib/python3.8/site-packages/airflow/example_dags/example_branch_datetime_operator.py for tasks to queue
[2021-11-26 17:20:25,643] {logging_mixin.py:109} INFO - [2021-11-26 17:20:25,643] {dagbag.py:500} INFO - Filling up the DagBag from /Users/danielcollins/opt/anaconda3/lib/python3.8/site-packages/airflow/example_dags/example_branch_datetime_operator.py
[2021-11-26 17:20:25,663] {processor.py:637} INFO - DAG(s) dict_keys(['example_branch_datetime_operator_2']) retrieved from /Users/danielcollins/opt/anaconda3/lib/python3.8/site-packages/airflow/example_dags/example_branch_datetime_operator.py
[2021-11-26 17:20:25,673] {logging_mixin.py:109} INFO - [2021-11-26 17:20:25,673] {dag.py:2396} INFO - Sync 1 DAGs
[2021-11-26 17:20:25,678] {logging_mixin.py:109} INFO - [2021-11-26 17:20:25,678] {dag.py:2928} INFO - Setting next_dagrun for example_branch_datetime_operator_2 to 2021-11-26 00:00:00+00:00
[2021-11-26 17:20:25,683] {processor.py:171} INFO - Processing /Users/danielcollins/opt/anaconda3/lib/python3.8/site-packages/airflow/example_dags/example_branch_datetime_operator.py took 0.041 seconds
[2021-11-26 17:21:50,100] {processor.py:163} INFO - Started process (PID=21202) to work on /Users/danielcollins/opt/anaconda3/lib/python3.8/site-packages/airflow/example_dags/example_branch_datetime_operator.py
[2021-11-26 17:21:50,101] {processor.py:625} INFO - Processing file /Users/danielcollins/opt/anaconda3/lib/python3.8/site-packages/airflow/example_dags/example_branch_datetime_operator.py for tasks to queue
[2021-11-26 17:21:50,101] {logging_mixin.py:109} INFO - [2021-11-26 17:21:50,101] {dagbag.py:500} INFO - Filling up the DagBag from /Users/danielcollins/opt/anaconda3/lib/python3.8/site-packages/airflow/example_dags/example_branch_datetime_operator.py
[2021-11-26 17:21:50,121] {processor.py:637} INFO - DAG(s) dict_keys(['example_branch_datetime_operator_2']) retrieved from /Users/danielcollins/opt/anaconda3/lib/python3.8/site-packages/airflow/example_dags/example_branch_datetime_operator.py
[2021-11-26 17:21:50,130] {logging_mixin.py:109} INFO - [2021-11-26 17:21:50,130] {dag.py:2396} INFO - Sync 1 DAGs
[2021-11-26 17:21:50,135] {logging_mixin.py:109} INFO - [2021-11-26 17:21:50,135] {dag.py:2928} INFO - Setting next_dagrun for example_branch_datetime_operator_2 to 2021-11-26 00:00:00+00:00
[2021-11-26 17:21:50,145] {processor.py:171} INFO - Processing /Users/danielcollins/opt/anaconda3/lib/python3.8/site-packages/airflow/example_dags/example_branch_datetime_operator.py took 0.045 seconds
[2021-11-26 17:23:11,711] {processor.py:163} INFO - Started process (PID=21312) to work on /Users/danielcollins/opt/anaconda3/lib/python3.8/site-packages/airflow/example_dags/example_branch_datetime_operator.py
[2021-11-26 17:23:11,712] {processor.py:625} INFO - Processing file /Users/danielcollins/opt/anaconda3/lib/python3.8/site-packages/airflow/example_dags/example_branch_datetime_operator.py for tasks to queue
[2021-11-26 17:23:11,712] {logging_mixin.py:109} INFO - [2021-11-26 17:23:11,712] {dagbag.py:500} INFO - Filling up the DagBag from /Users/danielcollins/opt/anaconda3/lib/python3.8/site-packages/airflow/example_dags/example_branch_datetime_operator.py
[2021-11-26 17:23:11,734] {processor.py:637} INFO - DAG(s) dict_keys(['example_branch_datetime_operator_2']) retrieved from /Users/danielcollins/opt/anaconda3/lib/python3.8/site-packages/airflow/example_dags/example_branch_datetime_operator.py
[2021-11-26 17:23:11,745] {logging_mixin.py:109} INFO - [2021-11-26 17:23:11,745] {dag.py:2396} INFO - Sync 1 DAGs
[2021-11-26 17:23:11,750] {logging_mixin.py:109} INFO - [2021-11-26 17:23:11,750] {dag.py:2928} INFO - Setting next_dagrun for example_branch_datetime_operator_2 to 2021-11-26 00:00:00+00:00
[2021-11-26 17:23:11,757] {processor.py:171} INFO - Processing /Users/danielcollins/opt/anaconda3/lib/python3.8/site-packages/airflow/example_dags/example_branch_datetime_operator.py took 0.046 seconds
[2021-11-26 17:24:34,699] {processor.py:163} INFO - Started process (PID=21430) to work on /Users/danielcollins/opt/anaconda3/lib/python3.8/site-packages/airflow/example_dags/example_branch_datetime_operator.py
[2021-11-26 17:24:34,699] {processor.py:625} INFO - Processing file /Users/danielcollins/opt/anaconda3/lib/python3.8/site-packages/airflow/example_dags/example_branch_datetime_operator.py for tasks to queue
[2021-11-26 17:24:34,700] {logging_mixin.py:109} INFO - [2021-11-26 17:24:34,700] {dagbag.py:500} INFO - Filling up the DagBag from /Users/danielcollins/opt/anaconda3/lib/python3.8/site-packages/airflow/example_dags/example_branch_datetime_operator.py
[2021-11-26 17:24:34,719] {processor.py:637} INFO - DAG(s) dict_keys(['example_branch_datetime_operator_2']) retrieved from /Users/danielcollins/opt/anaconda3/lib/python3.8/site-packages/airflow/example_dags/example_branch_datetime_operator.py
[2021-11-26 17:24:34,729] {logging_mixin.py:109} INFO - [2021-11-26 17:24:34,729] {dag.py:2396} INFO - Sync 1 DAGs
[2021-11-26 17:24:34,734] {logging_mixin.py:109} INFO - [2021-11-26 17:24:34,734] {dag.py:2928} INFO - Setting next_dagrun for example_branch_datetime_operator_2 to 2021-11-26 00:00:00+00:00
[2021-11-26 17:24:34,739] {processor.py:171} INFO - Processing /Users/danielcollins/opt/anaconda3/lib/python3.8/site-packages/airflow/example_dags/example_branch_datetime_operator.py took 0.041 seconds
[2021-11-26 17:26:01,691] {processor.py:163} INFO - Started process (PID=21719) to work on /Users/danielcollins/opt/anaconda3/lib/python3.8/site-packages/airflow/example_dags/example_branch_datetime_operator.py
[2021-11-26 17:26:01,691] {processor.py:625} INFO - Processing file /Users/danielcollins/opt/anaconda3/lib/python3.8/site-packages/airflow/example_dags/example_branch_datetime_operator.py for tasks to queue
[2021-11-26 17:26:01,692] {logging_mixin.py:109} INFO - [2021-11-26 17:26:01,692] {dagbag.py:500} INFO - Filling up the DagBag from /Users/danielcollins/opt/anaconda3/lib/python3.8/site-packages/airflow/example_dags/example_branch_datetime_operator.py
[2021-11-26 17:26:01,712] {processor.py:637} INFO - DAG(s) dict_keys(['example_branch_datetime_operator_2']) retrieved from /Users/danielcollins/opt/anaconda3/lib/python3.8/site-packages/airflow/example_dags/example_branch_datetime_operator.py
[2021-11-26 17:26:01,724] {logging_mixin.py:109} INFO - [2021-11-26 17:26:01,723] {dag.py:2396} INFO - Sync 1 DAGs
[2021-11-26 17:26:01,729] {logging_mixin.py:109} INFO - [2021-11-26 17:26:01,728] {dag.py:2928} INFO - Setting next_dagrun for example_branch_datetime_operator_2 to 2021-11-26 00:00:00+00:00
[2021-11-26 17:26:01,737] {processor.py:171} INFO - Processing /Users/danielcollins/opt/anaconda3/lib/python3.8/site-packages/airflow/example_dags/example_branch_datetime_operator.py took 0.047 seconds
[2021-11-26 17:27:36,960] {processor.py:163} INFO - Started process (PID=22299) to work on /Users/danielcollins/opt/anaconda3/lib/python3.8/site-packages/airflow/example_dags/example_branch_datetime_operator.py
[2021-11-26 17:27:36,961] {processor.py:625} INFO - Processing file /Users/danielcollins/opt/anaconda3/lib/python3.8/site-packages/airflow/example_dags/example_branch_datetime_operator.py for tasks to queue
[2021-11-26 17:27:36,961] {logging_mixin.py:109} INFO - [2021-11-26 17:27:36,961] {dagbag.py:500} INFO - Filling up the DagBag from /Users/danielcollins/opt/anaconda3/lib/python3.8/site-packages/airflow/example_dags/example_branch_datetime_operator.py
[2021-11-26 17:27:36,980] {processor.py:637} INFO - DAG(s) dict_keys(['example_branch_datetime_operator_2']) retrieved from /Users/danielcollins/opt/anaconda3/lib/python3.8/site-packages/airflow/example_dags/example_branch_datetime_operator.py
[2021-11-26 17:27:36,991] {logging_mixin.py:109} INFO - [2021-11-26 17:27:36,991] {dag.py:2396} INFO - Sync 1 DAGs
[2021-11-26 17:27:36,996] {logging_mixin.py:109} INFO - [2021-11-26 17:27:36,996] {dag.py:2928} INFO - Setting next_dagrun for example_branch_datetime_operator_2 to 2021-11-26 00:00:00+00:00
[2021-11-26 17:27:37,002] {processor.py:171} INFO - Processing /Users/danielcollins/opt/anaconda3/lib/python3.8/site-packages/airflow/example_dags/example_branch_datetime_operator.py took 0.042 seconds
[2021-11-26 17:29:02,856] {processor.py:163} INFO - Started process (PID=22419) to work on /Users/danielcollins/opt/anaconda3/lib/python3.8/site-packages/airflow/example_dags/example_branch_datetime_operator.py
[2021-11-26 17:29:02,856] {processor.py:625} INFO - Processing file /Users/danielcollins/opt/anaconda3/lib/python3.8/site-packages/airflow/example_dags/example_branch_datetime_operator.py for tasks to queue
[2021-11-26 17:29:02,857] {logging_mixin.py:109} INFO - [2021-11-26 17:29:02,857] {dagbag.py:500} INFO - Filling up the DagBag from /Users/danielcollins/opt/anaconda3/lib/python3.8/site-packages/airflow/example_dags/example_branch_datetime_operator.py
[2021-11-26 17:29:02,876] {processor.py:637} INFO - DAG(s) dict_keys(['example_branch_datetime_operator_2']) retrieved from /Users/danielcollins/opt/anaconda3/lib/python3.8/site-packages/airflow/example_dags/example_branch_datetime_operator.py
[2021-11-26 17:29:02,886] {logging_mixin.py:109} INFO - [2021-11-26 17:29:02,886] {dag.py:2396} INFO - Sync 1 DAGs
[2021-11-26 17:29:02,891] {logging_mixin.py:109} INFO - [2021-11-26 17:29:02,891] {dag.py:2928} INFO - Setting next_dagrun for example_branch_datetime_operator_2 to 2021-11-26 00:00:00+00:00
[2021-11-26 17:29:02,896] {processor.py:171} INFO - Processing /Users/danielcollins/opt/anaconda3/lib/python3.8/site-packages/airflow/example_dags/example_branch_datetime_operator.py took 0.041 seconds
[2021-11-26 17:30:24,955] {processor.py:163} INFO - Started process (PID=22541) to work on /Users/danielcollins/opt/anaconda3/lib/python3.8/site-packages/airflow/example_dags/example_branch_datetime_operator.py
[2021-11-26 17:30:24,956] {processor.py:625} INFO - Processing file /Users/danielcollins/opt/anaconda3/lib/python3.8/site-packages/airflow/example_dags/example_branch_datetime_operator.py for tasks to queue
[2021-11-26 17:30:24,956] {logging_mixin.py:109} INFO - [2021-11-26 17:30:24,956] {dagbag.py:500} INFO - Filling up the DagBag from /Users/danielcollins/opt/anaconda3/lib/python3.8/site-packages/airflow/example_dags/example_branch_datetime_operator.py
[2021-11-26 17:30:24,975] {processor.py:637} INFO - DAG(s) dict_keys(['example_branch_datetime_operator_2']) retrieved from /Users/danielcollins/opt/anaconda3/lib/python3.8/site-packages/airflow/example_dags/example_branch_datetime_operator.py
[2021-11-26 17:30:24,985] {logging_mixin.py:109} INFO - [2021-11-26 17:30:24,985] {dag.py:2396} INFO - Sync 1 DAGs
[2021-11-26 17:30:24,990] {logging_mixin.py:109} INFO - [2021-11-26 17:30:24,990] {dag.py:2928} INFO - Setting next_dagrun for example_branch_datetime_operator_2 to 2021-11-26 00:00:00+00:00
[2021-11-26 17:30:24,996] {processor.py:171} INFO - Processing /Users/danielcollins/opt/anaconda3/lib/python3.8/site-packages/airflow/example_dags/example_branch_datetime_operator.py took 0.041 seconds
[2021-11-26 17:31:45,294] {processor.py:163} INFO - Started process (PID=22661) to work on /Users/danielcollins/opt/anaconda3/lib/python3.8/site-packages/airflow/example_dags/example_branch_datetime_operator.py
[2021-11-26 17:31:45,295] {processor.py:625} INFO - Processing file /Users/danielcollins/opt/anaconda3/lib/python3.8/site-packages/airflow/example_dags/example_branch_datetime_operator.py for tasks to queue
[2021-11-26 17:31:45,295] {logging_mixin.py:109} INFO - [2021-11-26 17:31:45,295] {dagbag.py:500} INFO - Filling up the DagBag from /Users/danielcollins/opt/anaconda3/lib/python3.8/site-packages/airflow/example_dags/example_branch_datetime_operator.py
[2021-11-26 17:31:45,316] {processor.py:637} INFO - DAG(s) dict_keys(['example_branch_datetime_operator_2']) retrieved from /Users/danielcollins/opt/anaconda3/lib/python3.8/site-packages/airflow/example_dags/example_branch_datetime_operator.py
[2021-11-26 17:31:45,326] {logging_mixin.py:109} INFO - [2021-11-26 17:31:45,326] {dag.py:2396} INFO - Sync 1 DAGs
[2021-11-26 17:31:45,330] {logging_mixin.py:109} INFO - [2021-11-26 17:31:45,330] {dag.py:2928} INFO - Setting next_dagrun for example_branch_datetime_operator_2 to 2021-11-26 00:00:00+00:00
[2021-11-26 17:31:45,336] {processor.py:171} INFO - Processing /Users/danielcollins/opt/anaconda3/lib/python3.8/site-packages/airflow/example_dags/example_branch_datetime_operator.py took 0.042 seconds
[2021-11-26 17:33:22,228] {processor.py:163} INFO - Started process (PID=22951) to work on /Users/danielcollins/opt/anaconda3/lib/python3.8/site-packages/airflow/example_dags/example_branch_datetime_operator.py
[2021-11-26 17:33:22,228] {processor.py:625} INFO - Processing file /Users/danielcollins/opt/anaconda3/lib/python3.8/site-packages/airflow/example_dags/example_branch_datetime_operator.py for tasks to queue
[2021-11-26 17:33:22,229] {logging_mixin.py:109} INFO - [2021-11-26 17:33:22,229] {dagbag.py:500} INFO - Filling up the DagBag from /Users/danielcollins/opt/anaconda3/lib/python3.8/site-packages/airflow/example_dags/example_branch_datetime_operator.py
[2021-11-26 17:33:22,248] {processor.py:637} INFO - DAG(s) dict_keys(['example_branch_datetime_operator_2']) retrieved from /Users/danielcollins/opt/anaconda3/lib/python3.8/site-packages/airflow/example_dags/example_branch_datetime_operator.py
[2021-11-26 17:33:22,258] {logging_mixin.py:109} INFO - [2021-11-26 17:33:22,258] {dag.py:2396} INFO - Sync 1 DAGs
[2021-11-26 17:33:22,263] {logging_mixin.py:109} INFO - [2021-11-26 17:33:22,263] {dag.py:2928} INFO - Setting next_dagrun for example_branch_datetime_operator_2 to 2021-11-26 00:00:00+00:00
[2021-11-26 17:33:22,268] {processor.py:171} INFO - Processing /Users/danielcollins/opt/anaconda3/lib/python3.8/site-packages/airflow/example_dags/example_branch_datetime_operator.py took 0.040 seconds
[2021-11-26 17:51:37,424] {processor.py:163} INFO - Started process (PID=23204) to work on /Users/danielcollins/opt/anaconda3/lib/python3.8/site-packages/airflow/example_dags/example_branch_datetime_operator.py
[2021-11-26 17:51:37,425] {processor.py:625} INFO - Processing file /Users/danielcollins/opt/anaconda3/lib/python3.8/site-packages/airflow/example_dags/example_branch_datetime_operator.py for tasks to queue
[2021-11-26 17:51:37,425] {logging_mixin.py:109} INFO - [2021-11-26 17:51:37,425] {dagbag.py:500} INFO - Filling up the DagBag from /Users/danielcollins/opt/anaconda3/lib/python3.8/site-packages/airflow/example_dags/example_branch_datetime_operator.py
[2021-11-26 17:51:37,444] {processor.py:637} INFO - DAG(s) dict_keys(['example_branch_datetime_operator_2']) retrieved from /Users/danielcollins/opt/anaconda3/lib/python3.8/site-packages/airflow/example_dags/example_branch_datetime_operator.py
[2021-11-26 17:51:37,454] {logging_mixin.py:109} INFO - [2021-11-26 17:51:37,454] {dag.py:2396} INFO - Sync 1 DAGs
[2021-11-26 17:51:37,459] {logging_mixin.py:109} INFO - [2021-11-26 17:51:37,459] {dag.py:2928} INFO - Setting next_dagrun for example_branch_datetime_operator_2 to 2021-11-26 00:00:00+00:00
[2021-11-26 17:51:37,468] {processor.py:171} INFO - Processing /Users/danielcollins/opt/anaconda3/lib/python3.8/site-packages/airflow/example_dags/example_branch_datetime_operator.py took 0.044 seconds
[2021-11-26 17:53:22,857] {processor.py:163} INFO - Started process (PID=23336) to work on /Users/danielcollins/opt/anaconda3/lib/python3.8/site-packages/airflow/example_dags/example_branch_datetime_operator.py
[2021-11-26 17:53:22,858] {processor.py:625} INFO - Processing file /Users/danielcollins/opt/anaconda3/lib/python3.8/site-packages/airflow/example_dags/example_branch_datetime_operator.py for tasks to queue
[2021-11-26 17:53:22,858] {logging_mixin.py:109} INFO - [2021-11-26 17:53:22,858] {dagbag.py:500} INFO - Filling up the DagBag from /Users/danielcollins/opt/anaconda3/lib/python3.8/site-packages/airflow/example_dags/example_branch_datetime_operator.py
[2021-11-26 17:53:22,890] {processor.py:637} INFO - DAG(s) dict_keys(['example_branch_datetime_operator_2']) retrieved from /Users/danielcollins/opt/anaconda3/lib/python3.8/site-packages/airflow/example_dags/example_branch_datetime_operator.py
[2021-11-26 17:53:22,919] {logging_mixin.py:109} INFO - [2021-11-26 17:53:22,919] {dag.py:2396} INFO - Sync 1 DAGs
[2021-11-26 17:53:22,925] {logging_mixin.py:109} INFO - [2021-11-26 17:53:22,925] {dag.py:2928} INFO - Setting next_dagrun for example_branch_datetime_operator_2 to 2021-11-26 00:00:00+00:00
[2021-11-26 17:53:22,933] {processor.py:171} INFO - Processing /Users/danielcollins/opt/anaconda3/lib/python3.8/site-packages/airflow/example_dags/example_branch_datetime_operator.py took 0.076 seconds
[2021-11-26 17:55:15,495] {processor.py:163} INFO - Started process (PID=23480) to work on /Users/danielcollins/opt/anaconda3/lib/python3.8/site-packages/airflow/example_dags/example_branch_datetime_operator.py
[2021-11-26 17:55:15,495] {processor.py:625} INFO - Processing file /Users/danielcollins/opt/anaconda3/lib/python3.8/site-packages/airflow/example_dags/example_branch_datetime_operator.py for tasks to queue
[2021-11-26 17:55:15,496] {logging_mixin.py:109} INFO - [2021-11-26 17:55:15,496] {dagbag.py:500} INFO - Filling up the DagBag from /Users/danielcollins/opt/anaconda3/lib/python3.8/site-packages/airflow/example_dags/example_branch_datetime_operator.py
[2021-11-26 17:55:15,543] {processor.py:637} INFO - DAG(s) dict_keys(['example_branch_datetime_operator_2']) retrieved from /Users/danielcollins/opt/anaconda3/lib/python3.8/site-packages/airflow/example_dags/example_branch_datetime_operator.py
[2021-11-26 17:55:15,566] {logging_mixin.py:109} INFO - [2021-11-26 17:55:15,566] {dag.py:2396} INFO - Sync 1 DAGs
[2021-11-26 17:55:15,572] {logging_mixin.py:109} INFO - [2021-11-26 17:55:15,572] {dag.py:2928} INFO - Setting next_dagrun for example_branch_datetime_operator_2 to 2021-11-26 00:00:00+00:00
[2021-11-26 17:55:15,582] {processor.py:171} INFO - Processing /Users/danielcollins/opt/anaconda3/lib/python3.8/site-packages/airflow/example_dags/example_branch_datetime_operator.py took 0.088 seconds
[2021-11-26 17:57:14,101] {processor.py:163} INFO - Started process (PID=23666) to work on /Users/danielcollins/opt/anaconda3/lib/python3.8/site-packages/airflow/example_dags/example_branch_datetime_operator.py
[2021-11-26 17:57:14,102] {processor.py:625} INFO - Processing file /Users/danielcollins/opt/anaconda3/lib/python3.8/site-packages/airflow/example_dags/example_branch_datetime_operator.py for tasks to queue
[2021-11-26 17:57:14,102] {logging_mixin.py:109} INFO - [2021-11-26 17:57:14,102] {dagbag.py:500} INFO - Filling up the DagBag from /Users/danielcollins/opt/anaconda3/lib/python3.8/site-packages/airflow/example_dags/example_branch_datetime_operator.py
[2021-11-26 17:57:14,132] {processor.py:637} INFO - DAG(s) dict_keys(['example_branch_datetime_operator_2']) retrieved from /Users/danielcollins/opt/anaconda3/lib/python3.8/site-packages/airflow/example_dags/example_branch_datetime_operator.py
[2021-11-26 17:57:14,159] {logging_mixin.py:109} INFO - [2021-11-26 17:57:14,159] {dag.py:2396} INFO - Sync 1 DAGs
[2021-11-26 17:57:14,164] {logging_mixin.py:109} INFO - [2021-11-26 17:57:14,164] {dag.py:2928} INFO - Setting next_dagrun for example_branch_datetime_operator_2 to 2021-11-26 00:00:00+00:00
[2021-11-26 17:57:14,215] {processor.py:171} INFO - Processing /Users/danielcollins/opt/anaconda3/lib/python3.8/site-packages/airflow/example_dags/example_branch_datetime_operator.py took 0.104 seconds
[2021-11-26 17:59:09,619] {processor.py:163} INFO - Started process (PID=23863) to work on /Users/danielcollins/opt/anaconda3/lib/python3.8/site-packages/airflow/example_dags/example_branch_datetime_operator.py
[2021-11-26 17:59:09,620] {processor.py:625} INFO - Processing file /Users/danielcollins/opt/anaconda3/lib/python3.8/site-packages/airflow/example_dags/example_branch_datetime_operator.py for tasks to queue
[2021-11-26 17:59:09,620] {logging_mixin.py:109} INFO - [2021-11-26 17:59:09,620] {dagbag.py:500} INFO - Filling up the DagBag from /Users/danielcollins/opt/anaconda3/lib/python3.8/site-packages/airflow/example_dags/example_branch_datetime_operator.py
[2021-11-26 17:59:09,640] {processor.py:637} INFO - DAG(s) dict_keys(['example_branch_datetime_operator_2']) retrieved from /Users/danielcollins/opt/anaconda3/lib/python3.8/site-packages/airflow/example_dags/example_branch_datetime_operator.py
[2021-11-26 17:59:09,650] {logging_mixin.py:109} INFO - [2021-11-26 17:59:09,650] {dag.py:2396} INFO - Sync 1 DAGs
[2021-11-26 17:59:09,655] {logging_mixin.py:109} INFO - [2021-11-26 17:59:09,655] {dag.py:2928} INFO - Setting next_dagrun for example_branch_datetime_operator_2 to 2021-11-26 00:00:00+00:00
[2021-11-26 17:59:09,662] {processor.py:171} INFO - Processing /Users/danielcollins/opt/anaconda3/lib/python3.8/site-packages/airflow/example_dags/example_branch_datetime_operator.py took 0.044 seconds
[2021-11-26 18:01:08,425] {processor.py:163} INFO - Started process (PID=24003) to work on /Users/danielcollins/opt/anaconda3/lib/python3.8/site-packages/airflow/example_dags/example_branch_datetime_operator.py
[2021-11-26 18:01:08,437] {processor.py:625} INFO - Processing file /Users/danielcollins/opt/anaconda3/lib/python3.8/site-packages/airflow/example_dags/example_branch_datetime_operator.py for tasks to queue
[2021-11-26 18:01:08,438] {logging_mixin.py:109} INFO - [2021-11-26 18:01:08,438] {dagbag.py:500} INFO - Filling up the DagBag from /Users/danielcollins/opt/anaconda3/lib/python3.8/site-packages/airflow/example_dags/example_branch_datetime_operator.py
[2021-11-26 18:01:08,500] {processor.py:637} INFO - DAG(s) dict_keys(['example_branch_datetime_operator_2']) retrieved from /Users/danielcollins/opt/anaconda3/lib/python3.8/site-packages/airflow/example_dags/example_branch_datetime_operator.py
[2021-11-26 18:01:08,519] {logging_mixin.py:109} INFO - [2021-11-26 18:01:08,519] {dag.py:2396} INFO - Sync 1 DAGs
[2021-11-26 18:01:08,524] {logging_mixin.py:109} INFO - [2021-11-26 18:01:08,524] {dag.py:2928} INFO - Setting next_dagrun for example_branch_datetime_operator_2 to 2021-11-26 00:00:00+00:00
[2021-11-26 18:01:08,572] {processor.py:171} INFO - Processing /Users/danielcollins/opt/anaconda3/lib/python3.8/site-packages/airflow/example_dags/example_branch_datetime_operator.py took 0.152 seconds
[2021-11-26 18:03:21,164] {processor.py:163} INFO - Started process (PID=24176) to work on /Users/danielcollins/opt/anaconda3/lib/python3.8/site-packages/airflow/example_dags/example_branch_datetime_operator.py
[2021-11-26 18:03:21,164] {processor.py:625} INFO - Processing file /Users/danielcollins/opt/anaconda3/lib/python3.8/site-packages/airflow/example_dags/example_branch_datetime_operator.py for tasks to queue
[2021-11-26 18:03:21,165] {logging_mixin.py:109} INFO - [2021-11-26 18:03:21,165] {dagbag.py:500} INFO - Filling up the DagBag from /Users/danielcollins/opt/anaconda3/lib/python3.8/site-packages/airflow/example_dags/example_branch_datetime_operator.py
[2021-11-26 18:03:21,237] {processor.py:637} INFO - DAG(s) dict_keys(['example_branch_datetime_operator_2']) retrieved from /Users/danielcollins/opt/anaconda3/lib/python3.8/site-packages/airflow/example_dags/example_branch_datetime_operator.py
[2021-11-26 18:03:21,283] {logging_mixin.py:109} INFO - [2021-11-26 18:03:21,283] {dag.py:2396} INFO - Sync 1 DAGs
[2021-11-26 18:03:21,306] {logging_mixin.py:109} INFO - [2021-11-26 18:03:21,306] {dag.py:2928} INFO - Setting next_dagrun for example_branch_datetime_operator_2 to 2021-11-26 00:00:00+00:00
[2021-11-26 18:03:21,317] {processor.py:171} INFO - Processing /Users/danielcollins/opt/anaconda3/lib/python3.8/site-packages/airflow/example_dags/example_branch_datetime_operator.py took 0.154 seconds
[2021-11-26 18:05:08,381] {processor.py:163} INFO - Started process (PID=24380) to work on /Users/danielcollins/opt/anaconda3/lib/python3.8/site-packages/airflow/example_dags/example_branch_datetime_operator.py
[2021-11-26 18:05:08,382] {processor.py:625} INFO - Processing file /Users/danielcollins/opt/anaconda3/lib/python3.8/site-packages/airflow/example_dags/example_branch_datetime_operator.py for tasks to queue
[2021-11-26 18:05:08,382] {logging_mixin.py:109} INFO - [2021-11-26 18:05:08,382] {dagbag.py:500} INFO - Filling up the DagBag from /Users/danielcollins/opt/anaconda3/lib/python3.8/site-packages/airflow/example_dags/example_branch_datetime_operator.py
[2021-11-26 18:05:08,403] {processor.py:637} INFO - DAG(s) dict_keys(['example_branch_datetime_operator_2']) retrieved from /Users/danielcollins/opt/anaconda3/lib/python3.8/site-packages/airflow/example_dags/example_branch_datetime_operator.py
[2021-11-26 18:05:08,413] {logging_mixin.py:109} INFO - [2021-11-26 18:05:08,413] {dag.py:2396} INFO - Sync 1 DAGs
[2021-11-26 18:05:08,418] {logging_mixin.py:109} INFO - [2021-11-26 18:05:08,418] {dag.py:2928} INFO - Setting next_dagrun for example_branch_datetime_operator_2 to 2021-11-26 00:00:00+00:00
[2021-11-26 18:05:08,423] {processor.py:171} INFO - Processing /Users/danielcollins/opt/anaconda3/lib/python3.8/site-packages/airflow/example_dags/example_branch_datetime_operator.py took 0.043 seconds
[2021-11-26 18:06:51,265] {processor.py:163} INFO - Started process (PID=24518) to work on /Users/danielcollins/opt/anaconda3/lib/python3.8/site-packages/airflow/example_dags/example_branch_datetime_operator.py
[2021-11-26 18:06:51,266] {processor.py:625} INFO - Processing file /Users/danielcollins/opt/anaconda3/lib/python3.8/site-packages/airflow/example_dags/example_branch_datetime_operator.py for tasks to queue
[2021-11-26 18:06:51,266] {logging_mixin.py:109} INFO - [2021-11-26 18:06:51,266] {dagbag.py:500} INFO - Filling up the DagBag from /Users/danielcollins/opt/anaconda3/lib/python3.8/site-packages/airflow/example_dags/example_branch_datetime_operator.py
[2021-11-26 18:06:51,288] {processor.py:637} INFO - DAG(s) dict_keys(['example_branch_datetime_operator_2']) retrieved from /Users/danielcollins/opt/anaconda3/lib/python3.8/site-packages/airflow/example_dags/example_branch_datetime_operator.py
[2021-11-26 18:06:51,298] {logging_mixin.py:109} INFO - [2021-11-26 18:06:51,298] {dag.py:2396} INFO - Sync 1 DAGs
[2021-11-26 18:06:51,304] {logging_mixin.py:109} INFO - [2021-11-26 18:06:51,303] {dag.py:2928} INFO - Setting next_dagrun for example_branch_datetime_operator_2 to 2021-11-26 00:00:00+00:00
[2021-11-26 18:06:51,327] {processor.py:171} INFO - Processing /Users/danielcollins/opt/anaconda3/lib/python3.8/site-packages/airflow/example_dags/example_branch_datetime_operator.py took 0.062 seconds
[2021-11-26 18:13:51,717] {processor.py:163} INFO - Started process (PID=24670) to work on /Users/danielcollins/opt/anaconda3/lib/python3.8/site-packages/airflow/example_dags/example_branch_datetime_operator.py
[2021-11-26 18:13:51,718] {processor.py:625} INFO - Processing file /Users/danielcollins/opt/anaconda3/lib/python3.8/site-packages/airflow/example_dags/example_branch_datetime_operator.py for tasks to queue
[2021-11-26 18:13:51,718] {logging_mixin.py:109} INFO - [2021-11-26 18:13:51,718] {dagbag.py:500} INFO - Filling up the DagBag from /Users/danielcollins/opt/anaconda3/lib/python3.8/site-packages/airflow/example_dags/example_branch_datetime_operator.py
[2021-11-26 18:13:51,740] {processor.py:637} INFO - DAG(s) dict_keys(['example_branch_datetime_operator_2']) retrieved from /Users/danielcollins/opt/anaconda3/lib/python3.8/site-packages/airflow/example_dags/example_branch_datetime_operator.py
[2021-11-26 18:13:51,750] {logging_mixin.py:109} INFO - [2021-11-26 18:13:51,750] {dag.py:2396} INFO - Sync 1 DAGs
[2021-11-26 18:13:51,755] {logging_mixin.py:109} INFO - [2021-11-26 18:13:51,755] {dag.py:2928} INFO - Setting next_dagrun for example_branch_datetime_operator_2 to 2021-11-26 00:00:00+00:00
[2021-11-26 18:13:51,759] {processor.py:171} INFO - Processing /Users/danielcollins/opt/anaconda3/lib/python3.8/site-packages/airflow/example_dags/example_branch_datetime_operator.py took 0.043 seconds
[2021-11-26 18:32:05,841] {processor.py:163} INFO - Started process (PID=24889) to work on /Users/danielcollins/opt/anaconda3/lib/python3.8/site-packages/airflow/example_dags/example_branch_datetime_operator.py
[2021-11-26 18:32:05,842] {processor.py:625} INFO - Processing file /Users/danielcollins/opt/anaconda3/lib/python3.8/site-packages/airflow/example_dags/example_branch_datetime_operator.py for tasks to queue
[2021-11-26 18:32:05,842] {logging_mixin.py:109} INFO - [2021-11-26 18:32:05,842] {dagbag.py:500} INFO - Filling up the DagBag from /Users/danielcollins/opt/anaconda3/lib/python3.8/site-packages/airflow/example_dags/example_branch_datetime_operator.py
[2021-11-26 18:32:05,864] {processor.py:637} INFO - DAG(s) dict_keys(['example_branch_datetime_operator_2']) retrieved from /Users/danielcollins/opt/anaconda3/lib/python3.8/site-packages/airflow/example_dags/example_branch_datetime_operator.py
[2021-11-26 18:32:05,874] {logging_mixin.py:109} INFO - [2021-11-26 18:32:05,874] {dag.py:2396} INFO - Sync 1 DAGs
[2021-11-26 18:32:05,879] {logging_mixin.py:109} INFO - [2021-11-26 18:32:05,879] {dag.py:2928} INFO - Setting next_dagrun for example_branch_datetime_operator_2 to 2021-11-26 00:00:00+00:00
[2021-11-26 18:32:05,884] {processor.py:171} INFO - Processing /Users/danielcollins/opt/anaconda3/lib/python3.8/site-packages/airflow/example_dags/example_branch_datetime_operator.py took 0.044 seconds
[2021-11-26 20:27:30,466] {processor.py:163} INFO - Started process (PID=25154) to work on /Users/danielcollins/opt/anaconda3/lib/python3.8/site-packages/airflow/example_dags/example_branch_datetime_operator.py
[2021-11-26 20:27:30,467] {processor.py:625} INFO - Processing file /Users/danielcollins/opt/anaconda3/lib/python3.8/site-packages/airflow/example_dags/example_branch_datetime_operator.py for tasks to queue
[2021-11-26 20:27:30,468] {logging_mixin.py:109} INFO - [2021-11-26 20:27:30,468] {dagbag.py:500} INFO - Filling up the DagBag from /Users/danielcollins/opt/anaconda3/lib/python3.8/site-packages/airflow/example_dags/example_branch_datetime_operator.py
[2021-11-26 20:27:30,737] {processor.py:637} INFO - DAG(s) dict_keys(['example_branch_datetime_operator_2']) retrieved from /Users/danielcollins/opt/anaconda3/lib/python3.8/site-packages/airflow/example_dags/example_branch_datetime_operator.py
[2021-11-26 20:27:31,051] {logging_mixin.py:109} INFO - [2021-11-26 20:27:31,035] {dag.py:2396} INFO - Sync 1 DAGs
[2021-11-26 20:27:31,089] {logging_mixin.py:109} INFO - [2021-11-26 20:27:31,089] {dag.py:2928} INFO - Setting next_dagrun for example_branch_datetime_operator_2 to 2021-11-26 00:00:00+00:00
[2021-11-26 20:27:31,096] {processor.py:171} INFO - Processing /Users/danielcollins/opt/anaconda3/lib/python3.8/site-packages/airflow/example_dags/example_branch_datetime_operator.py took 0.654 seconds
[2021-11-27 12:49:47,171] {processor.py:163} INFO - Started process (PID=26139) to work on /Users/danielcollins/opt/anaconda3/lib/python3.8/site-packages/airflow/example_dags/example_branch_datetime_operator.py
[2021-11-27 12:49:47,171] {processor.py:625} INFO - Processing file /Users/danielcollins/opt/anaconda3/lib/python3.8/site-packages/airflow/example_dags/example_branch_datetime_operator.py for tasks to queue
[2021-11-27 12:49:47,172] {logging_mixin.py:109} INFO - [2021-11-27 12:49:47,172] {dagbag.py:500} INFO - Filling up the DagBag from /Users/danielcollins/opt/anaconda3/lib/python3.8/site-packages/airflow/example_dags/example_branch_datetime_operator.py
[2021-11-27 12:49:47,192] {processor.py:637} INFO - DAG(s) dict_keys(['example_branch_datetime_operator_2']) retrieved from /Users/danielcollins/opt/anaconda3/lib/python3.8/site-packages/airflow/example_dags/example_branch_datetime_operator.py
[2021-11-27 12:49:47,202] {logging_mixin.py:109} INFO - [2021-11-27 12:49:47,202] {dag.py:2396} INFO - Sync 1 DAGs
[2021-11-27 12:49:47,207] {logging_mixin.py:109} INFO - [2021-11-27 12:49:47,206] {dag.py:2928} INFO - Setting next_dagrun for example_branch_datetime_operator_2 to 2021-11-26 00:00:00+00:00
[2021-11-27 12:49:47,227] {processor.py:171} INFO - Processing /Users/danielcollins/opt/anaconda3/lib/python3.8/site-packages/airflow/example_dags/example_branch_datetime_operator.py took 0.056 seconds
[2021-11-27 14:20:16,538] {processor.py:163} INFO - Started process (PID=26356) to work on /Users/danielcollins/opt/anaconda3/lib/python3.8/site-packages/airflow/example_dags/example_branch_datetime_operator.py
[2021-11-27 14:20:16,539] {processor.py:625} INFO - Processing file /Users/danielcollins/opt/anaconda3/lib/python3.8/site-packages/airflow/example_dags/example_branch_datetime_operator.py for tasks to queue
[2021-11-27 14:20:16,539] {logging_mixin.py:109} INFO - [2021-11-27 14:20:16,539] {dagbag.py:500} INFO - Filling up the DagBag from /Users/danielcollins/opt/anaconda3/lib/python3.8/site-packages/airflow/example_dags/example_branch_datetime_operator.py
[2021-11-27 14:20:16,563] {processor.py:637} INFO - DAG(s) dict_keys(['example_branch_datetime_operator_2']) retrieved from /Users/danielcollins/opt/anaconda3/lib/python3.8/site-packages/airflow/example_dags/example_branch_datetime_operator.py
[2021-11-27 14:20:16,574] {logging_mixin.py:109} INFO - [2021-11-27 14:20:16,574] {dag.py:2396} INFO - Sync 1 DAGs
[2021-11-27 14:20:16,579] {logging_mixin.py:109} INFO - [2021-11-27 14:20:16,578] {dag.py:2928} INFO - Setting next_dagrun for example_branch_datetime_operator_2 to 2021-11-26 00:00:00+00:00
[2021-11-27 14:20:16,585] {processor.py:171} INFO - Processing /Users/danielcollins/opt/anaconda3/lib/python3.8/site-packages/airflow/example_dags/example_branch_datetime_operator.py took 0.047 seconds
[2021-11-27 14:21:40,842] {processor.py:163} INFO - Started process (PID=26556) to work on /Users/danielcollins/opt/anaconda3/lib/python3.8/site-packages/airflow/example_dags/example_branch_datetime_operator.py
[2021-11-27 14:21:40,843] {processor.py:625} INFO - Processing file /Users/danielcollins/opt/anaconda3/lib/python3.8/site-packages/airflow/example_dags/example_branch_datetime_operator.py for tasks to queue
[2021-11-27 14:21:40,844] {logging_mixin.py:109} INFO - [2021-11-27 14:21:40,844] {dagbag.py:500} INFO - Filling up the DagBag from /Users/danielcollins/opt/anaconda3/lib/python3.8/site-packages/airflow/example_dags/example_branch_datetime_operator.py
[2021-11-27 14:21:40,864] {processor.py:637} INFO - DAG(s) dict_keys(['example_branch_datetime_operator_2']) retrieved from /Users/danielcollins/opt/anaconda3/lib/python3.8/site-packages/airflow/example_dags/example_branch_datetime_operator.py
[2021-11-27 14:21:40,874] {logging_mixin.py:109} INFO - [2021-11-27 14:21:40,874] {dag.py:2396} INFO - Sync 1 DAGs
[2021-11-27 14:21:40,879] {logging_mixin.py:109} INFO - [2021-11-27 14:21:40,879] {dag.py:2928} INFO - Setting next_dagrun for example_branch_datetime_operator_2 to 2021-11-26 00:00:00+00:00
[2021-11-27 14:21:40,884] {processor.py:171} INFO - Processing /Users/danielcollins/opt/anaconda3/lib/python3.8/site-packages/airflow/example_dags/example_branch_datetime_operator.py took 0.042 seconds
[2021-11-27 14:23:12,878] {processor.py:163} INFO - Started process (PID=27837) to work on /Users/danielcollins/opt/anaconda3/lib/python3.8/site-packages/airflow/example_dags/example_branch_datetime_operator.py
[2021-11-27 14:23:12,878] {processor.py:625} INFO - Processing file /Users/danielcollins/opt/anaconda3/lib/python3.8/site-packages/airflow/example_dags/example_branch_datetime_operator.py for tasks to queue
[2021-11-27 14:23:12,878] {logging_mixin.py:109} INFO - [2021-11-27 14:23:12,878] {dagbag.py:500} INFO - Filling up the DagBag from /Users/danielcollins/opt/anaconda3/lib/python3.8/site-packages/airflow/example_dags/example_branch_datetime_operator.py
[2021-11-27 14:23:12,902] {processor.py:637} INFO - DAG(s) dict_keys(['example_branch_datetime_operator_2']) retrieved from /Users/danielcollins/opt/anaconda3/lib/python3.8/site-packages/airflow/example_dags/example_branch_datetime_operator.py
[2021-11-27 14:23:12,914] {logging_mixin.py:109} INFO - [2021-11-27 14:23:12,914] {dag.py:2396} INFO - Sync 1 DAGs
[2021-11-27 14:23:12,920] {logging_mixin.py:109} INFO - [2021-11-27 14:23:12,920] {dag.py:2928} INFO - Setting next_dagrun for example_branch_datetime_operator_2 to 2021-11-26 00:00:00+00:00
[2021-11-27 14:23:12,925] {processor.py:171} INFO - Processing /Users/danielcollins/opt/anaconda3/lib/python3.8/site-packages/airflow/example_dags/example_branch_datetime_operator.py took 0.048 seconds
[2021-11-27 14:24:47,392] {processor.py:163} INFO - Started process (PID=28217) to work on /Users/danielcollins/opt/anaconda3/lib/python3.8/site-packages/airflow/example_dags/example_branch_datetime_operator.py
[2021-11-27 14:24:47,392] {processor.py:625} INFO - Processing file /Users/danielcollins/opt/anaconda3/lib/python3.8/site-packages/airflow/example_dags/example_branch_datetime_operator.py for tasks to queue
[2021-11-27 14:24:47,392] {logging_mixin.py:109} INFO - [2021-11-27 14:24:47,392] {dagbag.py:500} INFO - Filling up the DagBag from /Users/danielcollins/opt/anaconda3/lib/python3.8/site-packages/airflow/example_dags/example_branch_datetime_operator.py
[2021-11-27 14:24:47,418] {processor.py:637} INFO - DAG(s) dict_keys(['example_branch_datetime_operator_2']) retrieved from /Users/danielcollins/opt/anaconda3/lib/python3.8/site-packages/airflow/example_dags/example_branch_datetime_operator.py
[2021-11-27 14:24:47,428] {logging_mixin.py:109} INFO - [2021-11-27 14:24:47,428] {dag.py:2396} INFO - Sync 1 DAGs
[2021-11-27 14:24:47,433] {logging_mixin.py:109} INFO - [2021-11-27 14:24:47,433] {dag.py:2928} INFO - Setting next_dagrun for example_branch_datetime_operator_2 to 2021-11-26 00:00:00+00:00
[2021-11-27 14:24:47,438] {processor.py:171} INFO - Processing /Users/danielcollins/opt/anaconda3/lib/python3.8/site-packages/airflow/example_dags/example_branch_datetime_operator.py took 0.047 seconds
[2021-11-27 14:54:14,666] {processor.py:163} INFO - Started process (PID=28399) to work on /Users/danielcollins/opt/anaconda3/lib/python3.8/site-packages/airflow/example_dags/example_branch_datetime_operator.py
[2021-11-27 14:54:14,667] {processor.py:625} INFO - Processing file /Users/danielcollins/opt/anaconda3/lib/python3.8/site-packages/airflow/example_dags/example_branch_datetime_operator.py for tasks to queue
[2021-11-27 14:54:14,667] {logging_mixin.py:109} INFO - [2021-11-27 14:54:14,667] {dagbag.py:500} INFO - Filling up the DagBag from /Users/danielcollins/opt/anaconda3/lib/python3.8/site-packages/airflow/example_dags/example_branch_datetime_operator.py
[2021-11-27 14:54:14,686] {processor.py:637} INFO - DAG(s) dict_keys(['example_branch_datetime_operator_2']) retrieved from /Users/danielcollins/opt/anaconda3/lib/python3.8/site-packages/airflow/example_dags/example_branch_datetime_operator.py
[2021-11-27 14:54:14,696] {logging_mixin.py:109} INFO - [2021-11-27 14:54:14,696] {dag.py:2396} INFO - Sync 1 DAGs
[2021-11-27 14:54:14,701] {logging_mixin.py:109} INFO - [2021-11-27 14:54:14,701] {dag.py:2928} INFO - Setting next_dagrun for example_branch_datetime_operator_2 to 2021-11-26 00:00:00+00:00
[2021-11-27 14:54:14,706] {processor.py:171} INFO - Processing /Users/danielcollins/opt/anaconda3/lib/python3.8/site-packages/airflow/example_dags/example_branch_datetime_operator.py took 0.040 seconds
[2021-11-27 14:55:57,743] {processor.py:163} INFO - Started process (PID=28580) to work on /Users/danielcollins/opt/anaconda3/lib/python3.8/site-packages/airflow/example_dags/example_branch_datetime_operator.py
[2021-11-27 14:55:57,744] {processor.py:625} INFO - Processing file /Users/danielcollins/opt/anaconda3/lib/python3.8/site-packages/airflow/example_dags/example_branch_datetime_operator.py for tasks to queue
[2021-11-27 14:55:57,744] {logging_mixin.py:109} INFO - [2021-11-27 14:55:57,744] {dagbag.py:500} INFO - Filling up the DagBag from /Users/danielcollins/opt/anaconda3/lib/python3.8/site-packages/airflow/example_dags/example_branch_datetime_operator.py
[2021-11-27 14:55:57,765] {processor.py:637} INFO - DAG(s) dict_keys(['example_branch_datetime_operator_2']) retrieved from /Users/danielcollins/opt/anaconda3/lib/python3.8/site-packages/airflow/example_dags/example_branch_datetime_operator.py
[2021-11-27 14:55:57,776] {logging_mixin.py:109} INFO - [2021-11-27 14:55:57,776] {dag.py:2396} INFO - Sync 1 DAGs
[2021-11-27 14:55:57,780] {logging_mixin.py:109} INFO - [2021-11-27 14:55:57,780] {dag.py:2928} INFO - Setting next_dagrun for example_branch_datetime_operator_2 to 2021-11-26 00:00:00+00:00
[2021-11-27 14:55:57,790] {processor.py:171} INFO - Processing /Users/danielcollins/opt/anaconda3/lib/python3.8/site-packages/airflow/example_dags/example_branch_datetime_operator.py took 0.047 seconds
[2021-11-27 14:57:22,354] {processor.py:163} INFO - Started process (PID=28695) to work on /Users/danielcollins/opt/anaconda3/lib/python3.8/site-packages/airflow/example_dags/example_branch_datetime_operator.py
[2021-11-27 14:57:22,354] {processor.py:625} INFO - Processing file /Users/danielcollins/opt/anaconda3/lib/python3.8/site-packages/airflow/example_dags/example_branch_datetime_operator.py for tasks to queue
[2021-11-27 14:57:22,354] {logging_mixin.py:109} INFO - [2021-11-27 14:57:22,354] {dagbag.py:500} INFO - Filling up the DagBag from /Users/danielcollins/opt/anaconda3/lib/python3.8/site-packages/airflow/example_dags/example_branch_datetime_operator.py
[2021-11-27 14:57:22,374] {processor.py:637} INFO - DAG(s) dict_keys(['example_branch_datetime_operator_2']) retrieved from /Users/danielcollins/opt/anaconda3/lib/python3.8/site-packages/airflow/example_dags/example_branch_datetime_operator.py
[2021-11-27 14:57:22,385] {logging_mixin.py:109} INFO - [2021-11-27 14:57:22,385] {dag.py:2396} INFO - Sync 1 DAGs
[2021-11-27 14:57:22,389] {logging_mixin.py:109} INFO - [2021-11-27 14:57:22,389] {dag.py:2928} INFO - Setting next_dagrun for example_branch_datetime_operator_2 to 2021-11-26 00:00:00+00:00
[2021-11-27 14:57:22,394] {processor.py:171} INFO - Processing /Users/danielcollins/opt/anaconda3/lib/python3.8/site-packages/airflow/example_dags/example_branch_datetime_operator.py took 0.041 seconds
[2021-11-27 14:58:45,943] {processor.py:163} INFO - Started process (PID=28800) to work on /Users/danielcollins/opt/anaconda3/lib/python3.8/site-packages/airflow/example_dags/example_branch_datetime_operator.py
[2021-11-27 14:58:45,944] {processor.py:625} INFO - Processing file /Users/danielcollins/opt/anaconda3/lib/python3.8/site-packages/airflow/example_dags/example_branch_datetime_operator.py for tasks to queue
[2021-11-27 14:58:45,944] {logging_mixin.py:109} INFO - [2021-11-27 14:58:45,944] {dagbag.py:500} INFO - Filling up the DagBag from /Users/danielcollins/opt/anaconda3/lib/python3.8/site-packages/airflow/example_dags/example_branch_datetime_operator.py
[2021-11-27 14:58:45,965] {processor.py:637} INFO - DAG(s) dict_keys(['example_branch_datetime_operator_2']) retrieved from /Users/danielcollins/opt/anaconda3/lib/python3.8/site-packages/airflow/example_dags/example_branch_datetime_operator.py
[2021-11-27 14:58:45,975] {logging_mixin.py:109} INFO - [2021-11-27 14:58:45,975] {dag.py:2396} INFO - Sync 1 DAGs
[2021-11-27 14:58:45,980] {logging_mixin.py:109} INFO - [2021-11-27 14:58:45,980] {dag.py:2928} INFO - Setting next_dagrun for example_branch_datetime_operator_2 to 2021-11-26 00:00:00+00:00
[2021-11-27 14:58:45,989] {processor.py:171} INFO - Processing /Users/danielcollins/opt/anaconda3/lib/python3.8/site-packages/airflow/example_dags/example_branch_datetime_operator.py took 0.046 seconds
[2021-11-27 15:00:10,611] {processor.py:163} INFO - Started process (PID=28919) to work on /Users/danielcollins/opt/anaconda3/lib/python3.8/site-packages/airflow/example_dags/example_branch_datetime_operator.py
[2021-11-27 15:00:10,611] {processor.py:625} INFO - Processing file /Users/danielcollins/opt/anaconda3/lib/python3.8/site-packages/airflow/example_dags/example_branch_datetime_operator.py for tasks to queue
[2021-11-27 15:00:10,612] {logging_mixin.py:109} INFO - [2021-11-27 15:00:10,612] {dagbag.py:500} INFO - Filling up the DagBag from /Users/danielcollins/opt/anaconda3/lib/python3.8/site-packages/airflow/example_dags/example_branch_datetime_operator.py
[2021-11-27 15:00:10,634] {processor.py:637} INFO - DAG(s) dict_keys(['example_branch_datetime_operator_2']) retrieved from /Users/danielcollins/opt/anaconda3/lib/python3.8/site-packages/airflow/example_dags/example_branch_datetime_operator.py
[2021-11-27 15:00:10,644] {logging_mixin.py:109} INFO - [2021-11-27 15:00:10,644] {dag.py:2396} INFO - Sync 1 DAGs
[2021-11-27 15:00:10,648] {logging_mixin.py:109} INFO - [2021-11-27 15:00:10,648] {dag.py:2928} INFO - Setting next_dagrun for example_branch_datetime_operator_2 to 2021-11-26 00:00:00+00:00
[2021-11-27 15:00:10,653] {processor.py:171} INFO - Processing /Users/danielcollins/opt/anaconda3/lib/python3.8/site-packages/airflow/example_dags/example_branch_datetime_operator.py took 0.042 seconds
[2021-11-27 15:01:36,246] {processor.py:163} INFO - Started process (PID=29241) to work on /Users/danielcollins/opt/anaconda3/lib/python3.8/site-packages/airflow/example_dags/example_branch_datetime_operator.py
[2021-11-27 15:01:36,246] {processor.py:625} INFO - Processing file /Users/danielcollins/opt/anaconda3/lib/python3.8/site-packages/airflow/example_dags/example_branch_datetime_operator.py for tasks to queue
[2021-11-27 15:01:36,246] {logging_mixin.py:109} INFO - [2021-11-27 15:01:36,246] {dagbag.py:500} INFO - Filling up the DagBag from /Users/danielcollins/opt/anaconda3/lib/python3.8/site-packages/airflow/example_dags/example_branch_datetime_operator.py
[2021-11-27 15:01:36,265] {processor.py:637} INFO - DAG(s) dict_keys(['example_branch_datetime_operator_2']) retrieved from /Users/danielcollins/opt/anaconda3/lib/python3.8/site-packages/airflow/example_dags/example_branch_datetime_operator.py
[2021-11-27 15:01:36,276] {logging_mixin.py:109} INFO - [2021-11-27 15:01:36,276] {dag.py:2396} INFO - Sync 1 DAGs
[2021-11-27 15:01:36,295] {logging_mixin.py:109} INFO - [2021-11-27 15:01:36,295] {dag.py:2928} INFO - Setting next_dagrun for example_branch_datetime_operator_2 to 2021-11-26 00:00:00+00:00
[2021-11-27 15:01:36,300] {processor.py:171} INFO - Processing /Users/danielcollins/opt/anaconda3/lib/python3.8/site-packages/airflow/example_dags/example_branch_datetime_operator.py took 0.055 seconds
[2021-11-27 15:03:11,732] {processor.py:163} INFO - Started process (PID=29422) to work on /Users/danielcollins/opt/anaconda3/lib/python3.8/site-packages/airflow/example_dags/example_branch_datetime_operator.py
[2021-11-27 15:03:11,732] {processor.py:625} INFO - Processing file /Users/danielcollins/opt/anaconda3/lib/python3.8/site-packages/airflow/example_dags/example_branch_datetime_operator.py for tasks to queue
[2021-11-27 15:03:11,733] {logging_mixin.py:109} INFO - [2021-11-27 15:03:11,733] {dagbag.py:500} INFO - Filling up the DagBag from /Users/danielcollins/opt/anaconda3/lib/python3.8/site-packages/airflow/example_dags/example_branch_datetime_operator.py
[2021-11-27 15:03:11,752] {processor.py:637} INFO - DAG(s) dict_keys(['example_branch_datetime_operator_2']) retrieved from /Users/danielcollins/opt/anaconda3/lib/python3.8/site-packages/airflow/example_dags/example_branch_datetime_operator.py
[2021-11-27 15:03:11,761] {logging_mixin.py:109} INFO - [2021-11-27 15:03:11,761] {dag.py:2396} INFO - Sync 1 DAGs
[2021-11-27 15:03:11,766] {logging_mixin.py:109} INFO - [2021-11-27 15:03:11,766] {dag.py:2928} INFO - Setting next_dagrun for example_branch_datetime_operator_2 to 2021-11-26 00:00:00+00:00
[2021-11-27 15:03:11,772] {processor.py:171} INFO - Processing /Users/danielcollins/opt/anaconda3/lib/python3.8/site-packages/airflow/example_dags/example_branch_datetime_operator.py took 0.040 seconds
[2021-11-27 15:04:37,708] {processor.py:163} INFO - Started process (PID=29578) to work on /Users/danielcollins/opt/anaconda3/lib/python3.8/site-packages/airflow/example_dags/example_branch_datetime_operator.py
[2021-11-27 15:04:37,708] {processor.py:625} INFO - Processing file /Users/danielcollins/opt/anaconda3/lib/python3.8/site-packages/airflow/example_dags/example_branch_datetime_operator.py for tasks to queue
[2021-11-27 15:04:37,708] {logging_mixin.py:109} INFO - [2021-11-27 15:04:37,708] {dagbag.py:500} INFO - Filling up the DagBag from /Users/danielcollins/opt/anaconda3/lib/python3.8/site-packages/airflow/example_dags/example_branch_datetime_operator.py
[2021-11-27 15:04:37,731] {processor.py:637} INFO - DAG(s) dict_keys(['example_branch_datetime_operator_2']) retrieved from /Users/danielcollins/opt/anaconda3/lib/python3.8/site-packages/airflow/example_dags/example_branch_datetime_operator.py
[2021-11-27 15:04:37,740] {logging_mixin.py:109} INFO - [2021-11-27 15:04:37,740] {dag.py:2396} INFO - Sync 1 DAGs
[2021-11-27 15:04:37,745] {logging_mixin.py:109} INFO - [2021-11-27 15:04:37,745] {dag.py:2928} INFO - Setting next_dagrun for example_branch_datetime_operator_2 to 2021-11-26 00:00:00+00:00
[2021-11-27 15:04:37,750] {processor.py:171} INFO - Processing /Users/danielcollins/opt/anaconda3/lib/python3.8/site-packages/airflow/example_dags/example_branch_datetime_operator.py took 0.043 seconds
[2021-11-27 15:06:01,915] {processor.py:163} INFO - Started process (PID=29701) to work on /Users/danielcollins/opt/anaconda3/lib/python3.8/site-packages/airflow/example_dags/example_branch_datetime_operator.py
[2021-11-27 15:06:01,916] {processor.py:625} INFO - Processing file /Users/danielcollins/opt/anaconda3/lib/python3.8/site-packages/airflow/example_dags/example_branch_datetime_operator.py for tasks to queue
[2021-11-27 15:06:01,916] {logging_mixin.py:109} INFO - [2021-11-27 15:06:01,916] {dagbag.py:500} INFO - Filling up the DagBag from /Users/danielcollins/opt/anaconda3/lib/python3.8/site-packages/airflow/example_dags/example_branch_datetime_operator.py
[2021-11-27 15:06:01,937] {processor.py:637} INFO - DAG(s) dict_keys(['example_branch_datetime_operator_2']) retrieved from /Users/danielcollins/opt/anaconda3/lib/python3.8/site-packages/airflow/example_dags/example_branch_datetime_operator.py
[2021-11-27 15:06:01,948] {logging_mixin.py:109} INFO - [2021-11-27 15:06:01,948] {dag.py:2396} INFO - Sync 1 DAGs
[2021-11-27 15:06:01,952] {logging_mixin.py:109} INFO - [2021-11-27 15:06:01,952] {dag.py:2928} INFO - Setting next_dagrun for example_branch_datetime_operator_2 to 2021-11-26 00:00:00+00:00
[2021-11-27 15:06:01,958] {processor.py:171} INFO - Processing /Users/danielcollins/opt/anaconda3/lib/python3.8/site-packages/airflow/example_dags/example_branch_datetime_operator.py took 0.043 seconds
[2021-11-27 15:07:23,228] {processor.py:163} INFO - Started process (PID=29813) to work on /Users/danielcollins/opt/anaconda3/lib/python3.8/site-packages/airflow/example_dags/example_branch_datetime_operator.py
[2021-11-27 15:07:23,229] {processor.py:625} INFO - Processing file /Users/danielcollins/opt/anaconda3/lib/python3.8/site-packages/airflow/example_dags/example_branch_datetime_operator.py for tasks to queue
[2021-11-27 15:07:23,229] {logging_mixin.py:109} INFO - [2021-11-27 15:07:23,229] {dagbag.py:500} INFO - Filling up the DagBag from /Users/danielcollins/opt/anaconda3/lib/python3.8/site-packages/airflow/example_dags/example_branch_datetime_operator.py
[2021-11-27 15:07:23,250] {processor.py:637} INFO - DAG(s) dict_keys(['example_branch_datetime_operator_2']) retrieved from /Users/danielcollins/opt/anaconda3/lib/python3.8/site-packages/airflow/example_dags/example_branch_datetime_operator.py
[2021-11-27 15:07:23,261] {logging_mixin.py:109} INFO - [2021-11-27 15:07:23,261] {dag.py:2396} INFO - Sync 1 DAGs
[2021-11-27 15:07:23,266] {logging_mixin.py:109} INFO - [2021-11-27 15:07:23,266] {dag.py:2928} INFO - Setting next_dagrun for example_branch_datetime_operator_2 to 2021-11-26 00:00:00+00:00
[2021-11-27 15:07:23,271] {processor.py:171} INFO - Processing /Users/danielcollins/opt/anaconda3/lib/python3.8/site-packages/airflow/example_dags/example_branch_datetime_operator.py took 0.044 seconds
[2021-11-27 15:08:48,607] {processor.py:163} INFO - Started process (PID=29948) to work on /Users/danielcollins/opt/anaconda3/lib/python3.8/site-packages/airflow/example_dags/example_branch_datetime_operator.py
[2021-11-27 15:08:48,609] {processor.py:625} INFO - Processing file /Users/danielcollins/opt/anaconda3/lib/python3.8/site-packages/airflow/example_dags/example_branch_datetime_operator.py for tasks to queue
[2021-11-27 15:08:48,609] {logging_mixin.py:109} INFO - [2021-11-27 15:08:48,609] {dagbag.py:500} INFO - Filling up the DagBag from /Users/danielcollins/opt/anaconda3/lib/python3.8/site-packages/airflow/example_dags/example_branch_datetime_operator.py
[2021-11-27 15:08:48,633] {processor.py:637} INFO - DAG(s) dict_keys(['example_branch_datetime_operator_2']) retrieved from /Users/danielcollins/opt/anaconda3/lib/python3.8/site-packages/airflow/example_dags/example_branch_datetime_operator.py
[2021-11-27 15:08:48,644] {logging_mixin.py:109} INFO - [2021-11-27 15:08:48,644] {dag.py:2396} INFO - Sync 1 DAGs
[2021-11-27 15:08:48,649] {logging_mixin.py:109} INFO - [2021-11-27 15:08:48,649] {dag.py:2928} INFO - Setting next_dagrun for example_branch_datetime_operator_2 to 2021-11-26 00:00:00+00:00
[2021-11-27 15:08:48,654] {processor.py:171} INFO - Processing /Users/danielcollins/opt/anaconda3/lib/python3.8/site-packages/airflow/example_dags/example_branch_datetime_operator.py took 0.047 seconds
[2021-11-27 15:10:14,711] {processor.py:163} INFO - Started process (PID=30116) to work on /Users/danielcollins/opt/anaconda3/lib/python3.8/site-packages/airflow/example_dags/example_branch_datetime_operator.py
[2021-11-27 15:10:14,711] {processor.py:625} INFO - Processing file /Users/danielcollins/opt/anaconda3/lib/python3.8/site-packages/airflow/example_dags/example_branch_datetime_operator.py for tasks to queue
[2021-11-27 15:10:14,712] {logging_mixin.py:109} INFO - [2021-11-27 15:10:14,712] {dagbag.py:500} INFO - Filling up the DagBag from /Users/danielcollins/opt/anaconda3/lib/python3.8/site-packages/airflow/example_dags/example_branch_datetime_operator.py
[2021-11-27 15:10:14,732] {processor.py:637} INFO - DAG(s) dict_keys(['example_branch_datetime_operator_2']) retrieved from /Users/danielcollins/opt/anaconda3/lib/python3.8/site-packages/airflow/example_dags/example_branch_datetime_operator.py
[2021-11-27 15:10:14,742] {logging_mixin.py:109} INFO - [2021-11-27 15:10:14,742] {dag.py:2396} INFO - Sync 1 DAGs
[2021-11-27 15:10:14,747] {logging_mixin.py:109} INFO - [2021-11-27 15:10:14,747] {dag.py:2928} INFO - Setting next_dagrun for example_branch_datetime_operator_2 to 2021-11-26 00:00:00+00:00
[2021-11-27 15:10:14,752] {processor.py:171} INFO - Processing /Users/danielcollins/opt/anaconda3/lib/python3.8/site-packages/airflow/example_dags/example_branch_datetime_operator.py took 0.042 seconds
[2021-11-27 15:11:39,522] {processor.py:163} INFO - Started process (PID=30218) to work on /Users/danielcollins/opt/anaconda3/lib/python3.8/site-packages/airflow/example_dags/example_branch_datetime_operator.py
[2021-11-27 15:11:39,523] {processor.py:625} INFO - Processing file /Users/danielcollins/opt/anaconda3/lib/python3.8/site-packages/airflow/example_dags/example_branch_datetime_operator.py for tasks to queue
[2021-11-27 15:11:39,523] {logging_mixin.py:109} INFO - [2021-11-27 15:11:39,523] {dagbag.py:500} INFO - Filling up the DagBag from /Users/danielcollins/opt/anaconda3/lib/python3.8/site-packages/airflow/example_dags/example_branch_datetime_operator.py
[2021-11-27 15:11:39,544] {processor.py:637} INFO - DAG(s) dict_keys(['example_branch_datetime_operator_2']) retrieved from /Users/danielcollins/opt/anaconda3/lib/python3.8/site-packages/airflow/example_dags/example_branch_datetime_operator.py
[2021-11-27 15:11:39,554] {logging_mixin.py:109} INFO - [2021-11-27 15:11:39,554] {dag.py:2396} INFO - Sync 1 DAGs
[2021-11-27 15:11:39,559] {logging_mixin.py:109} INFO - [2021-11-27 15:11:39,559] {dag.py:2928} INFO - Setting next_dagrun for example_branch_datetime_operator_2 to 2021-11-26 00:00:00+00:00
[2021-11-27 15:11:39,566] {processor.py:171} INFO - Processing /Users/danielcollins/opt/anaconda3/lib/python3.8/site-packages/airflow/example_dags/example_branch_datetime_operator.py took 0.043 seconds
[2021-11-27 15:13:12,168] {processor.py:163} INFO - Started process (PID=30369) to work on /Users/danielcollins/opt/anaconda3/lib/python3.8/site-packages/airflow/example_dags/example_branch_datetime_operator.py
[2021-11-27 15:13:12,169] {processor.py:625} INFO - Processing file /Users/danielcollins/opt/anaconda3/lib/python3.8/site-packages/airflow/example_dags/example_branch_datetime_operator.py for tasks to queue
[2021-11-27 15:13:12,169] {logging_mixin.py:109} INFO - [2021-11-27 15:13:12,169] {dagbag.py:500} INFO - Filling up the DagBag from /Users/danielcollins/opt/anaconda3/lib/python3.8/site-packages/airflow/example_dags/example_branch_datetime_operator.py
[2021-11-27 15:13:12,194] {processor.py:637} INFO - DAG(s) dict_keys(['example_branch_datetime_operator_2']) retrieved from /Users/danielcollins/opt/anaconda3/lib/python3.8/site-packages/airflow/example_dags/example_branch_datetime_operator.py
[2021-11-27 15:13:12,213] {logging_mixin.py:109} INFO - [2021-11-27 15:13:12,213] {dag.py:2396} INFO - Sync 1 DAGs
[2021-11-27 15:13:12,219] {logging_mixin.py:109} INFO - [2021-11-27 15:13:12,219] {dag.py:2928} INFO - Setting next_dagrun for example_branch_datetime_operator_2 to 2021-11-26 00:00:00+00:00
[2021-11-27 15:13:12,229] {processor.py:171} INFO - Processing /Users/danielcollins/opt/anaconda3/lib/python3.8/site-packages/airflow/example_dags/example_branch_datetime_operator.py took 0.061 seconds
[2021-11-27 15:14:42,992] {processor.py:163} INFO - Started process (PID=30496) to work on /Users/danielcollins/opt/anaconda3/lib/python3.8/site-packages/airflow/example_dags/example_branch_datetime_operator.py
[2021-11-27 15:14:42,993] {processor.py:625} INFO - Processing file /Users/danielcollins/opt/anaconda3/lib/python3.8/site-packages/airflow/example_dags/example_branch_datetime_operator.py for tasks to queue
[2021-11-27 15:14:42,993] {logging_mixin.py:109} INFO - [2021-11-27 15:14:42,993] {dagbag.py:500} INFO - Filling up the DagBag from /Users/danielcollins/opt/anaconda3/lib/python3.8/site-packages/airflow/example_dags/example_branch_datetime_operator.py
[2021-11-27 15:14:43,013] {processor.py:637} INFO - DAG(s) dict_keys(['example_branch_datetime_operator_2']) retrieved from /Users/danielcollins/opt/anaconda3/lib/python3.8/site-packages/airflow/example_dags/example_branch_datetime_operator.py
[2021-11-27 15:14:43,023] {logging_mixin.py:109} INFO - [2021-11-27 15:14:43,023] {dag.py:2396} INFO - Sync 1 DAGs
[2021-11-27 15:14:43,028] {logging_mixin.py:109} INFO - [2021-11-27 15:14:43,028] {dag.py:2928} INFO - Setting next_dagrun for example_branch_datetime_operator_2 to 2021-11-26 00:00:00+00:00
[2021-11-27 15:14:43,034] {processor.py:171} INFO - Processing /Users/danielcollins/opt/anaconda3/lib/python3.8/site-packages/airflow/example_dags/example_branch_datetime_operator.py took 0.041 seconds
[2021-11-27 15:16:06,365] {processor.py:163} INFO - Started process (PID=30614) to work on /Users/danielcollins/opt/anaconda3/lib/python3.8/site-packages/airflow/example_dags/example_branch_datetime_operator.py
[2021-11-27 15:16:06,366] {processor.py:625} INFO - Processing file /Users/danielcollins/opt/anaconda3/lib/python3.8/site-packages/airflow/example_dags/example_branch_datetime_operator.py for tasks to queue
[2021-11-27 15:16:06,366] {logging_mixin.py:109} INFO - [2021-11-27 15:16:06,366] {dagbag.py:500} INFO - Filling up the DagBag from /Users/danielcollins/opt/anaconda3/lib/python3.8/site-packages/airflow/example_dags/example_branch_datetime_operator.py
[2021-11-27 15:16:06,386] {processor.py:637} INFO - DAG(s) dict_keys(['example_branch_datetime_operator_2']) retrieved from /Users/danielcollins/opt/anaconda3/lib/python3.8/site-packages/airflow/example_dags/example_branch_datetime_operator.py
[2021-11-27 15:16:06,395] {logging_mixin.py:109} INFO - [2021-11-27 15:16:06,395] {dag.py:2396} INFO - Sync 1 DAGs
[2021-11-27 15:16:06,400] {logging_mixin.py:109} INFO - [2021-11-27 15:16:06,400] {dag.py:2928} INFO - Setting next_dagrun for example_branch_datetime_operator_2 to 2021-11-26 00:00:00+00:00
[2021-11-27 15:16:06,405] {processor.py:171} INFO - Processing /Users/danielcollins/opt/anaconda3/lib/python3.8/site-packages/airflow/example_dags/example_branch_datetime_operator.py took 0.040 seconds
[2021-11-27 15:17:34,966] {processor.py:163} INFO - Started process (PID=30785) to work on /Users/danielcollins/opt/anaconda3/lib/python3.8/site-packages/airflow/example_dags/example_branch_datetime_operator.py
[2021-11-27 15:17:34,966] {processor.py:625} INFO - Processing file /Users/danielcollins/opt/anaconda3/lib/python3.8/site-packages/airflow/example_dags/example_branch_datetime_operator.py for tasks to queue
[2021-11-27 15:17:34,966] {logging_mixin.py:109} INFO - [2021-11-27 15:17:34,966] {dagbag.py:500} INFO - Filling up the DagBag from /Users/danielcollins/opt/anaconda3/lib/python3.8/site-packages/airflow/example_dags/example_branch_datetime_operator.py
[2021-11-27 15:17:34,987] {processor.py:637} INFO - DAG(s) dict_keys(['example_branch_datetime_operator_2']) retrieved from /Users/danielcollins/opt/anaconda3/lib/python3.8/site-packages/airflow/example_dags/example_branch_datetime_operator.py
[2021-11-27 15:17:34,997] {logging_mixin.py:109} INFO - [2021-11-27 15:17:34,997] {dag.py:2396} INFO - Sync 1 DAGs
[2021-11-27 15:17:35,002] {logging_mixin.py:109} INFO - [2021-11-27 15:17:35,002] {dag.py:2928} INFO - Setting next_dagrun for example_branch_datetime_operator_2 to 2021-11-26 00:00:00+00:00
[2021-11-27 15:17:35,007] {processor.py:171} INFO - Processing /Users/danielcollins/opt/anaconda3/lib/python3.8/site-packages/airflow/example_dags/example_branch_datetime_operator.py took 0.042 seconds
[2021-11-27 15:19:03,521] {processor.py:163} INFO - Started process (PID=30961) to work on /Users/danielcollins/opt/anaconda3/lib/python3.8/site-packages/airflow/example_dags/example_branch_datetime_operator.py
[2021-11-27 15:19:03,521] {processor.py:625} INFO - Processing file /Users/danielcollins/opt/anaconda3/lib/python3.8/site-packages/airflow/example_dags/example_branch_datetime_operator.py for tasks to queue
[2021-11-27 15:19:03,521] {logging_mixin.py:109} INFO - [2021-11-27 15:19:03,521] {dagbag.py:500} INFO - Filling up the DagBag from /Users/danielcollins/opt/anaconda3/lib/python3.8/site-packages/airflow/example_dags/example_branch_datetime_operator.py
[2021-11-27 15:19:03,544] {processor.py:637} INFO - DAG(s) dict_keys(['example_branch_datetime_operator_2']) retrieved from /Users/danielcollins/opt/anaconda3/lib/python3.8/site-packages/airflow/example_dags/example_branch_datetime_operator.py
[2021-11-27 15:19:03,554] {logging_mixin.py:109} INFO - [2021-11-27 15:19:03,554] {dag.py:2396} INFO - Sync 1 DAGs
[2021-11-27 15:19:03,559] {logging_mixin.py:109} INFO - [2021-11-27 15:19:03,559] {dag.py:2928} INFO - Setting next_dagrun for example_branch_datetime_operator_2 to 2021-11-26 00:00:00+00:00
[2021-11-27 15:19:03,569] {processor.py:171} INFO - Processing /Users/danielcollins/opt/anaconda3/lib/python3.8/site-packages/airflow/example_dags/example_branch_datetime_operator.py took 0.049 seconds
[2021-11-27 15:20:37,535] {processor.py:163} INFO - Started process (PID=31109) to work on /Users/danielcollins/opt/anaconda3/lib/python3.8/site-packages/airflow/example_dags/example_branch_datetime_operator.py
[2021-11-27 15:20:37,535] {processor.py:625} INFO - Processing file /Users/danielcollins/opt/anaconda3/lib/python3.8/site-packages/airflow/example_dags/example_branch_datetime_operator.py for tasks to queue
[2021-11-27 15:20:37,536] {logging_mixin.py:109} INFO - [2021-11-27 15:20:37,536] {dagbag.py:500} INFO - Filling up the DagBag from /Users/danielcollins/opt/anaconda3/lib/python3.8/site-packages/airflow/example_dags/example_branch_datetime_operator.py
[2021-11-27 15:20:37,557] {processor.py:637} INFO - DAG(s) dict_keys(['example_branch_datetime_operator_2']) retrieved from /Users/danielcollins/opt/anaconda3/lib/python3.8/site-packages/airflow/example_dags/example_branch_datetime_operator.py
[2021-11-27 15:20:37,568] {logging_mixin.py:109} INFO - [2021-11-27 15:20:37,568] {dag.py:2396} INFO - Sync 1 DAGs
[2021-11-27 15:20:37,573] {logging_mixin.py:109} INFO - [2021-11-27 15:20:37,573] {dag.py:2928} INFO - Setting next_dagrun for example_branch_datetime_operator_2 to 2021-11-26 00:00:00+00:00
[2021-11-27 15:20:37,604] {processor.py:171} INFO - Processing /Users/danielcollins/opt/anaconda3/lib/python3.8/site-packages/airflow/example_dags/example_branch_datetime_operator.py took 0.069 seconds
[2021-11-27 15:22:10,053] {processor.py:163} INFO - Started process (PID=31233) to work on /Users/danielcollins/opt/anaconda3/lib/python3.8/site-packages/airflow/example_dags/example_branch_datetime_operator.py
[2021-11-27 15:22:10,054] {processor.py:625} INFO - Processing file /Users/danielcollins/opt/anaconda3/lib/python3.8/site-packages/airflow/example_dags/example_branch_datetime_operator.py for tasks to queue
[2021-11-27 15:22:10,054] {logging_mixin.py:109} INFO - [2021-11-27 15:22:10,054] {dagbag.py:500} INFO - Filling up the DagBag from /Users/danielcollins/opt/anaconda3/lib/python3.8/site-packages/airflow/example_dags/example_branch_datetime_operator.py
[2021-11-27 15:22:10,075] {processor.py:637} INFO - DAG(s) dict_keys(['example_branch_datetime_operator_2']) retrieved from /Users/danielcollins/opt/anaconda3/lib/python3.8/site-packages/airflow/example_dags/example_branch_datetime_operator.py
[2021-11-27 15:22:10,085] {logging_mixin.py:109} INFO - [2021-11-27 15:22:10,085] {dag.py:2396} INFO - Sync 1 DAGs
[2021-11-27 15:22:10,090] {logging_mixin.py:109} INFO - [2021-11-27 15:22:10,090] {dag.py:2928} INFO - Setting next_dagrun for example_branch_datetime_operator_2 to 2021-11-26 00:00:00+00:00
[2021-11-27 15:22:10,095] {processor.py:171} INFO - Processing /Users/danielcollins/opt/anaconda3/lib/python3.8/site-packages/airflow/example_dags/example_branch_datetime_operator.py took 0.042 seconds
[2021-11-27 15:23:35,320] {processor.py:163} INFO - Started process (PID=31353) to work on /Users/danielcollins/opt/anaconda3/lib/python3.8/site-packages/airflow/example_dags/example_branch_datetime_operator.py
[2021-11-27 15:23:35,320] {processor.py:625} INFO - Processing file /Users/danielcollins/opt/anaconda3/lib/python3.8/site-packages/airflow/example_dags/example_branch_datetime_operator.py for tasks to queue
[2021-11-27 15:23:35,320] {logging_mixin.py:109} INFO - [2021-11-27 15:23:35,320] {dagbag.py:500} INFO - Filling up the DagBag from /Users/danielcollins/opt/anaconda3/lib/python3.8/site-packages/airflow/example_dags/example_branch_datetime_operator.py
[2021-11-27 15:23:35,340] {processor.py:637} INFO - DAG(s) dict_keys(['example_branch_datetime_operator_2']) retrieved from /Users/danielcollins/opt/anaconda3/lib/python3.8/site-packages/airflow/example_dags/example_branch_datetime_operator.py
[2021-11-27 15:23:35,350] {logging_mixin.py:109} INFO - [2021-11-27 15:23:35,350] {dag.py:2396} INFO - Sync 1 DAGs
[2021-11-27 15:23:35,355] {logging_mixin.py:109} INFO - [2021-11-27 15:23:35,355] {dag.py:2928} INFO - Setting next_dagrun for example_branch_datetime_operator_2 to 2021-11-26 00:00:00+00:00
[2021-11-27 15:23:35,361] {processor.py:171} INFO - Processing /Users/danielcollins/opt/anaconda3/lib/python3.8/site-packages/airflow/example_dags/example_branch_datetime_operator.py took 0.041 seconds
[2021-11-27 15:25:00,246] {processor.py:163} INFO - Started process (PID=31489) to work on /Users/danielcollins/opt/anaconda3/lib/python3.8/site-packages/airflow/example_dags/example_branch_datetime_operator.py
[2021-11-27 15:25:00,246] {processor.py:625} INFO - Processing file /Users/danielcollins/opt/anaconda3/lib/python3.8/site-packages/airflow/example_dags/example_branch_datetime_operator.py for tasks to queue
[2021-11-27 15:25:00,246] {logging_mixin.py:109} INFO - [2021-11-27 15:25:00,246] {dagbag.py:500} INFO - Filling up the DagBag from /Users/danielcollins/opt/anaconda3/lib/python3.8/site-packages/airflow/example_dags/example_branch_datetime_operator.py
[2021-11-27 15:25:00,265] {processor.py:637} INFO - DAG(s) dict_keys(['example_branch_datetime_operator_2']) retrieved from /Users/danielcollins/opt/anaconda3/lib/python3.8/site-packages/airflow/example_dags/example_branch_datetime_operator.py
[2021-11-27 15:25:00,276] {logging_mixin.py:109} INFO - [2021-11-27 15:25:00,276] {dag.py:2396} INFO - Sync 1 DAGs
[2021-11-27 15:25:00,281] {logging_mixin.py:109} INFO - [2021-11-27 15:25:00,281] {dag.py:2928} INFO - Setting next_dagrun for example_branch_datetime_operator_2 to 2021-11-26 00:00:00+00:00
[2021-11-27 15:25:00,286] {processor.py:171} INFO - Processing /Users/danielcollins/opt/anaconda3/lib/python3.8/site-packages/airflow/example_dags/example_branch_datetime_operator.py took 0.041 seconds
[2021-11-27 15:26:24,209] {processor.py:163} INFO - Started process (PID=31690) to work on /Users/danielcollins/opt/anaconda3/lib/python3.8/site-packages/airflow/example_dags/example_branch_datetime_operator.py
[2021-11-27 15:26:24,210] {processor.py:625} INFO - Processing file /Users/danielcollins/opt/anaconda3/lib/python3.8/site-packages/airflow/example_dags/example_branch_datetime_operator.py for tasks to queue
[2021-11-27 15:26:24,210] {logging_mixin.py:109} INFO - [2021-11-27 15:26:24,210] {dagbag.py:500} INFO - Filling up the DagBag from /Users/danielcollins/opt/anaconda3/lib/python3.8/site-packages/airflow/example_dags/example_branch_datetime_operator.py
[2021-11-27 15:26:24,231] {processor.py:637} INFO - DAG(s) dict_keys(['example_branch_datetime_operator_2']) retrieved from /Users/danielcollins/opt/anaconda3/lib/python3.8/site-packages/airflow/example_dags/example_branch_datetime_operator.py
[2021-11-27 15:26:24,242] {logging_mixin.py:109} INFO - [2021-11-27 15:26:24,241] {dag.py:2396} INFO - Sync 1 DAGs
[2021-11-27 15:26:24,246] {logging_mixin.py:109} INFO - [2021-11-27 15:26:24,246] {dag.py:2928} INFO - Setting next_dagrun for example_branch_datetime_operator_2 to 2021-11-26 00:00:00+00:00
[2021-11-27 15:26:24,253] {processor.py:171} INFO - Processing /Users/danielcollins/opt/anaconda3/lib/python3.8/site-packages/airflow/example_dags/example_branch_datetime_operator.py took 0.044 seconds
[2021-11-27 15:27:49,631] {processor.py:163} INFO - Started process (PID=31809) to work on /Users/danielcollins/opt/anaconda3/lib/python3.8/site-packages/airflow/example_dags/example_branch_datetime_operator.py
[2021-11-27 15:27:49,632] {processor.py:625} INFO - Processing file /Users/danielcollins/opt/anaconda3/lib/python3.8/site-packages/airflow/example_dags/example_branch_datetime_operator.py for tasks to queue
[2021-11-27 15:27:49,632] {logging_mixin.py:109} INFO - [2021-11-27 15:27:49,632] {dagbag.py:500} INFO - Filling up the DagBag from /Users/danielcollins/opt/anaconda3/lib/python3.8/site-packages/airflow/example_dags/example_branch_datetime_operator.py
[2021-11-27 15:27:49,651] {processor.py:637} INFO - DAG(s) dict_keys(['example_branch_datetime_operator_2']) retrieved from /Users/danielcollins/opt/anaconda3/lib/python3.8/site-packages/airflow/example_dags/example_branch_datetime_operator.py
[2021-11-27 15:27:49,662] {logging_mixin.py:109} INFO - [2021-11-27 15:27:49,662] {dag.py:2396} INFO - Sync 1 DAGs
[2021-11-27 15:27:49,667] {logging_mixin.py:109} INFO - [2021-11-27 15:27:49,667] {dag.py:2928} INFO - Setting next_dagrun for example_branch_datetime_operator_2 to 2021-11-26 00:00:00+00:00
[2021-11-27 15:27:49,672] {processor.py:171} INFO - Processing /Users/danielcollins/opt/anaconda3/lib/python3.8/site-packages/airflow/example_dags/example_branch_datetime_operator.py took 0.041 seconds
[2021-11-27 15:29:24,792] {processor.py:163} INFO - Started process (PID=32075) to work on /Users/danielcollins/opt/anaconda3/lib/python3.8/site-packages/airflow/example_dags/example_branch_datetime_operator.py
[2021-11-27 15:29:24,792] {processor.py:625} INFO - Processing file /Users/danielcollins/opt/anaconda3/lib/python3.8/site-packages/airflow/example_dags/example_branch_datetime_operator.py for tasks to queue
[2021-11-27 15:29:24,793] {logging_mixin.py:109} INFO - [2021-11-27 15:29:24,793] {dagbag.py:500} INFO - Filling up the DagBag from /Users/danielcollins/opt/anaconda3/lib/python3.8/site-packages/airflow/example_dags/example_branch_datetime_operator.py
[2021-11-27 15:29:24,813] {processor.py:637} INFO - DAG(s) dict_keys(['example_branch_datetime_operator_2']) retrieved from /Users/danielcollins/opt/anaconda3/lib/python3.8/site-packages/airflow/example_dags/example_branch_datetime_operator.py
[2021-11-27 15:29:24,823] {logging_mixin.py:109} INFO - [2021-11-27 15:29:24,823] {dag.py:2396} INFO - Sync 1 DAGs
[2021-11-27 15:29:24,828] {logging_mixin.py:109} INFO - [2021-11-27 15:29:24,828] {dag.py:2928} INFO - Setting next_dagrun for example_branch_datetime_operator_2 to 2021-11-26 00:00:00+00:00
[2021-11-27 15:29:24,834] {processor.py:171} INFO - Processing /Users/danielcollins/opt/anaconda3/lib/python3.8/site-packages/airflow/example_dags/example_branch_datetime_operator.py took 0.043 seconds
[2021-11-27 15:49:29,102] {processor.py:163} INFO - Started process (PID=32479) to work on /Users/danielcollins/opt/anaconda3/lib/python3.8/site-packages/airflow/example_dags/example_branch_datetime_operator.py
[2021-11-27 15:49:29,103] {processor.py:625} INFO - Processing file /Users/danielcollins/opt/anaconda3/lib/python3.8/site-packages/airflow/example_dags/example_branch_datetime_operator.py for tasks to queue
[2021-11-27 15:49:29,104] {logging_mixin.py:109} INFO - [2021-11-27 15:49:29,103] {dagbag.py:500} INFO - Filling up the DagBag from /Users/danielcollins/opt/anaconda3/lib/python3.8/site-packages/airflow/example_dags/example_branch_datetime_operator.py
[2021-11-27 15:49:29,187] {processor.py:637} INFO - DAG(s) dict_keys(['example_branch_datetime_operator_2']) retrieved from /Users/danielcollins/opt/anaconda3/lib/python3.8/site-packages/airflow/example_dags/example_branch_datetime_operator.py
[2021-11-27 15:49:29,292] {logging_mixin.py:109} INFO - [2021-11-27 15:49:29,291] {dag.py:2396} INFO - Sync 1 DAGs
[2021-11-27 15:49:29,390] {logging_mixin.py:109} INFO - [2021-11-27 15:49:29,389] {dag.py:2928} INFO - Setting next_dagrun for example_branch_datetime_operator_2 to 2021-11-26 00:00:00+00:00
[2021-11-27 15:49:29,437] {processor.py:171} INFO - Processing /Users/danielcollins/opt/anaconda3/lib/python3.8/site-packages/airflow/example_dags/example_branch_datetime_operator.py took 0.337 seconds
[2021-11-27 16:29:22,041] {processor.py:163} INFO - Started process (PID=32853) to work on /Users/danielcollins/opt/anaconda3/lib/python3.8/site-packages/airflow/example_dags/example_branch_datetime_operator.py
[2021-11-27 16:29:22,068] {processor.py:625} INFO - Processing file /Users/danielcollins/opt/anaconda3/lib/python3.8/site-packages/airflow/example_dags/example_branch_datetime_operator.py for tasks to queue
[2021-11-27 16:29:22,069] {logging_mixin.py:109} INFO - [2021-11-27 16:29:22,069] {dagbag.py:500} INFO - Filling up the DagBag from /Users/danielcollins/opt/anaconda3/lib/python3.8/site-packages/airflow/example_dags/example_branch_datetime_operator.py
[2021-11-27 16:29:22,252] {processor.py:637} INFO - DAG(s) dict_keys(['example_branch_datetime_operator_2']) retrieved from /Users/danielcollins/opt/anaconda3/lib/python3.8/site-packages/airflow/example_dags/example_branch_datetime_operator.py
[2021-11-27 16:29:22,273] {logging_mixin.py:109} INFO - [2021-11-27 16:29:22,273] {dag.py:2396} INFO - Sync 1 DAGs
[2021-11-27 16:29:22,309] {logging_mixin.py:109} INFO - [2021-11-27 16:29:22,309] {dag.py:2928} INFO - Setting next_dagrun for example_branch_datetime_operator_2 to 2021-11-26 00:00:00+00:00
[2021-11-27 16:29:22,316] {processor.py:171} INFO - Processing /Users/danielcollins/opt/anaconda3/lib/python3.8/site-packages/airflow/example_dags/example_branch_datetime_operator.py took 0.278 seconds
[2021-11-27 16:53:28,348] {processor.py:163} INFO - Started process (PID=33091) to work on /Users/danielcollins/opt/anaconda3/lib/python3.8/site-packages/airflow/example_dags/example_branch_datetime_operator.py
[2021-11-27 16:53:28,349] {processor.py:625} INFO - Processing file /Users/danielcollins/opt/anaconda3/lib/python3.8/site-packages/airflow/example_dags/example_branch_datetime_operator.py for tasks to queue
[2021-11-27 16:53:28,349] {logging_mixin.py:109} INFO - [2021-11-27 16:53:28,349] {dagbag.py:500} INFO - Filling up the DagBag from /Users/danielcollins/opt/anaconda3/lib/python3.8/site-packages/airflow/example_dags/example_branch_datetime_operator.py
[2021-11-27 16:53:28,368] {processor.py:637} INFO - DAG(s) dict_keys(['example_branch_datetime_operator_2']) retrieved from /Users/danielcollins/opt/anaconda3/lib/python3.8/site-packages/airflow/example_dags/example_branch_datetime_operator.py
[2021-11-27 16:53:28,378] {logging_mixin.py:109} INFO - [2021-11-27 16:53:28,378] {dag.py:2396} INFO - Sync 1 DAGs
[2021-11-27 16:53:28,383] {logging_mixin.py:109} INFO - [2021-11-27 16:53:28,383] {dag.py:2928} INFO - Setting next_dagrun for example_branch_datetime_operator_2 to 2021-11-26 00:00:00+00:00
[2021-11-27 16:53:28,388] {processor.py:171} INFO - Processing /Users/danielcollins/opt/anaconda3/lib/python3.8/site-packages/airflow/example_dags/example_branch_datetime_operator.py took 0.040 seconds
[2021-11-27 16:54:54,142] {processor.py:163} INFO - Started process (PID=33251) to work on /Users/danielcollins/opt/anaconda3/lib/python3.8/site-packages/airflow/example_dags/example_branch_datetime_operator.py
[2021-11-27 16:54:54,143] {processor.py:625} INFO - Processing file /Users/danielcollins/opt/anaconda3/lib/python3.8/site-packages/airflow/example_dags/example_branch_datetime_operator.py for tasks to queue
[2021-11-27 16:54:54,143] {logging_mixin.py:109} INFO - [2021-11-27 16:54:54,143] {dagbag.py:500} INFO - Filling up the DagBag from /Users/danielcollins/opt/anaconda3/lib/python3.8/site-packages/airflow/example_dags/example_branch_datetime_operator.py
[2021-11-27 16:54:54,164] {processor.py:637} INFO - DAG(s) dict_keys(['example_branch_datetime_operator_2']) retrieved from /Users/danielcollins/opt/anaconda3/lib/python3.8/site-packages/airflow/example_dags/example_branch_datetime_operator.py
[2021-11-27 16:54:54,173] {logging_mixin.py:109} INFO - [2021-11-27 16:54:54,173] {dag.py:2396} INFO - Sync 1 DAGs
[2021-11-27 16:54:54,178] {logging_mixin.py:109} INFO - [2021-11-27 16:54:54,178] {dag.py:2928} INFO - Setting next_dagrun for example_branch_datetime_operator_2 to 2021-11-26 00:00:00+00:00
[2021-11-27 16:54:54,184] {processor.py:171} INFO - Processing /Users/danielcollins/opt/anaconda3/lib/python3.8/site-packages/airflow/example_dags/example_branch_datetime_operator.py took 0.042 seconds
