[2021-11-26 17:00:43,507] {processor.py:163} INFO - Started process (PID=19282) to work on /Users/danielcollins/opt/anaconda3/lib/python3.8/site-packages/airflow/example_dags/example_branch_operator.py
[2021-11-26 17:00:43,508] {processor.py:625} INFO - Processing file /Users/danielcollins/opt/anaconda3/lib/python3.8/site-packages/airflow/example_dags/example_branch_operator.py for tasks to queue
[2021-11-26 17:00:43,508] {logging_mixin.py:109} INFO - [2021-11-26 17:00:43,508] {dagbag.py:500} INFO - Filling up the DagBag from /Users/danielcollins/opt/anaconda3/lib/python3.8/site-packages/airflow/example_dags/example_branch_operator.py
[2021-11-26 17:00:43,537] {processor.py:637} INFO - DAG(s) dict_keys(['example_branch_operator']) retrieved from /Users/danielcollins/opt/anaconda3/lib/python3.8/site-packages/airflow/example_dags/example_branch_operator.py
[2021-11-26 17:00:43,548] {logging_mixin.py:109} INFO - [2021-11-26 17:00:43,548] {dag.py:2396} INFO - Sync 1 DAGs
[2021-11-26 17:00:43,553] {logging_mixin.py:109} INFO - [2021-11-26 17:00:43,553] {dag.py:2928} INFO - Setting next_dagrun for example_branch_operator to 2021-11-26 00:00:00+00:00
[2021-11-26 17:00:43,561] {processor.py:171} INFO - Processing /Users/danielcollins/opt/anaconda3/lib/python3.8/site-packages/airflow/example_dags/example_branch_operator.py took 0.054 seconds
[2021-11-26 17:02:06,229] {processor.py:163} INFO - Started process (PID=19440) to work on /Users/danielcollins/opt/anaconda3/lib/python3.8/site-packages/airflow/example_dags/example_branch_operator.py
[2021-11-26 17:02:06,230] {processor.py:625} INFO - Processing file /Users/danielcollins/opt/anaconda3/lib/python3.8/site-packages/airflow/example_dags/example_branch_operator.py for tasks to queue
[2021-11-26 17:02:06,230] {logging_mixin.py:109} INFO - [2021-11-26 17:02:06,230] {dagbag.py:500} INFO - Filling up the DagBag from /Users/danielcollins/opt/anaconda3/lib/python3.8/site-packages/airflow/example_dags/example_branch_operator.py
[2021-11-26 17:02:06,261] {processor.py:637} INFO - DAG(s) dict_keys(['example_branch_operator']) retrieved from /Users/danielcollins/opt/anaconda3/lib/python3.8/site-packages/airflow/example_dags/example_branch_operator.py
[2021-11-26 17:02:06,271] {logging_mixin.py:109} INFO - [2021-11-26 17:02:06,271] {dag.py:2396} INFO - Sync 1 DAGs
[2021-11-26 17:02:06,276] {logging_mixin.py:109} INFO - [2021-11-26 17:02:06,275] {dag.py:2928} INFO - Setting next_dagrun for example_branch_operator to 2021-11-26 00:00:00+00:00
[2021-11-26 17:02:06,281] {processor.py:171} INFO - Processing /Users/danielcollins/opt/anaconda3/lib/python3.8/site-packages/airflow/example_dags/example_branch_operator.py took 0.052 seconds
[2021-11-26 17:03:29,332] {processor.py:163} INFO - Started process (PID=19557) to work on /Users/danielcollins/opt/anaconda3/lib/python3.8/site-packages/airflow/example_dags/example_branch_operator.py
[2021-11-26 17:03:29,336] {processor.py:625} INFO - Processing file /Users/danielcollins/opt/anaconda3/lib/python3.8/site-packages/airflow/example_dags/example_branch_operator.py for tasks to queue
[2021-11-26 17:03:29,336] {logging_mixin.py:109} INFO - [2021-11-26 17:03:29,336] {dagbag.py:500} INFO - Filling up the DagBag from /Users/danielcollins/opt/anaconda3/lib/python3.8/site-packages/airflow/example_dags/example_branch_operator.py
[2021-11-26 17:03:29,385] {processor.py:637} INFO - DAG(s) dict_keys(['example_branch_operator']) retrieved from /Users/danielcollins/opt/anaconda3/lib/python3.8/site-packages/airflow/example_dags/example_branch_operator.py
[2021-11-26 17:03:29,401] {logging_mixin.py:109} INFO - [2021-11-26 17:03:29,401] {dag.py:2396} INFO - Sync 1 DAGs
[2021-11-26 17:03:29,408] {logging_mixin.py:109} INFO - [2021-11-26 17:03:29,408] {dag.py:2928} INFO - Setting next_dagrun for example_branch_operator to 2021-11-26 00:00:00+00:00
[2021-11-26 17:03:29,429] {processor.py:171} INFO - Processing /Users/danielcollins/opt/anaconda3/lib/python3.8/site-packages/airflow/example_dags/example_branch_operator.py took 0.097 seconds
[2021-11-26 17:04:54,110] {processor.py:163} INFO - Started process (PID=19664) to work on /Users/danielcollins/opt/anaconda3/lib/python3.8/site-packages/airflow/example_dags/example_branch_operator.py
[2021-11-26 17:04:54,113] {processor.py:625} INFO - Processing file /Users/danielcollins/opt/anaconda3/lib/python3.8/site-packages/airflow/example_dags/example_branch_operator.py for tasks to queue
[2021-11-26 17:04:54,113] {logging_mixin.py:109} INFO - [2021-11-26 17:04:54,113] {dagbag.py:500} INFO - Filling up the DagBag from /Users/danielcollins/opt/anaconda3/lib/python3.8/site-packages/airflow/example_dags/example_branch_operator.py
[2021-11-26 17:04:54,142] {processor.py:637} INFO - DAG(s) dict_keys(['example_branch_operator']) retrieved from /Users/danielcollins/opt/anaconda3/lib/python3.8/site-packages/airflow/example_dags/example_branch_operator.py
[2021-11-26 17:04:54,152] {logging_mixin.py:109} INFO - [2021-11-26 17:04:54,152] {dag.py:2396} INFO - Sync 1 DAGs
[2021-11-26 17:04:54,157] {logging_mixin.py:109} INFO - [2021-11-26 17:04:54,157] {dag.py:2928} INFO - Setting next_dagrun for example_branch_operator to 2021-11-26 00:00:00+00:00
[2021-11-26 17:04:54,163] {processor.py:171} INFO - Processing /Users/danielcollins/opt/anaconda3/lib/python3.8/site-packages/airflow/example_dags/example_branch_operator.py took 0.053 seconds
[2021-11-26 17:06:17,725] {processor.py:163} INFO - Started process (PID=19777) to work on /Users/danielcollins/opt/anaconda3/lib/python3.8/site-packages/airflow/example_dags/example_branch_operator.py
[2021-11-26 17:06:17,725] {processor.py:625} INFO - Processing file /Users/danielcollins/opt/anaconda3/lib/python3.8/site-packages/airflow/example_dags/example_branch_operator.py for tasks to queue
[2021-11-26 17:06:17,725] {logging_mixin.py:109} INFO - [2021-11-26 17:06:17,725] {dagbag.py:500} INFO - Filling up the DagBag from /Users/danielcollins/opt/anaconda3/lib/python3.8/site-packages/airflow/example_dags/example_branch_operator.py
[2021-11-26 17:06:17,754] {processor.py:637} INFO - DAG(s) dict_keys(['example_branch_operator']) retrieved from /Users/danielcollins/opt/anaconda3/lib/python3.8/site-packages/airflow/example_dags/example_branch_operator.py
[2021-11-26 17:06:17,764] {logging_mixin.py:109} INFO - [2021-11-26 17:06:17,764] {dag.py:2396} INFO - Sync 1 DAGs
[2021-11-26 17:06:17,769] {logging_mixin.py:109} INFO - [2021-11-26 17:06:17,769] {dag.py:2928} INFO - Setting next_dagrun for example_branch_operator to 2021-11-26 00:00:00+00:00
[2021-11-26 17:06:17,774] {processor.py:171} INFO - Processing /Users/danielcollins/opt/anaconda3/lib/python3.8/site-packages/airflow/example_dags/example_branch_operator.py took 0.049 seconds
[2021-11-26 17:07:40,732] {processor.py:163} INFO - Started process (PID=19878) to work on /Users/danielcollins/opt/anaconda3/lib/python3.8/site-packages/airflow/example_dags/example_branch_operator.py
[2021-11-26 17:07:40,733] {processor.py:625} INFO - Processing file /Users/danielcollins/opt/anaconda3/lib/python3.8/site-packages/airflow/example_dags/example_branch_operator.py for tasks to queue
[2021-11-26 17:07:40,733] {logging_mixin.py:109} INFO - [2021-11-26 17:07:40,733] {dagbag.py:500} INFO - Filling up the DagBag from /Users/danielcollins/opt/anaconda3/lib/python3.8/site-packages/airflow/example_dags/example_branch_operator.py
[2021-11-26 17:07:40,763] {processor.py:637} INFO - DAG(s) dict_keys(['example_branch_operator']) retrieved from /Users/danielcollins/opt/anaconda3/lib/python3.8/site-packages/airflow/example_dags/example_branch_operator.py
[2021-11-26 17:07:40,774] {logging_mixin.py:109} INFO - [2021-11-26 17:07:40,774] {dag.py:2396} INFO - Sync 1 DAGs
[2021-11-26 17:07:40,778] {logging_mixin.py:109} INFO - [2021-11-26 17:07:40,778] {dag.py:2928} INFO - Setting next_dagrun for example_branch_operator to 2021-11-26 00:00:00+00:00
[2021-11-26 17:07:40,789] {processor.py:171} INFO - Processing /Users/danielcollins/opt/anaconda3/lib/python3.8/site-packages/airflow/example_dags/example_branch_operator.py took 0.057 seconds
[2021-11-26 17:09:05,821] {processor.py:163} INFO - Started process (PID=19999) to work on /Users/danielcollins/opt/anaconda3/lib/python3.8/site-packages/airflow/example_dags/example_branch_operator.py
[2021-11-26 17:09:05,822] {processor.py:625} INFO - Processing file /Users/danielcollins/opt/anaconda3/lib/python3.8/site-packages/airflow/example_dags/example_branch_operator.py for tasks to queue
[2021-11-26 17:09:05,822] {logging_mixin.py:109} INFO - [2021-11-26 17:09:05,822] {dagbag.py:500} INFO - Filling up the DagBag from /Users/danielcollins/opt/anaconda3/lib/python3.8/site-packages/airflow/example_dags/example_branch_operator.py
[2021-11-26 17:09:05,854] {processor.py:637} INFO - DAG(s) dict_keys(['example_branch_operator']) retrieved from /Users/danielcollins/opt/anaconda3/lib/python3.8/site-packages/airflow/example_dags/example_branch_operator.py
[2021-11-26 17:09:05,864] {logging_mixin.py:109} INFO - [2021-11-26 17:09:05,864] {dag.py:2396} INFO - Sync 1 DAGs
[2021-11-26 17:09:05,869] {logging_mixin.py:109} INFO - [2021-11-26 17:09:05,869] {dag.py:2928} INFO - Setting next_dagrun for example_branch_operator to 2021-11-26 00:00:00+00:00
[2021-11-26 17:09:05,874] {processor.py:171} INFO - Processing /Users/danielcollins/opt/anaconda3/lib/python3.8/site-packages/airflow/example_dags/example_branch_operator.py took 0.053 seconds
[2021-11-26 17:10:28,380] {processor.py:163} INFO - Started process (PID=20100) to work on /Users/danielcollins/opt/anaconda3/lib/python3.8/site-packages/airflow/example_dags/example_branch_operator.py
[2021-11-26 17:10:28,381] {processor.py:625} INFO - Processing file /Users/danielcollins/opt/anaconda3/lib/python3.8/site-packages/airflow/example_dags/example_branch_operator.py for tasks to queue
[2021-11-26 17:10:28,381] {logging_mixin.py:109} INFO - [2021-11-26 17:10:28,381] {dagbag.py:500} INFO - Filling up the DagBag from /Users/danielcollins/opt/anaconda3/lib/python3.8/site-packages/airflow/example_dags/example_branch_operator.py
[2021-11-26 17:10:28,410] {processor.py:637} INFO - DAG(s) dict_keys(['example_branch_operator']) retrieved from /Users/danielcollins/opt/anaconda3/lib/python3.8/site-packages/airflow/example_dags/example_branch_operator.py
[2021-11-26 17:10:28,423] {logging_mixin.py:109} INFO - [2021-11-26 17:10:28,422] {dag.py:2396} INFO - Sync 1 DAGs
[2021-11-26 17:10:28,427] {logging_mixin.py:109} INFO - [2021-11-26 17:10:28,427] {dag.py:2928} INFO - Setting next_dagrun for example_branch_operator to 2021-11-26 00:00:00+00:00
[2021-11-26 17:10:28,433] {processor.py:171} INFO - Processing /Users/danielcollins/opt/anaconda3/lib/python3.8/site-packages/airflow/example_dags/example_branch_operator.py took 0.053 seconds
[2021-11-26 17:11:53,241] {processor.py:163} INFO - Started process (PID=20217) to work on /Users/danielcollins/opt/anaconda3/lib/python3.8/site-packages/airflow/example_dags/example_branch_operator.py
[2021-11-26 17:11:53,241] {processor.py:625} INFO - Processing file /Users/danielcollins/opt/anaconda3/lib/python3.8/site-packages/airflow/example_dags/example_branch_operator.py for tasks to queue
[2021-11-26 17:11:53,241] {logging_mixin.py:109} INFO - [2021-11-26 17:11:53,241] {dagbag.py:500} INFO - Filling up the DagBag from /Users/danielcollins/opt/anaconda3/lib/python3.8/site-packages/airflow/example_dags/example_branch_operator.py
[2021-11-26 17:11:53,271] {processor.py:637} INFO - DAG(s) dict_keys(['example_branch_operator']) retrieved from /Users/danielcollins/opt/anaconda3/lib/python3.8/site-packages/airflow/example_dags/example_branch_operator.py
[2021-11-26 17:11:53,283] {logging_mixin.py:109} INFO - [2021-11-26 17:11:53,283] {dag.py:2396} INFO - Sync 1 DAGs
[2021-11-26 17:11:53,288] {logging_mixin.py:109} INFO - [2021-11-26 17:11:53,288] {dag.py:2928} INFO - Setting next_dagrun for example_branch_operator to 2021-11-26 00:00:00+00:00
[2021-11-26 17:11:53,293] {processor.py:171} INFO - Processing /Users/danielcollins/opt/anaconda3/lib/python3.8/site-packages/airflow/example_dags/example_branch_operator.py took 0.053 seconds
[2021-11-26 17:13:17,930] {processor.py:163} INFO - Started process (PID=20330) to work on /Users/danielcollins/opt/anaconda3/lib/python3.8/site-packages/airflow/example_dags/example_branch_operator.py
[2021-11-26 17:13:17,931] {processor.py:625} INFO - Processing file /Users/danielcollins/opt/anaconda3/lib/python3.8/site-packages/airflow/example_dags/example_branch_operator.py for tasks to queue
[2021-11-26 17:13:17,931] {logging_mixin.py:109} INFO - [2021-11-26 17:13:17,931] {dagbag.py:500} INFO - Filling up the DagBag from /Users/danielcollins/opt/anaconda3/lib/python3.8/site-packages/airflow/example_dags/example_branch_operator.py
[2021-11-26 17:13:17,960] {processor.py:637} INFO - DAG(s) dict_keys(['example_branch_operator']) retrieved from /Users/danielcollins/opt/anaconda3/lib/python3.8/site-packages/airflow/example_dags/example_branch_operator.py
[2021-11-26 17:13:17,970] {logging_mixin.py:109} INFO - [2021-11-26 17:13:17,970] {dag.py:2396} INFO - Sync 1 DAGs
[2021-11-26 17:13:17,975] {logging_mixin.py:109} INFO - [2021-11-26 17:13:17,975] {dag.py:2928} INFO - Setting next_dagrun for example_branch_operator to 2021-11-26 00:00:00+00:00
[2021-11-26 17:13:17,980] {processor.py:171} INFO - Processing /Users/danielcollins/opt/anaconda3/lib/python3.8/site-packages/airflow/example_dags/example_branch_operator.py took 0.050 seconds
[2021-11-26 17:14:41,300] {processor.py:163} INFO - Started process (PID=20448) to work on /Users/danielcollins/opt/anaconda3/lib/python3.8/site-packages/airflow/example_dags/example_branch_operator.py
[2021-11-26 17:14:41,300] {processor.py:625} INFO - Processing file /Users/danielcollins/opt/anaconda3/lib/python3.8/site-packages/airflow/example_dags/example_branch_operator.py for tasks to queue
[2021-11-26 17:14:41,300] {logging_mixin.py:109} INFO - [2021-11-26 17:14:41,300] {dagbag.py:500} INFO - Filling up the DagBag from /Users/danielcollins/opt/anaconda3/lib/python3.8/site-packages/airflow/example_dags/example_branch_operator.py
[2021-11-26 17:14:41,329] {processor.py:637} INFO - DAG(s) dict_keys(['example_branch_operator']) retrieved from /Users/danielcollins/opt/anaconda3/lib/python3.8/site-packages/airflow/example_dags/example_branch_operator.py
[2021-11-26 17:14:41,339] {logging_mixin.py:109} INFO - [2021-11-26 17:14:41,339] {dag.py:2396} INFO - Sync 1 DAGs
[2021-11-26 17:14:41,344] {logging_mixin.py:109} INFO - [2021-11-26 17:14:41,344] {dag.py:2928} INFO - Setting next_dagrun for example_branch_operator to 2021-11-26 00:00:00+00:00
[2021-11-26 17:14:41,349] {processor.py:171} INFO - Processing /Users/danielcollins/opt/anaconda3/lib/python3.8/site-packages/airflow/example_dags/example_branch_operator.py took 0.050 seconds
[2021-11-26 17:16:03,330] {processor.py:163} INFO - Started process (PID=20565) to work on /Users/danielcollins/opt/anaconda3/lib/python3.8/site-packages/airflow/example_dags/example_branch_operator.py
[2021-11-26 17:16:03,331] {processor.py:625} INFO - Processing file /Users/danielcollins/opt/anaconda3/lib/python3.8/site-packages/airflow/example_dags/example_branch_operator.py for tasks to queue
[2021-11-26 17:16:03,331] {logging_mixin.py:109} INFO - [2021-11-26 17:16:03,331] {dagbag.py:500} INFO - Filling up the DagBag from /Users/danielcollins/opt/anaconda3/lib/python3.8/site-packages/airflow/example_dags/example_branch_operator.py
[2021-11-26 17:16:03,362] {processor.py:637} INFO - DAG(s) dict_keys(['example_branch_operator']) retrieved from /Users/danielcollins/opt/anaconda3/lib/python3.8/site-packages/airflow/example_dags/example_branch_operator.py
[2021-11-26 17:16:03,373] {logging_mixin.py:109} INFO - [2021-11-26 17:16:03,373] {dag.py:2396} INFO - Sync 1 DAGs
[2021-11-26 17:16:03,378] {logging_mixin.py:109} INFO - [2021-11-26 17:16:03,378] {dag.py:2928} INFO - Setting next_dagrun for example_branch_operator to 2021-11-26 00:00:00+00:00
[2021-11-26 17:16:03,383] {processor.py:171} INFO - Processing /Users/danielcollins/opt/anaconda3/lib/python3.8/site-packages/airflow/example_dags/example_branch_operator.py took 0.054 seconds
[2021-11-26 17:17:26,156] {processor.py:163} INFO - Started process (PID=20744) to work on /Users/danielcollins/opt/anaconda3/lib/python3.8/site-packages/airflow/example_dags/example_branch_operator.py
[2021-11-26 17:17:26,157] {processor.py:625} INFO - Processing file /Users/danielcollins/opt/anaconda3/lib/python3.8/site-packages/airflow/example_dags/example_branch_operator.py for tasks to queue
[2021-11-26 17:17:26,157] {logging_mixin.py:109} INFO - [2021-11-26 17:17:26,157] {dagbag.py:500} INFO - Filling up the DagBag from /Users/danielcollins/opt/anaconda3/lib/python3.8/site-packages/airflow/example_dags/example_branch_operator.py
[2021-11-26 17:17:26,194] {processor.py:637} INFO - DAG(s) dict_keys(['example_branch_operator']) retrieved from /Users/danielcollins/opt/anaconda3/lib/python3.8/site-packages/airflow/example_dags/example_branch_operator.py
[2021-11-26 17:17:26,205] {logging_mixin.py:109} INFO - [2021-11-26 17:17:26,205] {dag.py:2396} INFO - Sync 1 DAGs
[2021-11-26 17:17:26,209] {logging_mixin.py:109} INFO - [2021-11-26 17:17:26,209] {dag.py:2928} INFO - Setting next_dagrun for example_branch_operator to 2021-11-26 00:00:00+00:00
[2021-11-26 17:17:26,214] {processor.py:171} INFO - Processing /Users/danielcollins/opt/anaconda3/lib/python3.8/site-packages/airflow/example_dags/example_branch_operator.py took 0.059 seconds
[2021-11-26 17:18:51,093] {processor.py:163} INFO - Started process (PID=20925) to work on /Users/danielcollins/opt/anaconda3/lib/python3.8/site-packages/airflow/example_dags/example_branch_operator.py
[2021-11-26 17:18:51,094] {processor.py:625} INFO - Processing file /Users/danielcollins/opt/anaconda3/lib/python3.8/site-packages/airflow/example_dags/example_branch_operator.py for tasks to queue
[2021-11-26 17:18:51,094] {logging_mixin.py:109} INFO - [2021-11-26 17:18:51,094] {dagbag.py:500} INFO - Filling up the DagBag from /Users/danielcollins/opt/anaconda3/lib/python3.8/site-packages/airflow/example_dags/example_branch_operator.py
[2021-11-26 17:18:51,124] {processor.py:637} INFO - DAG(s) dict_keys(['example_branch_operator']) retrieved from /Users/danielcollins/opt/anaconda3/lib/python3.8/site-packages/airflow/example_dags/example_branch_operator.py
[2021-11-26 17:18:51,137] {logging_mixin.py:109} INFO - [2021-11-26 17:18:51,137] {dag.py:2396} INFO - Sync 1 DAGs
[2021-11-26 17:18:51,142] {logging_mixin.py:109} INFO - [2021-11-26 17:18:51,142] {dag.py:2928} INFO - Setting next_dagrun for example_branch_operator to 2021-11-26 00:00:00+00:00
[2021-11-26 17:18:51,150] {processor.py:171} INFO - Processing /Users/danielcollins/opt/anaconda3/lib/python3.8/site-packages/airflow/example_dags/example_branch_operator.py took 0.057 seconds
[2021-11-26 17:20:19,348] {processor.py:163} INFO - Started process (PID=21052) to work on /Users/danielcollins/opt/anaconda3/lib/python3.8/site-packages/airflow/example_dags/example_branch_operator.py
[2021-11-26 17:20:19,348] {processor.py:625} INFO - Processing file /Users/danielcollins/opt/anaconda3/lib/python3.8/site-packages/airflow/example_dags/example_branch_operator.py for tasks to queue
[2021-11-26 17:20:19,349] {logging_mixin.py:109} INFO - [2021-11-26 17:20:19,349] {dagbag.py:500} INFO - Filling up the DagBag from /Users/danielcollins/opt/anaconda3/lib/python3.8/site-packages/airflow/example_dags/example_branch_operator.py
[2021-11-26 17:20:19,381] {processor.py:637} INFO - DAG(s) dict_keys(['example_branch_operator']) retrieved from /Users/danielcollins/opt/anaconda3/lib/python3.8/site-packages/airflow/example_dags/example_branch_operator.py
[2021-11-26 17:20:19,392] {logging_mixin.py:109} INFO - [2021-11-26 17:20:19,392] {dag.py:2396} INFO - Sync 1 DAGs
[2021-11-26 17:20:19,397] {logging_mixin.py:109} INFO - [2021-11-26 17:20:19,397] {dag.py:2928} INFO - Setting next_dagrun for example_branch_operator to 2021-11-26 00:00:00+00:00
[2021-11-26 17:20:19,403] {processor.py:171} INFO - Processing /Users/danielcollins/opt/anaconda3/lib/python3.8/site-packages/airflow/example_dags/example_branch_operator.py took 0.055 seconds
[2021-11-26 17:21:43,472] {processor.py:163} INFO - Started process (PID=21173) to work on /Users/danielcollins/opt/anaconda3/lib/python3.8/site-packages/airflow/example_dags/example_branch_operator.py
[2021-11-26 17:21:43,473] {processor.py:625} INFO - Processing file /Users/danielcollins/opt/anaconda3/lib/python3.8/site-packages/airflow/example_dags/example_branch_operator.py for tasks to queue
[2021-11-26 17:21:43,473] {logging_mixin.py:109} INFO - [2021-11-26 17:21:43,473] {dagbag.py:500} INFO - Filling up the DagBag from /Users/danielcollins/opt/anaconda3/lib/python3.8/site-packages/airflow/example_dags/example_branch_operator.py
[2021-11-26 17:21:43,502] {processor.py:637} INFO - DAG(s) dict_keys(['example_branch_operator']) retrieved from /Users/danielcollins/opt/anaconda3/lib/python3.8/site-packages/airflow/example_dags/example_branch_operator.py
[2021-11-26 17:21:43,513] {logging_mixin.py:109} INFO - [2021-11-26 17:21:43,513] {dag.py:2396} INFO - Sync 1 DAGs
[2021-11-26 17:21:43,518] {logging_mixin.py:109} INFO - [2021-11-26 17:21:43,518] {dag.py:2928} INFO - Setting next_dagrun for example_branch_operator to 2021-11-26 00:00:00+00:00
[2021-11-26 17:21:43,528] {processor.py:171} INFO - Processing /Users/danielcollins/opt/anaconda3/lib/python3.8/site-packages/airflow/example_dags/example_branch_operator.py took 0.056 seconds
[2021-11-26 17:23:04,811] {processor.py:163} INFO - Started process (PID=21304) to work on /Users/danielcollins/opt/anaconda3/lib/python3.8/site-packages/airflow/example_dags/example_branch_operator.py
[2021-11-26 17:23:04,812] {processor.py:625} INFO - Processing file /Users/danielcollins/opt/anaconda3/lib/python3.8/site-packages/airflow/example_dags/example_branch_operator.py for tasks to queue
[2021-11-26 17:23:04,812] {logging_mixin.py:109} INFO - [2021-11-26 17:23:04,812] {dagbag.py:500} INFO - Filling up the DagBag from /Users/danielcollins/opt/anaconda3/lib/python3.8/site-packages/airflow/example_dags/example_branch_operator.py
[2021-11-26 17:23:04,842] {processor.py:637} INFO - DAG(s) dict_keys(['example_branch_operator']) retrieved from /Users/danielcollins/opt/anaconda3/lib/python3.8/site-packages/airflow/example_dags/example_branch_operator.py
[2021-11-26 17:23:04,853] {logging_mixin.py:109} INFO - [2021-11-26 17:23:04,853] {dag.py:2396} INFO - Sync 1 DAGs
[2021-11-26 17:23:04,859] {logging_mixin.py:109} INFO - [2021-11-26 17:23:04,859] {dag.py:2928} INFO - Setting next_dagrun for example_branch_operator to 2021-11-26 00:00:00+00:00
[2021-11-26 17:23:04,870] {processor.py:171} INFO - Processing /Users/danielcollins/opt/anaconda3/lib/python3.8/site-packages/airflow/example_dags/example_branch_operator.py took 0.059 seconds
[2021-11-26 17:24:28,320] {processor.py:163} INFO - Started process (PID=21418) to work on /Users/danielcollins/opt/anaconda3/lib/python3.8/site-packages/airflow/example_dags/example_branch_operator.py
[2021-11-26 17:24:28,321] {processor.py:625} INFO - Processing file /Users/danielcollins/opt/anaconda3/lib/python3.8/site-packages/airflow/example_dags/example_branch_operator.py for tasks to queue
[2021-11-26 17:24:28,321] {logging_mixin.py:109} INFO - [2021-11-26 17:24:28,321] {dagbag.py:500} INFO - Filling up the DagBag from /Users/danielcollins/opt/anaconda3/lib/python3.8/site-packages/airflow/example_dags/example_branch_operator.py
[2021-11-26 17:24:28,350] {processor.py:637} INFO - DAG(s) dict_keys(['example_branch_operator']) retrieved from /Users/danielcollins/opt/anaconda3/lib/python3.8/site-packages/airflow/example_dags/example_branch_operator.py
[2021-11-26 17:24:28,361] {logging_mixin.py:109} INFO - [2021-11-26 17:24:28,361] {dag.py:2396} INFO - Sync 1 DAGs
[2021-11-26 17:24:28,366] {logging_mixin.py:109} INFO - [2021-11-26 17:24:28,366] {dag.py:2928} INFO - Setting next_dagrun for example_branch_operator to 2021-11-26 00:00:00+00:00
[2021-11-26 17:24:28,374] {processor.py:171} INFO - Processing /Users/danielcollins/opt/anaconda3/lib/python3.8/site-packages/airflow/example_dags/example_branch_operator.py took 0.054 seconds
[2021-11-26 17:25:55,303] {processor.py:163} INFO - Started process (PID=21602) to work on /Users/danielcollins/opt/anaconda3/lib/python3.8/site-packages/airflow/example_dags/example_branch_operator.py
[2021-11-26 17:25:55,304] {processor.py:625} INFO - Processing file /Users/danielcollins/opt/anaconda3/lib/python3.8/site-packages/airflow/example_dags/example_branch_operator.py for tasks to queue
[2021-11-26 17:25:55,304] {logging_mixin.py:109} INFO - [2021-11-26 17:25:55,304] {dagbag.py:500} INFO - Filling up the DagBag from /Users/danielcollins/opt/anaconda3/lib/python3.8/site-packages/airflow/example_dags/example_branch_operator.py
[2021-11-26 17:25:55,338] {processor.py:637} INFO - DAG(s) dict_keys(['example_branch_operator']) retrieved from /Users/danielcollins/opt/anaconda3/lib/python3.8/site-packages/airflow/example_dags/example_branch_operator.py
[2021-11-26 17:25:55,349] {logging_mixin.py:109} INFO - [2021-11-26 17:25:55,349] {dag.py:2396} INFO - Sync 1 DAGs
[2021-11-26 17:25:55,354] {logging_mixin.py:109} INFO - [2021-11-26 17:25:55,354] {dag.py:2928} INFO - Setting next_dagrun for example_branch_operator to 2021-11-26 00:00:00+00:00
[2021-11-26 17:25:55,364] {processor.py:171} INFO - Processing /Users/danielcollins/opt/anaconda3/lib/python3.8/site-packages/airflow/example_dags/example_branch_operator.py took 0.061 seconds
[2021-11-26 17:27:29,324] {processor.py:163} INFO - Started process (PID=22290) to work on /Users/danielcollins/opt/anaconda3/lib/python3.8/site-packages/airflow/example_dags/example_branch_operator.py
[2021-11-26 17:27:29,325] {processor.py:625} INFO - Processing file /Users/danielcollins/opt/anaconda3/lib/python3.8/site-packages/airflow/example_dags/example_branch_operator.py for tasks to queue
[2021-11-26 17:27:29,325] {logging_mixin.py:109} INFO - [2021-11-26 17:27:29,325] {dagbag.py:500} INFO - Filling up the DagBag from /Users/danielcollins/opt/anaconda3/lib/python3.8/site-packages/airflow/example_dags/example_branch_operator.py
[2021-11-26 17:27:29,356] {processor.py:637} INFO - DAG(s) dict_keys(['example_branch_operator']) retrieved from /Users/danielcollins/opt/anaconda3/lib/python3.8/site-packages/airflow/example_dags/example_branch_operator.py
[2021-11-26 17:27:29,368] {logging_mixin.py:109} INFO - [2021-11-26 17:27:29,368] {dag.py:2396} INFO - Sync 1 DAGs
[2021-11-26 17:27:29,373] {logging_mixin.py:109} INFO - [2021-11-26 17:27:29,373] {dag.py:2928} INFO - Setting next_dagrun for example_branch_operator to 2021-11-26 00:00:00+00:00
[2021-11-26 17:27:29,379] {processor.py:171} INFO - Processing /Users/danielcollins/opt/anaconda3/lib/python3.8/site-packages/airflow/example_dags/example_branch_operator.py took 0.055 seconds
[2021-11-26 17:28:56,473] {processor.py:163} INFO - Started process (PID=22400) to work on /Users/danielcollins/opt/anaconda3/lib/python3.8/site-packages/airflow/example_dags/example_branch_operator.py
[2021-11-26 17:28:56,474] {processor.py:625} INFO - Processing file /Users/danielcollins/opt/anaconda3/lib/python3.8/site-packages/airflow/example_dags/example_branch_operator.py for tasks to queue
[2021-11-26 17:28:56,474] {logging_mixin.py:109} INFO - [2021-11-26 17:28:56,474] {dagbag.py:500} INFO - Filling up the DagBag from /Users/danielcollins/opt/anaconda3/lib/python3.8/site-packages/airflow/example_dags/example_branch_operator.py
[2021-11-26 17:28:56,506] {processor.py:637} INFO - DAG(s) dict_keys(['example_branch_operator']) retrieved from /Users/danielcollins/opt/anaconda3/lib/python3.8/site-packages/airflow/example_dags/example_branch_operator.py
[2021-11-26 17:28:56,517] {logging_mixin.py:109} INFO - [2021-11-26 17:28:56,516] {dag.py:2396} INFO - Sync 1 DAGs
[2021-11-26 17:28:56,521] {logging_mixin.py:109} INFO - [2021-11-26 17:28:56,521] {dag.py:2928} INFO - Setting next_dagrun for example_branch_operator to 2021-11-26 00:00:00+00:00
[2021-11-26 17:28:56,529] {processor.py:171} INFO - Processing /Users/danielcollins/opt/anaconda3/lib/python3.8/site-packages/airflow/example_dags/example_branch_operator.py took 0.055 seconds
[2021-11-26 17:30:18,598] {processor.py:163} INFO - Started process (PID=22533) to work on /Users/danielcollins/opt/anaconda3/lib/python3.8/site-packages/airflow/example_dags/example_branch_operator.py
[2021-11-26 17:30:18,598] {processor.py:625} INFO - Processing file /Users/danielcollins/opt/anaconda3/lib/python3.8/site-packages/airflow/example_dags/example_branch_operator.py for tasks to queue
[2021-11-26 17:30:18,598] {logging_mixin.py:109} INFO - [2021-11-26 17:30:18,598] {dagbag.py:500} INFO - Filling up the DagBag from /Users/danielcollins/opt/anaconda3/lib/python3.8/site-packages/airflow/example_dags/example_branch_operator.py
[2021-11-26 17:30:18,626] {processor.py:637} INFO - DAG(s) dict_keys(['example_branch_operator']) retrieved from /Users/danielcollins/opt/anaconda3/lib/python3.8/site-packages/airflow/example_dags/example_branch_operator.py
[2021-11-26 17:30:18,638] {logging_mixin.py:109} INFO - [2021-11-26 17:30:18,637] {dag.py:2396} INFO - Sync 1 DAGs
[2021-11-26 17:30:18,642] {logging_mixin.py:109} INFO - [2021-11-26 17:30:18,642] {dag.py:2928} INFO - Setting next_dagrun for example_branch_operator to 2021-11-26 00:00:00+00:00
[2021-11-26 17:30:18,647] {processor.py:171} INFO - Processing /Users/danielcollins/opt/anaconda3/lib/python3.8/site-packages/airflow/example_dags/example_branch_operator.py took 0.050 seconds
[2021-11-26 17:31:39,793] {processor.py:163} INFO - Started process (PID=22652) to work on /Users/danielcollins/opt/anaconda3/lib/python3.8/site-packages/airflow/example_dags/example_branch_operator.py
[2021-11-26 17:31:39,794] {processor.py:625} INFO - Processing file /Users/danielcollins/opt/anaconda3/lib/python3.8/site-packages/airflow/example_dags/example_branch_operator.py for tasks to queue
[2021-11-26 17:31:39,794] {logging_mixin.py:109} INFO - [2021-11-26 17:31:39,794] {dagbag.py:500} INFO - Filling up the DagBag from /Users/danielcollins/opt/anaconda3/lib/python3.8/site-packages/airflow/example_dags/example_branch_operator.py
[2021-11-26 17:31:39,828] {processor.py:637} INFO - DAG(s) dict_keys(['example_branch_operator']) retrieved from /Users/danielcollins/opt/anaconda3/lib/python3.8/site-packages/airflow/example_dags/example_branch_operator.py
[2021-11-26 17:31:39,840] {logging_mixin.py:109} INFO - [2021-11-26 17:31:39,840] {dag.py:2396} INFO - Sync 1 DAGs
[2021-11-26 17:31:39,845] {logging_mixin.py:109} INFO - [2021-11-26 17:31:39,845] {dag.py:2928} INFO - Setting next_dagrun for example_branch_operator to 2021-11-26 00:00:00+00:00
[2021-11-26 17:31:39,850] {processor.py:171} INFO - Processing /Users/danielcollins/opt/anaconda3/lib/python3.8/site-packages/airflow/example_dags/example_branch_operator.py took 0.058 seconds
[2021-11-26 17:33:15,932] {processor.py:163} INFO - Started process (PID=22935) to work on /Users/danielcollins/opt/anaconda3/lib/python3.8/site-packages/airflow/example_dags/example_branch_operator.py
[2021-11-26 17:33:15,933] {processor.py:625} INFO - Processing file /Users/danielcollins/opt/anaconda3/lib/python3.8/site-packages/airflow/example_dags/example_branch_operator.py for tasks to queue
[2021-11-26 17:33:15,933] {logging_mixin.py:109} INFO - [2021-11-26 17:33:15,933] {dagbag.py:500} INFO - Filling up the DagBag from /Users/danielcollins/opt/anaconda3/lib/python3.8/site-packages/airflow/example_dags/example_branch_operator.py
[2021-11-26 17:33:15,962] {processor.py:637} INFO - DAG(s) dict_keys(['example_branch_operator']) retrieved from /Users/danielcollins/opt/anaconda3/lib/python3.8/site-packages/airflow/example_dags/example_branch_operator.py
[2021-11-26 17:33:15,972] {logging_mixin.py:109} INFO - [2021-11-26 17:33:15,972] {dag.py:2396} INFO - Sync 1 DAGs
[2021-11-26 17:33:15,977] {logging_mixin.py:109} INFO - [2021-11-26 17:33:15,976] {dag.py:2928} INFO - Setting next_dagrun for example_branch_operator to 2021-11-26 00:00:00+00:00
[2021-11-26 17:33:15,985] {processor.py:171} INFO - Processing /Users/danielcollins/opt/anaconda3/lib/python3.8/site-packages/airflow/example_dags/example_branch_operator.py took 0.053 seconds
[2021-11-26 17:51:31,048] {processor.py:163} INFO - Started process (PID=23113) to work on /Users/danielcollins/opt/anaconda3/lib/python3.8/site-packages/airflow/example_dags/example_branch_operator.py
[2021-11-26 17:51:31,049] {processor.py:625} INFO - Processing file /Users/danielcollins/opt/anaconda3/lib/python3.8/site-packages/airflow/example_dags/example_branch_operator.py for tasks to queue
[2021-11-26 17:51:31,049] {logging_mixin.py:109} INFO - [2021-11-26 17:51:31,049] {dagbag.py:500} INFO - Filling up the DagBag from /Users/danielcollins/opt/anaconda3/lib/python3.8/site-packages/airflow/example_dags/example_branch_operator.py
[2021-11-26 17:51:31,081] {processor.py:637} INFO - DAG(s) dict_keys(['example_branch_operator']) retrieved from /Users/danielcollins/opt/anaconda3/lib/python3.8/site-packages/airflow/example_dags/example_branch_operator.py
[2021-11-26 17:51:31,092] {logging_mixin.py:109} INFO - [2021-11-26 17:51:31,092] {dag.py:2396} INFO - Sync 1 DAGs
[2021-11-26 17:51:31,097] {logging_mixin.py:109} INFO - [2021-11-26 17:51:31,097] {dag.py:2928} INFO - Setting next_dagrun for example_branch_operator to 2021-11-26 00:00:00+00:00
[2021-11-26 17:51:31,102] {processor.py:171} INFO - Processing /Users/danielcollins/opt/anaconda3/lib/python3.8/site-packages/airflow/example_dags/example_branch_operator.py took 0.054 seconds
[2021-11-26 17:53:14,457] {processor.py:163} INFO - Started process (PID=23320) to work on /Users/danielcollins/opt/anaconda3/lib/python3.8/site-packages/airflow/example_dags/example_branch_operator.py
[2021-11-26 17:53:14,457] {processor.py:625} INFO - Processing file /Users/danielcollins/opt/anaconda3/lib/python3.8/site-packages/airflow/example_dags/example_branch_operator.py for tasks to queue
[2021-11-26 17:53:14,458] {logging_mixin.py:109} INFO - [2021-11-26 17:53:14,458] {dagbag.py:500} INFO - Filling up the DagBag from /Users/danielcollins/opt/anaconda3/lib/python3.8/site-packages/airflow/example_dags/example_branch_operator.py
[2021-11-26 17:53:14,508] {processor.py:637} INFO - DAG(s) dict_keys(['example_branch_operator']) retrieved from /Users/danielcollins/opt/anaconda3/lib/python3.8/site-packages/airflow/example_dags/example_branch_operator.py
[2021-11-26 17:53:14,545] {logging_mixin.py:109} INFO - [2021-11-26 17:53:14,545] {dag.py:2396} INFO - Sync 1 DAGs
[2021-11-26 17:53:14,550] {logging_mixin.py:109} INFO - [2021-11-26 17:53:14,550] {dag.py:2928} INFO - Setting next_dagrun for example_branch_operator to 2021-11-26 00:00:00+00:00
[2021-11-26 17:53:14,556] {processor.py:171} INFO - Processing /Users/danielcollins/opt/anaconda3/lib/python3.8/site-packages/airflow/example_dags/example_branch_operator.py took 0.100 seconds
[2021-11-26 17:55:07,045] {processor.py:163} INFO - Started process (PID=23471) to work on /Users/danielcollins/opt/anaconda3/lib/python3.8/site-packages/airflow/example_dags/example_branch_operator.py
[2021-11-26 17:55:07,080] {processor.py:625} INFO - Processing file /Users/danielcollins/opt/anaconda3/lib/python3.8/site-packages/airflow/example_dags/example_branch_operator.py for tasks to queue
[2021-11-26 17:55:07,083] {logging_mixin.py:109} INFO - [2021-11-26 17:55:07,082] {dagbag.py:500} INFO - Filling up the DagBag from /Users/danielcollins/opt/anaconda3/lib/python3.8/site-packages/airflow/example_dags/example_branch_operator.py
[2021-11-26 17:55:07,164] {processor.py:637} INFO - DAG(s) dict_keys(['example_branch_operator']) retrieved from /Users/danielcollins/opt/anaconda3/lib/python3.8/site-packages/airflow/example_dags/example_branch_operator.py
[2021-11-26 17:55:07,193] {logging_mixin.py:109} INFO - [2021-11-26 17:55:07,193] {dag.py:2396} INFO - Sync 1 DAGs
[2021-11-26 17:55:07,210] {logging_mixin.py:109} INFO - [2021-11-26 17:55:07,209] {dag.py:2928} INFO - Setting next_dagrun for example_branch_operator to 2021-11-26 00:00:00+00:00
[2021-11-26 17:55:07,222] {processor.py:171} INFO - Processing /Users/danielcollins/opt/anaconda3/lib/python3.8/site-packages/airflow/example_dags/example_branch_operator.py took 0.178 seconds
[2021-11-26 17:57:06,786] {processor.py:163} INFO - Started process (PID=23651) to work on /Users/danielcollins/opt/anaconda3/lib/python3.8/site-packages/airflow/example_dags/example_branch_operator.py
[2021-11-26 17:57:06,786] {processor.py:625} INFO - Processing file /Users/danielcollins/opt/anaconda3/lib/python3.8/site-packages/airflow/example_dags/example_branch_operator.py for tasks to queue
[2021-11-26 17:57:06,787] {logging_mixin.py:109} INFO - [2021-11-26 17:57:06,787] {dagbag.py:500} INFO - Filling up the DagBag from /Users/danielcollins/opt/anaconda3/lib/python3.8/site-packages/airflow/example_dags/example_branch_operator.py
[2021-11-26 17:57:06,814] {processor.py:637} INFO - DAG(s) dict_keys(['example_branch_operator']) retrieved from /Users/danielcollins/opt/anaconda3/lib/python3.8/site-packages/airflow/example_dags/example_branch_operator.py
[2021-11-26 17:57:06,825] {logging_mixin.py:109} INFO - [2021-11-26 17:57:06,825] {dag.py:2396} INFO - Sync 1 DAGs
[2021-11-26 17:57:06,829] {logging_mixin.py:109} INFO - [2021-11-26 17:57:06,829] {dag.py:2928} INFO - Setting next_dagrun for example_branch_operator to 2021-11-26 00:00:00+00:00
[2021-11-26 17:57:06,838] {processor.py:171} INFO - Processing /Users/danielcollins/opt/anaconda3/lib/python3.8/site-packages/airflow/example_dags/example_branch_operator.py took 0.052 seconds
[2021-11-26 17:59:03,340] {processor.py:163} INFO - Started process (PID=23854) to work on /Users/danielcollins/opt/anaconda3/lib/python3.8/site-packages/airflow/example_dags/example_branch_operator.py
[2021-11-26 17:59:03,340] {processor.py:625} INFO - Processing file /Users/danielcollins/opt/anaconda3/lib/python3.8/site-packages/airflow/example_dags/example_branch_operator.py for tasks to queue
[2021-11-26 17:59:03,341] {logging_mixin.py:109} INFO - [2021-11-26 17:59:03,340] {dagbag.py:500} INFO - Filling up the DagBag from /Users/danielcollins/opt/anaconda3/lib/python3.8/site-packages/airflow/example_dags/example_branch_operator.py
[2021-11-26 17:59:03,375] {processor.py:637} INFO - DAG(s) dict_keys(['example_branch_operator']) retrieved from /Users/danielcollins/opt/anaconda3/lib/python3.8/site-packages/airflow/example_dags/example_branch_operator.py
[2021-11-26 17:59:03,386] {logging_mixin.py:109} INFO - [2021-11-26 17:59:03,386] {dag.py:2396} INFO - Sync 1 DAGs
[2021-11-26 17:59:03,391] {logging_mixin.py:109} INFO - [2021-11-26 17:59:03,391] {dag.py:2928} INFO - Setting next_dagrun for example_branch_operator to 2021-11-26 00:00:00+00:00
[2021-11-26 17:59:03,401] {processor.py:171} INFO - Processing /Users/danielcollins/opt/anaconda3/lib/python3.8/site-packages/airflow/example_dags/example_branch_operator.py took 0.062 seconds
[2021-11-26 18:01:01,259] {processor.py:163} INFO - Started process (PID=23996) to work on /Users/danielcollins/opt/anaconda3/lib/python3.8/site-packages/airflow/example_dags/example_branch_operator.py
[2021-11-26 18:01:01,260] {processor.py:625} INFO - Processing file /Users/danielcollins/opt/anaconda3/lib/python3.8/site-packages/airflow/example_dags/example_branch_operator.py for tasks to queue
[2021-11-26 18:01:01,260] {logging_mixin.py:109} INFO - [2021-11-26 18:01:01,260] {dagbag.py:500} INFO - Filling up the DagBag from /Users/danielcollins/opt/anaconda3/lib/python3.8/site-packages/airflow/example_dags/example_branch_operator.py
[2021-11-26 18:01:01,294] {processor.py:637} INFO - DAG(s) dict_keys(['example_branch_operator']) retrieved from /Users/danielcollins/opt/anaconda3/lib/python3.8/site-packages/airflow/example_dags/example_branch_operator.py
[2021-11-26 18:01:01,305] {logging_mixin.py:109} INFO - [2021-11-26 18:01:01,305] {dag.py:2396} INFO - Sync 1 DAGs
[2021-11-26 18:01:01,310] {logging_mixin.py:109} INFO - [2021-11-26 18:01:01,310] {dag.py:2928} INFO - Setting next_dagrun for example_branch_operator to 2021-11-26 00:00:00+00:00
[2021-11-26 18:01:01,318] {processor.py:171} INFO - Processing /Users/danielcollins/opt/anaconda3/lib/python3.8/site-packages/airflow/example_dags/example_branch_operator.py took 0.059 seconds
[2021-11-26 18:03:10,480] {processor.py:163} INFO - Started process (PID=24155) to work on /Users/danielcollins/opt/anaconda3/lib/python3.8/site-packages/airflow/example_dags/example_branch_operator.py
[2021-11-26 18:03:10,480] {processor.py:625} INFO - Processing file /Users/danielcollins/opt/anaconda3/lib/python3.8/site-packages/airflow/example_dags/example_branch_operator.py for tasks to queue
[2021-11-26 18:03:10,480] {logging_mixin.py:109} INFO - [2021-11-26 18:03:10,480] {dagbag.py:500} INFO - Filling up the DagBag from /Users/danielcollins/opt/anaconda3/lib/python3.8/site-packages/airflow/example_dags/example_branch_operator.py
[2021-11-26 18:03:10,552] {processor.py:637} INFO - DAG(s) dict_keys(['example_branch_operator']) retrieved from /Users/danielcollins/opt/anaconda3/lib/python3.8/site-packages/airflow/example_dags/example_branch_operator.py
[2021-11-26 18:03:10,603] {logging_mixin.py:109} INFO - [2021-11-26 18:03:10,602] {dag.py:2396} INFO - Sync 1 DAGs
[2021-11-26 18:03:10,609] {logging_mixin.py:109} INFO - [2021-11-26 18:03:10,609] {dag.py:2928} INFO - Setting next_dagrun for example_branch_operator to 2021-11-26 00:00:00+00:00
[2021-11-26 18:03:10,647] {processor.py:171} INFO - Processing /Users/danielcollins/opt/anaconda3/lib/python3.8/site-packages/airflow/example_dags/example_branch_operator.py took 0.167 seconds
[2021-11-26 18:05:00,500] {processor.py:163} INFO - Started process (PID=24357) to work on /Users/danielcollins/opt/anaconda3/lib/python3.8/site-packages/airflow/example_dags/example_branch_operator.py
[2021-11-26 18:05:00,501] {processor.py:625} INFO - Processing file /Users/danielcollins/opt/anaconda3/lib/python3.8/site-packages/airflow/example_dags/example_branch_operator.py for tasks to queue
[2021-11-26 18:05:00,502] {logging_mixin.py:109} INFO - [2021-11-26 18:05:00,502] {dagbag.py:500} INFO - Filling up the DagBag from /Users/danielcollins/opt/anaconda3/lib/python3.8/site-packages/airflow/example_dags/example_branch_operator.py
[2021-11-26 18:05:00,640] {processor.py:637} INFO - DAG(s) dict_keys(['example_branch_operator']) retrieved from /Users/danielcollins/opt/anaconda3/lib/python3.8/site-packages/airflow/example_dags/example_branch_operator.py
[2021-11-26 18:05:00,833] {logging_mixin.py:109} INFO - [2021-11-26 18:05:00,832] {dag.py:2396} INFO - Sync 1 DAGs
[2021-11-26 18:05:00,917] {logging_mixin.py:109} INFO - [2021-11-26 18:05:00,916] {dag.py:2928} INFO - Setting next_dagrun for example_branch_operator to 2021-11-26 00:00:00+00:00
[2021-11-26 18:05:00,956] {processor.py:171} INFO - Processing /Users/danielcollins/opt/anaconda3/lib/python3.8/site-packages/airflow/example_dags/example_branch_operator.py took 0.465 seconds
[2021-11-26 18:06:44,909] {processor.py:163} INFO - Started process (PID=24510) to work on /Users/danielcollins/opt/anaconda3/lib/python3.8/site-packages/airflow/example_dags/example_branch_operator.py
[2021-11-26 18:06:44,910] {processor.py:625} INFO - Processing file /Users/danielcollins/opt/anaconda3/lib/python3.8/site-packages/airflow/example_dags/example_branch_operator.py for tasks to queue
[2021-11-26 18:06:44,910] {logging_mixin.py:109} INFO - [2021-11-26 18:06:44,910] {dagbag.py:500} INFO - Filling up the DagBag from /Users/danielcollins/opt/anaconda3/lib/python3.8/site-packages/airflow/example_dags/example_branch_operator.py
[2021-11-26 18:06:44,943] {processor.py:637} INFO - DAG(s) dict_keys(['example_branch_operator']) retrieved from /Users/danielcollins/opt/anaconda3/lib/python3.8/site-packages/airflow/example_dags/example_branch_operator.py
[2021-11-26 18:06:44,953] {logging_mixin.py:109} INFO - [2021-11-26 18:06:44,953] {dag.py:2396} INFO - Sync 1 DAGs
[2021-11-26 18:06:44,958] {logging_mixin.py:109} INFO - [2021-11-26 18:06:44,957] {dag.py:2928} INFO - Setting next_dagrun for example_branch_operator to 2021-11-26 00:00:00+00:00
[2021-11-26 18:06:44,962] {processor.py:171} INFO - Processing /Users/danielcollins/opt/anaconda3/lib/python3.8/site-packages/airflow/example_dags/example_branch_operator.py took 0.053 seconds
[2021-11-26 18:13:45,287] {processor.py:163} INFO - Started process (PID=24661) to work on /Users/danielcollins/opt/anaconda3/lib/python3.8/site-packages/airflow/example_dags/example_branch_operator.py
[2021-11-26 18:13:45,287] {processor.py:625} INFO - Processing file /Users/danielcollins/opt/anaconda3/lib/python3.8/site-packages/airflow/example_dags/example_branch_operator.py for tasks to queue
[2021-11-26 18:13:45,287] {logging_mixin.py:109} INFO - [2021-11-26 18:13:45,287] {dagbag.py:500} INFO - Filling up the DagBag from /Users/danielcollins/opt/anaconda3/lib/python3.8/site-packages/airflow/example_dags/example_branch_operator.py
[2021-11-26 18:13:45,315] {processor.py:637} INFO - DAG(s) dict_keys(['example_branch_operator']) retrieved from /Users/danielcollins/opt/anaconda3/lib/python3.8/site-packages/airflow/example_dags/example_branch_operator.py
[2021-11-26 18:13:45,348] {logging_mixin.py:109} INFO - [2021-11-26 18:13:45,346] {dag.py:2396} INFO - Sync 1 DAGs
[2021-11-26 18:13:45,355] {logging_mixin.py:109} INFO - [2021-11-26 18:13:45,355] {dag.py:2928} INFO - Setting next_dagrun for example_branch_operator to 2021-11-26 00:00:00+00:00
[2021-11-26 18:13:45,362] {processor.py:171} INFO - Processing /Users/danielcollins/opt/anaconda3/lib/python3.8/site-packages/airflow/example_dags/example_branch_operator.py took 0.076 seconds
[2021-11-26 18:31:59,487] {processor.py:163} INFO - Started process (PID=24883) to work on /Users/danielcollins/opt/anaconda3/lib/python3.8/site-packages/airflow/example_dags/example_branch_operator.py
[2021-11-26 18:31:59,488] {processor.py:625} INFO - Processing file /Users/danielcollins/opt/anaconda3/lib/python3.8/site-packages/airflow/example_dags/example_branch_operator.py for tasks to queue
[2021-11-26 18:31:59,488] {logging_mixin.py:109} INFO - [2021-11-26 18:31:59,488] {dagbag.py:500} INFO - Filling up the DagBag from /Users/danielcollins/opt/anaconda3/lib/python3.8/site-packages/airflow/example_dags/example_branch_operator.py
[2021-11-26 18:31:59,519] {processor.py:637} INFO - DAG(s) dict_keys(['example_branch_operator']) retrieved from /Users/danielcollins/opt/anaconda3/lib/python3.8/site-packages/airflow/example_dags/example_branch_operator.py
[2021-11-26 18:31:59,533] {logging_mixin.py:109} INFO - [2021-11-26 18:31:59,533] {dag.py:2396} INFO - Sync 1 DAGs
[2021-11-26 18:31:59,538] {logging_mixin.py:109} INFO - [2021-11-26 18:31:59,538] {dag.py:2928} INFO - Setting next_dagrun for example_branch_operator to 2021-11-26 00:00:00+00:00
[2021-11-26 18:31:59,551] {processor.py:171} INFO - Processing /Users/danielcollins/opt/anaconda3/lib/python3.8/site-packages/airflow/example_dags/example_branch_operator.py took 0.064 seconds
[2021-11-26 20:06:58,746] {processor.py:163} INFO - Started process (PID=25112) to work on /Users/danielcollins/opt/anaconda3/lib/python3.8/site-packages/airflow/example_dags/example_branch_operator.py
[2021-11-26 20:06:58,747] {processor.py:625} INFO - Processing file /Users/danielcollins/opt/anaconda3/lib/python3.8/site-packages/airflow/example_dags/example_branch_operator.py for tasks to queue
[2021-11-26 20:06:58,747] {logging_mixin.py:109} INFO - [2021-11-26 20:06:58,747] {dagbag.py:500} INFO - Filling up the DagBag from /Users/danielcollins/opt/anaconda3/lib/python3.8/site-packages/airflow/example_dags/example_branch_operator.py
[2021-11-26 20:06:58,778] {processor.py:637} INFO - DAG(s) dict_keys(['example_branch_operator']) retrieved from /Users/danielcollins/opt/anaconda3/lib/python3.8/site-packages/airflow/example_dags/example_branch_operator.py
[2021-11-26 20:06:58,791] {logging_mixin.py:109} INFO - [2021-11-26 20:06:58,791] {dag.py:2396} INFO - Sync 1 DAGs
[2021-11-26 20:06:58,799] {logging_mixin.py:109} INFO - [2021-11-26 20:06:58,799] {dag.py:2928} INFO - Setting next_dagrun for example_branch_operator to 2021-11-26 00:00:00+00:00
[2021-11-26 20:06:58,861] {processor.py:171} INFO - Processing /Users/danielcollins/opt/anaconda3/lib/python3.8/site-packages/airflow/example_dags/example_branch_operator.py took 0.116 seconds
[2021-11-27 04:22:52,785] {processor.py:163} INFO - Started process (PID=25637) to work on /Users/danielcollins/opt/anaconda3/lib/python3.8/site-packages/airflow/example_dags/example_branch_operator.py
[2021-11-27 04:22:52,787] {processor.py:625} INFO - Processing file /Users/danielcollins/opt/anaconda3/lib/python3.8/site-packages/airflow/example_dags/example_branch_operator.py for tasks to queue
[2021-11-27 04:22:52,803] {logging_mixin.py:109} INFO - [2021-11-27 04:22:52,802] {dagbag.py:500} INFO - Filling up the DagBag from /Users/danielcollins/opt/anaconda3/lib/python3.8/site-packages/airflow/example_dags/example_branch_operator.py
[2021-11-27 04:22:53,033] {processor.py:637} INFO - DAG(s) dict_keys(['example_branch_operator']) retrieved from /Users/danielcollins/opt/anaconda3/lib/python3.8/site-packages/airflow/example_dags/example_branch_operator.py
[2021-11-27 04:22:53,075] {logging_mixin.py:109} INFO - [2021-11-27 04:22:53,075] {dag.py:2396} INFO - Sync 1 DAGs
[2021-11-27 04:22:53,096] {logging_mixin.py:109} INFO - [2021-11-27 04:22:53,096] {dag.py:2928} INFO - Setting next_dagrun for example_branch_operator to 2021-11-26 00:00:00+00:00
[2021-11-27 04:22:53,138] {processor.py:171} INFO - Processing /Users/danielcollins/opt/anaconda3/lib/python3.8/site-packages/airflow/example_dags/example_branch_operator.py took 0.355 seconds
[2021-11-27 12:14:00,976] {processor.py:163} INFO - Started process (PID=26089) to work on /Users/danielcollins/opt/anaconda3/lib/python3.8/site-packages/airflow/example_dags/example_branch_operator.py
[2021-11-27 12:14:00,976] {processor.py:625} INFO - Processing file /Users/danielcollins/opt/anaconda3/lib/python3.8/site-packages/airflow/example_dags/example_branch_operator.py for tasks to queue
[2021-11-27 12:14:00,976] {logging_mixin.py:109} INFO - [2021-11-27 12:14:00,976] {dagbag.py:500} INFO - Filling up the DagBag from /Users/danielcollins/opt/anaconda3/lib/python3.8/site-packages/airflow/example_dags/example_branch_operator.py
[2021-11-27 12:14:01,009] {processor.py:637} INFO - DAG(s) dict_keys(['example_branch_operator']) retrieved from /Users/danielcollins/opt/anaconda3/lib/python3.8/site-packages/airflow/example_dags/example_branch_operator.py
[2021-11-27 12:14:01,023] {logging_mixin.py:109} INFO - [2021-11-27 12:14:01,023] {dag.py:2396} INFO - Sync 1 DAGs
[2021-11-27 12:14:01,031] {logging_mixin.py:109} INFO - [2021-11-27 12:14:01,030] {dag.py:2928} INFO - Setting next_dagrun for example_branch_operator to 2021-11-26 00:00:00+00:00
[2021-11-27 12:14:01,099] {processor.py:171} INFO - Processing /Users/danielcollins/opt/anaconda3/lib/python3.8/site-packages/airflow/example_dags/example_branch_operator.py took 0.124 seconds
[2021-11-27 14:20:10,164] {processor.py:163} INFO - Started process (PID=26338) to work on /Users/danielcollins/opt/anaconda3/lib/python3.8/site-packages/airflow/example_dags/example_branch_operator.py
[2021-11-27 14:20:10,165] {processor.py:625} INFO - Processing file /Users/danielcollins/opt/anaconda3/lib/python3.8/site-packages/airflow/example_dags/example_branch_operator.py for tasks to queue
[2021-11-27 14:20:10,165] {logging_mixin.py:109} INFO - [2021-11-27 14:20:10,165] {dagbag.py:500} INFO - Filling up the DagBag from /Users/danielcollins/opt/anaconda3/lib/python3.8/site-packages/airflow/example_dags/example_branch_operator.py
[2021-11-27 14:20:10,195] {processor.py:637} INFO - DAG(s) dict_keys(['example_branch_operator']) retrieved from /Users/danielcollins/opt/anaconda3/lib/python3.8/site-packages/airflow/example_dags/example_branch_operator.py
[2021-11-27 14:20:10,206] {logging_mixin.py:109} INFO - [2021-11-27 14:20:10,206] {dag.py:2396} INFO - Sync 1 DAGs
[2021-11-27 14:20:10,211] {logging_mixin.py:109} INFO - [2021-11-27 14:20:10,211] {dag.py:2928} INFO - Setting next_dagrun for example_branch_operator to 2021-11-26 00:00:00+00:00
[2021-11-27 14:20:10,217] {processor.py:171} INFO - Processing /Users/danielcollins/opt/anaconda3/lib/python3.8/site-packages/airflow/example_dags/example_branch_operator.py took 0.053 seconds
[2021-11-27 14:21:34,395] {processor.py:163} INFO - Started process (PID=26544) to work on /Users/danielcollins/opt/anaconda3/lib/python3.8/site-packages/airflow/example_dags/example_branch_operator.py
[2021-11-27 14:21:34,396] {processor.py:625} INFO - Processing file /Users/danielcollins/opt/anaconda3/lib/python3.8/site-packages/airflow/example_dags/example_branch_operator.py for tasks to queue
[2021-11-27 14:21:34,397] {logging_mixin.py:109} INFO - [2021-11-27 14:21:34,396] {dagbag.py:500} INFO - Filling up the DagBag from /Users/danielcollins/opt/anaconda3/lib/python3.8/site-packages/airflow/example_dags/example_branch_operator.py
[2021-11-27 14:21:34,428] {processor.py:637} INFO - DAG(s) dict_keys(['example_branch_operator']) retrieved from /Users/danielcollins/opt/anaconda3/lib/python3.8/site-packages/airflow/example_dags/example_branch_operator.py
[2021-11-27 14:21:34,439] {logging_mixin.py:109} INFO - [2021-11-27 14:21:34,439] {dag.py:2396} INFO - Sync 1 DAGs
[2021-11-27 14:21:34,443] {logging_mixin.py:109} INFO - [2021-11-27 14:21:34,443] {dag.py:2928} INFO - Setting next_dagrun for example_branch_operator to 2021-11-26 00:00:00+00:00
[2021-11-27 14:21:34,448] {processor.py:171} INFO - Processing /Users/danielcollins/opt/anaconda3/lib/python3.8/site-packages/airflow/example_dags/example_branch_operator.py took 0.053 seconds
[2021-11-27 14:23:04,176] {processor.py:163} INFO - Started process (PID=26834) to work on /Users/danielcollins/opt/anaconda3/lib/python3.8/site-packages/airflow/example_dags/example_branch_operator.py
[2021-11-27 14:23:04,181] {processor.py:625} INFO - Processing file /Users/danielcollins/opt/anaconda3/lib/python3.8/site-packages/airflow/example_dags/example_branch_operator.py for tasks to queue
[2021-11-27 14:23:04,181] {logging_mixin.py:109} INFO - [2021-11-27 14:23:04,181] {dagbag.py:500} INFO - Filling up the DagBag from /Users/danielcollins/opt/anaconda3/lib/python3.8/site-packages/airflow/example_dags/example_branch_operator.py
[2021-11-27 14:23:04,273] {processor.py:637} INFO - DAG(s) dict_keys(['example_branch_operator']) retrieved from /Users/danielcollins/opt/anaconda3/lib/python3.8/site-packages/airflow/example_dags/example_branch_operator.py
[2021-11-27 14:23:04,291] {logging_mixin.py:109} INFO - [2021-11-27 14:23:04,291] {dag.py:2396} INFO - Sync 1 DAGs
[2021-11-27 14:23:04,298] {logging_mixin.py:109} INFO - [2021-11-27 14:23:04,298] {dag.py:2928} INFO - Setting next_dagrun for example_branch_operator to 2021-11-26 00:00:00+00:00
[2021-11-27 14:23:04,308] {processor.py:171} INFO - Processing /Users/danielcollins/opt/anaconda3/lib/python3.8/site-packages/airflow/example_dags/example_branch_operator.py took 0.132 seconds
[2021-11-27 14:24:41,048] {processor.py:163} INFO - Started process (PID=28209) to work on /Users/danielcollins/opt/anaconda3/lib/python3.8/site-packages/airflow/example_dags/example_branch_operator.py
[2021-11-27 14:24:41,048] {processor.py:625} INFO - Processing file /Users/danielcollins/opt/anaconda3/lib/python3.8/site-packages/airflow/example_dags/example_branch_operator.py for tasks to queue
[2021-11-27 14:24:41,048] {logging_mixin.py:109} INFO - [2021-11-27 14:24:41,048] {dagbag.py:500} INFO - Filling up the DagBag from /Users/danielcollins/opt/anaconda3/lib/python3.8/site-packages/airflow/example_dags/example_branch_operator.py
[2021-11-27 14:24:41,079] {processor.py:637} INFO - DAG(s) dict_keys(['example_branch_operator']) retrieved from /Users/danielcollins/opt/anaconda3/lib/python3.8/site-packages/airflow/example_dags/example_branch_operator.py
[2021-11-27 14:24:41,090] {logging_mixin.py:109} INFO - [2021-11-27 14:24:41,090] {dag.py:2396} INFO - Sync 1 DAGs
[2021-11-27 14:24:41,095] {logging_mixin.py:109} INFO - [2021-11-27 14:24:41,095] {dag.py:2928} INFO - Setting next_dagrun for example_branch_operator to 2021-11-26 00:00:00+00:00
[2021-11-27 14:24:41,100] {processor.py:171} INFO - Processing /Users/danielcollins/opt/anaconda3/lib/python3.8/site-packages/airflow/example_dags/example_branch_operator.py took 0.052 seconds
[2021-11-27 14:54:06,881] {processor.py:163} INFO - Started process (PID=28362) to work on /Users/danielcollins/opt/anaconda3/lib/python3.8/site-packages/airflow/example_dags/example_branch_operator.py
[2021-11-27 14:54:06,881] {processor.py:625} INFO - Processing file /Users/danielcollins/opt/anaconda3/lib/python3.8/site-packages/airflow/example_dags/example_branch_operator.py for tasks to queue
[2021-11-27 14:54:06,882] {logging_mixin.py:109} INFO - [2021-11-27 14:54:06,882] {dagbag.py:500} INFO - Filling up the DagBag from /Users/danielcollins/opt/anaconda3/lib/python3.8/site-packages/airflow/example_dags/example_branch_operator.py
[2021-11-27 14:54:06,917] {processor.py:637} INFO - DAG(s) dict_keys(['example_branch_operator']) retrieved from /Users/danielcollins/opt/anaconda3/lib/python3.8/site-packages/airflow/example_dags/example_branch_operator.py
[2021-11-27 14:54:06,936] {logging_mixin.py:109} INFO - [2021-11-27 14:54:06,936] {dag.py:2396} INFO - Sync 1 DAGs
[2021-11-27 14:54:06,943] {logging_mixin.py:109} INFO - [2021-11-27 14:54:06,943] {dag.py:2928} INFO - Setting next_dagrun for example_branch_operator to 2021-11-26 00:00:00+00:00
[2021-11-27 14:54:06,975] {processor.py:171} INFO - Processing /Users/danielcollins/opt/anaconda3/lib/python3.8/site-packages/airflow/example_dags/example_branch_operator.py took 0.094 seconds
[2021-11-27 14:55:50,753] {processor.py:163} INFO - Started process (PID=28569) to work on /Users/danielcollins/opt/anaconda3/lib/python3.8/site-packages/airflow/example_dags/example_branch_operator.py
[2021-11-27 14:55:50,754] {processor.py:625} INFO - Processing file /Users/danielcollins/opt/anaconda3/lib/python3.8/site-packages/airflow/example_dags/example_branch_operator.py for tasks to queue
[2021-11-27 14:55:50,754] {logging_mixin.py:109} INFO - [2021-11-27 14:55:50,754] {dagbag.py:500} INFO - Filling up the DagBag from /Users/danielcollins/opt/anaconda3/lib/python3.8/site-packages/airflow/example_dags/example_branch_operator.py
[2021-11-27 14:55:50,787] {processor.py:637} INFO - DAG(s) dict_keys(['example_branch_operator']) retrieved from /Users/danielcollins/opt/anaconda3/lib/python3.8/site-packages/airflow/example_dags/example_branch_operator.py
[2021-11-27 14:55:50,798] {logging_mixin.py:109} INFO - [2021-11-27 14:55:50,798] {dag.py:2396} INFO - Sync 1 DAGs
[2021-11-27 14:55:50,802] {logging_mixin.py:109} INFO - [2021-11-27 14:55:50,802] {dag.py:2928} INFO - Setting next_dagrun for example_branch_operator to 2021-11-26 00:00:00+00:00
[2021-11-27 14:55:50,811] {processor.py:171} INFO - Processing /Users/danielcollins/opt/anaconda3/lib/python3.8/site-packages/airflow/example_dags/example_branch_operator.py took 0.058 seconds
[2021-11-27 14:57:16,001] {processor.py:163} INFO - Started process (PID=28686) to work on /Users/danielcollins/opt/anaconda3/lib/python3.8/site-packages/airflow/example_dags/example_branch_operator.py
[2021-11-27 14:57:16,001] {processor.py:625} INFO - Processing file /Users/danielcollins/opt/anaconda3/lib/python3.8/site-packages/airflow/example_dags/example_branch_operator.py for tasks to queue
[2021-11-27 14:57:16,001] {logging_mixin.py:109} INFO - [2021-11-27 14:57:16,001] {dagbag.py:500} INFO - Filling up the DagBag from /Users/danielcollins/opt/anaconda3/lib/python3.8/site-packages/airflow/example_dags/example_branch_operator.py
[2021-11-27 14:57:16,032] {processor.py:637} INFO - DAG(s) dict_keys(['example_branch_operator']) retrieved from /Users/danielcollins/opt/anaconda3/lib/python3.8/site-packages/airflow/example_dags/example_branch_operator.py
[2021-11-27 14:57:16,044] {logging_mixin.py:109} INFO - [2021-11-27 14:57:16,044] {dag.py:2396} INFO - Sync 1 DAGs
[2021-11-27 14:57:16,048] {logging_mixin.py:109} INFO - [2021-11-27 14:57:16,048] {dag.py:2928} INFO - Setting next_dagrun for example_branch_operator to 2021-11-26 00:00:00+00:00
[2021-11-27 14:57:16,057] {processor.py:171} INFO - Processing /Users/danielcollins/opt/anaconda3/lib/python3.8/site-packages/airflow/example_dags/example_branch_operator.py took 0.056 seconds
[2021-11-27 14:58:39,453] {processor.py:163} INFO - Started process (PID=28790) to work on /Users/danielcollins/opt/anaconda3/lib/python3.8/site-packages/airflow/example_dags/example_branch_operator.py
[2021-11-27 14:58:39,454] {processor.py:625} INFO - Processing file /Users/danielcollins/opt/anaconda3/lib/python3.8/site-packages/airflow/example_dags/example_branch_operator.py for tasks to queue
[2021-11-27 14:58:39,454] {logging_mixin.py:109} INFO - [2021-11-27 14:58:39,454] {dagbag.py:500} INFO - Filling up the DagBag from /Users/danielcollins/opt/anaconda3/lib/python3.8/site-packages/airflow/example_dags/example_branch_operator.py
[2021-11-27 14:58:39,489] {processor.py:637} INFO - DAG(s) dict_keys(['example_branch_operator']) retrieved from /Users/danielcollins/opt/anaconda3/lib/python3.8/site-packages/airflow/example_dags/example_branch_operator.py
[2021-11-27 14:58:39,500] {logging_mixin.py:109} INFO - [2021-11-27 14:58:39,500] {dag.py:2396} INFO - Sync 1 DAGs
[2021-11-27 14:58:39,506] {logging_mixin.py:109} INFO - [2021-11-27 14:58:39,506] {dag.py:2928} INFO - Setting next_dagrun for example_branch_operator to 2021-11-26 00:00:00+00:00
[2021-11-27 14:58:39,514] {processor.py:171} INFO - Processing /Users/danielcollins/opt/anaconda3/lib/python3.8/site-packages/airflow/example_dags/example_branch_operator.py took 0.062 seconds
[2021-11-27 15:00:04,208] {processor.py:163} INFO - Started process (PID=28907) to work on /Users/danielcollins/opt/anaconda3/lib/python3.8/site-packages/airflow/example_dags/example_branch_operator.py
[2021-11-27 15:00:04,208] {processor.py:625} INFO - Processing file /Users/danielcollins/opt/anaconda3/lib/python3.8/site-packages/airflow/example_dags/example_branch_operator.py for tasks to queue
[2021-11-27 15:00:04,209] {logging_mixin.py:109} INFO - [2021-11-27 15:00:04,209] {dagbag.py:500} INFO - Filling up the DagBag from /Users/danielcollins/opt/anaconda3/lib/python3.8/site-packages/airflow/example_dags/example_branch_operator.py
[2021-11-27 15:00:04,240] {processor.py:637} INFO - DAG(s) dict_keys(['example_branch_operator']) retrieved from /Users/danielcollins/opt/anaconda3/lib/python3.8/site-packages/airflow/example_dags/example_branch_operator.py
[2021-11-27 15:00:04,251] {logging_mixin.py:109} INFO - [2021-11-27 15:00:04,251] {dag.py:2396} INFO - Sync 1 DAGs
[2021-11-27 15:00:04,257] {logging_mixin.py:109} INFO - [2021-11-27 15:00:04,257] {dag.py:2928} INFO - Setting next_dagrun for example_branch_operator to 2021-11-26 00:00:00+00:00
[2021-11-27 15:00:04,262] {processor.py:171} INFO - Processing /Users/danielcollins/opt/anaconda3/lib/python3.8/site-packages/airflow/example_dags/example_branch_operator.py took 0.054 seconds
[2021-11-27 15:01:29,922] {processor.py:163} INFO - Started process (PID=29230) to work on /Users/danielcollins/opt/anaconda3/lib/python3.8/site-packages/airflow/example_dags/example_branch_operator.py
[2021-11-27 15:01:29,923] {processor.py:625} INFO - Processing file /Users/danielcollins/opt/anaconda3/lib/python3.8/site-packages/airflow/example_dags/example_branch_operator.py for tasks to queue
[2021-11-27 15:01:29,924] {logging_mixin.py:109} INFO - [2021-11-27 15:01:29,924] {dagbag.py:500} INFO - Filling up the DagBag from /Users/danielcollins/opt/anaconda3/lib/python3.8/site-packages/airflow/example_dags/example_branch_operator.py
[2021-11-27 15:01:29,954] {processor.py:637} INFO - DAG(s) dict_keys(['example_branch_operator']) retrieved from /Users/danielcollins/opt/anaconda3/lib/python3.8/site-packages/airflow/example_dags/example_branch_operator.py
[2021-11-27 15:01:29,965] {logging_mixin.py:109} INFO - [2021-11-27 15:01:29,965] {dag.py:2396} INFO - Sync 1 DAGs
[2021-11-27 15:01:29,970] {logging_mixin.py:109} INFO - [2021-11-27 15:01:29,970] {dag.py:2928} INFO - Setting next_dagrun for example_branch_operator to 2021-11-26 00:00:00+00:00
[2021-11-27 15:01:29,978] {processor.py:171} INFO - Processing /Users/danielcollins/opt/anaconda3/lib/python3.8/site-packages/airflow/example_dags/example_branch_operator.py took 0.056 seconds
[2021-11-27 15:03:05,376] {processor.py:163} INFO - Started process (PID=29414) to work on /Users/danielcollins/opt/anaconda3/lib/python3.8/site-packages/airflow/example_dags/example_branch_operator.py
[2021-11-27 15:03:05,376] {processor.py:625} INFO - Processing file /Users/danielcollins/opt/anaconda3/lib/python3.8/site-packages/airflow/example_dags/example_branch_operator.py for tasks to queue
[2021-11-27 15:03:05,377] {logging_mixin.py:109} INFO - [2021-11-27 15:03:05,376] {dagbag.py:500} INFO - Filling up the DagBag from /Users/danielcollins/opt/anaconda3/lib/python3.8/site-packages/airflow/example_dags/example_branch_operator.py
[2021-11-27 15:03:05,407] {processor.py:637} INFO - DAG(s) dict_keys(['example_branch_operator']) retrieved from /Users/danielcollins/opt/anaconda3/lib/python3.8/site-packages/airflow/example_dags/example_branch_operator.py
[2021-11-27 15:03:05,417] {logging_mixin.py:109} INFO - [2021-11-27 15:03:05,417] {dag.py:2396} INFO - Sync 1 DAGs
[2021-11-27 15:03:05,422] {logging_mixin.py:109} INFO - [2021-11-27 15:03:05,422] {dag.py:2928} INFO - Setting next_dagrun for example_branch_operator to 2021-11-26 00:00:00+00:00
[2021-11-27 15:03:05,433] {processor.py:171} INFO - Processing /Users/danielcollins/opt/anaconda3/lib/python3.8/site-packages/airflow/example_dags/example_branch_operator.py took 0.057 seconds
[2021-11-27 15:04:31,098] {processor.py:163} INFO - Started process (PID=29564) to work on /Users/danielcollins/opt/anaconda3/lib/python3.8/site-packages/airflow/example_dags/example_branch_operator.py
[2021-11-27 15:04:31,099] {processor.py:625} INFO - Processing file /Users/danielcollins/opt/anaconda3/lib/python3.8/site-packages/airflow/example_dags/example_branch_operator.py for tasks to queue
[2021-11-27 15:04:31,099] {logging_mixin.py:109} INFO - [2021-11-27 15:04:31,099] {dagbag.py:500} INFO - Filling up the DagBag from /Users/danielcollins/opt/anaconda3/lib/python3.8/site-packages/airflow/example_dags/example_branch_operator.py
[2021-11-27 15:04:31,132] {processor.py:637} INFO - DAG(s) dict_keys(['example_branch_operator']) retrieved from /Users/danielcollins/opt/anaconda3/lib/python3.8/site-packages/airflow/example_dags/example_branch_operator.py
[2021-11-27 15:04:31,142] {logging_mixin.py:109} INFO - [2021-11-27 15:04:31,142] {dag.py:2396} INFO - Sync 1 DAGs
[2021-11-27 15:04:31,147] {logging_mixin.py:109} INFO - [2021-11-27 15:04:31,147] {dag.py:2928} INFO - Setting next_dagrun for example_branch_operator to 2021-11-26 00:00:00+00:00
[2021-11-27 15:04:31,152] {processor.py:171} INFO - Processing /Users/danielcollins/opt/anaconda3/lib/python3.8/site-packages/airflow/example_dags/example_branch_operator.py took 0.054 seconds
[2021-11-27 15:05:55,546] {processor.py:163} INFO - Started process (PID=29693) to work on /Users/danielcollins/opt/anaconda3/lib/python3.8/site-packages/airflow/example_dags/example_branch_operator.py
[2021-11-27 15:05:55,549] {processor.py:625} INFO - Processing file /Users/danielcollins/opt/anaconda3/lib/python3.8/site-packages/airflow/example_dags/example_branch_operator.py for tasks to queue
[2021-11-27 15:05:55,549] {logging_mixin.py:109} INFO - [2021-11-27 15:05:55,549] {dagbag.py:500} INFO - Filling up the DagBag from /Users/danielcollins/opt/anaconda3/lib/python3.8/site-packages/airflow/example_dags/example_branch_operator.py
[2021-11-27 15:05:55,582] {processor.py:637} INFO - DAG(s) dict_keys(['example_branch_operator']) retrieved from /Users/danielcollins/opt/anaconda3/lib/python3.8/site-packages/airflow/example_dags/example_branch_operator.py
[2021-11-27 15:05:55,593] {logging_mixin.py:109} INFO - [2021-11-27 15:05:55,593] {dag.py:2396} INFO - Sync 1 DAGs
[2021-11-27 15:05:55,598] {logging_mixin.py:109} INFO - [2021-11-27 15:05:55,598] {dag.py:2928} INFO - Setting next_dagrun for example_branch_operator to 2021-11-26 00:00:00+00:00
[2021-11-27 15:05:55,603] {processor.py:171} INFO - Processing /Users/danielcollins/opt/anaconda3/lib/python3.8/site-packages/airflow/example_dags/example_branch_operator.py took 0.057 seconds
[2021-11-27 15:07:17,545] {processor.py:163} INFO - Started process (PID=29799) to work on /Users/danielcollins/opt/anaconda3/lib/python3.8/site-packages/airflow/example_dags/example_branch_operator.py
[2021-11-27 15:07:17,545] {processor.py:625} INFO - Processing file /Users/danielcollins/opt/anaconda3/lib/python3.8/site-packages/airflow/example_dags/example_branch_operator.py for tasks to queue
[2021-11-27 15:07:17,546] {logging_mixin.py:109} INFO - [2021-11-27 15:07:17,545] {dagbag.py:500} INFO - Filling up the DagBag from /Users/danielcollins/opt/anaconda3/lib/python3.8/site-packages/airflow/example_dags/example_branch_operator.py
[2021-11-27 15:07:17,575] {processor.py:637} INFO - DAG(s) dict_keys(['example_branch_operator']) retrieved from /Users/danielcollins/opt/anaconda3/lib/python3.8/site-packages/airflow/example_dags/example_branch_operator.py
[2021-11-27 15:07:17,585] {logging_mixin.py:109} INFO - [2021-11-27 15:07:17,585] {dag.py:2396} INFO - Sync 1 DAGs
[2021-11-27 15:07:17,590] {logging_mixin.py:109} INFO - [2021-11-27 15:07:17,590] {dag.py:2928} INFO - Setting next_dagrun for example_branch_operator to 2021-11-26 00:00:00+00:00
[2021-11-27 15:07:17,595] {processor.py:171} INFO - Processing /Users/danielcollins/opt/anaconda3/lib/python3.8/site-packages/airflow/example_dags/example_branch_operator.py took 0.051 seconds
[2021-11-27 15:08:42,205] {processor.py:163} INFO - Started process (PID=29937) to work on /Users/danielcollins/opt/anaconda3/lib/python3.8/site-packages/airflow/example_dags/example_branch_operator.py
[2021-11-27 15:08:42,206] {processor.py:625} INFO - Processing file /Users/danielcollins/opt/anaconda3/lib/python3.8/site-packages/airflow/example_dags/example_branch_operator.py for tasks to queue
[2021-11-27 15:08:42,206] {logging_mixin.py:109} INFO - [2021-11-27 15:08:42,206] {dagbag.py:500} INFO - Filling up the DagBag from /Users/danielcollins/opt/anaconda3/lib/python3.8/site-packages/airflow/example_dags/example_branch_operator.py
[2021-11-27 15:08:42,239] {processor.py:637} INFO - DAG(s) dict_keys(['example_branch_operator']) retrieved from /Users/danielcollins/opt/anaconda3/lib/python3.8/site-packages/airflow/example_dags/example_branch_operator.py
[2021-11-27 15:08:42,250] {logging_mixin.py:109} INFO - [2021-11-27 15:08:42,250] {dag.py:2396} INFO - Sync 1 DAGs
[2021-11-27 15:08:42,255] {logging_mixin.py:109} INFO - [2021-11-27 15:08:42,255] {dag.py:2928} INFO - Setting next_dagrun for example_branch_operator to 2021-11-26 00:00:00+00:00
[2021-11-27 15:08:42,265] {processor.py:171} INFO - Processing /Users/danielcollins/opt/anaconda3/lib/python3.8/site-packages/airflow/example_dags/example_branch_operator.py took 0.060 seconds
[2021-11-27 15:10:08,323] {processor.py:163} INFO - Started process (PID=30100) to work on /Users/danielcollins/opt/anaconda3/lib/python3.8/site-packages/airflow/example_dags/example_branch_operator.py
[2021-11-27 15:10:08,324] {processor.py:625} INFO - Processing file /Users/danielcollins/opt/anaconda3/lib/python3.8/site-packages/airflow/example_dags/example_branch_operator.py for tasks to queue
[2021-11-27 15:10:08,324] {logging_mixin.py:109} INFO - [2021-11-27 15:10:08,324] {dagbag.py:500} INFO - Filling up the DagBag from /Users/danielcollins/opt/anaconda3/lib/python3.8/site-packages/airflow/example_dags/example_branch_operator.py
[2021-11-27 15:10:08,353] {processor.py:637} INFO - DAG(s) dict_keys(['example_branch_operator']) retrieved from /Users/danielcollins/opt/anaconda3/lib/python3.8/site-packages/airflow/example_dags/example_branch_operator.py
[2021-11-27 15:10:08,364] {logging_mixin.py:109} INFO - [2021-11-27 15:10:08,364] {dag.py:2396} INFO - Sync 1 DAGs
[2021-11-27 15:10:08,369] {logging_mixin.py:109} INFO - [2021-11-27 15:10:08,369] {dag.py:2928} INFO - Setting next_dagrun for example_branch_operator to 2021-11-26 00:00:00+00:00
[2021-11-27 15:10:08,379] {processor.py:171} INFO - Processing /Users/danielcollins/opt/anaconda3/lib/python3.8/site-packages/airflow/example_dags/example_branch_operator.py took 0.056 seconds
[2021-11-27 15:11:33,279] {processor.py:163} INFO - Started process (PID=30210) to work on /Users/danielcollins/opt/anaconda3/lib/python3.8/site-packages/airflow/example_dags/example_branch_operator.py
[2021-11-27 15:11:33,279] {processor.py:625} INFO - Processing file /Users/danielcollins/opt/anaconda3/lib/python3.8/site-packages/airflow/example_dags/example_branch_operator.py for tasks to queue
[2021-11-27 15:11:33,279] {logging_mixin.py:109} INFO - [2021-11-27 15:11:33,279] {dagbag.py:500} INFO - Filling up the DagBag from /Users/danielcollins/opt/anaconda3/lib/python3.8/site-packages/airflow/example_dags/example_branch_operator.py
[2021-11-27 15:11:33,312] {processor.py:637} INFO - DAG(s) dict_keys(['example_branch_operator']) retrieved from /Users/danielcollins/opt/anaconda3/lib/python3.8/site-packages/airflow/example_dags/example_branch_operator.py
[2021-11-27 15:11:33,323] {logging_mixin.py:109} INFO - [2021-11-27 15:11:33,323] {dag.py:2396} INFO - Sync 1 DAGs
[2021-11-27 15:11:33,328] {logging_mixin.py:109} INFO - [2021-11-27 15:11:33,328] {dag.py:2928} INFO - Setting next_dagrun for example_branch_operator to 2021-11-26 00:00:00+00:00
[2021-11-27 15:11:33,334] {processor.py:171} INFO - Processing /Users/danielcollins/opt/anaconda3/lib/python3.8/site-packages/airflow/example_dags/example_branch_operator.py took 0.056 seconds
[2021-11-27 15:13:05,504] {processor.py:163} INFO - Started process (PID=30360) to work on /Users/danielcollins/opt/anaconda3/lib/python3.8/site-packages/airflow/example_dags/example_branch_operator.py
[2021-11-27 15:13:05,506] {processor.py:625} INFO - Processing file /Users/danielcollins/opt/anaconda3/lib/python3.8/site-packages/airflow/example_dags/example_branch_operator.py for tasks to queue
[2021-11-27 15:13:05,506] {logging_mixin.py:109} INFO - [2021-11-27 15:13:05,506] {dagbag.py:500} INFO - Filling up the DagBag from /Users/danielcollins/opt/anaconda3/lib/python3.8/site-packages/airflow/example_dags/example_branch_operator.py
[2021-11-27 15:13:05,545] {processor.py:637} INFO - DAG(s) dict_keys(['example_branch_operator']) retrieved from /Users/danielcollins/opt/anaconda3/lib/python3.8/site-packages/airflow/example_dags/example_branch_operator.py
[2021-11-27 15:13:05,557] {logging_mixin.py:109} INFO - [2021-11-27 15:13:05,557] {dag.py:2396} INFO - Sync 1 DAGs
[2021-11-27 15:13:05,562] {logging_mixin.py:109} INFO - [2021-11-27 15:13:05,562] {dag.py:2928} INFO - Setting next_dagrun for example_branch_operator to 2021-11-26 00:00:00+00:00
[2021-11-27 15:13:05,574] {processor.py:171} INFO - Processing /Users/danielcollins/opt/anaconda3/lib/python3.8/site-packages/airflow/example_dags/example_branch_operator.py took 0.070 seconds
[2021-11-27 15:14:36,409] {processor.py:163} INFO - Started process (PID=30489) to work on /Users/danielcollins/opt/anaconda3/lib/python3.8/site-packages/airflow/example_dags/example_branch_operator.py
[2021-11-27 15:14:36,410] {processor.py:625} INFO - Processing file /Users/danielcollins/opt/anaconda3/lib/python3.8/site-packages/airflow/example_dags/example_branch_operator.py for tasks to queue
[2021-11-27 15:14:36,410] {logging_mixin.py:109} INFO - [2021-11-27 15:14:36,410] {dagbag.py:500} INFO - Filling up the DagBag from /Users/danielcollins/opt/anaconda3/lib/python3.8/site-packages/airflow/example_dags/example_branch_operator.py
[2021-11-27 15:14:36,440] {processor.py:637} INFO - DAG(s) dict_keys(['example_branch_operator']) retrieved from /Users/danielcollins/opt/anaconda3/lib/python3.8/site-packages/airflow/example_dags/example_branch_operator.py
[2021-11-27 15:14:36,451] {logging_mixin.py:109} INFO - [2021-11-27 15:14:36,450] {dag.py:2396} INFO - Sync 1 DAGs
[2021-11-27 15:14:36,456] {logging_mixin.py:109} INFO - [2021-11-27 15:14:36,455] {dag.py:2928} INFO - Setting next_dagrun for example_branch_operator to 2021-11-26 00:00:00+00:00
[2021-11-27 15:14:36,461] {processor.py:171} INFO - Processing /Users/danielcollins/opt/anaconda3/lib/python3.8/site-packages/airflow/example_dags/example_branch_operator.py took 0.053 seconds
[2021-11-27 15:15:59,963] {processor.py:163} INFO - Started process (PID=30604) to work on /Users/danielcollins/opt/anaconda3/lib/python3.8/site-packages/airflow/example_dags/example_branch_operator.py
[2021-11-27 15:15:59,963] {processor.py:625} INFO - Processing file /Users/danielcollins/opt/anaconda3/lib/python3.8/site-packages/airflow/example_dags/example_branch_operator.py for tasks to queue
[2021-11-27 15:15:59,963] {logging_mixin.py:109} INFO - [2021-11-27 15:15:59,963] {dagbag.py:500} INFO - Filling up the DagBag from /Users/danielcollins/opt/anaconda3/lib/python3.8/site-packages/airflow/example_dags/example_branch_operator.py
[2021-11-27 15:15:59,991] {processor.py:637} INFO - DAG(s) dict_keys(['example_branch_operator']) retrieved from /Users/danielcollins/opt/anaconda3/lib/python3.8/site-packages/airflow/example_dags/example_branch_operator.py
[2021-11-27 15:16:00,002] {logging_mixin.py:109} INFO - [2021-11-27 15:16:00,002] {dag.py:2396} INFO - Sync 1 DAGs
[2021-11-27 15:16:00,006] {logging_mixin.py:109} INFO - [2021-11-27 15:16:00,006] {dag.py:2928} INFO - Setting next_dagrun for example_branch_operator to 2021-11-26 00:00:00+00:00
[2021-11-27 15:16:00,011] {processor.py:171} INFO - Processing /Users/danielcollins/opt/anaconda3/lib/python3.8/site-packages/airflow/example_dags/example_branch_operator.py took 0.049 seconds
[2021-11-27 15:17:28,513] {processor.py:163} INFO - Started process (PID=30775) to work on /Users/danielcollins/opt/anaconda3/lib/python3.8/site-packages/airflow/example_dags/example_branch_operator.py
[2021-11-27 15:17:28,513] {processor.py:625} INFO - Processing file /Users/danielcollins/opt/anaconda3/lib/python3.8/site-packages/airflow/example_dags/example_branch_operator.py for tasks to queue
[2021-11-27 15:17:28,514] {logging_mixin.py:109} INFO - [2021-11-27 15:17:28,514] {dagbag.py:500} INFO - Filling up the DagBag from /Users/danielcollins/opt/anaconda3/lib/python3.8/site-packages/airflow/example_dags/example_branch_operator.py
[2021-11-27 15:17:28,544] {processor.py:637} INFO - DAG(s) dict_keys(['example_branch_operator']) retrieved from /Users/danielcollins/opt/anaconda3/lib/python3.8/site-packages/airflow/example_dags/example_branch_operator.py
[2021-11-27 15:17:28,555] {logging_mixin.py:109} INFO - [2021-11-27 15:17:28,555] {dag.py:2396} INFO - Sync 1 DAGs
[2021-11-27 15:17:28,560] {logging_mixin.py:109} INFO - [2021-11-27 15:17:28,560] {dag.py:2928} INFO - Setting next_dagrun for example_branch_operator to 2021-11-26 00:00:00+00:00
[2021-11-27 15:17:28,567] {processor.py:171} INFO - Processing /Users/danielcollins/opt/anaconda3/lib/python3.8/site-packages/airflow/example_dags/example_branch_operator.py took 0.054 seconds
[2021-11-27 15:18:57,046] {processor.py:163} INFO - Started process (PID=30952) to work on /Users/danielcollins/opt/anaconda3/lib/python3.8/site-packages/airflow/example_dags/example_branch_operator.py
[2021-11-27 15:18:57,047] {processor.py:625} INFO - Processing file /Users/danielcollins/opt/anaconda3/lib/python3.8/site-packages/airflow/example_dags/example_branch_operator.py for tasks to queue
[2021-11-27 15:18:57,047] {logging_mixin.py:109} INFO - [2021-11-27 15:18:57,047] {dagbag.py:500} INFO - Filling up the DagBag from /Users/danielcollins/opt/anaconda3/lib/python3.8/site-packages/airflow/example_dags/example_branch_operator.py
[2021-11-27 15:18:57,086] {processor.py:637} INFO - DAG(s) dict_keys(['example_branch_operator']) retrieved from /Users/danielcollins/opt/anaconda3/lib/python3.8/site-packages/airflow/example_dags/example_branch_operator.py
[2021-11-27 15:18:57,100] {logging_mixin.py:109} INFO - [2021-11-27 15:18:57,099] {dag.py:2396} INFO - Sync 1 DAGs
[2021-11-27 15:18:57,105] {logging_mixin.py:109} INFO - [2021-11-27 15:18:57,105] {dag.py:2928} INFO - Setting next_dagrun for example_branch_operator to 2021-11-26 00:00:00+00:00
[2021-11-27 15:18:57,111] {processor.py:171} INFO - Processing /Users/danielcollins/opt/anaconda3/lib/python3.8/site-packages/airflow/example_dags/example_branch_operator.py took 0.066 seconds
[2021-11-27 15:20:29,905] {processor.py:163} INFO - Started process (PID=31100) to work on /Users/danielcollins/opt/anaconda3/lib/python3.8/site-packages/airflow/example_dags/example_branch_operator.py
[2021-11-27 15:20:29,906] {processor.py:625} INFO - Processing file /Users/danielcollins/opt/anaconda3/lib/python3.8/site-packages/airflow/example_dags/example_branch_operator.py for tasks to queue
[2021-11-27 15:20:29,906] {logging_mixin.py:109} INFO - [2021-11-27 15:20:29,906] {dagbag.py:500} INFO - Filling up the DagBag from /Users/danielcollins/opt/anaconda3/lib/python3.8/site-packages/airflow/example_dags/example_branch_operator.py
[2021-11-27 15:20:29,957] {processor.py:637} INFO - DAG(s) dict_keys(['example_branch_operator']) retrieved from /Users/danielcollins/opt/anaconda3/lib/python3.8/site-packages/airflow/example_dags/example_branch_operator.py
[2021-11-27 15:20:29,968] {logging_mixin.py:109} INFO - [2021-11-27 15:20:29,968] {dag.py:2396} INFO - Sync 1 DAGs
[2021-11-27 15:20:29,974] {logging_mixin.py:109} INFO - [2021-11-27 15:20:29,974] {dag.py:2928} INFO - Setting next_dagrun for example_branch_operator to 2021-11-26 00:00:00+00:00
[2021-11-27 15:20:29,984] {processor.py:171} INFO - Processing /Users/danielcollins/opt/anaconda3/lib/python3.8/site-packages/airflow/example_dags/example_branch_operator.py took 0.080 seconds
[2021-11-27 15:22:02,888] {processor.py:163} INFO - Started process (PID=31225) to work on /Users/danielcollins/opt/anaconda3/lib/python3.8/site-packages/airflow/example_dags/example_branch_operator.py
[2021-11-27 15:22:02,888] {processor.py:625} INFO - Processing file /Users/danielcollins/opt/anaconda3/lib/python3.8/site-packages/airflow/example_dags/example_branch_operator.py for tasks to queue
[2021-11-27 15:22:02,888] {logging_mixin.py:109} INFO - [2021-11-27 15:22:02,888] {dagbag.py:500} INFO - Filling up the DagBag from /Users/danielcollins/opt/anaconda3/lib/python3.8/site-packages/airflow/example_dags/example_branch_operator.py
[2021-11-27 15:22:02,919] {processor.py:637} INFO - DAG(s) dict_keys(['example_branch_operator']) retrieved from /Users/danielcollins/opt/anaconda3/lib/python3.8/site-packages/airflow/example_dags/example_branch_operator.py
[2021-11-27 15:22:02,930] {logging_mixin.py:109} INFO - [2021-11-27 15:22:02,930] {dag.py:2396} INFO - Sync 1 DAGs
[2021-11-27 15:22:02,935] {logging_mixin.py:109} INFO - [2021-11-27 15:22:02,935] {dag.py:2928} INFO - Setting next_dagrun for example_branch_operator to 2021-11-26 00:00:00+00:00
[2021-11-27 15:22:02,941] {processor.py:171} INFO - Processing /Users/danielcollins/opt/anaconda3/lib/python3.8/site-packages/airflow/example_dags/example_branch_operator.py took 0.054 seconds
[2021-11-27 15:23:28,886] {processor.py:163} INFO - Started process (PID=31339) to work on /Users/danielcollins/opt/anaconda3/lib/python3.8/site-packages/airflow/example_dags/example_branch_operator.py
[2021-11-27 15:23:28,887] {processor.py:625} INFO - Processing file /Users/danielcollins/opt/anaconda3/lib/python3.8/site-packages/airflow/example_dags/example_branch_operator.py for tasks to queue
[2021-11-27 15:23:28,887] {logging_mixin.py:109} INFO - [2021-11-27 15:23:28,887] {dagbag.py:500} INFO - Filling up the DagBag from /Users/danielcollins/opt/anaconda3/lib/python3.8/site-packages/airflow/example_dags/example_branch_operator.py
[2021-11-27 15:23:28,918] {processor.py:637} INFO - DAG(s) dict_keys(['example_branch_operator']) retrieved from /Users/danielcollins/opt/anaconda3/lib/python3.8/site-packages/airflow/example_dags/example_branch_operator.py
[2021-11-27 15:23:28,929] {logging_mixin.py:109} INFO - [2021-11-27 15:23:28,929] {dag.py:2396} INFO - Sync 1 DAGs
[2021-11-27 15:23:28,934] {logging_mixin.py:109} INFO - [2021-11-27 15:23:28,933] {dag.py:2928} INFO - Setting next_dagrun for example_branch_operator to 2021-11-26 00:00:00+00:00
[2021-11-27 15:23:28,945] {processor.py:171} INFO - Processing /Users/danielcollins/opt/anaconda3/lib/python3.8/site-packages/airflow/example_dags/example_branch_operator.py took 0.059 seconds
[2021-11-27 15:24:53,881] {processor.py:163} INFO - Started process (PID=31480) to work on /Users/danielcollins/opt/anaconda3/lib/python3.8/site-packages/airflow/example_dags/example_branch_operator.py
[2021-11-27 15:24:53,882] {processor.py:625} INFO - Processing file /Users/danielcollins/opt/anaconda3/lib/python3.8/site-packages/airflow/example_dags/example_branch_operator.py for tasks to queue
[2021-11-27 15:24:53,882] {logging_mixin.py:109} INFO - [2021-11-27 15:24:53,882] {dagbag.py:500} INFO - Filling up the DagBag from /Users/danielcollins/opt/anaconda3/lib/python3.8/site-packages/airflow/example_dags/example_branch_operator.py
[2021-11-27 15:24:53,911] {processor.py:637} INFO - DAG(s) dict_keys(['example_branch_operator']) retrieved from /Users/danielcollins/opt/anaconda3/lib/python3.8/site-packages/airflow/example_dags/example_branch_operator.py
[2021-11-27 15:24:53,922] {logging_mixin.py:109} INFO - [2021-11-27 15:24:53,922] {dag.py:2396} INFO - Sync 1 DAGs
[2021-11-27 15:24:53,927] {logging_mixin.py:109} INFO - [2021-11-27 15:24:53,926] {dag.py:2928} INFO - Setting next_dagrun for example_branch_operator to 2021-11-26 00:00:00+00:00
[2021-11-27 15:24:53,933] {processor.py:171} INFO - Processing /Users/danielcollins/opt/anaconda3/lib/python3.8/site-packages/airflow/example_dags/example_branch_operator.py took 0.052 seconds
[2021-11-27 15:26:17,826] {processor.py:163} INFO - Started process (PID=31680) to work on /Users/danielcollins/opt/anaconda3/lib/python3.8/site-packages/airflow/example_dags/example_branch_operator.py
[2021-11-27 15:26:17,827] {processor.py:625} INFO - Processing file /Users/danielcollins/opt/anaconda3/lib/python3.8/site-packages/airflow/example_dags/example_branch_operator.py for tasks to queue
[2021-11-27 15:26:17,827] {logging_mixin.py:109} INFO - [2021-11-27 15:26:17,827] {dagbag.py:500} INFO - Filling up the DagBag from /Users/danielcollins/opt/anaconda3/lib/python3.8/site-packages/airflow/example_dags/example_branch_operator.py
[2021-11-27 15:26:17,855] {processor.py:637} INFO - DAG(s) dict_keys(['example_branch_operator']) retrieved from /Users/danielcollins/opt/anaconda3/lib/python3.8/site-packages/airflow/example_dags/example_branch_operator.py
[2021-11-27 15:26:17,865] {logging_mixin.py:109} INFO - [2021-11-27 15:26:17,865] {dag.py:2396} INFO - Sync 1 DAGs
[2021-11-27 15:26:17,870] {logging_mixin.py:109} INFO - [2021-11-27 15:26:17,870] {dag.py:2928} INFO - Setting next_dagrun for example_branch_operator to 2021-11-26 00:00:00+00:00
[2021-11-27 15:26:17,878] {processor.py:171} INFO - Processing /Users/danielcollins/opt/anaconda3/lib/python3.8/site-packages/airflow/example_dags/example_branch_operator.py took 0.052 seconds
[2021-11-27 15:27:43,256] {processor.py:163} INFO - Started process (PID=31799) to work on /Users/danielcollins/opt/anaconda3/lib/python3.8/site-packages/airflow/example_dags/example_branch_operator.py
[2021-11-27 15:27:43,257] {processor.py:625} INFO - Processing file /Users/danielcollins/opt/anaconda3/lib/python3.8/site-packages/airflow/example_dags/example_branch_operator.py for tasks to queue
[2021-11-27 15:27:43,257] {logging_mixin.py:109} INFO - [2021-11-27 15:27:43,257] {dagbag.py:500} INFO - Filling up the DagBag from /Users/danielcollins/opt/anaconda3/lib/python3.8/site-packages/airflow/example_dags/example_branch_operator.py
[2021-11-27 15:27:43,288] {processor.py:637} INFO - DAG(s) dict_keys(['example_branch_operator']) retrieved from /Users/danielcollins/opt/anaconda3/lib/python3.8/site-packages/airflow/example_dags/example_branch_operator.py
[2021-11-27 15:27:43,299] {logging_mixin.py:109} INFO - [2021-11-27 15:27:43,299] {dag.py:2396} INFO - Sync 1 DAGs
[2021-11-27 15:27:43,304] {logging_mixin.py:109} INFO - [2021-11-27 15:27:43,303] {dag.py:2928} INFO - Setting next_dagrun for example_branch_operator to 2021-11-26 00:00:00+00:00
[2021-11-27 15:27:43,312] {processor.py:171} INFO - Processing /Users/danielcollins/opt/anaconda3/lib/python3.8/site-packages/airflow/example_dags/example_branch_operator.py took 0.057 seconds
[2021-11-27 15:29:18,452] {processor.py:163} INFO - Started process (PID=32064) to work on /Users/danielcollins/opt/anaconda3/lib/python3.8/site-packages/airflow/example_dags/example_branch_operator.py
[2021-11-27 15:29:18,454] {processor.py:625} INFO - Processing file /Users/danielcollins/opt/anaconda3/lib/python3.8/site-packages/airflow/example_dags/example_branch_operator.py for tasks to queue
[2021-11-27 15:29:18,454] {logging_mixin.py:109} INFO - [2021-11-27 15:29:18,454] {dagbag.py:500} INFO - Filling up the DagBag from /Users/danielcollins/opt/anaconda3/lib/python3.8/site-packages/airflow/example_dags/example_branch_operator.py
[2021-11-27 15:29:18,485] {processor.py:637} INFO - DAG(s) dict_keys(['example_branch_operator']) retrieved from /Users/danielcollins/opt/anaconda3/lib/python3.8/site-packages/airflow/example_dags/example_branch_operator.py
[2021-11-27 15:29:18,496] {logging_mixin.py:109} INFO - [2021-11-27 15:29:18,496] {dag.py:2396} INFO - Sync 1 DAGs
[2021-11-27 15:29:18,501] {logging_mixin.py:109} INFO - [2021-11-27 15:29:18,501] {dag.py:2928} INFO - Setting next_dagrun for example_branch_operator to 2021-11-26 00:00:00+00:00
[2021-11-27 15:29:18,508] {processor.py:171} INFO - Processing /Users/danielcollins/opt/anaconda3/lib/python3.8/site-packages/airflow/example_dags/example_branch_operator.py took 0.055 seconds
[2021-11-27 15:49:09,414] {processor.py:163} INFO - Started process (PID=32455) to work on /Users/danielcollins/opt/anaconda3/lib/python3.8/site-packages/airflow/example_dags/example_branch_operator.py
[2021-11-27 15:49:09,416] {processor.py:625} INFO - Processing file /Users/danielcollins/opt/anaconda3/lib/python3.8/site-packages/airflow/example_dags/example_branch_operator.py for tasks to queue
[2021-11-27 15:49:09,417] {logging_mixin.py:109} INFO - [2021-11-27 15:49:09,417] {dagbag.py:500} INFO - Filling up the DagBag from /Users/danielcollins/opt/anaconda3/lib/python3.8/site-packages/airflow/example_dags/example_branch_operator.py
[2021-11-27 15:49:09,526] {processor.py:637} INFO - DAG(s) dict_keys(['example_branch_operator']) retrieved from /Users/danielcollins/opt/anaconda3/lib/python3.8/site-packages/airflow/example_dags/example_branch_operator.py
[2021-11-27 15:49:09,598] {logging_mixin.py:109} INFO - [2021-11-27 15:49:09,598] {dag.py:2396} INFO - Sync 1 DAGs
[2021-11-27 15:49:09,605] {logging_mixin.py:109} INFO - [2021-11-27 15:49:09,605] {dag.py:2928} INFO - Setting next_dagrun for example_branch_operator to 2021-11-26 00:00:00+00:00
[2021-11-27 15:49:09,613] {processor.py:171} INFO - Processing /Users/danielcollins/opt/anaconda3/lib/python3.8/site-packages/airflow/example_dags/example_branch_operator.py took 0.212 seconds
[2021-11-27 16:28:53,824] {processor.py:163} INFO - Started process (PID=32838) to work on /Users/danielcollins/opt/anaconda3/lib/python3.8/site-packages/airflow/example_dags/example_branch_operator.py
[2021-11-27 16:28:53,825] {processor.py:625} INFO - Processing file /Users/danielcollins/opt/anaconda3/lib/python3.8/site-packages/airflow/example_dags/example_branch_operator.py for tasks to queue
[2021-11-27 16:28:53,826] {logging_mixin.py:109} INFO - [2021-11-27 16:28:53,826] {dagbag.py:500} INFO - Filling up the DagBag from /Users/danielcollins/opt/anaconda3/lib/python3.8/site-packages/airflow/example_dags/example_branch_operator.py
[2021-11-27 16:28:53,951] {processor.py:637} INFO - DAG(s) dict_keys(['example_branch_operator']) retrieved from /Users/danielcollins/opt/anaconda3/lib/python3.8/site-packages/airflow/example_dags/example_branch_operator.py
[2021-11-27 16:28:53,997] {logging_mixin.py:109} INFO - [2021-11-27 16:28:53,997] {dag.py:2396} INFO - Sync 1 DAGs
[2021-11-27 16:28:54,002] {logging_mixin.py:109} INFO - [2021-11-27 16:28:54,002] {dag.py:2928} INFO - Setting next_dagrun for example_branch_operator to 2021-11-26 00:00:00+00:00
[2021-11-27 16:28:54,060] {processor.py:171} INFO - Processing /Users/danielcollins/opt/anaconda3/lib/python3.8/site-packages/airflow/example_dags/example_branch_operator.py took 0.236 seconds
[2021-11-27 16:52:40,198] {processor.py:163} INFO - Started process (PID=33032) to work on /Users/danielcollins/opt/anaconda3/lib/python3.8/site-packages/airflow/example_dags/example_branch_operator.py
[2021-11-27 16:52:40,199] {processor.py:625} INFO - Processing file /Users/danielcollins/opt/anaconda3/lib/python3.8/site-packages/airflow/example_dags/example_branch_operator.py for tasks to queue
[2021-11-27 16:52:40,199] {logging_mixin.py:109} INFO - [2021-11-27 16:52:40,199] {dagbag.py:500} INFO - Filling up the DagBag from /Users/danielcollins/opt/anaconda3/lib/python3.8/site-packages/airflow/example_dags/example_branch_operator.py
[2021-11-27 16:52:40,232] {processor.py:637} INFO - DAG(s) dict_keys(['example_branch_operator']) retrieved from /Users/danielcollins/opt/anaconda3/lib/python3.8/site-packages/airflow/example_dags/example_branch_operator.py
[2021-11-27 16:52:40,243] {logging_mixin.py:109} INFO - [2021-11-27 16:52:40,243] {dag.py:2396} INFO - Sync 1 DAGs
[2021-11-27 16:52:40,248] {logging_mixin.py:109} INFO - [2021-11-27 16:52:40,248] {dag.py:2928} INFO - Setting next_dagrun for example_branch_operator to 2021-11-26 00:00:00+00:00
[2021-11-27 16:52:40,253] {processor.py:171} INFO - Processing /Users/danielcollins/opt/anaconda3/lib/python3.8/site-packages/airflow/example_dags/example_branch_operator.py took 0.056 seconds
[2021-11-27 16:54:11,756] {processor.py:163} INFO - Started process (PID=33144) to work on /Users/danielcollins/opt/anaconda3/lib/python3.8/site-packages/airflow/example_dags/example_branch_operator.py
[2021-11-27 16:54:11,757] {processor.py:625} INFO - Processing file /Users/danielcollins/opt/anaconda3/lib/python3.8/site-packages/airflow/example_dags/example_branch_operator.py for tasks to queue
[2021-11-27 16:54:11,757] {logging_mixin.py:109} INFO - [2021-11-27 16:54:11,757] {dagbag.py:500} INFO - Filling up the DagBag from /Users/danielcollins/opt/anaconda3/lib/python3.8/site-packages/airflow/example_dags/example_branch_operator.py
[2021-11-27 16:54:11,789] {processor.py:637} INFO - DAG(s) dict_keys(['example_branch_operator']) retrieved from /Users/danielcollins/opt/anaconda3/lib/python3.8/site-packages/airflow/example_dags/example_branch_operator.py
[2021-11-27 16:54:11,800] {logging_mixin.py:109} INFO - [2021-11-27 16:54:11,800] {dag.py:2396} INFO - Sync 1 DAGs
[2021-11-27 16:54:11,805] {logging_mixin.py:109} INFO - [2021-11-27 16:54:11,805] {dag.py:2928} INFO - Setting next_dagrun for example_branch_operator to 2021-11-26 00:00:00+00:00
[2021-11-27 16:54:11,818] {processor.py:171} INFO - Processing /Users/danielcollins/opt/anaconda3/lib/python3.8/site-packages/airflow/example_dags/example_branch_operator.py took 0.062 seconds
