[2021-11-26 17:01:23,927] {processor.py:163} INFO - Started process (PID=19333) to work on /Users/danielcollins/opt/anaconda3/lib/python3.8/site-packages/airflow/example_dags/example_kubernetes_executor.py
[2021-11-26 17:01:23,927] {processor.py:625} INFO - Processing file /Users/danielcollins/opt/anaconda3/lib/python3.8/site-packages/airflow/example_dags/example_kubernetes_executor.py for tasks to queue
[2021-11-26 17:01:23,927] {logging_mixin.py:109} INFO - [2021-11-26 17:01:23,927] {dagbag.py:500} INFO - Filling up the DagBag from /Users/danielcollins/opt/anaconda3/lib/python3.8/site-packages/airflow/example_dags/example_kubernetes_executor.py
[2021-11-26 17:01:23,957] {processor.py:637} INFO - DAG(s) dict_keys(['example_kubernetes_executor']) retrieved from /Users/danielcollins/opt/anaconda3/lib/python3.8/site-packages/airflow/example_dags/example_kubernetes_executor.py
[2021-11-26 17:01:23,967] {logging_mixin.py:109} INFO - [2021-11-26 17:01:23,967] {dag.py:2396} INFO - Sync 1 DAGs
[2021-11-26 17:01:23,971] {logging_mixin.py:109} INFO - [2021-11-26 17:01:23,971] {dag.py:2928} INFO - Setting next_dagrun for example_kubernetes_executor to None
[2021-11-26 17:01:23,980] {processor.py:171} INFO - Processing /Users/danielcollins/opt/anaconda3/lib/python3.8/site-packages/airflow/example_dags/example_kubernetes_executor.py took 0.054 seconds
[2021-11-26 17:02:47,008] {processor.py:163} INFO - Started process (PID=19492) to work on /Users/danielcollins/opt/anaconda3/lib/python3.8/site-packages/airflow/example_dags/example_kubernetes_executor.py
[2021-11-26 17:02:47,009] {processor.py:625} INFO - Processing file /Users/danielcollins/opt/anaconda3/lib/python3.8/site-packages/airflow/example_dags/example_kubernetes_executor.py for tasks to queue
[2021-11-26 17:02:47,010] {logging_mixin.py:109} INFO - [2021-11-26 17:02:47,010] {dagbag.py:500} INFO - Filling up the DagBag from /Users/danielcollins/opt/anaconda3/lib/python3.8/site-packages/airflow/example_dags/example_kubernetes_executor.py
[2021-11-26 17:02:47,044] {processor.py:637} INFO - DAG(s) dict_keys(['example_kubernetes_executor']) retrieved from /Users/danielcollins/opt/anaconda3/lib/python3.8/site-packages/airflow/example_dags/example_kubernetes_executor.py
[2021-11-26 17:02:47,054] {logging_mixin.py:109} INFO - [2021-11-26 17:02:47,054] {dag.py:2396} INFO - Sync 1 DAGs
[2021-11-26 17:02:47,058] {logging_mixin.py:109} INFO - [2021-11-26 17:02:47,058] {dag.py:2928} INFO - Setting next_dagrun for example_kubernetes_executor to None
[2021-11-26 17:02:47,073] {processor.py:171} INFO - Processing /Users/danielcollins/opt/anaconda3/lib/python3.8/site-packages/airflow/example_dags/example_kubernetes_executor.py took 0.065 seconds
[2021-11-26 17:04:09,752] {processor.py:163} INFO - Started process (PID=19612) to work on /Users/danielcollins/opt/anaconda3/lib/python3.8/site-packages/airflow/example_dags/example_kubernetes_executor.py
[2021-11-26 17:04:09,753] {processor.py:625} INFO - Processing file /Users/danielcollins/opt/anaconda3/lib/python3.8/site-packages/airflow/example_dags/example_kubernetes_executor.py for tasks to queue
[2021-11-26 17:04:09,753] {logging_mixin.py:109} INFO - [2021-11-26 17:04:09,753] {dagbag.py:500} INFO - Filling up the DagBag from /Users/danielcollins/opt/anaconda3/lib/python3.8/site-packages/airflow/example_dags/example_kubernetes_executor.py
[2021-11-26 17:04:09,781] {processor.py:637} INFO - DAG(s) dict_keys(['example_kubernetes_executor']) retrieved from /Users/danielcollins/opt/anaconda3/lib/python3.8/site-packages/airflow/example_dags/example_kubernetes_executor.py
[2021-11-26 17:04:09,791] {logging_mixin.py:109} INFO - [2021-11-26 17:04:09,791] {dag.py:2396} INFO - Sync 1 DAGs
[2021-11-26 17:04:09,795] {logging_mixin.py:109} INFO - [2021-11-26 17:04:09,795] {dag.py:2928} INFO - Setting next_dagrun for example_kubernetes_executor to None
[2021-11-26 17:04:09,801] {processor.py:171} INFO - Processing /Users/danielcollins/opt/anaconda3/lib/python3.8/site-packages/airflow/example_dags/example_kubernetes_executor.py took 0.049 seconds
[2021-11-26 17:05:34,463] {processor.py:163} INFO - Started process (PID=19718) to work on /Users/danielcollins/opt/anaconda3/lib/python3.8/site-packages/airflow/example_dags/example_kubernetes_executor.py
[2021-11-26 17:05:34,464] {processor.py:625} INFO - Processing file /Users/danielcollins/opt/anaconda3/lib/python3.8/site-packages/airflow/example_dags/example_kubernetes_executor.py for tasks to queue
[2021-11-26 17:05:34,464] {logging_mixin.py:109} INFO - [2021-11-26 17:05:34,464] {dagbag.py:500} INFO - Filling up the DagBag from /Users/danielcollins/opt/anaconda3/lib/python3.8/site-packages/airflow/example_dags/example_kubernetes_executor.py
[2021-11-26 17:05:34,495] {processor.py:637} INFO - DAG(s) dict_keys(['example_kubernetes_executor']) retrieved from /Users/danielcollins/opt/anaconda3/lib/python3.8/site-packages/airflow/example_dags/example_kubernetes_executor.py
[2021-11-26 17:05:34,505] {logging_mixin.py:109} INFO - [2021-11-26 17:05:34,505] {dag.py:2396} INFO - Sync 1 DAGs
[2021-11-26 17:05:34,509] {logging_mixin.py:109} INFO - [2021-11-26 17:05:34,509] {dag.py:2928} INFO - Setting next_dagrun for example_kubernetes_executor to None
[2021-11-26 17:05:34,524] {processor.py:171} INFO - Processing /Users/danielcollins/opt/anaconda3/lib/python3.8/site-packages/airflow/example_dags/example_kubernetes_executor.py took 0.060 seconds
[2021-11-26 17:06:58,292] {processor.py:163} INFO - Started process (PID=19826) to work on /Users/danielcollins/opt/anaconda3/lib/python3.8/site-packages/airflow/example_dags/example_kubernetes_executor.py
[2021-11-26 17:06:58,293] {processor.py:625} INFO - Processing file /Users/danielcollins/opt/anaconda3/lib/python3.8/site-packages/airflow/example_dags/example_kubernetes_executor.py for tasks to queue
[2021-11-26 17:06:58,294] {logging_mixin.py:109} INFO - [2021-11-26 17:06:58,293] {dagbag.py:500} INFO - Filling up the DagBag from /Users/danielcollins/opt/anaconda3/lib/python3.8/site-packages/airflow/example_dags/example_kubernetes_executor.py
[2021-11-26 17:06:58,324] {processor.py:637} INFO - DAG(s) dict_keys(['example_kubernetes_executor']) retrieved from /Users/danielcollins/opt/anaconda3/lib/python3.8/site-packages/airflow/example_dags/example_kubernetes_executor.py
[2021-11-26 17:06:58,333] {logging_mixin.py:109} INFO - [2021-11-26 17:06:58,333] {dag.py:2396} INFO - Sync 1 DAGs
[2021-11-26 17:06:58,337] {logging_mixin.py:109} INFO - [2021-11-26 17:06:58,337] {dag.py:2928} INFO - Setting next_dagrun for example_kubernetes_executor to None
[2021-11-26 17:06:58,343] {processor.py:171} INFO - Processing /Users/danielcollins/opt/anaconda3/lib/python3.8/site-packages/airflow/example_dags/example_kubernetes_executor.py took 0.051 seconds
[2021-11-26 17:08:21,091] {processor.py:163} INFO - Started process (PID=19941) to work on /Users/danielcollins/opt/anaconda3/lib/python3.8/site-packages/airflow/example_dags/example_kubernetes_executor.py
[2021-11-26 17:08:21,092] {processor.py:625} INFO - Processing file /Users/danielcollins/opt/anaconda3/lib/python3.8/site-packages/airflow/example_dags/example_kubernetes_executor.py for tasks to queue
[2021-11-26 17:08:21,092] {logging_mixin.py:109} INFO - [2021-11-26 17:08:21,092] {dagbag.py:500} INFO - Filling up the DagBag from /Users/danielcollins/opt/anaconda3/lib/python3.8/site-packages/airflow/example_dags/example_kubernetes_executor.py
[2021-11-26 17:08:21,123] {processor.py:637} INFO - DAG(s) dict_keys(['example_kubernetes_executor']) retrieved from /Users/danielcollins/opt/anaconda3/lib/python3.8/site-packages/airflow/example_dags/example_kubernetes_executor.py
[2021-11-26 17:08:21,134] {logging_mixin.py:109} INFO - [2021-11-26 17:08:21,133] {dag.py:2396} INFO - Sync 1 DAGs
[2021-11-26 17:08:21,138] {logging_mixin.py:109} INFO - [2021-11-26 17:08:21,138] {dag.py:2928} INFO - Setting next_dagrun for example_kubernetes_executor to None
[2021-11-26 17:08:21,148] {processor.py:171} INFO - Processing /Users/danielcollins/opt/anaconda3/lib/python3.8/site-packages/airflow/example_dags/example_kubernetes_executor.py took 0.057 seconds
[2021-11-26 17:09:45,977] {processor.py:163} INFO - Started process (PID=20050) to work on /Users/danielcollins/opt/anaconda3/lib/python3.8/site-packages/airflow/example_dags/example_kubernetes_executor.py
[2021-11-26 17:09:45,978] {processor.py:625} INFO - Processing file /Users/danielcollins/opt/anaconda3/lib/python3.8/site-packages/airflow/example_dags/example_kubernetes_executor.py for tasks to queue
[2021-11-26 17:09:45,978] {logging_mixin.py:109} INFO - [2021-11-26 17:09:45,978] {dagbag.py:500} INFO - Filling up the DagBag from /Users/danielcollins/opt/anaconda3/lib/python3.8/site-packages/airflow/example_dags/example_kubernetes_executor.py
[2021-11-26 17:09:46,007] {processor.py:637} INFO - DAG(s) dict_keys(['example_kubernetes_executor']) retrieved from /Users/danielcollins/opt/anaconda3/lib/python3.8/site-packages/airflow/example_dags/example_kubernetes_executor.py
[2021-11-26 17:09:46,017] {logging_mixin.py:109} INFO - [2021-11-26 17:09:46,017] {dag.py:2396} INFO - Sync 1 DAGs
[2021-11-26 17:09:46,021] {logging_mixin.py:109} INFO - [2021-11-26 17:09:46,021] {dag.py:2928} INFO - Setting next_dagrun for example_kubernetes_executor to None
[2021-11-26 17:09:46,026] {processor.py:171} INFO - Processing /Users/danielcollins/opt/anaconda3/lib/python3.8/site-packages/airflow/example_dags/example_kubernetes_executor.py took 0.050 seconds
[2021-11-26 17:11:10,277] {processor.py:163} INFO - Started process (PID=20166) to work on /Users/danielcollins/opt/anaconda3/lib/python3.8/site-packages/airflow/example_dags/example_kubernetes_executor.py
[2021-11-26 17:11:10,278] {processor.py:625} INFO - Processing file /Users/danielcollins/opt/anaconda3/lib/python3.8/site-packages/airflow/example_dags/example_kubernetes_executor.py for tasks to queue
[2021-11-26 17:11:10,278] {logging_mixin.py:109} INFO - [2021-11-26 17:11:10,278] {dagbag.py:500} INFO - Filling up the DagBag from /Users/danielcollins/opt/anaconda3/lib/python3.8/site-packages/airflow/example_dags/example_kubernetes_executor.py
[2021-11-26 17:11:10,310] {processor.py:637} INFO - DAG(s) dict_keys(['example_kubernetes_executor']) retrieved from /Users/danielcollins/opt/anaconda3/lib/python3.8/site-packages/airflow/example_dags/example_kubernetes_executor.py
[2021-11-26 17:11:10,320] {logging_mixin.py:109} INFO - [2021-11-26 17:11:10,319] {dag.py:2396} INFO - Sync 1 DAGs
[2021-11-26 17:11:10,324] {logging_mixin.py:109} INFO - [2021-11-26 17:11:10,323] {dag.py:2928} INFO - Setting next_dagrun for example_kubernetes_executor to None
[2021-11-26 17:11:10,328] {processor.py:171} INFO - Processing /Users/danielcollins/opt/anaconda3/lib/python3.8/site-packages/airflow/example_dags/example_kubernetes_executor.py took 0.052 seconds
[2021-11-26 17:12:35,172] {processor.py:163} INFO - Started process (PID=20268) to work on /Users/danielcollins/opt/anaconda3/lib/python3.8/site-packages/airflow/example_dags/example_kubernetes_executor.py
[2021-11-26 17:12:35,174] {processor.py:625} INFO - Processing file /Users/danielcollins/opt/anaconda3/lib/python3.8/site-packages/airflow/example_dags/example_kubernetes_executor.py for tasks to queue
[2021-11-26 17:12:35,174] {logging_mixin.py:109} INFO - [2021-11-26 17:12:35,174] {dagbag.py:500} INFO - Filling up the DagBag from /Users/danielcollins/opt/anaconda3/lib/python3.8/site-packages/airflow/example_dags/example_kubernetes_executor.py
[2021-11-26 17:12:35,204] {processor.py:637} INFO - DAG(s) dict_keys(['example_kubernetes_executor']) retrieved from /Users/danielcollins/opt/anaconda3/lib/python3.8/site-packages/airflow/example_dags/example_kubernetes_executor.py
[2021-11-26 17:12:35,213] {logging_mixin.py:109} INFO - [2021-11-26 17:12:35,213] {dag.py:2396} INFO - Sync 1 DAGs
[2021-11-26 17:12:35,217] {logging_mixin.py:109} INFO - [2021-11-26 17:12:35,217] {dag.py:2928} INFO - Setting next_dagrun for example_kubernetes_executor to None
[2021-11-26 17:12:35,222] {processor.py:171} INFO - Processing /Users/danielcollins/opt/anaconda3/lib/python3.8/site-packages/airflow/example_dags/example_kubernetes_executor.py took 0.050 seconds
[2021-11-26 17:13:58,683] {processor.py:163} INFO - Started process (PID=20386) to work on /Users/danielcollins/opt/anaconda3/lib/python3.8/site-packages/airflow/example_dags/example_kubernetes_executor.py
[2021-11-26 17:13:58,685] {processor.py:625} INFO - Processing file /Users/danielcollins/opt/anaconda3/lib/python3.8/site-packages/airflow/example_dags/example_kubernetes_executor.py for tasks to queue
[2021-11-26 17:13:58,685] {logging_mixin.py:109} INFO - [2021-11-26 17:13:58,685] {dagbag.py:500} INFO - Filling up the DagBag from /Users/danielcollins/opt/anaconda3/lib/python3.8/site-packages/airflow/example_dags/example_kubernetes_executor.py
[2021-11-26 17:13:58,715] {processor.py:637} INFO - DAG(s) dict_keys(['example_kubernetes_executor']) retrieved from /Users/danielcollins/opt/anaconda3/lib/python3.8/site-packages/airflow/example_dags/example_kubernetes_executor.py
[2021-11-26 17:13:58,725] {logging_mixin.py:109} INFO - [2021-11-26 17:13:58,725] {dag.py:2396} INFO - Sync 1 DAGs
[2021-11-26 17:13:58,730] {logging_mixin.py:109} INFO - [2021-11-26 17:13:58,729] {dag.py:2928} INFO - Setting next_dagrun for example_kubernetes_executor to None
[2021-11-26 17:13:58,735] {processor.py:171} INFO - Processing /Users/danielcollins/opt/anaconda3/lib/python3.8/site-packages/airflow/example_dags/example_kubernetes_executor.py took 0.052 seconds
[2021-11-26 17:15:22,028] {processor.py:163} INFO - Started process (PID=20498) to work on /Users/danielcollins/opt/anaconda3/lib/python3.8/site-packages/airflow/example_dags/example_kubernetes_executor.py
[2021-11-26 17:15:22,030] {processor.py:625} INFO - Processing file /Users/danielcollins/opt/anaconda3/lib/python3.8/site-packages/airflow/example_dags/example_kubernetes_executor.py for tasks to queue
[2021-11-26 17:15:22,030] {logging_mixin.py:109} INFO - [2021-11-26 17:15:22,030] {dagbag.py:500} INFO - Filling up the DagBag from /Users/danielcollins/opt/anaconda3/lib/python3.8/site-packages/airflow/example_dags/example_kubernetes_executor.py
[2021-11-26 17:15:22,062] {processor.py:637} INFO - DAG(s) dict_keys(['example_kubernetes_executor']) retrieved from /Users/danielcollins/opt/anaconda3/lib/python3.8/site-packages/airflow/example_dags/example_kubernetes_executor.py
[2021-11-26 17:15:22,073] {logging_mixin.py:109} INFO - [2021-11-26 17:15:22,073] {dag.py:2396} INFO - Sync 1 DAGs
[2021-11-26 17:15:22,077] {logging_mixin.py:109} INFO - [2021-11-26 17:15:22,077] {dag.py:2928} INFO - Setting next_dagrun for example_kubernetes_executor to None
[2021-11-26 17:15:22,084] {processor.py:171} INFO - Processing /Users/danielcollins/opt/anaconda3/lib/python3.8/site-packages/airflow/example_dags/example_kubernetes_executor.py took 0.056 seconds
[2021-11-26 17:16:44,069] {processor.py:163} INFO - Started process (PID=20615) to work on /Users/danielcollins/opt/anaconda3/lib/python3.8/site-packages/airflow/example_dags/example_kubernetes_executor.py
[2021-11-26 17:16:44,070] {processor.py:625} INFO - Processing file /Users/danielcollins/opt/anaconda3/lib/python3.8/site-packages/airflow/example_dags/example_kubernetes_executor.py for tasks to queue
[2021-11-26 17:16:44,070] {logging_mixin.py:109} INFO - [2021-11-26 17:16:44,070] {dagbag.py:500} INFO - Filling up the DagBag from /Users/danielcollins/opt/anaconda3/lib/python3.8/site-packages/airflow/example_dags/example_kubernetes_executor.py
[2021-11-26 17:16:44,102] {processor.py:637} INFO - DAG(s) dict_keys(['example_kubernetes_executor']) retrieved from /Users/danielcollins/opt/anaconda3/lib/python3.8/site-packages/airflow/example_dags/example_kubernetes_executor.py
[2021-11-26 17:16:44,112] {logging_mixin.py:109} INFO - [2021-11-26 17:16:44,112] {dag.py:2396} INFO - Sync 1 DAGs
[2021-11-26 17:16:44,116] {logging_mixin.py:109} INFO - [2021-11-26 17:16:44,116] {dag.py:2928} INFO - Setting next_dagrun for example_kubernetes_executor to None
[2021-11-26 17:16:44,121] {processor.py:171} INFO - Processing /Users/danielcollins/opt/anaconda3/lib/python3.8/site-packages/airflow/example_dags/example_kubernetes_executor.py took 0.052 seconds
[2021-11-26 17:18:06,293] {processor.py:163} INFO - Started process (PID=20825) to work on /Users/danielcollins/opt/anaconda3/lib/python3.8/site-packages/airflow/example_dags/example_kubernetes_executor.py
[2021-11-26 17:18:06,294] {processor.py:625} INFO - Processing file /Users/danielcollins/opt/anaconda3/lib/python3.8/site-packages/airflow/example_dags/example_kubernetes_executor.py for tasks to queue
[2021-11-26 17:18:06,294] {logging_mixin.py:109} INFO - [2021-11-26 17:18:06,294] {dagbag.py:500} INFO - Filling up the DagBag from /Users/danielcollins/opt/anaconda3/lib/python3.8/site-packages/airflow/example_dags/example_kubernetes_executor.py
[2021-11-26 17:18:06,324] {processor.py:637} INFO - DAG(s) dict_keys(['example_kubernetes_executor']) retrieved from /Users/danielcollins/opt/anaconda3/lib/python3.8/site-packages/airflow/example_dags/example_kubernetes_executor.py
[2021-11-26 17:18:06,334] {logging_mixin.py:109} INFO - [2021-11-26 17:18:06,334] {dag.py:2396} INFO - Sync 1 DAGs
[2021-11-26 17:18:06,338] {logging_mixin.py:109} INFO - [2021-11-26 17:18:06,338] {dag.py:2928} INFO - Setting next_dagrun for example_kubernetes_executor to None
[2021-11-26 17:18:06,344] {processor.py:171} INFO - Processing /Users/danielcollins/opt/anaconda3/lib/python3.8/site-packages/airflow/example_dags/example_kubernetes_executor.py took 0.051 seconds
[2021-11-26 17:19:36,788] {processor.py:163} INFO - Started process (PID=20993) to work on /Users/danielcollins/opt/anaconda3/lib/python3.8/site-packages/airflow/example_dags/example_kubernetes_executor.py
[2021-11-26 17:19:36,789] {processor.py:625} INFO - Processing file /Users/danielcollins/opt/anaconda3/lib/python3.8/site-packages/airflow/example_dags/example_kubernetes_executor.py for tasks to queue
[2021-11-26 17:19:36,789] {logging_mixin.py:109} INFO - [2021-11-26 17:19:36,789] {dagbag.py:500} INFO - Filling up the DagBag from /Users/danielcollins/opt/anaconda3/lib/python3.8/site-packages/airflow/example_dags/example_kubernetes_executor.py
[2021-11-26 17:19:36,818] {processor.py:637} INFO - DAG(s) dict_keys(['example_kubernetes_executor']) retrieved from /Users/danielcollins/opt/anaconda3/lib/python3.8/site-packages/airflow/example_dags/example_kubernetes_executor.py
[2021-11-26 17:19:36,829] {logging_mixin.py:109} INFO - [2021-11-26 17:19:36,829] {dag.py:2396} INFO - Sync 1 DAGs
[2021-11-26 17:19:36,833] {logging_mixin.py:109} INFO - [2021-11-26 17:19:36,833] {dag.py:2928} INFO - Setting next_dagrun for example_kubernetes_executor to None
[2021-11-26 17:19:36,839] {processor.py:171} INFO - Processing /Users/danielcollins/opt/anaconda3/lib/python3.8/site-packages/airflow/example_dags/example_kubernetes_executor.py took 0.052 seconds
[2021-11-26 17:20:59,422] {processor.py:163} INFO - Started process (PID=21102) to work on /Users/danielcollins/opt/anaconda3/lib/python3.8/site-packages/airflow/example_dags/example_kubernetes_executor.py
[2021-11-26 17:20:59,425] {processor.py:625} INFO - Processing file /Users/danielcollins/opt/anaconda3/lib/python3.8/site-packages/airflow/example_dags/example_kubernetes_executor.py for tasks to queue
[2021-11-26 17:20:59,425] {logging_mixin.py:109} INFO - [2021-11-26 17:20:59,425] {dagbag.py:500} INFO - Filling up the DagBag from /Users/danielcollins/opt/anaconda3/lib/python3.8/site-packages/airflow/example_dags/example_kubernetes_executor.py
[2021-11-26 17:20:59,455] {processor.py:637} INFO - DAG(s) dict_keys(['example_kubernetes_executor']) retrieved from /Users/danielcollins/opt/anaconda3/lib/python3.8/site-packages/airflow/example_dags/example_kubernetes_executor.py
[2021-11-26 17:20:59,465] {logging_mixin.py:109} INFO - [2021-11-26 17:20:59,465] {dag.py:2396} INFO - Sync 1 DAGs
[2021-11-26 17:20:59,470] {logging_mixin.py:109} INFO - [2021-11-26 17:20:59,470] {dag.py:2928} INFO - Setting next_dagrun for example_kubernetes_executor to None
[2021-11-26 17:20:59,476] {processor.py:171} INFO - Processing /Users/danielcollins/opt/anaconda3/lib/python3.8/site-packages/airflow/example_dags/example_kubernetes_executor.py took 0.054 seconds
[2021-11-26 17:22:23,531] {processor.py:163} INFO - Started process (PID=21253) to work on /Users/danielcollins/opt/anaconda3/lib/python3.8/site-packages/airflow/example_dags/example_kubernetes_executor.py
[2021-11-26 17:22:23,532] {processor.py:625} INFO - Processing file /Users/danielcollins/opt/anaconda3/lib/python3.8/site-packages/airflow/example_dags/example_kubernetes_executor.py for tasks to queue
[2021-11-26 17:22:23,533] {logging_mixin.py:109} INFO - [2021-11-26 17:22:23,533] {dagbag.py:500} INFO - Filling up the DagBag from /Users/danielcollins/opt/anaconda3/lib/python3.8/site-packages/airflow/example_dags/example_kubernetes_executor.py
[2021-11-26 17:22:23,565] {processor.py:637} INFO - DAG(s) dict_keys(['example_kubernetes_executor']) retrieved from /Users/danielcollins/opt/anaconda3/lib/python3.8/site-packages/airflow/example_dags/example_kubernetes_executor.py
[2021-11-26 17:22:23,576] {logging_mixin.py:109} INFO - [2021-11-26 17:22:23,576] {dag.py:2396} INFO - Sync 1 DAGs
[2021-11-26 17:22:23,581] {logging_mixin.py:109} INFO - [2021-11-26 17:22:23,581] {dag.py:2928} INFO - Setting next_dagrun for example_kubernetes_executor to None
[2021-11-26 17:22:23,587] {processor.py:171} INFO - Processing /Users/danielcollins/opt/anaconda3/lib/python3.8/site-packages/airflow/example_dags/example_kubernetes_executor.py took 0.056 seconds
[2021-11-26 17:23:46,744] {processor.py:163} INFO - Started process (PID=21357) to work on /Users/danielcollins/opt/anaconda3/lib/python3.8/site-packages/airflow/example_dags/example_kubernetes_executor.py
[2021-11-26 17:23:46,744] {processor.py:625} INFO - Processing file /Users/danielcollins/opt/anaconda3/lib/python3.8/site-packages/airflow/example_dags/example_kubernetes_executor.py for tasks to queue
[2021-11-26 17:23:46,744] {logging_mixin.py:109} INFO - [2021-11-26 17:23:46,744] {dagbag.py:500} INFO - Filling up the DagBag from /Users/danielcollins/opt/anaconda3/lib/python3.8/site-packages/airflow/example_dags/example_kubernetes_executor.py
[2021-11-26 17:23:46,775] {processor.py:637} INFO - DAG(s) dict_keys(['example_kubernetes_executor']) retrieved from /Users/danielcollins/opt/anaconda3/lib/python3.8/site-packages/airflow/example_dags/example_kubernetes_executor.py
[2021-11-26 17:23:46,787] {logging_mixin.py:109} INFO - [2021-11-26 17:23:46,787] {dag.py:2396} INFO - Sync 1 DAGs
[2021-11-26 17:23:46,791] {logging_mixin.py:109} INFO - [2021-11-26 17:23:46,791] {dag.py:2928} INFO - Setting next_dagrun for example_kubernetes_executor to None
[2021-11-26 17:23:46,797] {processor.py:171} INFO - Processing /Users/danielcollins/opt/anaconda3/lib/python3.8/site-packages/airflow/example_dags/example_kubernetes_executor.py took 0.054 seconds
[2021-11-26 17:25:10,047] {processor.py:163} INFO - Started process (PID=21484) to work on /Users/danielcollins/opt/anaconda3/lib/python3.8/site-packages/airflow/example_dags/example_kubernetes_executor.py
[2021-11-26 17:25:10,048] {processor.py:625} INFO - Processing file /Users/danielcollins/opt/anaconda3/lib/python3.8/site-packages/airflow/example_dags/example_kubernetes_executor.py for tasks to queue
[2021-11-26 17:25:10,048] {logging_mixin.py:109} INFO - [2021-11-26 17:25:10,048] {dagbag.py:500} INFO - Filling up the DagBag from /Users/danielcollins/opt/anaconda3/lib/python3.8/site-packages/airflow/example_dags/example_kubernetes_executor.py
[2021-11-26 17:25:10,078] {processor.py:637} INFO - DAG(s) dict_keys(['example_kubernetes_executor']) retrieved from /Users/danielcollins/opt/anaconda3/lib/python3.8/site-packages/airflow/example_dags/example_kubernetes_executor.py
[2021-11-26 17:25:10,089] {logging_mixin.py:109} INFO - [2021-11-26 17:25:10,089] {dag.py:2396} INFO - Sync 1 DAGs
[2021-11-26 17:25:10,095] {logging_mixin.py:109} INFO - [2021-11-26 17:25:10,095] {dag.py:2928} INFO - Setting next_dagrun for example_kubernetes_executor to None
[2021-11-26 17:25:10,101] {processor.py:171} INFO - Processing /Users/danielcollins/opt/anaconda3/lib/python3.8/site-packages/airflow/example_dags/example_kubernetes_executor.py took 0.055 seconds
[2021-11-26 17:26:39,461] {processor.py:163} INFO - Started process (PID=22168) to work on /Users/danielcollins/opt/anaconda3/lib/python3.8/site-packages/airflow/example_dags/example_kubernetes_executor.py
[2021-11-26 17:26:39,462] {processor.py:625} INFO - Processing file /Users/danielcollins/opt/anaconda3/lib/python3.8/site-packages/airflow/example_dags/example_kubernetes_executor.py for tasks to queue
[2021-11-26 17:26:39,462] {logging_mixin.py:109} INFO - [2021-11-26 17:26:39,462] {dagbag.py:500} INFO - Filling up the DagBag from /Users/danielcollins/opt/anaconda3/lib/python3.8/site-packages/airflow/example_dags/example_kubernetes_executor.py
[2021-11-26 17:26:39,495] {processor.py:637} INFO - DAG(s) dict_keys(['example_kubernetes_executor']) retrieved from /Users/danielcollins/opt/anaconda3/lib/python3.8/site-packages/airflow/example_dags/example_kubernetes_executor.py
[2021-11-26 17:26:39,519] {logging_mixin.py:109} INFO - [2021-11-26 17:26:39,519] {dag.py:2396} INFO - Sync 1 DAGs
[2021-11-26 17:26:39,524] {logging_mixin.py:109} INFO - [2021-11-26 17:26:39,524] {dag.py:2928} INFO - Setting next_dagrun for example_kubernetes_executor to None
[2021-11-26 17:26:39,532] {processor.py:171} INFO - Processing /Users/danielcollins/opt/anaconda3/lib/python3.8/site-packages/airflow/example_dags/example_kubernetes_executor.py took 0.072 seconds
[2021-11-26 17:28:15,338] {processor.py:163} INFO - Started process (PID=22347) to work on /Users/danielcollins/opt/anaconda3/lib/python3.8/site-packages/airflow/example_dags/example_kubernetes_executor.py
[2021-11-26 17:28:15,339] {processor.py:625} INFO - Processing file /Users/danielcollins/opt/anaconda3/lib/python3.8/site-packages/airflow/example_dags/example_kubernetes_executor.py for tasks to queue
[2021-11-26 17:28:15,339] {logging_mixin.py:109} INFO - [2021-11-26 17:28:15,339] {dagbag.py:500} INFO - Filling up the DagBag from /Users/danielcollins/opt/anaconda3/lib/python3.8/site-packages/airflow/example_dags/example_kubernetes_executor.py
[2021-11-26 17:28:15,372] {processor.py:637} INFO - DAG(s) dict_keys(['example_kubernetes_executor']) retrieved from /Users/danielcollins/opt/anaconda3/lib/python3.8/site-packages/airflow/example_dags/example_kubernetes_executor.py
[2021-11-26 17:28:15,383] {logging_mixin.py:109} INFO - [2021-11-26 17:28:15,383] {dag.py:2396} INFO - Sync 1 DAGs
[2021-11-26 17:28:15,387] {logging_mixin.py:109} INFO - [2021-11-26 17:28:15,387] {dag.py:2928} INFO - Setting next_dagrun for example_kubernetes_executor to None
[2021-11-26 17:28:15,393] {processor.py:171} INFO - Processing /Users/danielcollins/opt/anaconda3/lib/python3.8/site-packages/airflow/example_dags/example_kubernetes_executor.py took 0.055 seconds
[2021-11-26 17:29:36,895] {processor.py:163} INFO - Started process (PID=22465) to work on /Users/danielcollins/opt/anaconda3/lib/python3.8/site-packages/airflow/example_dags/example_kubernetes_executor.py
[2021-11-26 17:29:36,895] {processor.py:625} INFO - Processing file /Users/danielcollins/opt/anaconda3/lib/python3.8/site-packages/airflow/example_dags/example_kubernetes_executor.py for tasks to queue
[2021-11-26 17:29:36,896] {logging_mixin.py:109} INFO - [2021-11-26 17:29:36,895] {dagbag.py:500} INFO - Filling up the DagBag from /Users/danielcollins/opt/anaconda3/lib/python3.8/site-packages/airflow/example_dags/example_kubernetes_executor.py
[2021-11-26 17:29:36,926] {processor.py:637} INFO - DAG(s) dict_keys(['example_kubernetes_executor']) retrieved from /Users/danielcollins/opt/anaconda3/lib/python3.8/site-packages/airflow/example_dags/example_kubernetes_executor.py
[2021-11-26 17:29:36,937] {logging_mixin.py:109} INFO - [2021-11-26 17:29:36,936] {dag.py:2396} INFO - Sync 1 DAGs
[2021-11-26 17:29:36,941] {logging_mixin.py:109} INFO - [2021-11-26 17:29:36,941] {dag.py:2928} INFO - Setting next_dagrun for example_kubernetes_executor to None
[2021-11-26 17:29:36,948] {processor.py:171} INFO - Processing /Users/danielcollins/opt/anaconda3/lib/python3.8/site-packages/airflow/example_dags/example_kubernetes_executor.py took 0.054 seconds
[2021-11-26 17:30:58,916] {processor.py:163} INFO - Started process (PID=22598) to work on /Users/danielcollins/opt/anaconda3/lib/python3.8/site-packages/airflow/example_dags/example_kubernetes_executor.py
[2021-11-26 17:30:58,917] {processor.py:625} INFO - Processing file /Users/danielcollins/opt/anaconda3/lib/python3.8/site-packages/airflow/example_dags/example_kubernetes_executor.py for tasks to queue
[2021-11-26 17:30:58,917] {logging_mixin.py:109} INFO - [2021-11-26 17:30:58,917] {dagbag.py:500} INFO - Filling up the DagBag from /Users/danielcollins/opt/anaconda3/lib/python3.8/site-packages/airflow/example_dags/example_kubernetes_executor.py
[2021-11-26 17:30:58,946] {processor.py:637} INFO - DAG(s) dict_keys(['example_kubernetes_executor']) retrieved from /Users/danielcollins/opt/anaconda3/lib/python3.8/site-packages/airflow/example_dags/example_kubernetes_executor.py
[2021-11-26 17:30:58,957] {logging_mixin.py:109} INFO - [2021-11-26 17:30:58,957] {dag.py:2396} INFO - Sync 1 DAGs
[2021-11-26 17:30:58,961] {logging_mixin.py:109} INFO - [2021-11-26 17:30:58,961] {dag.py:2928} INFO - Setting next_dagrun for example_kubernetes_executor to None
[2021-11-26 17:30:58,966] {processor.py:171} INFO - Processing /Users/danielcollins/opt/anaconda3/lib/python3.8/site-packages/airflow/example_dags/example_kubernetes_executor.py took 0.050 seconds
[2021-11-26 17:32:30,515] {processor.py:163} INFO - Started process (PID=22832) to work on /Users/danielcollins/opt/anaconda3/lib/python3.8/site-packages/airflow/example_dags/example_kubernetes_executor.py
[2021-11-26 17:32:30,515] {processor.py:625} INFO - Processing file /Users/danielcollins/opt/anaconda3/lib/python3.8/site-packages/airflow/example_dags/example_kubernetes_executor.py for tasks to queue
[2021-11-26 17:32:30,516] {logging_mixin.py:109} INFO - [2021-11-26 17:32:30,516] {dagbag.py:500} INFO - Filling up the DagBag from /Users/danielcollins/opt/anaconda3/lib/python3.8/site-packages/airflow/example_dags/example_kubernetes_executor.py
[2021-11-26 17:32:30,544] {processor.py:637} INFO - DAG(s) dict_keys(['example_kubernetes_executor']) retrieved from /Users/danielcollins/opt/anaconda3/lib/python3.8/site-packages/airflow/example_dags/example_kubernetes_executor.py
[2021-11-26 17:32:30,556] {logging_mixin.py:109} INFO - [2021-11-26 17:32:30,556] {dag.py:2396} INFO - Sync 1 DAGs
[2021-11-26 17:32:30,560] {logging_mixin.py:109} INFO - [2021-11-26 17:32:30,560] {dag.py:2928} INFO - Setting next_dagrun for example_kubernetes_executor to None
[2021-11-26 17:32:30,565] {processor.py:171} INFO - Processing /Users/danielcollins/opt/anaconda3/lib/python3.8/site-packages/airflow/example_dags/example_kubernetes_executor.py took 0.051 seconds
[2021-11-26 17:50:34,795] {processor.py:163} INFO - Started process (PID=23029) to work on /Users/danielcollins/opt/anaconda3/lib/python3.8/site-packages/airflow/example_dags/example_kubernetes_executor.py
[2021-11-26 17:50:34,796] {processor.py:625} INFO - Processing file /Users/danielcollins/opt/anaconda3/lib/python3.8/site-packages/airflow/example_dags/example_kubernetes_executor.py for tasks to queue
[2021-11-26 17:50:34,796] {logging_mixin.py:109} INFO - [2021-11-26 17:50:34,796] {dagbag.py:500} INFO - Filling up the DagBag from /Users/danielcollins/opt/anaconda3/lib/python3.8/site-packages/airflow/example_dags/example_kubernetes_executor.py
[2021-11-26 17:50:34,826] {processor.py:637} INFO - DAG(s) dict_keys(['example_kubernetes_executor']) retrieved from /Users/danielcollins/opt/anaconda3/lib/python3.8/site-packages/airflow/example_dags/example_kubernetes_executor.py
[2021-11-26 17:50:34,837] {logging_mixin.py:109} INFO - [2021-11-26 17:50:34,837] {dag.py:2396} INFO - Sync 1 DAGs
[2021-11-26 17:50:34,841] {logging_mixin.py:109} INFO - [2021-11-26 17:50:34,841] {dag.py:2928} INFO - Setting next_dagrun for example_kubernetes_executor to None
[2021-11-26 17:50:34,848] {processor.py:171} INFO - Processing /Users/danielcollins/opt/anaconda3/lib/python3.8/site-packages/airflow/example_dags/example_kubernetes_executor.py took 0.053 seconds
[2021-11-26 17:52:17,501] {processor.py:163} INFO - Started process (PID=23252) to work on /Users/danielcollins/opt/anaconda3/lib/python3.8/site-packages/airflow/example_dags/example_kubernetes_executor.py
[2021-11-26 17:52:17,501] {processor.py:625} INFO - Processing file /Users/danielcollins/opt/anaconda3/lib/python3.8/site-packages/airflow/example_dags/example_kubernetes_executor.py for tasks to queue
[2021-11-26 17:52:17,501] {logging_mixin.py:109} INFO - [2021-11-26 17:52:17,501] {dagbag.py:500} INFO - Filling up the DagBag from /Users/danielcollins/opt/anaconda3/lib/python3.8/site-packages/airflow/example_dags/example_kubernetes_executor.py
[2021-11-26 17:52:17,530] {processor.py:637} INFO - DAG(s) dict_keys(['example_kubernetes_executor']) retrieved from /Users/danielcollins/opt/anaconda3/lib/python3.8/site-packages/airflow/example_dags/example_kubernetes_executor.py
[2021-11-26 17:52:17,542] {logging_mixin.py:109} INFO - [2021-11-26 17:52:17,542] {dag.py:2396} INFO - Sync 1 DAGs
[2021-11-26 17:52:17,546] {logging_mixin.py:109} INFO - [2021-11-26 17:52:17,546] {dag.py:2928} INFO - Setting next_dagrun for example_kubernetes_executor to None
[2021-11-26 17:52:17,593] {processor.py:171} INFO - Processing /Users/danielcollins/opt/anaconda3/lib/python3.8/site-packages/airflow/example_dags/example_kubernetes_executor.py took 0.093 seconds
[2021-11-26 17:54:15,486] {processor.py:163} INFO - Started process (PID=23410) to work on /Users/danielcollins/opt/anaconda3/lib/python3.8/site-packages/airflow/example_dags/example_kubernetes_executor.py
[2021-11-26 17:54:15,488] {processor.py:625} INFO - Processing file /Users/danielcollins/opt/anaconda3/lib/python3.8/site-packages/airflow/example_dags/example_kubernetes_executor.py for tasks to queue
[2021-11-26 17:54:15,491] {logging_mixin.py:109} INFO - [2021-11-26 17:54:15,491] {dagbag.py:500} INFO - Filling up the DagBag from /Users/danielcollins/opt/anaconda3/lib/python3.8/site-packages/airflow/example_dags/example_kubernetes_executor.py
[2021-11-26 17:54:15,547] {processor.py:637} INFO - DAG(s) dict_keys(['example_kubernetes_executor']) retrieved from /Users/danielcollins/opt/anaconda3/lib/python3.8/site-packages/airflow/example_dags/example_kubernetes_executor.py
[2021-11-26 17:54:15,560] {logging_mixin.py:109} INFO - [2021-11-26 17:54:15,560] {dag.py:2396} INFO - Sync 1 DAGs
[2021-11-26 17:54:15,565] {logging_mixin.py:109} INFO - [2021-11-26 17:54:15,565] {dag.py:2928} INFO - Setting next_dagrun for example_kubernetes_executor to None
[2021-11-26 17:54:15,578] {processor.py:171} INFO - Processing /Users/danielcollins/opt/anaconda3/lib/python3.8/site-packages/airflow/example_dags/example_kubernetes_executor.py took 0.092 seconds
[2021-11-26 17:56:10,291] {processor.py:163} INFO - Started process (PID=23556) to work on /Users/danielcollins/opt/anaconda3/lib/python3.8/site-packages/airflow/example_dags/example_kubernetes_executor.py
[2021-11-26 17:56:10,292] {processor.py:625} INFO - Processing file /Users/danielcollins/opt/anaconda3/lib/python3.8/site-packages/airflow/example_dags/example_kubernetes_executor.py for tasks to queue
[2021-11-26 17:56:10,292] {logging_mixin.py:109} INFO - [2021-11-26 17:56:10,292] {dagbag.py:500} INFO - Filling up the DagBag from /Users/danielcollins/opt/anaconda3/lib/python3.8/site-packages/airflow/example_dags/example_kubernetes_executor.py
[2021-11-26 17:56:10,321] {processor.py:637} INFO - DAG(s) dict_keys(['example_kubernetes_executor']) retrieved from /Users/danielcollins/opt/anaconda3/lib/python3.8/site-packages/airflow/example_dags/example_kubernetes_executor.py
[2021-11-26 17:56:10,331] {logging_mixin.py:109} INFO - [2021-11-26 17:56:10,331] {dag.py:2396} INFO - Sync 1 DAGs
[2021-11-26 17:56:10,336] {logging_mixin.py:109} INFO - [2021-11-26 17:56:10,336] {dag.py:2928} INFO - Setting next_dagrun for example_kubernetes_executor to None
[2021-11-26 17:56:10,343] {processor.py:171} INFO - Processing /Users/danielcollins/opt/anaconda3/lib/python3.8/site-packages/airflow/example_dags/example_kubernetes_executor.py took 0.052 seconds
[2021-11-26 17:58:06,813] {processor.py:163} INFO - Started process (PID=23780) to work on /Users/danielcollins/opt/anaconda3/lib/python3.8/site-packages/airflow/example_dags/example_kubernetes_executor.py
[2021-11-26 17:58:06,813] {processor.py:625} INFO - Processing file /Users/danielcollins/opt/anaconda3/lib/python3.8/site-packages/airflow/example_dags/example_kubernetes_executor.py for tasks to queue
[2021-11-26 17:58:06,813] {logging_mixin.py:109} INFO - [2021-11-26 17:58:06,813] {dagbag.py:500} INFO - Filling up the DagBag from /Users/danielcollins/opt/anaconda3/lib/python3.8/site-packages/airflow/example_dags/example_kubernetes_executor.py
[2021-11-26 17:58:06,843] {processor.py:637} INFO - DAG(s) dict_keys(['example_kubernetes_executor']) retrieved from /Users/danielcollins/opt/anaconda3/lib/python3.8/site-packages/airflow/example_dags/example_kubernetes_executor.py
[2021-11-26 17:58:06,854] {logging_mixin.py:109} INFO - [2021-11-26 17:58:06,854] {dag.py:2396} INFO - Sync 1 DAGs
[2021-11-26 17:58:06,858] {logging_mixin.py:109} INFO - [2021-11-26 17:58:06,858] {dag.py:2928} INFO - Setting next_dagrun for example_kubernetes_executor to None
[2021-11-26 17:58:06,869] {processor.py:171} INFO - Processing /Users/danielcollins/opt/anaconda3/lib/python3.8/site-packages/airflow/example_dags/example_kubernetes_executor.py took 0.057 seconds
[2021-11-26 18:00:01,920] {processor.py:163} INFO - Started process (PID=23935) to work on /Users/danielcollins/opt/anaconda3/lib/python3.8/site-packages/airflow/example_dags/example_kubernetes_executor.py
[2021-11-26 18:00:01,921] {processor.py:625} INFO - Processing file /Users/danielcollins/opt/anaconda3/lib/python3.8/site-packages/airflow/example_dags/example_kubernetes_executor.py for tasks to queue
[2021-11-26 18:00:01,921] {logging_mixin.py:109} INFO - [2021-11-26 18:00:01,921] {dagbag.py:500} INFO - Filling up the DagBag from /Users/danielcollins/opt/anaconda3/lib/python3.8/site-packages/airflow/example_dags/example_kubernetes_executor.py
[2021-11-26 18:00:01,959] {processor.py:637} INFO - DAG(s) dict_keys(['example_kubernetes_executor']) retrieved from /Users/danielcollins/opt/anaconda3/lib/python3.8/site-packages/airflow/example_dags/example_kubernetes_executor.py
[2021-11-26 18:00:01,970] {logging_mixin.py:109} INFO - [2021-11-26 18:00:01,970] {dag.py:2396} INFO - Sync 1 DAGs
[2021-11-26 18:00:01,975] {logging_mixin.py:109} INFO - [2021-11-26 18:00:01,975] {dag.py:2928} INFO - Setting next_dagrun for example_kubernetes_executor to None
[2021-11-26 18:00:01,983] {processor.py:171} INFO - Processing /Users/danielcollins/opt/anaconda3/lib/python3.8/site-packages/airflow/example_dags/example_kubernetes_executor.py took 0.064 seconds
[2021-11-26 18:02:05,436] {processor.py:163} INFO - Started process (PID=24078) to work on /Users/danielcollins/opt/anaconda3/lib/python3.8/site-packages/airflow/example_dags/example_kubernetes_executor.py
[2021-11-26 18:02:05,437] {processor.py:625} INFO - Processing file /Users/danielcollins/opt/anaconda3/lib/python3.8/site-packages/airflow/example_dags/example_kubernetes_executor.py for tasks to queue
[2021-11-26 18:02:05,438] {logging_mixin.py:109} INFO - [2021-11-26 18:02:05,438] {dagbag.py:500} INFO - Filling up the DagBag from /Users/danielcollins/opt/anaconda3/lib/python3.8/site-packages/airflow/example_dags/example_kubernetes_executor.py
[2021-11-26 18:02:05,515] {processor.py:637} INFO - DAG(s) dict_keys(['example_kubernetes_executor']) retrieved from /Users/danielcollins/opt/anaconda3/lib/python3.8/site-packages/airflow/example_dags/example_kubernetes_executor.py
[2021-11-26 18:02:05,550] {logging_mixin.py:109} INFO - [2021-11-26 18:02:05,550] {dag.py:2396} INFO - Sync 1 DAGs
[2021-11-26 18:02:05,555] {logging_mixin.py:109} INFO - [2021-11-26 18:02:05,555] {dag.py:2928} INFO - Setting next_dagrun for example_kubernetes_executor to None
[2021-11-26 18:02:05,562] {processor.py:171} INFO - Processing /Users/danielcollins/opt/anaconda3/lib/python3.8/site-packages/airflow/example_dags/example_kubernetes_executor.py took 0.132 seconds
[2021-11-26 18:04:11,335] {processor.py:163} INFO - Started process (PID=24298) to work on /Users/danielcollins/opt/anaconda3/lib/python3.8/site-packages/airflow/example_dags/example_kubernetes_executor.py
[2021-11-26 18:04:11,336] {processor.py:625} INFO - Processing file /Users/danielcollins/opt/anaconda3/lib/python3.8/site-packages/airflow/example_dags/example_kubernetes_executor.py for tasks to queue
[2021-11-26 18:04:11,336] {logging_mixin.py:109} INFO - [2021-11-26 18:04:11,336] {dagbag.py:500} INFO - Filling up the DagBag from /Users/danielcollins/opt/anaconda3/lib/python3.8/site-packages/airflow/example_dags/example_kubernetes_executor.py
[2021-11-26 18:04:11,365] {processor.py:637} INFO - DAG(s) dict_keys(['example_kubernetes_executor']) retrieved from /Users/danielcollins/opt/anaconda3/lib/python3.8/site-packages/airflow/example_dags/example_kubernetes_executor.py
[2021-11-26 18:04:11,375] {logging_mixin.py:109} INFO - [2021-11-26 18:04:11,375] {dag.py:2396} INFO - Sync 1 DAGs
[2021-11-26 18:04:11,379] {logging_mixin.py:109} INFO - [2021-11-26 18:04:11,379] {dag.py:2928} INFO - Setting next_dagrun for example_kubernetes_executor to None
[2021-11-26 18:04:11,386] {processor.py:171} INFO - Processing /Users/danielcollins/opt/anaconda3/lib/python3.8/site-packages/airflow/example_dags/example_kubernetes_executor.py took 0.051 seconds
[2021-11-26 18:05:58,872] {processor.py:163} INFO - Started process (PID=24437) to work on /Users/danielcollins/opt/anaconda3/lib/python3.8/site-packages/airflow/example_dags/example_kubernetes_executor.py
[2021-11-26 18:05:58,873] {processor.py:625} INFO - Processing file /Users/danielcollins/opt/anaconda3/lib/python3.8/site-packages/airflow/example_dags/example_kubernetes_executor.py for tasks to queue
[2021-11-26 18:05:58,873] {logging_mixin.py:109} INFO - [2021-11-26 18:05:58,873] {dagbag.py:500} INFO - Filling up the DagBag from /Users/danielcollins/opt/anaconda3/lib/python3.8/site-packages/airflow/example_dags/example_kubernetes_executor.py
[2021-11-26 18:05:58,905] {processor.py:637} INFO - DAG(s) dict_keys(['example_kubernetes_executor']) retrieved from /Users/danielcollins/opt/anaconda3/lib/python3.8/site-packages/airflow/example_dags/example_kubernetes_executor.py
[2021-11-26 18:05:58,930] {logging_mixin.py:109} INFO - [2021-11-26 18:05:58,930] {dag.py:2396} INFO - Sync 1 DAGs
[2021-11-26 18:05:58,934] {logging_mixin.py:109} INFO - [2021-11-26 18:05:58,934] {dag.py:2928} INFO - Setting next_dagrun for example_kubernetes_executor to None
[2021-11-26 18:05:58,941] {processor.py:171} INFO - Processing /Users/danielcollins/opt/anaconda3/lib/python3.8/site-packages/airflow/example_dags/example_kubernetes_executor.py took 0.069 seconds
[2021-11-26 18:07:32,903] {processor.py:163} INFO - Started process (PID=24565) to work on /Users/danielcollins/opt/anaconda3/lib/python3.8/site-packages/airflow/example_dags/example_kubernetes_executor.py
[2021-11-26 18:07:32,904] {processor.py:625} INFO - Processing file /Users/danielcollins/opt/anaconda3/lib/python3.8/site-packages/airflow/example_dags/example_kubernetes_executor.py for tasks to queue
[2021-11-26 18:07:32,904] {logging_mixin.py:109} INFO - [2021-11-26 18:07:32,904] {dagbag.py:500} INFO - Filling up the DagBag from /Users/danielcollins/opt/anaconda3/lib/python3.8/site-packages/airflow/example_dags/example_kubernetes_executor.py
[2021-11-26 18:07:32,933] {processor.py:637} INFO - DAG(s) dict_keys(['example_kubernetes_executor']) retrieved from /Users/danielcollins/opt/anaconda3/lib/python3.8/site-packages/airflow/example_dags/example_kubernetes_executor.py
[2021-11-26 18:07:32,944] {logging_mixin.py:109} INFO - [2021-11-26 18:07:32,944] {dag.py:2396} INFO - Sync 1 DAGs
[2021-11-26 18:07:32,948] {logging_mixin.py:109} INFO - [2021-11-26 18:07:32,948] {dag.py:2928} INFO - Setting next_dagrun for example_kubernetes_executor to None
[2021-11-26 18:07:32,952] {processor.py:171} INFO - Processing /Users/danielcollins/opt/anaconda3/lib/python3.8/site-packages/airflow/example_dags/example_kubernetes_executor.py took 0.050 seconds
[2021-11-26 18:31:08,572] {processor.py:163} INFO - Started process (PID=24815) to work on /Users/danielcollins/opt/anaconda3/lib/python3.8/site-packages/airflow/example_dags/example_kubernetes_executor.py
[2021-11-26 18:31:08,574] {processor.py:625} INFO - Processing file /Users/danielcollins/opt/anaconda3/lib/python3.8/site-packages/airflow/example_dags/example_kubernetes_executor.py for tasks to queue
[2021-11-26 18:31:08,574] {logging_mixin.py:109} INFO - [2021-11-26 18:31:08,574] {dagbag.py:500} INFO - Filling up the DagBag from /Users/danielcollins/opt/anaconda3/lib/python3.8/site-packages/airflow/example_dags/example_kubernetes_executor.py
[2021-11-26 18:31:08,604] {processor.py:637} INFO - DAG(s) dict_keys(['example_kubernetes_executor']) retrieved from /Users/danielcollins/opt/anaconda3/lib/python3.8/site-packages/airflow/example_dags/example_kubernetes_executor.py
[2021-11-26 18:31:08,614] {logging_mixin.py:109} INFO - [2021-11-26 18:31:08,614] {dag.py:2396} INFO - Sync 1 DAGs
[2021-11-26 18:31:08,618] {logging_mixin.py:109} INFO - [2021-11-26 18:31:08,618] {dag.py:2928} INFO - Setting next_dagrun for example_kubernetes_executor to None
[2021-11-26 18:31:08,623] {processor.py:171} INFO - Processing /Users/danielcollins/opt/anaconda3/lib/python3.8/site-packages/airflow/example_dags/example_kubernetes_executor.py took 0.051 seconds
[2021-11-26 18:32:41,479] {processor.py:163} INFO - Started process (PID=24933) to work on /Users/danielcollins/opt/anaconda3/lib/python3.8/site-packages/airflow/example_dags/example_kubernetes_executor.py
[2021-11-26 18:32:41,479] {processor.py:625} INFO - Processing file /Users/danielcollins/opt/anaconda3/lib/python3.8/site-packages/airflow/example_dags/example_kubernetes_executor.py for tasks to queue
[2021-11-26 18:32:41,479] {logging_mixin.py:109} INFO - [2021-11-26 18:32:41,479] {dagbag.py:500} INFO - Filling up the DagBag from /Users/danielcollins/opt/anaconda3/lib/python3.8/site-packages/airflow/example_dags/example_kubernetes_executor.py
[2021-11-26 18:32:41,512] {processor.py:637} INFO - DAG(s) dict_keys(['example_kubernetes_executor']) retrieved from /Users/danielcollins/opt/anaconda3/lib/python3.8/site-packages/airflow/example_dags/example_kubernetes_executor.py
[2021-11-26 18:32:41,522] {logging_mixin.py:109} INFO - [2021-11-26 18:32:41,521] {dag.py:2396} INFO - Sync 1 DAGs
[2021-11-26 18:32:41,526] {logging_mixin.py:109} INFO - [2021-11-26 18:32:41,526] {dag.py:2928} INFO - Setting next_dagrun for example_kubernetes_executor to None
[2021-11-26 18:32:41,533] {processor.py:171} INFO - Processing /Users/danielcollins/opt/anaconda3/lib/python3.8/site-packages/airflow/example_dags/example_kubernetes_executor.py took 0.055 seconds
[2021-11-27 02:56:10,172] {processor.py:163} INFO - Started process (PID=25524) to work on /Users/danielcollins/opt/anaconda3/lib/python3.8/site-packages/airflow/example_dags/example_kubernetes_executor.py
[2021-11-27 02:56:10,174] {processor.py:625} INFO - Processing file /Users/danielcollins/opt/anaconda3/lib/python3.8/site-packages/airflow/example_dags/example_kubernetes_executor.py for tasks to queue
[2021-11-27 02:56:10,174] {logging_mixin.py:109} INFO - [2021-11-27 02:56:10,174] {dagbag.py:500} INFO - Filling up the DagBag from /Users/danielcollins/opt/anaconda3/lib/python3.8/site-packages/airflow/example_dags/example_kubernetes_executor.py
[2021-11-27 02:56:10,209] {processor.py:637} INFO - DAG(s) dict_keys(['example_kubernetes_executor']) retrieved from /Users/danielcollins/opt/anaconda3/lib/python3.8/site-packages/airflow/example_dags/example_kubernetes_executor.py
[2021-11-27 02:56:10,223] {logging_mixin.py:109} INFO - [2021-11-27 02:56:10,223] {dag.py:2396} INFO - Sync 1 DAGs
[2021-11-27 02:56:10,232] {logging_mixin.py:109} INFO - [2021-11-27 02:56:10,232] {dag.py:2928} INFO - Setting next_dagrun for example_kubernetes_executor to None
[2021-11-27 02:56:10,239] {processor.py:171} INFO - Processing /Users/danielcollins/opt/anaconda3/lib/python3.8/site-packages/airflow/example_dags/example_kubernetes_executor.py took 0.067 seconds
[2021-11-27 11:25:52,319] {processor.py:163} INFO - Started process (PID=25976) to work on /Users/danielcollins/opt/anaconda3/lib/python3.8/site-packages/airflow/example_dags/example_kubernetes_executor.py
[2021-11-27 11:25:52,320] {processor.py:625} INFO - Processing file /Users/danielcollins/opt/anaconda3/lib/python3.8/site-packages/airflow/example_dags/example_kubernetes_executor.py for tasks to queue
[2021-11-27 11:25:52,320] {logging_mixin.py:109} INFO - [2021-11-27 11:25:52,320] {dagbag.py:500} INFO - Filling up the DagBag from /Users/danielcollins/opt/anaconda3/lib/python3.8/site-packages/airflow/example_dags/example_kubernetes_executor.py
[2021-11-27 11:25:52,350] {processor.py:637} INFO - DAG(s) dict_keys(['example_kubernetes_executor']) retrieved from /Users/danielcollins/opt/anaconda3/lib/python3.8/site-packages/airflow/example_dags/example_kubernetes_executor.py
[2021-11-27 11:25:52,360] {logging_mixin.py:109} INFO - [2021-11-27 11:25:52,360] {dag.py:2396} INFO - Sync 1 DAGs
[2021-11-27 11:25:52,364] {logging_mixin.py:109} INFO - [2021-11-27 11:25:52,364] {dag.py:2928} INFO - Setting next_dagrun for example_kubernetes_executor to None
[2021-11-27 11:25:52,370] {processor.py:171} INFO - Processing /Users/danielcollins/opt/anaconda3/lib/python3.8/site-packages/airflow/example_dags/example_kubernetes_executor.py took 0.051 seconds
[2021-11-27 14:19:58,711] {processor.py:163} INFO - Started process (PID=26325) to work on /Users/danielcollins/opt/anaconda3/lib/python3.8/site-packages/airflow/example_dags/example_kubernetes_executor.py
[2021-11-27 14:19:58,711] {processor.py:625} INFO - Processing file /Users/danielcollins/opt/anaconda3/lib/python3.8/site-packages/airflow/example_dags/example_kubernetes_executor.py for tasks to queue
[2021-11-27 14:19:58,711] {logging_mixin.py:109} INFO - [2021-11-27 14:19:58,711] {dagbag.py:500} INFO - Filling up the DagBag from /Users/danielcollins/opt/anaconda3/lib/python3.8/site-packages/airflow/example_dags/example_kubernetes_executor.py
[2021-11-27 14:19:58,742] {processor.py:637} INFO - DAG(s) dict_keys(['example_kubernetes_executor']) retrieved from /Users/danielcollins/opt/anaconda3/lib/python3.8/site-packages/airflow/example_dags/example_kubernetes_executor.py
[2021-11-27 14:19:58,753] {logging_mixin.py:109} INFO - [2021-11-27 14:19:58,753] {dag.py:2396} INFO - Sync 1 DAGs
[2021-11-27 14:19:58,757] {logging_mixin.py:109} INFO - [2021-11-27 14:19:58,757] {dag.py:2928} INFO - Setting next_dagrun for example_kubernetes_executor to None
[2021-11-27 14:19:58,764] {processor.py:171} INFO - Processing /Users/danielcollins/opt/anaconda3/lib/python3.8/site-packages/airflow/example_dags/example_kubernetes_executor.py took 0.054 seconds
[2021-11-27 14:21:22,976] {processor.py:163} INFO - Started process (PID=26526) to work on /Users/danielcollins/opt/anaconda3/lib/python3.8/site-packages/airflow/example_dags/example_kubernetes_executor.py
[2021-11-27 14:21:22,979] {processor.py:625} INFO - Processing file /Users/danielcollins/opt/anaconda3/lib/python3.8/site-packages/airflow/example_dags/example_kubernetes_executor.py for tasks to queue
[2021-11-27 14:21:22,979] {logging_mixin.py:109} INFO - [2021-11-27 14:21:22,979] {dagbag.py:500} INFO - Filling up the DagBag from /Users/danielcollins/opt/anaconda3/lib/python3.8/site-packages/airflow/example_dags/example_kubernetes_executor.py
[2021-11-27 14:21:23,011] {processor.py:637} INFO - DAG(s) dict_keys(['example_kubernetes_executor']) retrieved from /Users/danielcollins/opt/anaconda3/lib/python3.8/site-packages/airflow/example_dags/example_kubernetes_executor.py
[2021-11-27 14:21:23,022] {logging_mixin.py:109} INFO - [2021-11-27 14:21:23,022] {dag.py:2396} INFO - Sync 1 DAGs
[2021-11-27 14:21:23,026] {logging_mixin.py:109} INFO - [2021-11-27 14:21:23,026] {dag.py:2928} INFO - Setting next_dagrun for example_kubernetes_executor to None
[2021-11-27 14:21:23,032] {processor.py:171} INFO - Processing /Users/danielcollins/opt/anaconda3/lib/python3.8/site-packages/airflow/example_dags/example_kubernetes_executor.py took 0.055 seconds
[2021-11-27 14:22:50,975] {processor.py:163} INFO - Started process (PID=26683) to work on /Users/danielcollins/opt/anaconda3/lib/python3.8/site-packages/airflow/example_dags/example_kubernetes_executor.py
[2021-11-27 14:22:50,976] {processor.py:625} INFO - Processing file /Users/danielcollins/opt/anaconda3/lib/python3.8/site-packages/airflow/example_dags/example_kubernetes_executor.py for tasks to queue
[2021-11-27 14:22:50,976] {logging_mixin.py:109} INFO - [2021-11-27 14:22:50,976] {dagbag.py:500} INFO - Filling up the DagBag from /Users/danielcollins/opt/anaconda3/lib/python3.8/site-packages/airflow/example_dags/example_kubernetes_executor.py
[2021-11-27 14:22:51,006] {processor.py:637} INFO - DAG(s) dict_keys(['example_kubernetes_executor']) retrieved from /Users/danielcollins/opt/anaconda3/lib/python3.8/site-packages/airflow/example_dags/example_kubernetes_executor.py
[2021-11-27 14:22:51,019] {logging_mixin.py:109} INFO - [2021-11-27 14:22:51,019] {dag.py:2396} INFO - Sync 1 DAGs
[2021-11-27 14:22:51,024] {logging_mixin.py:109} INFO - [2021-11-27 14:22:51,024] {dag.py:2928} INFO - Setting next_dagrun for example_kubernetes_executor to None
[2021-11-27 14:22:51,030] {processor.py:171} INFO - Processing /Users/danielcollins/opt/anaconda3/lib/python3.8/site-packages/airflow/example_dags/example_kubernetes_executor.py took 0.055 seconds
[2021-11-27 14:24:29,474] {processor.py:163} INFO - Started process (PID=28196) to work on /Users/danielcollins/opt/anaconda3/lib/python3.8/site-packages/airflow/example_dags/example_kubernetes_executor.py
[2021-11-27 14:24:29,475] {processor.py:625} INFO - Processing file /Users/danielcollins/opt/anaconda3/lib/python3.8/site-packages/airflow/example_dags/example_kubernetes_executor.py for tasks to queue
[2021-11-27 14:24:29,475] {logging_mixin.py:109} INFO - [2021-11-27 14:24:29,475] {dagbag.py:500} INFO - Filling up the DagBag from /Users/danielcollins/opt/anaconda3/lib/python3.8/site-packages/airflow/example_dags/example_kubernetes_executor.py
[2021-11-27 14:24:29,507] {processor.py:637} INFO - DAG(s) dict_keys(['example_kubernetes_executor']) retrieved from /Users/danielcollins/opt/anaconda3/lib/python3.8/site-packages/airflow/example_dags/example_kubernetes_executor.py
[2021-11-27 14:24:29,518] {logging_mixin.py:109} INFO - [2021-11-27 14:24:29,518] {dag.py:2396} INFO - Sync 1 DAGs
[2021-11-27 14:24:29,522] {logging_mixin.py:109} INFO - [2021-11-27 14:24:29,522] {dag.py:2928} INFO - Setting next_dagrun for example_kubernetes_executor to None
[2021-11-27 14:24:29,527] {processor.py:171} INFO - Processing /Users/danielcollins/opt/anaconda3/lib/python3.8/site-packages/airflow/example_dags/example_kubernetes_executor.py took 0.054 seconds
[2021-11-27 14:25:53,272] {processor.py:163} INFO - Started process (PID=28297) to work on /Users/danielcollins/opt/anaconda3/lib/python3.8/site-packages/airflow/example_dags/example_kubernetes_executor.py
[2021-11-27 14:25:53,272] {processor.py:625} INFO - Processing file /Users/danielcollins/opt/anaconda3/lib/python3.8/site-packages/airflow/example_dags/example_kubernetes_executor.py for tasks to queue
[2021-11-27 14:25:53,272] {logging_mixin.py:109} INFO - [2021-11-27 14:25:53,272] {dagbag.py:500} INFO - Filling up the DagBag from /Users/danielcollins/opt/anaconda3/lib/python3.8/site-packages/airflow/example_dags/example_kubernetes_executor.py
[2021-11-27 14:25:53,301] {processor.py:637} INFO - DAG(s) dict_keys(['example_kubernetes_executor']) retrieved from /Users/danielcollins/opt/anaconda3/lib/python3.8/site-packages/airflow/example_dags/example_kubernetes_executor.py
[2021-11-27 14:25:53,310] {logging_mixin.py:109} INFO - [2021-11-27 14:25:53,310] {dag.py:2396} INFO - Sync 1 DAGs
[2021-11-27 14:25:53,315] {logging_mixin.py:109} INFO - [2021-11-27 14:25:53,315] {dag.py:2928} INFO - Setting next_dagrun for example_kubernetes_executor to None
[2021-11-27 14:25:53,322] {processor.py:171} INFO - Processing /Users/danielcollins/opt/anaconda3/lib/python3.8/site-packages/airflow/example_dags/example_kubernetes_executor.py took 0.050 seconds
[2021-11-27 14:55:09,905] {processor.py:163} INFO - Started process (PID=28506) to work on /Users/danielcollins/opt/anaconda3/lib/python3.8/site-packages/airflow/example_dags/example_kubernetes_executor.py
[2021-11-27 14:55:09,908] {processor.py:625} INFO - Processing file /Users/danielcollins/opt/anaconda3/lib/python3.8/site-packages/airflow/example_dags/example_kubernetes_executor.py for tasks to queue
[2021-11-27 14:55:09,908] {logging_mixin.py:109} INFO - [2021-11-27 14:55:09,908] {dagbag.py:500} INFO - Filling up the DagBag from /Users/danielcollins/opt/anaconda3/lib/python3.8/site-packages/airflow/example_dags/example_kubernetes_executor.py
[2021-11-27 14:55:09,939] {processor.py:637} INFO - DAG(s) dict_keys(['example_kubernetes_executor']) retrieved from /Users/danielcollins/opt/anaconda3/lib/python3.8/site-packages/airflow/example_dags/example_kubernetes_executor.py
[2021-11-27 14:55:09,949] {logging_mixin.py:109} INFO - [2021-11-27 14:55:09,949] {dag.py:2396} INFO - Sync 1 DAGs
[2021-11-27 14:55:09,954] {logging_mixin.py:109} INFO - [2021-11-27 14:55:09,954] {dag.py:2928} INFO - Setting next_dagrun for example_kubernetes_executor to None
[2021-11-27 14:55:09,959] {processor.py:171} INFO - Processing /Users/danielcollins/opt/anaconda3/lib/python3.8/site-packages/airflow/example_dags/example_kubernetes_executor.py took 0.054 seconds
[2021-11-27 14:56:36,930] {processor.py:163} INFO - Started process (PID=28631) to work on /Users/danielcollins/opt/anaconda3/lib/python3.8/site-packages/airflow/example_dags/example_kubernetes_executor.py
[2021-11-27 14:56:36,931] {processor.py:625} INFO - Processing file /Users/danielcollins/opt/anaconda3/lib/python3.8/site-packages/airflow/example_dags/example_kubernetes_executor.py for tasks to queue
[2021-11-27 14:56:36,931] {logging_mixin.py:109} INFO - [2021-11-27 14:56:36,931] {dagbag.py:500} INFO - Filling up the DagBag from /Users/danielcollins/opt/anaconda3/lib/python3.8/site-packages/airflow/example_dags/example_kubernetes_executor.py
[2021-11-27 14:56:36,963] {processor.py:637} INFO - DAG(s) dict_keys(['example_kubernetes_executor']) retrieved from /Users/danielcollins/opt/anaconda3/lib/python3.8/site-packages/airflow/example_dags/example_kubernetes_executor.py
[2021-11-27 14:56:36,974] {logging_mixin.py:109} INFO - [2021-11-27 14:56:36,974] {dag.py:2396} INFO - Sync 1 DAGs
[2021-11-27 14:56:36,978] {logging_mixin.py:109} INFO - [2021-11-27 14:56:36,978] {dag.py:2928} INFO - Setting next_dagrun for example_kubernetes_executor to None
[2021-11-27 14:56:36,984] {processor.py:171} INFO - Processing /Users/danielcollins/opt/anaconda3/lib/python3.8/site-packages/airflow/example_dags/example_kubernetes_executor.py took 0.055 seconds
[2021-11-27 14:57:58,485] {processor.py:163} INFO - Started process (PID=28739) to work on /Users/danielcollins/opt/anaconda3/lib/python3.8/site-packages/airflow/example_dags/example_kubernetes_executor.py
[2021-11-27 14:57:58,486] {processor.py:625} INFO - Processing file /Users/danielcollins/opt/anaconda3/lib/python3.8/site-packages/airflow/example_dags/example_kubernetes_executor.py for tasks to queue
[2021-11-27 14:57:58,486] {logging_mixin.py:109} INFO - [2021-11-27 14:57:58,486] {dagbag.py:500} INFO - Filling up the DagBag from /Users/danielcollins/opt/anaconda3/lib/python3.8/site-packages/airflow/example_dags/example_kubernetes_executor.py
[2021-11-27 14:57:58,519] {processor.py:637} INFO - DAG(s) dict_keys(['example_kubernetes_executor']) retrieved from /Users/danielcollins/opt/anaconda3/lib/python3.8/site-packages/airflow/example_dags/example_kubernetes_executor.py
[2021-11-27 14:57:58,529] {logging_mixin.py:109} INFO - [2021-11-27 14:57:58,529] {dag.py:2396} INFO - Sync 1 DAGs
[2021-11-27 14:57:58,533] {logging_mixin.py:109} INFO - [2021-11-27 14:57:58,533] {dag.py:2928} INFO - Setting next_dagrun for example_kubernetes_executor to None
[2021-11-27 14:57:58,544] {processor.py:171} INFO - Processing /Users/danielcollins/opt/anaconda3/lib/python3.8/site-packages/airflow/example_dags/example_kubernetes_executor.py took 0.059 seconds
[2021-11-27 14:59:22,893] {processor.py:163} INFO - Started process (PID=28858) to work on /Users/danielcollins/opt/anaconda3/lib/python3.8/site-packages/airflow/example_dags/example_kubernetes_executor.py
[2021-11-27 14:59:22,894] {processor.py:625} INFO - Processing file /Users/danielcollins/opt/anaconda3/lib/python3.8/site-packages/airflow/example_dags/example_kubernetes_executor.py for tasks to queue
[2021-11-27 14:59:22,894] {logging_mixin.py:109} INFO - [2021-11-27 14:59:22,894] {dagbag.py:500} INFO - Filling up the DagBag from /Users/danielcollins/opt/anaconda3/lib/python3.8/site-packages/airflow/example_dags/example_kubernetes_executor.py
[2021-11-27 14:59:22,927] {processor.py:637} INFO - DAG(s) dict_keys(['example_kubernetes_executor']) retrieved from /Users/danielcollins/opt/anaconda3/lib/python3.8/site-packages/airflow/example_dags/example_kubernetes_executor.py
[2021-11-27 14:59:22,938] {logging_mixin.py:109} INFO - [2021-11-27 14:59:22,938] {dag.py:2396} INFO - Sync 1 DAGs
[2021-11-27 14:59:22,942] {logging_mixin.py:109} INFO - [2021-11-27 14:59:22,942] {dag.py:2928} INFO - Setting next_dagrun for example_kubernetes_executor to None
[2021-11-27 14:59:22,965] {processor.py:171} INFO - Processing /Users/danielcollins/opt/anaconda3/lib/python3.8/site-packages/airflow/example_dags/example_kubernetes_executor.py took 0.073 seconds
[2021-11-27 15:00:47,777] {processor.py:163} INFO - Started process (PID=29092) to work on /Users/danielcollins/opt/anaconda3/lib/python3.8/site-packages/airflow/example_dags/example_kubernetes_executor.py
[2021-11-27 15:00:47,778] {processor.py:625} INFO - Processing file /Users/danielcollins/opt/anaconda3/lib/python3.8/site-packages/airflow/example_dags/example_kubernetes_executor.py for tasks to queue
[2021-11-27 15:00:47,778] {logging_mixin.py:109} INFO - [2021-11-27 15:00:47,778] {dagbag.py:500} INFO - Filling up the DagBag from /Users/danielcollins/opt/anaconda3/lib/python3.8/site-packages/airflow/example_dags/example_kubernetes_executor.py
[2021-11-27 15:00:47,810] {processor.py:637} INFO - DAG(s) dict_keys(['example_kubernetes_executor']) retrieved from /Users/danielcollins/opt/anaconda3/lib/python3.8/site-packages/airflow/example_dags/example_kubernetes_executor.py
[2021-11-27 15:00:47,821] {logging_mixin.py:109} INFO - [2021-11-27 15:00:47,821] {dag.py:2396} INFO - Sync 1 DAGs
[2021-11-27 15:00:47,825] {logging_mixin.py:109} INFO - [2021-11-27 15:00:47,825] {dag.py:2928} INFO - Setting next_dagrun for example_kubernetes_executor to None
[2021-11-27 15:00:47,832] {processor.py:171} INFO - Processing /Users/danielcollins/opt/anaconda3/lib/python3.8/site-packages/airflow/example_dags/example_kubernetes_executor.py took 0.055 seconds
[2021-11-27 15:02:19,238] {processor.py:163} INFO - Started process (PID=29340) to work on /Users/danielcollins/opt/anaconda3/lib/python3.8/site-packages/airflow/example_dags/example_kubernetes_executor.py
[2021-11-27 15:02:19,240] {processor.py:625} INFO - Processing file /Users/danielcollins/opt/anaconda3/lib/python3.8/site-packages/airflow/example_dags/example_kubernetes_executor.py for tasks to queue
[2021-11-27 15:02:19,240] {logging_mixin.py:109} INFO - [2021-11-27 15:02:19,240] {dagbag.py:500} INFO - Filling up the DagBag from /Users/danielcollins/opt/anaconda3/lib/python3.8/site-packages/airflow/example_dags/example_kubernetes_executor.py
[2021-11-27 15:02:19,273] {processor.py:637} INFO - DAG(s) dict_keys(['example_kubernetes_executor']) retrieved from /Users/danielcollins/opt/anaconda3/lib/python3.8/site-packages/airflow/example_dags/example_kubernetes_executor.py
[2021-11-27 15:02:19,285] {logging_mixin.py:109} INFO - [2021-11-27 15:02:19,285] {dag.py:2396} INFO - Sync 1 DAGs
[2021-11-27 15:02:19,289] {logging_mixin.py:109} INFO - [2021-11-27 15:02:19,289] {dag.py:2928} INFO - Setting next_dagrun for example_kubernetes_executor to None
[2021-11-27 15:02:19,295] {processor.py:171} INFO - Processing /Users/danielcollins/opt/anaconda3/lib/python3.8/site-packages/airflow/example_dags/example_kubernetes_executor.py took 0.057 seconds
[2021-11-27 15:03:51,332] {processor.py:163} INFO - Started process (PID=29484) to work on /Users/danielcollins/opt/anaconda3/lib/python3.8/site-packages/airflow/example_dags/example_kubernetes_executor.py
[2021-11-27 15:03:51,333] {processor.py:625} INFO - Processing file /Users/danielcollins/opt/anaconda3/lib/python3.8/site-packages/airflow/example_dags/example_kubernetes_executor.py for tasks to queue
[2021-11-27 15:03:51,333] {logging_mixin.py:109} INFO - [2021-11-27 15:03:51,333] {dagbag.py:500} INFO - Filling up the DagBag from /Users/danielcollins/opt/anaconda3/lib/python3.8/site-packages/airflow/example_dags/example_kubernetes_executor.py
[2021-11-27 15:03:51,365] {processor.py:637} INFO - DAG(s) dict_keys(['example_kubernetes_executor']) retrieved from /Users/danielcollins/opt/anaconda3/lib/python3.8/site-packages/airflow/example_dags/example_kubernetes_executor.py
[2021-11-27 15:03:51,375] {logging_mixin.py:109} INFO - [2021-11-27 15:03:51,375] {dag.py:2396} INFO - Sync 1 DAGs
[2021-11-27 15:03:51,379] {logging_mixin.py:109} INFO - [2021-11-27 15:03:51,379] {dag.py:2928} INFO - Setting next_dagrun for example_kubernetes_executor to None
[2021-11-27 15:03:51,387] {processor.py:171} INFO - Processing /Users/danielcollins/opt/anaconda3/lib/python3.8/site-packages/airflow/example_dags/example_kubernetes_executor.py took 0.055 seconds
[2021-11-27 15:05:15,823] {processor.py:163} INFO - Started process (PID=29631) to work on /Users/danielcollins/opt/anaconda3/lib/python3.8/site-packages/airflow/example_dags/example_kubernetes_executor.py
[2021-11-27 15:05:15,824] {processor.py:625} INFO - Processing file /Users/danielcollins/opt/anaconda3/lib/python3.8/site-packages/airflow/example_dags/example_kubernetes_executor.py for tasks to queue
[2021-11-27 15:05:15,824] {logging_mixin.py:109} INFO - [2021-11-27 15:05:15,824] {dagbag.py:500} INFO - Filling up the DagBag from /Users/danielcollins/opt/anaconda3/lib/python3.8/site-packages/airflow/example_dags/example_kubernetes_executor.py
[2021-11-27 15:05:15,855] {processor.py:637} INFO - DAG(s) dict_keys(['example_kubernetes_executor']) retrieved from /Users/danielcollins/opt/anaconda3/lib/python3.8/site-packages/airflow/example_dags/example_kubernetes_executor.py
[2021-11-27 15:05:15,866] {logging_mixin.py:109} INFO - [2021-11-27 15:05:15,866] {dag.py:2396} INFO - Sync 1 DAGs
[2021-11-27 15:05:15,870] {logging_mixin.py:109} INFO - [2021-11-27 15:05:15,870] {dag.py:2928} INFO - Setting next_dagrun for example_kubernetes_executor to None
[2021-11-27 15:05:15,875] {processor.py:171} INFO - Processing /Users/danielcollins/opt/anaconda3/lib/python3.8/site-packages/airflow/example_dags/example_kubernetes_executor.py took 0.052 seconds
[2021-11-27 15:06:38,086] {processor.py:163} INFO - Started process (PID=29747) to work on /Users/danielcollins/opt/anaconda3/lib/python3.8/site-packages/airflow/example_dags/example_kubernetes_executor.py
[2021-11-27 15:06:38,087] {processor.py:625} INFO - Processing file /Users/danielcollins/opt/anaconda3/lib/python3.8/site-packages/airflow/example_dags/example_kubernetes_executor.py for tasks to queue
[2021-11-27 15:06:38,087] {logging_mixin.py:109} INFO - [2021-11-27 15:06:38,087] {dagbag.py:500} INFO - Filling up the DagBag from /Users/danielcollins/opt/anaconda3/lib/python3.8/site-packages/airflow/example_dags/example_kubernetes_executor.py
[2021-11-27 15:06:38,116] {processor.py:637} INFO - DAG(s) dict_keys(['example_kubernetes_executor']) retrieved from /Users/danielcollins/opt/anaconda3/lib/python3.8/site-packages/airflow/example_dags/example_kubernetes_executor.py
[2021-11-27 15:06:38,131] {logging_mixin.py:109} INFO - [2021-11-27 15:06:38,130] {dag.py:2396} INFO - Sync 1 DAGs
[2021-11-27 15:06:38,135] {logging_mixin.py:109} INFO - [2021-11-27 15:06:38,135] {dag.py:2928} INFO - Setting next_dagrun for example_kubernetes_executor to None
[2021-11-27 15:06:38,141] {processor.py:171} INFO - Processing /Users/danielcollins/opt/anaconda3/lib/python3.8/site-packages/airflow/example_dags/example_kubernetes_executor.py took 0.055 seconds
[2021-11-27 15:08:00,366] {processor.py:163} INFO - Started process (PID=29859) to work on /Users/danielcollins/opt/anaconda3/lib/python3.8/site-packages/airflow/example_dags/example_kubernetes_executor.py
[2021-11-27 15:08:00,369] {processor.py:625} INFO - Processing file /Users/danielcollins/opt/anaconda3/lib/python3.8/site-packages/airflow/example_dags/example_kubernetes_executor.py for tasks to queue
[2021-11-27 15:08:00,369] {logging_mixin.py:109} INFO - [2021-11-27 15:08:00,369] {dagbag.py:500} INFO - Filling up the DagBag from /Users/danielcollins/opt/anaconda3/lib/python3.8/site-packages/airflow/example_dags/example_kubernetes_executor.py
[2021-11-27 15:08:00,402] {processor.py:637} INFO - DAG(s) dict_keys(['example_kubernetes_executor']) retrieved from /Users/danielcollins/opt/anaconda3/lib/python3.8/site-packages/airflow/example_dags/example_kubernetes_executor.py
[2021-11-27 15:08:00,413] {logging_mixin.py:109} INFO - [2021-11-27 15:08:00,413] {dag.py:2396} INFO - Sync 1 DAGs
[2021-11-27 15:08:00,417] {logging_mixin.py:109} INFO - [2021-11-27 15:08:00,417] {dag.py:2928} INFO - Setting next_dagrun for example_kubernetes_executor to None
[2021-11-27 15:08:00,423] {processor.py:171} INFO - Processing /Users/danielcollins/opt/anaconda3/lib/python3.8/site-packages/airflow/example_dags/example_kubernetes_executor.py took 0.056 seconds
[2021-11-27 15:09:29,175] {processor.py:163} INFO - Started process (PID=30035) to work on /Users/danielcollins/opt/anaconda3/lib/python3.8/site-packages/airflow/example_dags/example_kubernetes_executor.py
[2021-11-27 15:09:29,176] {processor.py:625} INFO - Processing file /Users/danielcollins/opt/anaconda3/lib/python3.8/site-packages/airflow/example_dags/example_kubernetes_executor.py for tasks to queue
[2021-11-27 15:09:29,176] {logging_mixin.py:109} INFO - [2021-11-27 15:09:29,176] {dagbag.py:500} INFO - Filling up the DagBag from /Users/danielcollins/opt/anaconda3/lib/python3.8/site-packages/airflow/example_dags/example_kubernetes_executor.py
[2021-11-27 15:09:29,205] {processor.py:637} INFO - DAG(s) dict_keys(['example_kubernetes_executor']) retrieved from /Users/danielcollins/opt/anaconda3/lib/python3.8/site-packages/airflow/example_dags/example_kubernetes_executor.py
[2021-11-27 15:09:29,216] {logging_mixin.py:109} INFO - [2021-11-27 15:09:29,216] {dag.py:2396} INFO - Sync 1 DAGs
[2021-11-27 15:09:29,220] {logging_mixin.py:109} INFO - [2021-11-27 15:09:29,220] {dag.py:2928} INFO - Setting next_dagrun for example_kubernetes_executor to None
[2021-11-27 15:09:29,230] {processor.py:171} INFO - Processing /Users/danielcollins/opt/anaconda3/lib/python3.8/site-packages/airflow/example_dags/example_kubernetes_executor.py took 0.055 seconds
[2021-11-27 15:10:51,690] {processor.py:163} INFO - Started process (PID=30163) to work on /Users/danielcollins/opt/anaconda3/lib/python3.8/site-packages/airflow/example_dags/example_kubernetes_executor.py
[2021-11-27 15:10:51,691] {processor.py:625} INFO - Processing file /Users/danielcollins/opt/anaconda3/lib/python3.8/site-packages/airflow/example_dags/example_kubernetes_executor.py for tasks to queue
[2021-11-27 15:10:51,691] {logging_mixin.py:109} INFO - [2021-11-27 15:10:51,691] {dagbag.py:500} INFO - Filling up the DagBag from /Users/danielcollins/opt/anaconda3/lib/python3.8/site-packages/airflow/example_dags/example_kubernetes_executor.py
[2021-11-27 15:10:51,725] {processor.py:637} INFO - DAG(s) dict_keys(['example_kubernetes_executor']) retrieved from /Users/danielcollins/opt/anaconda3/lib/python3.8/site-packages/airflow/example_dags/example_kubernetes_executor.py
[2021-11-27 15:10:51,736] {logging_mixin.py:109} INFO - [2021-11-27 15:10:51,736] {dag.py:2396} INFO - Sync 1 DAGs
[2021-11-27 15:10:51,740] {logging_mixin.py:109} INFO - [2021-11-27 15:10:51,740] {dag.py:2928} INFO - Setting next_dagrun for example_kubernetes_executor to None
[2021-11-27 15:10:51,745] {processor.py:171} INFO - Processing /Users/danielcollins/opt/anaconda3/lib/python3.8/site-packages/airflow/example_dags/example_kubernetes_executor.py took 0.055 seconds
[2021-11-27 15:12:21,315] {processor.py:163} INFO - Started process (PID=30296) to work on /Users/danielcollins/opt/anaconda3/lib/python3.8/site-packages/airflow/example_dags/example_kubernetes_executor.py
[2021-11-27 15:12:21,316] {processor.py:625} INFO - Processing file /Users/danielcollins/opt/anaconda3/lib/python3.8/site-packages/airflow/example_dags/example_kubernetes_executor.py for tasks to queue
[2021-11-27 15:12:21,316] {logging_mixin.py:109} INFO - [2021-11-27 15:12:21,316] {dagbag.py:500} INFO - Filling up the DagBag from /Users/danielcollins/opt/anaconda3/lib/python3.8/site-packages/airflow/example_dags/example_kubernetes_executor.py
[2021-11-27 15:12:21,347] {processor.py:637} INFO - DAG(s) dict_keys(['example_kubernetes_executor']) retrieved from /Users/danielcollins/opt/anaconda3/lib/python3.8/site-packages/airflow/example_dags/example_kubernetes_executor.py
[2021-11-27 15:12:21,358] {logging_mixin.py:109} INFO - [2021-11-27 15:12:21,358] {dag.py:2396} INFO - Sync 1 DAGs
[2021-11-27 15:12:21,362] {logging_mixin.py:109} INFO - [2021-11-27 15:12:21,362] {dag.py:2928} INFO - Setting next_dagrun for example_kubernetes_executor to None
[2021-11-27 15:12:21,371] {processor.py:171} INFO - Processing /Users/danielcollins/opt/anaconda3/lib/python3.8/site-packages/airflow/example_dags/example_kubernetes_executor.py took 0.057 seconds
[2021-11-27 15:13:52,698] {processor.py:163} INFO - Started process (PID=30435) to work on /Users/danielcollins/opt/anaconda3/lib/python3.8/site-packages/airflow/example_dags/example_kubernetes_executor.py
[2021-11-27 15:13:52,698] {processor.py:625} INFO - Processing file /Users/danielcollins/opt/anaconda3/lib/python3.8/site-packages/airflow/example_dags/example_kubernetes_executor.py for tasks to queue
[2021-11-27 15:13:52,698] {logging_mixin.py:109} INFO - [2021-11-27 15:13:52,698] {dagbag.py:500} INFO - Filling up the DagBag from /Users/danielcollins/opt/anaconda3/lib/python3.8/site-packages/airflow/example_dags/example_kubernetes_executor.py
[2021-11-27 15:13:52,726] {processor.py:637} INFO - DAG(s) dict_keys(['example_kubernetes_executor']) retrieved from /Users/danielcollins/opt/anaconda3/lib/python3.8/site-packages/airflow/example_dags/example_kubernetes_executor.py
[2021-11-27 15:13:52,736] {logging_mixin.py:109} INFO - [2021-11-27 15:13:52,736] {dag.py:2396} INFO - Sync 1 DAGs
[2021-11-27 15:13:52,740] {logging_mixin.py:109} INFO - [2021-11-27 15:13:52,740] {dag.py:2928} INFO - Setting next_dagrun for example_kubernetes_executor to None
[2021-11-27 15:13:52,751] {processor.py:171} INFO - Processing /Users/danielcollins/opt/anaconda3/lib/python3.8/site-packages/airflow/example_dags/example_kubernetes_executor.py took 0.054 seconds
[2021-11-27 15:15:21,176] {processor.py:163} INFO - Started process (PID=30545) to work on /Users/danielcollins/opt/anaconda3/lib/python3.8/site-packages/airflow/example_dags/example_kubernetes_executor.py
[2021-11-27 15:15:21,176] {processor.py:625} INFO - Processing file /Users/danielcollins/opt/anaconda3/lib/python3.8/site-packages/airflow/example_dags/example_kubernetes_executor.py for tasks to queue
[2021-11-27 15:15:21,176] {logging_mixin.py:109} INFO - [2021-11-27 15:15:21,176] {dagbag.py:500} INFO - Filling up the DagBag from /Users/danielcollins/opt/anaconda3/lib/python3.8/site-packages/airflow/example_dags/example_kubernetes_executor.py
[2021-11-27 15:15:21,211] {processor.py:637} INFO - DAG(s) dict_keys(['example_kubernetes_executor']) retrieved from /Users/danielcollins/opt/anaconda3/lib/python3.8/site-packages/airflow/example_dags/example_kubernetes_executor.py
[2021-11-27 15:15:21,223] {logging_mixin.py:109} INFO - [2021-11-27 15:15:21,223] {dag.py:2396} INFO - Sync 1 DAGs
[2021-11-27 15:15:21,228] {logging_mixin.py:109} INFO - [2021-11-27 15:15:21,228] {dag.py:2928} INFO - Setting next_dagrun for example_kubernetes_executor to None
[2021-11-27 15:15:21,235] {processor.py:171} INFO - Processing /Users/danielcollins/opt/anaconda3/lib/python3.8/site-packages/airflow/example_dags/example_kubernetes_executor.py took 0.060 seconds
[2021-11-27 15:16:43,867] {processor.py:163} INFO - Started process (PID=30718) to work on /Users/danielcollins/opt/anaconda3/lib/python3.8/site-packages/airflow/example_dags/example_kubernetes_executor.py
[2021-11-27 15:16:43,868] {processor.py:625} INFO - Processing file /Users/danielcollins/opt/anaconda3/lib/python3.8/site-packages/airflow/example_dags/example_kubernetes_executor.py for tasks to queue
[2021-11-27 15:16:43,868] {logging_mixin.py:109} INFO - [2021-11-27 15:16:43,868] {dagbag.py:500} INFO - Filling up the DagBag from /Users/danielcollins/opt/anaconda3/lib/python3.8/site-packages/airflow/example_dags/example_kubernetes_executor.py
[2021-11-27 15:16:43,898] {processor.py:637} INFO - DAG(s) dict_keys(['example_kubernetes_executor']) retrieved from /Users/danielcollins/opt/anaconda3/lib/python3.8/site-packages/airflow/example_dags/example_kubernetes_executor.py
[2021-11-27 15:16:43,908] {logging_mixin.py:109} INFO - [2021-11-27 15:16:43,908] {dag.py:2396} INFO - Sync 1 DAGs
[2021-11-27 15:16:43,913] {logging_mixin.py:109} INFO - [2021-11-27 15:16:43,913] {dag.py:2928} INFO - Setting next_dagrun for example_kubernetes_executor to None
[2021-11-27 15:16:43,919] {processor.py:171} INFO - Processing /Users/danielcollins/opt/anaconda3/lib/python3.8/site-packages/airflow/example_dags/example_kubernetes_executor.py took 0.052 seconds
[2021-11-27 15:18:13,658] {processor.py:163} INFO - Started process (PID=30849) to work on /Users/danielcollins/opt/anaconda3/lib/python3.8/site-packages/airflow/example_dags/example_kubernetes_executor.py
[2021-11-27 15:18:13,659] {processor.py:625} INFO - Processing file /Users/danielcollins/opt/anaconda3/lib/python3.8/site-packages/airflow/example_dags/example_kubernetes_executor.py for tasks to queue
[2021-11-27 15:18:13,659] {logging_mixin.py:109} INFO - [2021-11-27 15:18:13,659] {dagbag.py:500} INFO - Filling up the DagBag from /Users/danielcollins/opt/anaconda3/lib/python3.8/site-packages/airflow/example_dags/example_kubernetes_executor.py
[2021-11-27 15:18:13,689] {processor.py:637} INFO - DAG(s) dict_keys(['example_kubernetes_executor']) retrieved from /Users/danielcollins/opt/anaconda3/lib/python3.8/site-packages/airflow/example_dags/example_kubernetes_executor.py
[2021-11-27 15:18:13,700] {logging_mixin.py:109} INFO - [2021-11-27 15:18:13,700] {dag.py:2396} INFO - Sync 1 DAGs
[2021-11-27 15:18:13,704] {logging_mixin.py:109} INFO - [2021-11-27 15:18:13,704] {dag.py:2928} INFO - Setting next_dagrun for example_kubernetes_executor to None
[2021-11-27 15:18:13,710] {processor.py:171} INFO - Processing /Users/danielcollins/opt/anaconda3/lib/python3.8/site-packages/airflow/example_dags/example_kubernetes_executor.py took 0.053 seconds
[2021-11-27 15:19:46,185] {processor.py:163} INFO - Started process (PID=31047) to work on /Users/danielcollins/opt/anaconda3/lib/python3.8/site-packages/airflow/example_dags/example_kubernetes_executor.py
[2021-11-27 15:19:46,186] {processor.py:625} INFO - Processing file /Users/danielcollins/opt/anaconda3/lib/python3.8/site-packages/airflow/example_dags/example_kubernetes_executor.py for tasks to queue
[2021-11-27 15:19:46,186] {logging_mixin.py:109} INFO - [2021-11-27 15:19:46,186] {dagbag.py:500} INFO - Filling up the DagBag from /Users/danielcollins/opt/anaconda3/lib/python3.8/site-packages/airflow/example_dags/example_kubernetes_executor.py
[2021-11-27 15:19:46,221] {processor.py:637} INFO - DAG(s) dict_keys(['example_kubernetes_executor']) retrieved from /Users/danielcollins/opt/anaconda3/lib/python3.8/site-packages/airflow/example_dags/example_kubernetes_executor.py
[2021-11-27 15:19:46,233] {logging_mixin.py:109} INFO - [2021-11-27 15:19:46,233] {dag.py:2396} INFO - Sync 1 DAGs
[2021-11-27 15:19:46,238] {logging_mixin.py:109} INFO - [2021-11-27 15:19:46,237] {dag.py:2928} INFO - Setting next_dagrun for example_kubernetes_executor to None
[2021-11-27 15:19:46,245] {processor.py:171} INFO - Processing /Users/danielcollins/opt/anaconda3/lib/python3.8/site-packages/airflow/example_dags/example_kubernetes_executor.py took 0.060 seconds
[2021-11-27 15:21:19,437] {processor.py:163} INFO - Started process (PID=31160) to work on /Users/danielcollins/opt/anaconda3/lib/python3.8/site-packages/airflow/example_dags/example_kubernetes_executor.py
[2021-11-27 15:21:19,439] {processor.py:625} INFO - Processing file /Users/danielcollins/opt/anaconda3/lib/python3.8/site-packages/airflow/example_dags/example_kubernetes_executor.py for tasks to queue
[2021-11-27 15:21:19,440] {logging_mixin.py:109} INFO - [2021-11-27 15:21:19,440] {dagbag.py:500} INFO - Filling up the DagBag from /Users/danielcollins/opt/anaconda3/lib/python3.8/site-packages/airflow/example_dags/example_kubernetes_executor.py
[2021-11-27 15:21:19,476] {processor.py:637} INFO - DAG(s) dict_keys(['example_kubernetes_executor']) retrieved from /Users/danielcollins/opt/anaconda3/lib/python3.8/site-packages/airflow/example_dags/example_kubernetes_executor.py
[2021-11-27 15:21:19,487] {logging_mixin.py:109} INFO - [2021-11-27 15:21:19,487] {dag.py:2396} INFO - Sync 1 DAGs
[2021-11-27 15:21:19,491] {logging_mixin.py:109} INFO - [2021-11-27 15:21:19,491] {dag.py:2928} INFO - Setting next_dagrun for example_kubernetes_executor to None
[2021-11-27 15:21:19,499] {processor.py:171} INFO - Processing /Users/danielcollins/opt/anaconda3/lib/python3.8/site-packages/airflow/example_dags/example_kubernetes_executor.py took 0.062 seconds
[2021-11-27 15:22:48,640] {processor.py:163} INFO - Started process (PID=31282) to work on /Users/danielcollins/opt/anaconda3/lib/python3.8/site-packages/airflow/example_dags/example_kubernetes_executor.py
[2021-11-27 15:22:48,641] {processor.py:625} INFO - Processing file /Users/danielcollins/opt/anaconda3/lib/python3.8/site-packages/airflow/example_dags/example_kubernetes_executor.py for tasks to queue
[2021-11-27 15:22:48,641] {logging_mixin.py:109} INFO - [2021-11-27 15:22:48,641] {dagbag.py:500} INFO - Filling up the DagBag from /Users/danielcollins/opt/anaconda3/lib/python3.8/site-packages/airflow/example_dags/example_kubernetes_executor.py
[2021-11-27 15:22:48,670] {processor.py:637} INFO - DAG(s) dict_keys(['example_kubernetes_executor']) retrieved from /Users/danielcollins/opt/anaconda3/lib/python3.8/site-packages/airflow/example_dags/example_kubernetes_executor.py
[2021-11-27 15:22:48,681] {logging_mixin.py:109} INFO - [2021-11-27 15:22:48,681] {dag.py:2396} INFO - Sync 1 DAGs
[2021-11-27 15:22:48,685] {logging_mixin.py:109} INFO - [2021-11-27 15:22:48,685] {dag.py:2928} INFO - Setting next_dagrun for example_kubernetes_executor to None
[2021-11-27 15:22:48,690] {processor.py:171} INFO - Processing /Users/danielcollins/opt/anaconda3/lib/python3.8/site-packages/airflow/example_dags/example_kubernetes_executor.py took 0.050 seconds
[2021-11-27 15:24:12,890] {processor.py:163} INFO - Started process (PID=31425) to work on /Users/danielcollins/opt/anaconda3/lib/python3.8/site-packages/airflow/example_dags/example_kubernetes_executor.py
[2021-11-27 15:24:12,891] {processor.py:625} INFO - Processing file /Users/danielcollins/opt/anaconda3/lib/python3.8/site-packages/airflow/example_dags/example_kubernetes_executor.py for tasks to queue
[2021-11-27 15:24:12,891] {logging_mixin.py:109} INFO - [2021-11-27 15:24:12,891] {dagbag.py:500} INFO - Filling up the DagBag from /Users/danielcollins/opt/anaconda3/lib/python3.8/site-packages/airflow/example_dags/example_kubernetes_executor.py
[2021-11-27 15:24:12,919] {processor.py:637} INFO - DAG(s) dict_keys(['example_kubernetes_executor']) retrieved from /Users/danielcollins/opt/anaconda3/lib/python3.8/site-packages/airflow/example_dags/example_kubernetes_executor.py
[2021-11-27 15:24:12,930] {logging_mixin.py:109} INFO - [2021-11-27 15:24:12,930] {dag.py:2396} INFO - Sync 1 DAGs
[2021-11-27 15:24:12,934] {logging_mixin.py:109} INFO - [2021-11-27 15:24:12,934] {dag.py:2928} INFO - Setting next_dagrun for example_kubernetes_executor to None
[2021-11-27 15:24:12,943] {processor.py:171} INFO - Processing /Users/danielcollins/opt/anaconda3/lib/python3.8/site-packages/airflow/example_dags/example_kubernetes_executor.py took 0.053 seconds
[2021-11-27 15:25:37,026] {processor.py:163} INFO - Started process (PID=31541) to work on /Users/danielcollins/opt/anaconda3/lib/python3.8/site-packages/airflow/example_dags/example_kubernetes_executor.py
[2021-11-27 15:25:37,027] {processor.py:625} INFO - Processing file /Users/danielcollins/opt/anaconda3/lib/python3.8/site-packages/airflow/example_dags/example_kubernetes_executor.py for tasks to queue
[2021-11-27 15:25:37,027] {logging_mixin.py:109} INFO - [2021-11-27 15:25:37,027] {dagbag.py:500} INFO - Filling up the DagBag from /Users/danielcollins/opt/anaconda3/lib/python3.8/site-packages/airflow/example_dags/example_kubernetes_executor.py
[2021-11-27 15:25:37,057] {processor.py:637} INFO - DAG(s) dict_keys(['example_kubernetes_executor']) retrieved from /Users/danielcollins/opt/anaconda3/lib/python3.8/site-packages/airflow/example_dags/example_kubernetes_executor.py
[2021-11-27 15:25:37,068] {logging_mixin.py:109} INFO - [2021-11-27 15:25:37,068] {dag.py:2396} INFO - Sync 1 DAGs
[2021-11-27 15:25:37,072] {logging_mixin.py:109} INFO - [2021-11-27 15:25:37,072] {dag.py:2928} INFO - Setting next_dagrun for example_kubernetes_executor to None
[2021-11-27 15:25:37,078] {processor.py:171} INFO - Processing /Users/danielcollins/opt/anaconda3/lib/python3.8/site-packages/airflow/example_dags/example_kubernetes_executor.py took 0.052 seconds
[2021-11-27 15:27:03,363] {processor.py:163} INFO - Started process (PID=31739) to work on /Users/danielcollins/opt/anaconda3/lib/python3.8/site-packages/airflow/example_dags/example_kubernetes_executor.py
[2021-11-27 15:27:03,364] {processor.py:625} INFO - Processing file /Users/danielcollins/opt/anaconda3/lib/python3.8/site-packages/airflow/example_dags/example_kubernetes_executor.py for tasks to queue
[2021-11-27 15:27:03,364] {logging_mixin.py:109} INFO - [2021-11-27 15:27:03,364] {dagbag.py:500} INFO - Filling up the DagBag from /Users/danielcollins/opt/anaconda3/lib/python3.8/site-packages/airflow/example_dags/example_kubernetes_executor.py
[2021-11-27 15:27:03,393] {processor.py:637} INFO - DAG(s) dict_keys(['example_kubernetes_executor']) retrieved from /Users/danielcollins/opt/anaconda3/lib/python3.8/site-packages/airflow/example_dags/example_kubernetes_executor.py
[2021-11-27 15:27:03,403] {logging_mixin.py:109} INFO - [2021-11-27 15:27:03,403] {dag.py:2396} INFO - Sync 1 DAGs
[2021-11-27 15:27:03,407] {logging_mixin.py:109} INFO - [2021-11-27 15:27:03,407] {dag.py:2928} INFO - Setting next_dagrun for example_kubernetes_executor to None
[2021-11-27 15:27:03,416] {processor.py:171} INFO - Processing /Users/danielcollins/opt/anaconda3/lib/python3.8/site-packages/airflow/example_dags/example_kubernetes_executor.py took 0.053 seconds
[2021-11-27 15:28:29,485] {processor.py:163} INFO - Started process (PID=31897) to work on /Users/danielcollins/opt/anaconda3/lib/python3.8/site-packages/airflow/example_dags/example_kubernetes_executor.py
[2021-11-27 15:28:29,487] {processor.py:625} INFO - Processing file /Users/danielcollins/opt/anaconda3/lib/python3.8/site-packages/airflow/example_dags/example_kubernetes_executor.py for tasks to queue
[2021-11-27 15:28:29,487] {logging_mixin.py:109} INFO - [2021-11-27 15:28:29,487] {dagbag.py:500} INFO - Filling up the DagBag from /Users/danielcollins/opt/anaconda3/lib/python3.8/site-packages/airflow/example_dags/example_kubernetes_executor.py
[2021-11-27 15:28:29,525] {processor.py:637} INFO - DAG(s) dict_keys(['example_kubernetes_executor']) retrieved from /Users/danielcollins/opt/anaconda3/lib/python3.8/site-packages/airflow/example_dags/example_kubernetes_executor.py
[2021-11-27 15:28:29,552] {logging_mixin.py:109} INFO - [2021-11-27 15:28:29,552] {dag.py:2396} INFO - Sync 1 DAGs
[2021-11-27 15:28:29,557] {logging_mixin.py:109} INFO - [2021-11-27 15:28:29,557] {dag.py:2928} INFO - Setting next_dagrun for example_kubernetes_executor to None
[2021-11-27 15:28:29,566] {processor.py:171} INFO - Processing /Users/danielcollins/opt/anaconda3/lib/python3.8/site-packages/airflow/example_dags/example_kubernetes_executor.py took 0.082 seconds
[2021-11-27 15:46:18,033] {processor.py:163} INFO - Started process (PID=32215) to work on /Users/danielcollins/opt/anaconda3/lib/python3.8/site-packages/airflow/example_dags/example_kubernetes_executor.py
[2021-11-27 15:46:18,034] {processor.py:625} INFO - Processing file /Users/danielcollins/opt/anaconda3/lib/python3.8/site-packages/airflow/example_dags/example_kubernetes_executor.py for tasks to queue
[2021-11-27 15:46:18,035] {logging_mixin.py:109} INFO - [2021-11-27 15:46:18,035] {dagbag.py:500} INFO - Filling up the DagBag from /Users/danielcollins/opt/anaconda3/lib/python3.8/site-packages/airflow/example_dags/example_kubernetes_executor.py
[2021-11-27 15:46:18,180] {processor.py:637} INFO - DAG(s) dict_keys(['example_kubernetes_executor']) retrieved from /Users/danielcollins/opt/anaconda3/lib/python3.8/site-packages/airflow/example_dags/example_kubernetes_executor.py
[2021-11-27 15:46:18,213] {logging_mixin.py:109} INFO - [2021-11-27 15:46:18,212] {dag.py:2396} INFO - Sync 1 DAGs
[2021-11-27 15:46:18,262] {logging_mixin.py:109} INFO - [2021-11-27 15:46:18,262] {dag.py:2928} INFO - Setting next_dagrun for example_kubernetes_executor to None
[2021-11-27 15:46:18,274] {processor.py:171} INFO - Processing /Users/danielcollins/opt/anaconda3/lib/python3.8/site-packages/airflow/example_dags/example_kubernetes_executor.py took 0.244 seconds
[2021-11-27 15:52:09,976] {processor.py:163} INFO - Started process (PID=32646) to work on /Users/danielcollins/opt/anaconda3/lib/python3.8/site-packages/airflow/example_dags/example_kubernetes_executor.py
[2021-11-27 15:52:09,977] {processor.py:625} INFO - Processing file /Users/danielcollins/opt/anaconda3/lib/python3.8/site-packages/airflow/example_dags/example_kubernetes_executor.py for tasks to queue
[2021-11-27 15:52:09,990] {logging_mixin.py:109} INFO - [2021-11-27 15:52:09,989] {dagbag.py:500} INFO - Filling up the DagBag from /Users/danielcollins/opt/anaconda3/lib/python3.8/site-packages/airflow/example_dags/example_kubernetes_executor.py
[2021-11-27 15:52:10,101] {processor.py:637} INFO - DAG(s) dict_keys(['example_kubernetes_executor']) retrieved from /Users/danielcollins/opt/anaconda3/lib/python3.8/site-packages/airflow/example_dags/example_kubernetes_executor.py
[2021-11-27 15:52:10,150] {logging_mixin.py:109} INFO - [2021-11-27 15:52:10,149] {dag.py:2396} INFO - Sync 1 DAGs
[2021-11-27 15:52:10,154] {logging_mixin.py:109} INFO - [2021-11-27 15:52:10,154] {dag.py:2928} INFO - Setting next_dagrun for example_kubernetes_executor to None
[2021-11-27 15:52:10,161] {processor.py:171} INFO - Processing /Users/danielcollins/opt/anaconda3/lib/python3.8/site-packages/airflow/example_dags/example_kubernetes_executor.py took 0.187 seconds
[2021-11-27 16:28:48,665] {processor.py:163} INFO - Started process (PID=32835) to work on /Users/danielcollins/opt/anaconda3/lib/python3.8/site-packages/airflow/example_dags/example_kubernetes_executor.py
[2021-11-27 16:28:48,666] {processor.py:625} INFO - Processing file /Users/danielcollins/opt/anaconda3/lib/python3.8/site-packages/airflow/example_dags/example_kubernetes_executor.py for tasks to queue
[2021-11-27 16:28:48,666] {logging_mixin.py:109} INFO - [2021-11-27 16:28:48,666] {dagbag.py:500} INFO - Filling up the DagBag from /Users/danielcollins/opt/anaconda3/lib/python3.8/site-packages/airflow/example_dags/example_kubernetes_executor.py
[2021-11-27 16:28:48,701] {processor.py:637} INFO - DAG(s) dict_keys(['example_kubernetes_executor']) retrieved from /Users/danielcollins/opt/anaconda3/lib/python3.8/site-packages/airflow/example_dags/example_kubernetes_executor.py
[2021-11-27 16:28:48,712] {logging_mixin.py:109} INFO - [2021-11-27 16:28:48,711] {dag.py:2396} INFO - Sync 1 DAGs
[2021-11-27 16:28:48,716] {logging_mixin.py:109} INFO - [2021-11-27 16:28:48,716] {dag.py:2928} INFO - Setting next_dagrun for example_kubernetes_executor to None
[2021-11-27 16:28:48,731] {processor.py:171} INFO - Processing /Users/danielcollins/opt/anaconda3/lib/python3.8/site-packages/airflow/example_dags/example_kubernetes_executor.py took 0.066 seconds
[2021-11-27 16:52:28,719] {processor.py:163} INFO - Started process (PID=33019) to work on /Users/danielcollins/opt/anaconda3/lib/python3.8/site-packages/airflow/example_dags/example_kubernetes_executor.py
[2021-11-27 16:52:28,721] {processor.py:625} INFO - Processing file /Users/danielcollins/opt/anaconda3/lib/python3.8/site-packages/airflow/example_dags/example_kubernetes_executor.py for tasks to queue
[2021-11-27 16:52:28,721] {logging_mixin.py:109} INFO - [2021-11-27 16:52:28,721] {dagbag.py:500} INFO - Filling up the DagBag from /Users/danielcollins/opt/anaconda3/lib/python3.8/site-packages/airflow/example_dags/example_kubernetes_executor.py
[2021-11-27 16:52:28,752] {processor.py:637} INFO - DAG(s) dict_keys(['example_kubernetes_executor']) retrieved from /Users/danielcollins/opt/anaconda3/lib/python3.8/site-packages/airflow/example_dags/example_kubernetes_executor.py
[2021-11-27 16:52:28,765] {logging_mixin.py:109} INFO - [2021-11-27 16:52:28,765] {dag.py:2396} INFO - Sync 1 DAGs
[2021-11-27 16:52:28,769] {logging_mixin.py:109} INFO - [2021-11-27 16:52:28,769] {dag.py:2928} INFO - Setting next_dagrun for example_kubernetes_executor to None
[2021-11-27 16:52:28,775] {processor.py:171} INFO - Processing /Users/danielcollins/opt/anaconda3/lib/python3.8/site-packages/airflow/example_dags/example_kubernetes_executor.py took 0.056 seconds
[2021-11-27 16:54:00,132] {processor.py:163} INFO - Started process (PID=33130) to work on /Users/danielcollins/opt/anaconda3/lib/python3.8/site-packages/airflow/example_dags/example_kubernetes_executor.py
[2021-11-27 16:54:00,133] {processor.py:625} INFO - Processing file /Users/danielcollins/opt/anaconda3/lib/python3.8/site-packages/airflow/example_dags/example_kubernetes_executor.py for tasks to queue
[2021-11-27 16:54:00,133] {logging_mixin.py:109} INFO - [2021-11-27 16:54:00,133] {dagbag.py:500} INFO - Filling up the DagBag from /Users/danielcollins/opt/anaconda3/lib/python3.8/site-packages/airflow/example_dags/example_kubernetes_executor.py
[2021-11-27 16:54:00,164] {processor.py:637} INFO - DAG(s) dict_keys(['example_kubernetes_executor']) retrieved from /Users/danielcollins/opt/anaconda3/lib/python3.8/site-packages/airflow/example_dags/example_kubernetes_executor.py
[2021-11-27 16:54:00,174] {logging_mixin.py:109} INFO - [2021-11-27 16:54:00,174] {dag.py:2396} INFO - Sync 1 DAGs
[2021-11-27 16:54:00,178] {logging_mixin.py:109} INFO - [2021-11-27 16:54:00,178] {dag.py:2928} INFO - Setting next_dagrun for example_kubernetes_executor to None
[2021-11-27 16:54:00,184] {processor.py:171} INFO - Processing /Users/danielcollins/opt/anaconda3/lib/python3.8/site-packages/airflow/example_dags/example_kubernetes_executor.py took 0.053 seconds
[2021-11-27 16:55:26,297] {processor.py:163} INFO - Started process (PID=33292) to work on /Users/danielcollins/opt/anaconda3/lib/python3.8/site-packages/airflow/example_dags/example_kubernetes_executor.py
[2021-11-27 16:55:26,297] {processor.py:625} INFO - Processing file /Users/danielcollins/opt/anaconda3/lib/python3.8/site-packages/airflow/example_dags/example_kubernetes_executor.py for tasks to queue
[2021-11-27 16:55:26,297] {logging_mixin.py:109} INFO - [2021-11-27 16:55:26,297] {dagbag.py:500} INFO - Filling up the DagBag from /Users/danielcollins/opt/anaconda3/lib/python3.8/site-packages/airflow/example_dags/example_kubernetes_executor.py
[2021-11-27 16:55:26,328] {processor.py:637} INFO - DAG(s) dict_keys(['example_kubernetes_executor']) retrieved from /Users/danielcollins/opt/anaconda3/lib/python3.8/site-packages/airflow/example_dags/example_kubernetes_executor.py
[2021-11-27 16:55:26,339] {logging_mixin.py:109} INFO - [2021-11-27 16:55:26,339] {dag.py:2396} INFO - Sync 1 DAGs
[2021-11-27 16:55:26,343] {logging_mixin.py:109} INFO - [2021-11-27 16:55:26,343] {dag.py:2928} INFO - Setting next_dagrun for example_kubernetes_executor to None
[2021-11-27 16:55:26,349] {processor.py:171} INFO - Processing /Users/danielcollins/opt/anaconda3/lib/python3.8/site-packages/airflow/example_dags/example_kubernetes_executor.py took 0.052 seconds
