[2021-11-26 17:00:39,497] {processor.py:163} INFO - Started process (PID=19277) to work on /Users/danielcollins/opt/anaconda3/lib/python3.8/site-packages/airflow/example_dags/example_complex.py
[2021-11-26 17:00:39,497] {processor.py:625} INFO - Processing file /Users/danielcollins/opt/anaconda3/lib/python3.8/site-packages/airflow/example_dags/example_complex.py for tasks to queue
[2021-11-26 17:00:39,497] {logging_mixin.py:109} INFO - [2021-11-26 17:00:39,497] {dagbag.py:500} INFO - Filling up the DagBag from /Users/danielcollins/opt/anaconda3/lib/python3.8/site-packages/airflow/example_dags/example_complex.py
[2021-11-26 17:00:39,529] {processor.py:637} INFO - DAG(s) dict_keys(['example_complex']) retrieved from /Users/danielcollins/opt/anaconda3/lib/python3.8/site-packages/airflow/example_dags/example_complex.py
[2021-11-26 17:00:39,542] {logging_mixin.py:109} INFO - [2021-11-26 17:00:39,542] {dag.py:2396} INFO - Sync 1 DAGs
[2021-11-26 17:00:39,547] {logging_mixin.py:109} INFO - [2021-11-26 17:00:39,547] {dag.py:2928} INFO - Setting next_dagrun for example_complex to None
[2021-11-26 17:00:39,557] {processor.py:171} INFO - Processing /Users/danielcollins/opt/anaconda3/lib/python3.8/site-packages/airflow/example_dags/example_complex.py took 0.061 seconds
[2021-11-26 17:02:02,327] {processor.py:163} INFO - Started process (PID=19435) to work on /Users/danielcollins/opt/anaconda3/lib/python3.8/site-packages/airflow/example_dags/example_complex.py
[2021-11-26 17:02:02,328] {processor.py:625} INFO - Processing file /Users/danielcollins/opt/anaconda3/lib/python3.8/site-packages/airflow/example_dags/example_complex.py for tasks to queue
[2021-11-26 17:02:02,328] {logging_mixin.py:109} INFO - [2021-11-26 17:02:02,328] {dagbag.py:500} INFO - Filling up the DagBag from /Users/danielcollins/opt/anaconda3/lib/python3.8/site-packages/airflow/example_dags/example_complex.py
[2021-11-26 17:02:02,365] {processor.py:637} INFO - DAG(s) dict_keys(['example_complex']) retrieved from /Users/danielcollins/opt/anaconda3/lib/python3.8/site-packages/airflow/example_dags/example_complex.py
[2021-11-26 17:02:02,379] {logging_mixin.py:109} INFO - [2021-11-26 17:02:02,379] {dag.py:2396} INFO - Sync 1 DAGs
[2021-11-26 17:02:02,384] {logging_mixin.py:109} INFO - [2021-11-26 17:02:02,384] {dag.py:2928} INFO - Setting next_dagrun for example_complex to None
[2021-11-26 17:02:02,395] {processor.py:171} INFO - Processing /Users/danielcollins/opt/anaconda3/lib/python3.8/site-packages/airflow/example_dags/example_complex.py took 0.068 seconds
[2021-11-26 17:03:24,578] {processor.py:163} INFO - Started process (PID=19550) to work on /Users/danielcollins/opt/anaconda3/lib/python3.8/site-packages/airflow/example_dags/example_complex.py
[2021-11-26 17:03:24,579] {processor.py:625} INFO - Processing file /Users/danielcollins/opt/anaconda3/lib/python3.8/site-packages/airflow/example_dags/example_complex.py for tasks to queue
[2021-11-26 17:03:24,579] {logging_mixin.py:109} INFO - [2021-11-26 17:03:24,579] {dagbag.py:500} INFO - Filling up the DagBag from /Users/danielcollins/opt/anaconda3/lib/python3.8/site-packages/airflow/example_dags/example_complex.py
[2021-11-26 17:03:24,612] {processor.py:637} INFO - DAG(s) dict_keys(['example_complex']) retrieved from /Users/danielcollins/opt/anaconda3/lib/python3.8/site-packages/airflow/example_dags/example_complex.py
[2021-11-26 17:03:24,625] {logging_mixin.py:109} INFO - [2021-11-26 17:03:24,624] {dag.py:2396} INFO - Sync 1 DAGs
[2021-11-26 17:03:24,629] {logging_mixin.py:109} INFO - [2021-11-26 17:03:24,629] {dag.py:2928} INFO - Setting next_dagrun for example_complex to None
[2021-11-26 17:03:24,635] {processor.py:171} INFO - Processing /Users/danielcollins/opt/anaconda3/lib/python3.8/site-packages/airflow/example_dags/example_complex.py took 0.058 seconds
[2021-11-26 17:04:49,310] {processor.py:163} INFO - Started process (PID=19659) to work on /Users/danielcollins/opt/anaconda3/lib/python3.8/site-packages/airflow/example_dags/example_complex.py
[2021-11-26 17:04:49,310] {processor.py:625} INFO - Processing file /Users/danielcollins/opt/anaconda3/lib/python3.8/site-packages/airflow/example_dags/example_complex.py for tasks to queue
[2021-11-26 17:04:49,311] {logging_mixin.py:109} INFO - [2021-11-26 17:04:49,311] {dagbag.py:500} INFO - Filling up the DagBag from /Users/danielcollins/opt/anaconda3/lib/python3.8/site-packages/airflow/example_dags/example_complex.py
[2021-11-26 17:04:49,343] {processor.py:637} INFO - DAG(s) dict_keys(['example_complex']) retrieved from /Users/danielcollins/opt/anaconda3/lib/python3.8/site-packages/airflow/example_dags/example_complex.py
[2021-11-26 17:04:49,356] {logging_mixin.py:109} INFO - [2021-11-26 17:04:49,356] {dag.py:2396} INFO - Sync 1 DAGs
[2021-11-26 17:04:49,361] {logging_mixin.py:109} INFO - [2021-11-26 17:04:49,361] {dag.py:2928} INFO - Setting next_dagrun for example_complex to None
[2021-11-26 17:04:49,366] {processor.py:171} INFO - Processing /Users/danielcollins/opt/anaconda3/lib/python3.8/site-packages/airflow/example_dags/example_complex.py took 0.056 seconds
[2021-11-26 17:06:13,682] {processor.py:163} INFO - Started process (PID=19771) to work on /Users/danielcollins/opt/anaconda3/lib/python3.8/site-packages/airflow/example_dags/example_complex.py
[2021-11-26 17:06:13,682] {processor.py:625} INFO - Processing file /Users/danielcollins/opt/anaconda3/lib/python3.8/site-packages/airflow/example_dags/example_complex.py for tasks to queue
[2021-11-26 17:06:13,683] {logging_mixin.py:109} INFO - [2021-11-26 17:06:13,683] {dagbag.py:500} INFO - Filling up the DagBag from /Users/danielcollins/opt/anaconda3/lib/python3.8/site-packages/airflow/example_dags/example_complex.py
[2021-11-26 17:06:13,715] {processor.py:637} INFO - DAG(s) dict_keys(['example_complex']) retrieved from /Users/danielcollins/opt/anaconda3/lib/python3.8/site-packages/airflow/example_dags/example_complex.py
[2021-11-26 17:06:13,728] {logging_mixin.py:109} INFO - [2021-11-26 17:06:13,728] {dag.py:2396} INFO - Sync 1 DAGs
[2021-11-26 17:06:13,732] {logging_mixin.py:109} INFO - [2021-11-26 17:06:13,732] {dag.py:2928} INFO - Setting next_dagrun for example_complex to None
[2021-11-26 17:06:13,738] {processor.py:171} INFO - Processing /Users/danielcollins/opt/anaconda3/lib/python3.8/site-packages/airflow/example_dags/example_complex.py took 0.056 seconds
[2021-11-26 17:07:35,888] {processor.py:163} INFO - Started process (PID=19872) to work on /Users/danielcollins/opt/anaconda3/lib/python3.8/site-packages/airflow/example_dags/example_complex.py
[2021-11-26 17:07:35,888] {processor.py:625} INFO - Processing file /Users/danielcollins/opt/anaconda3/lib/python3.8/site-packages/airflow/example_dags/example_complex.py for tasks to queue
[2021-11-26 17:07:35,888] {logging_mixin.py:109} INFO - [2021-11-26 17:07:35,888] {dagbag.py:500} INFO - Filling up the DagBag from /Users/danielcollins/opt/anaconda3/lib/python3.8/site-packages/airflow/example_dags/example_complex.py
[2021-11-26 17:07:35,921] {processor.py:637} INFO - DAG(s) dict_keys(['example_complex']) retrieved from /Users/danielcollins/opt/anaconda3/lib/python3.8/site-packages/airflow/example_dags/example_complex.py
[2021-11-26 17:07:35,933] {logging_mixin.py:109} INFO - [2021-11-26 17:07:35,933] {dag.py:2396} INFO - Sync 1 DAGs
[2021-11-26 17:07:35,938] {logging_mixin.py:109} INFO - [2021-11-26 17:07:35,938] {dag.py:2928} INFO - Setting next_dagrun for example_complex to None
[2021-11-26 17:07:35,944] {processor.py:171} INFO - Processing /Users/danielcollins/opt/anaconda3/lib/python3.8/site-packages/airflow/example_dags/example_complex.py took 0.056 seconds
[2021-11-26 17:09:01,011] {processor.py:163} INFO - Started process (PID=19994) to work on /Users/danielcollins/opt/anaconda3/lib/python3.8/site-packages/airflow/example_dags/example_complex.py
[2021-11-26 17:09:01,012] {processor.py:625} INFO - Processing file /Users/danielcollins/opt/anaconda3/lib/python3.8/site-packages/airflow/example_dags/example_complex.py for tasks to queue
[2021-11-26 17:09:01,012] {logging_mixin.py:109} INFO - [2021-11-26 17:09:01,012] {dagbag.py:500} INFO - Filling up the DagBag from /Users/danielcollins/opt/anaconda3/lib/python3.8/site-packages/airflow/example_dags/example_complex.py
[2021-11-26 17:09:01,047] {processor.py:637} INFO - DAG(s) dict_keys(['example_complex']) retrieved from /Users/danielcollins/opt/anaconda3/lib/python3.8/site-packages/airflow/example_dags/example_complex.py
[2021-11-26 17:09:01,059] {logging_mixin.py:109} INFO - [2021-11-26 17:09:01,059] {dag.py:2396} INFO - Sync 1 DAGs
[2021-11-26 17:09:01,065] {logging_mixin.py:109} INFO - [2021-11-26 17:09:01,065] {dag.py:2928} INFO - Setting next_dagrun for example_complex to None
[2021-11-26 17:09:01,070] {processor.py:171} INFO - Processing /Users/danielcollins/opt/anaconda3/lib/python3.8/site-packages/airflow/example_dags/example_complex.py took 0.060 seconds
[2021-11-26 17:10:24,320] {processor.py:163} INFO - Started process (PID=20095) to work on /Users/danielcollins/opt/anaconda3/lib/python3.8/site-packages/airflow/example_dags/example_complex.py
[2021-11-26 17:10:24,321] {processor.py:625} INFO - Processing file /Users/danielcollins/opt/anaconda3/lib/python3.8/site-packages/airflow/example_dags/example_complex.py for tasks to queue
[2021-11-26 17:10:24,321] {logging_mixin.py:109} INFO - [2021-11-26 17:10:24,321] {dagbag.py:500} INFO - Filling up the DagBag from /Users/danielcollins/opt/anaconda3/lib/python3.8/site-packages/airflow/example_dags/example_complex.py
[2021-11-26 17:10:24,356] {processor.py:637} INFO - DAG(s) dict_keys(['example_complex']) retrieved from /Users/danielcollins/opt/anaconda3/lib/python3.8/site-packages/airflow/example_dags/example_complex.py
[2021-11-26 17:10:24,368] {logging_mixin.py:109} INFO - [2021-11-26 17:10:24,368] {dag.py:2396} INFO - Sync 1 DAGs
[2021-11-26 17:10:24,373] {logging_mixin.py:109} INFO - [2021-11-26 17:10:24,373] {dag.py:2928} INFO - Setting next_dagrun for example_complex to None
[2021-11-26 17:10:24,378] {processor.py:171} INFO - Processing /Users/danielcollins/opt/anaconda3/lib/python3.8/site-packages/airflow/example_dags/example_complex.py took 0.058 seconds
[2021-11-26 17:11:49,216] {processor.py:163} INFO - Started process (PID=20211) to work on /Users/danielcollins/opt/anaconda3/lib/python3.8/site-packages/airflow/example_dags/example_complex.py
[2021-11-26 17:11:49,217] {processor.py:625} INFO - Processing file /Users/danielcollins/opt/anaconda3/lib/python3.8/site-packages/airflow/example_dags/example_complex.py for tasks to queue
[2021-11-26 17:11:49,217] {logging_mixin.py:109} INFO - [2021-11-26 17:11:49,217] {dagbag.py:500} INFO - Filling up the DagBag from /Users/danielcollins/opt/anaconda3/lib/python3.8/site-packages/airflow/example_dags/example_complex.py
[2021-11-26 17:11:49,251] {processor.py:637} INFO - DAG(s) dict_keys(['example_complex']) retrieved from /Users/danielcollins/opt/anaconda3/lib/python3.8/site-packages/airflow/example_dags/example_complex.py
[2021-11-26 17:11:49,264] {logging_mixin.py:109} INFO - [2021-11-26 17:11:49,264] {dag.py:2396} INFO - Sync 1 DAGs
[2021-11-26 17:11:49,269] {logging_mixin.py:109} INFO - [2021-11-26 17:11:49,269] {dag.py:2928} INFO - Setting next_dagrun for example_complex to None
[2021-11-26 17:11:49,274] {processor.py:171} INFO - Processing /Users/danielcollins/opt/anaconda3/lib/python3.8/site-packages/airflow/example_dags/example_complex.py took 0.059 seconds
[2021-11-26 17:13:13,958] {processor.py:163} INFO - Started process (PID=20325) to work on /Users/danielcollins/opt/anaconda3/lib/python3.8/site-packages/airflow/example_dags/example_complex.py
[2021-11-26 17:13:13,959] {processor.py:625} INFO - Processing file /Users/danielcollins/opt/anaconda3/lib/python3.8/site-packages/airflow/example_dags/example_complex.py for tasks to queue
[2021-11-26 17:13:13,959] {logging_mixin.py:109} INFO - [2021-11-26 17:13:13,959] {dagbag.py:500} INFO - Filling up the DagBag from /Users/danielcollins/opt/anaconda3/lib/python3.8/site-packages/airflow/example_dags/example_complex.py
[2021-11-26 17:13:13,995] {processor.py:637} INFO - DAG(s) dict_keys(['example_complex']) retrieved from /Users/danielcollins/opt/anaconda3/lib/python3.8/site-packages/airflow/example_dags/example_complex.py
[2021-11-26 17:13:14,008] {logging_mixin.py:109} INFO - [2021-11-26 17:13:14,008] {dag.py:2396} INFO - Sync 1 DAGs
[2021-11-26 17:13:14,013] {logging_mixin.py:109} INFO - [2021-11-26 17:13:14,013] {dag.py:2928} INFO - Setting next_dagrun for example_complex to None
[2021-11-26 17:13:14,018] {processor.py:171} INFO - Processing /Users/danielcollins/opt/anaconda3/lib/python3.8/site-packages/airflow/example_dags/example_complex.py took 0.060 seconds
[2021-11-26 17:14:37,156] {processor.py:163} INFO - Started process (PID=20441) to work on /Users/danielcollins/opt/anaconda3/lib/python3.8/site-packages/airflow/example_dags/example_complex.py
[2021-11-26 17:14:37,157] {processor.py:625} INFO - Processing file /Users/danielcollins/opt/anaconda3/lib/python3.8/site-packages/airflow/example_dags/example_complex.py for tasks to queue
[2021-11-26 17:14:37,157] {logging_mixin.py:109} INFO - [2021-11-26 17:14:37,157] {dagbag.py:500} INFO - Filling up the DagBag from /Users/danielcollins/opt/anaconda3/lib/python3.8/site-packages/airflow/example_dags/example_complex.py
[2021-11-26 17:14:37,189] {processor.py:637} INFO - DAG(s) dict_keys(['example_complex']) retrieved from /Users/danielcollins/opt/anaconda3/lib/python3.8/site-packages/airflow/example_dags/example_complex.py
[2021-11-26 17:14:37,202] {logging_mixin.py:109} INFO - [2021-11-26 17:14:37,201] {dag.py:2396} INFO - Sync 1 DAGs
[2021-11-26 17:14:37,206] {logging_mixin.py:109} INFO - [2021-11-26 17:14:37,206] {dag.py:2928} INFO - Setting next_dagrun for example_complex to None
[2021-11-26 17:14:37,212] {processor.py:171} INFO - Processing /Users/danielcollins/opt/anaconda3/lib/python3.8/site-packages/airflow/example_dags/example_complex.py took 0.055 seconds
[2021-11-26 17:15:59,602] {processor.py:163} INFO - Started process (PID=20560) to work on /Users/danielcollins/opt/anaconda3/lib/python3.8/site-packages/airflow/example_dags/example_complex.py
[2021-11-26 17:15:59,603] {processor.py:625} INFO - Processing file /Users/danielcollins/opt/anaconda3/lib/python3.8/site-packages/airflow/example_dags/example_complex.py for tasks to queue
[2021-11-26 17:15:59,603] {logging_mixin.py:109} INFO - [2021-11-26 17:15:59,603] {dagbag.py:500} INFO - Filling up the DagBag from /Users/danielcollins/opt/anaconda3/lib/python3.8/site-packages/airflow/example_dags/example_complex.py
[2021-11-26 17:15:59,634] {processor.py:637} INFO - DAG(s) dict_keys(['example_complex']) retrieved from /Users/danielcollins/opt/anaconda3/lib/python3.8/site-packages/airflow/example_dags/example_complex.py
[2021-11-26 17:15:59,646] {logging_mixin.py:109} INFO - [2021-11-26 17:15:59,646] {dag.py:2396} INFO - Sync 1 DAGs
[2021-11-26 17:15:59,651] {logging_mixin.py:109} INFO - [2021-11-26 17:15:59,651] {dag.py:2928} INFO - Setting next_dagrun for example_complex to None
[2021-11-26 17:15:59,656] {processor.py:171} INFO - Processing /Users/danielcollins/opt/anaconda3/lib/python3.8/site-packages/airflow/example_dags/example_complex.py took 0.054 seconds
[2021-11-26 17:17:21,372] {processor.py:163} INFO - Started process (PID=20740) to work on /Users/danielcollins/opt/anaconda3/lib/python3.8/site-packages/airflow/example_dags/example_complex.py
[2021-11-26 17:17:21,373] {processor.py:625} INFO - Processing file /Users/danielcollins/opt/anaconda3/lib/python3.8/site-packages/airflow/example_dags/example_complex.py for tasks to queue
[2021-11-26 17:17:21,373] {logging_mixin.py:109} INFO - [2021-11-26 17:17:21,373] {dagbag.py:500} INFO - Filling up the DagBag from /Users/danielcollins/opt/anaconda3/lib/python3.8/site-packages/airflow/example_dags/example_complex.py
[2021-11-26 17:17:21,407] {processor.py:637} INFO - DAG(s) dict_keys(['example_complex']) retrieved from /Users/danielcollins/opt/anaconda3/lib/python3.8/site-packages/airflow/example_dags/example_complex.py
[2021-11-26 17:17:21,419] {logging_mixin.py:109} INFO - [2021-11-26 17:17:21,419] {dag.py:2396} INFO - Sync 1 DAGs
[2021-11-26 17:17:21,424] {logging_mixin.py:109} INFO - [2021-11-26 17:17:21,424] {dag.py:2928} INFO - Setting next_dagrun for example_complex to None
[2021-11-26 17:17:21,428] {processor.py:171} INFO - Processing /Users/danielcollins/opt/anaconda3/lib/python3.8/site-packages/airflow/example_dags/example_complex.py took 0.057 seconds
[2021-11-26 17:18:46,988] {processor.py:163} INFO - Started process (PID=20920) to work on /Users/danielcollins/opt/anaconda3/lib/python3.8/site-packages/airflow/example_dags/example_complex.py
[2021-11-26 17:18:46,988] {processor.py:625} INFO - Processing file /Users/danielcollins/opt/anaconda3/lib/python3.8/site-packages/airflow/example_dags/example_complex.py for tasks to queue
[2021-11-26 17:18:46,988] {logging_mixin.py:109} INFO - [2021-11-26 17:18:46,988] {dagbag.py:500} INFO - Filling up the DagBag from /Users/danielcollins/opt/anaconda3/lib/python3.8/site-packages/airflow/example_dags/example_complex.py
[2021-11-26 17:18:47,020] {processor.py:637} INFO - DAG(s) dict_keys(['example_complex']) retrieved from /Users/danielcollins/opt/anaconda3/lib/python3.8/site-packages/airflow/example_dags/example_complex.py
[2021-11-26 17:18:47,034] {logging_mixin.py:109} INFO - [2021-11-26 17:18:47,034] {dag.py:2396} INFO - Sync 1 DAGs
[2021-11-26 17:18:47,039] {logging_mixin.py:109} INFO - [2021-11-26 17:18:47,039] {dag.py:2928} INFO - Setting next_dagrun for example_complex to None
[2021-11-26 17:18:47,047] {processor.py:171} INFO - Processing /Users/danielcollins/opt/anaconda3/lib/python3.8/site-packages/airflow/example_dags/example_complex.py took 0.059 seconds
[2021-11-26 17:20:14,466] {processor.py:163} INFO - Started process (PID=21046) to work on /Users/danielcollins/opt/anaconda3/lib/python3.8/site-packages/airflow/example_dags/example_complex.py
[2021-11-26 17:20:14,466] {processor.py:625} INFO - Processing file /Users/danielcollins/opt/anaconda3/lib/python3.8/site-packages/airflow/example_dags/example_complex.py for tasks to queue
[2021-11-26 17:20:14,466] {logging_mixin.py:109} INFO - [2021-11-26 17:20:14,466] {dagbag.py:500} INFO - Filling up the DagBag from /Users/danielcollins/opt/anaconda3/lib/python3.8/site-packages/airflow/example_dags/example_complex.py
[2021-11-26 17:20:14,504] {processor.py:637} INFO - DAG(s) dict_keys(['example_complex']) retrieved from /Users/danielcollins/opt/anaconda3/lib/python3.8/site-packages/airflow/example_dags/example_complex.py
[2021-11-26 17:20:14,517] {logging_mixin.py:109} INFO - [2021-11-26 17:20:14,517] {dag.py:2396} INFO - Sync 1 DAGs
[2021-11-26 17:20:14,522] {logging_mixin.py:109} INFO - [2021-11-26 17:20:14,522] {dag.py:2928} INFO - Setting next_dagrun for example_complex to None
[2021-11-26 17:20:14,531] {processor.py:171} INFO - Processing /Users/danielcollins/opt/anaconda3/lib/python3.8/site-packages/airflow/example_dags/example_complex.py took 0.065 seconds
[2021-11-26 17:21:38,696] {processor.py:163} INFO - Started process (PID=21151) to work on /Users/danielcollins/opt/anaconda3/lib/python3.8/site-packages/airflow/example_dags/example_complex.py
[2021-11-26 17:21:38,696] {processor.py:625} INFO - Processing file /Users/danielcollins/opt/anaconda3/lib/python3.8/site-packages/airflow/example_dags/example_complex.py for tasks to queue
[2021-11-26 17:21:38,696] {logging_mixin.py:109} INFO - [2021-11-26 17:21:38,696] {dagbag.py:500} INFO - Filling up the DagBag from /Users/danielcollins/opt/anaconda3/lib/python3.8/site-packages/airflow/example_dags/example_complex.py
[2021-11-26 17:21:38,727] {processor.py:637} INFO - DAG(s) dict_keys(['example_complex']) retrieved from /Users/danielcollins/opt/anaconda3/lib/python3.8/site-packages/airflow/example_dags/example_complex.py
[2021-11-26 17:21:38,740] {logging_mixin.py:109} INFO - [2021-11-26 17:21:38,740] {dag.py:2396} INFO - Sync 1 DAGs
[2021-11-26 17:21:38,745] {logging_mixin.py:109} INFO - [2021-11-26 17:21:38,745] {dag.py:2928} INFO - Setting next_dagrun for example_complex to None
[2021-11-26 17:21:38,750] {processor.py:171} INFO - Processing /Users/danielcollins/opt/anaconda3/lib/python3.8/site-packages/airflow/example_dags/example_complex.py took 0.054 seconds
[2021-11-26 17:23:00,672] {processor.py:163} INFO - Started process (PID=21299) to work on /Users/danielcollins/opt/anaconda3/lib/python3.8/site-packages/airflow/example_dags/example_complex.py
[2021-11-26 17:23:00,673] {processor.py:625} INFO - Processing file /Users/danielcollins/opt/anaconda3/lib/python3.8/site-packages/airflow/example_dags/example_complex.py for tasks to queue
[2021-11-26 17:23:00,673] {logging_mixin.py:109} INFO - [2021-11-26 17:23:00,673] {dagbag.py:500} INFO - Filling up the DagBag from /Users/danielcollins/opt/anaconda3/lib/python3.8/site-packages/airflow/example_dags/example_complex.py
[2021-11-26 17:23:00,706] {processor.py:637} INFO - DAG(s) dict_keys(['example_complex']) retrieved from /Users/danielcollins/opt/anaconda3/lib/python3.8/site-packages/airflow/example_dags/example_complex.py
[2021-11-26 17:23:00,718] {logging_mixin.py:109} INFO - [2021-11-26 17:23:00,718] {dag.py:2396} INFO - Sync 1 DAGs
[2021-11-26 17:23:00,723] {logging_mixin.py:109} INFO - [2021-11-26 17:23:00,723] {dag.py:2928} INFO - Setting next_dagrun for example_complex to None
[2021-11-26 17:23:00,731] {processor.py:171} INFO - Processing /Users/danielcollins/opt/anaconda3/lib/python3.8/site-packages/airflow/example_dags/example_complex.py took 0.059 seconds
[2021-11-26 17:24:24,365] {processor.py:163} INFO - Started process (PID=21414) to work on /Users/danielcollins/opt/anaconda3/lib/python3.8/site-packages/airflow/example_dags/example_complex.py
[2021-11-26 17:24:24,365] {processor.py:625} INFO - Processing file /Users/danielcollins/opt/anaconda3/lib/python3.8/site-packages/airflow/example_dags/example_complex.py for tasks to queue
[2021-11-26 17:24:24,365] {logging_mixin.py:109} INFO - [2021-11-26 17:24:24,365] {dagbag.py:500} INFO - Filling up the DagBag from /Users/danielcollins/opt/anaconda3/lib/python3.8/site-packages/airflow/example_dags/example_complex.py
[2021-11-26 17:24:24,398] {processor.py:637} INFO - DAG(s) dict_keys(['example_complex']) retrieved from /Users/danielcollins/opt/anaconda3/lib/python3.8/site-packages/airflow/example_dags/example_complex.py
[2021-11-26 17:24:24,411] {logging_mixin.py:109} INFO - [2021-11-26 17:24:24,411] {dag.py:2396} INFO - Sync 1 DAGs
[2021-11-26 17:24:24,416] {logging_mixin.py:109} INFO - [2021-11-26 17:24:24,416] {dag.py:2928} INFO - Setting next_dagrun for example_complex to None
[2021-11-26 17:24:24,424] {processor.py:171} INFO - Processing /Users/danielcollins/opt/anaconda3/lib/python3.8/site-packages/airflow/example_dags/example_complex.py took 0.060 seconds
[2021-11-26 17:25:50,365] {processor.py:163} INFO - Started process (PID=21547) to work on /Users/danielcollins/opt/anaconda3/lib/python3.8/site-packages/airflow/example_dags/example_complex.py
[2021-11-26 17:25:50,366] {processor.py:625} INFO - Processing file /Users/danielcollins/opt/anaconda3/lib/python3.8/site-packages/airflow/example_dags/example_complex.py for tasks to queue
[2021-11-26 17:25:50,367] {logging_mixin.py:109} INFO - [2021-11-26 17:25:50,367] {dagbag.py:500} INFO - Filling up the DagBag from /Users/danielcollins/opt/anaconda3/lib/python3.8/site-packages/airflow/example_dags/example_complex.py
[2021-11-26 17:25:50,405] {processor.py:637} INFO - DAG(s) dict_keys(['example_complex']) retrieved from /Users/danielcollins/opt/anaconda3/lib/python3.8/site-packages/airflow/example_dags/example_complex.py
[2021-11-26 17:25:50,418] {logging_mixin.py:109} INFO - [2021-11-26 17:25:50,418] {dag.py:2396} INFO - Sync 1 DAGs
[2021-11-26 17:25:50,423] {logging_mixin.py:109} INFO - [2021-11-26 17:25:50,422] {dag.py:2928} INFO - Setting next_dagrun for example_complex to None
[2021-11-26 17:25:50,427] {processor.py:171} INFO - Processing /Users/danielcollins/opt/anaconda3/lib/python3.8/site-packages/airflow/example_dags/example_complex.py took 0.062 seconds
[2021-11-26 17:27:25,549] {processor.py:163} INFO - Started process (PID=22285) to work on /Users/danielcollins/opt/anaconda3/lib/python3.8/site-packages/airflow/example_dags/example_complex.py
[2021-11-26 17:27:25,550] {processor.py:625} INFO - Processing file /Users/danielcollins/opt/anaconda3/lib/python3.8/site-packages/airflow/example_dags/example_complex.py for tasks to queue
[2021-11-26 17:27:25,551] {logging_mixin.py:109} INFO - [2021-11-26 17:27:25,550] {dagbag.py:500} INFO - Filling up the DagBag from /Users/danielcollins/opt/anaconda3/lib/python3.8/site-packages/airflow/example_dags/example_complex.py
[2021-11-26 17:27:25,584] {processor.py:637} INFO - DAG(s) dict_keys(['example_complex']) retrieved from /Users/danielcollins/opt/anaconda3/lib/python3.8/site-packages/airflow/example_dags/example_complex.py
[2021-11-26 17:27:25,598] {logging_mixin.py:109} INFO - [2021-11-26 17:27:25,598] {dag.py:2396} INFO - Sync 1 DAGs
[2021-11-26 17:27:25,602] {logging_mixin.py:109} INFO - [2021-11-26 17:27:25,602] {dag.py:2928} INFO - Setting next_dagrun for example_complex to None
[2021-11-26 17:27:25,611] {processor.py:171} INFO - Processing /Users/danielcollins/opt/anaconda3/lib/python3.8/site-packages/airflow/example_dags/example_complex.py took 0.062 seconds
[2021-11-26 17:28:52,490] {processor.py:163} INFO - Started process (PID=22394) to work on /Users/danielcollins/opt/anaconda3/lib/python3.8/site-packages/airflow/example_dags/example_complex.py
[2021-11-26 17:28:52,491] {processor.py:625} INFO - Processing file /Users/danielcollins/opt/anaconda3/lib/python3.8/site-packages/airflow/example_dags/example_complex.py for tasks to queue
[2021-11-26 17:28:52,491] {logging_mixin.py:109} INFO - [2021-11-26 17:28:52,491] {dagbag.py:500} INFO - Filling up the DagBag from /Users/danielcollins/opt/anaconda3/lib/python3.8/site-packages/airflow/example_dags/example_complex.py
[2021-11-26 17:28:52,524] {processor.py:637} INFO - DAG(s) dict_keys(['example_complex']) retrieved from /Users/danielcollins/opt/anaconda3/lib/python3.8/site-packages/airflow/example_dags/example_complex.py
[2021-11-26 17:28:52,557] {logging_mixin.py:109} INFO - [2021-11-26 17:28:52,556] {dag.py:2396} INFO - Sync 1 DAGs
[2021-11-26 17:28:52,562] {logging_mixin.py:109} INFO - [2021-11-26 17:28:52,562] {dag.py:2928} INFO - Setting next_dagrun for example_complex to None
[2021-11-26 17:28:52,568] {processor.py:171} INFO - Processing /Users/danielcollins/opt/anaconda3/lib/python3.8/site-packages/airflow/example_dags/example_complex.py took 0.078 seconds
[2021-11-26 17:30:13,746] {processor.py:163} INFO - Started process (PID=22523) to work on /Users/danielcollins/opt/anaconda3/lib/python3.8/site-packages/airflow/example_dags/example_complex.py
[2021-11-26 17:30:13,746] {processor.py:625} INFO - Processing file /Users/danielcollins/opt/anaconda3/lib/python3.8/site-packages/airflow/example_dags/example_complex.py for tasks to queue
[2021-11-26 17:30:13,746] {logging_mixin.py:109} INFO - [2021-11-26 17:30:13,746] {dagbag.py:500} INFO - Filling up the DagBag from /Users/danielcollins/opt/anaconda3/lib/python3.8/site-packages/airflow/example_dags/example_complex.py
[2021-11-26 17:30:13,778] {processor.py:637} INFO - DAG(s) dict_keys(['example_complex']) retrieved from /Users/danielcollins/opt/anaconda3/lib/python3.8/site-packages/airflow/example_dags/example_complex.py
[2021-11-26 17:30:13,791] {logging_mixin.py:109} INFO - [2021-11-26 17:30:13,791] {dag.py:2396} INFO - Sync 1 DAGs
[2021-11-26 17:30:13,796] {logging_mixin.py:109} INFO - [2021-11-26 17:30:13,796] {dag.py:2928} INFO - Setting next_dagrun for example_complex to None
[2021-11-26 17:30:13,801] {processor.py:171} INFO - Processing /Users/danielcollins/opt/anaconda3/lib/python3.8/site-packages/airflow/example_dags/example_complex.py took 0.056 seconds
[2021-11-26 17:31:35,700] {processor.py:163} INFO - Started process (PID=22648) to work on /Users/danielcollins/opt/anaconda3/lib/python3.8/site-packages/airflow/example_dags/example_complex.py
[2021-11-26 17:31:35,701] {processor.py:625} INFO - Processing file /Users/danielcollins/opt/anaconda3/lib/python3.8/site-packages/airflow/example_dags/example_complex.py for tasks to queue
[2021-11-26 17:31:35,701] {logging_mixin.py:109} INFO - [2021-11-26 17:31:35,701] {dagbag.py:500} INFO - Filling up the DagBag from /Users/danielcollins/opt/anaconda3/lib/python3.8/site-packages/airflow/example_dags/example_complex.py
[2021-11-26 17:31:35,733] {processor.py:637} INFO - DAG(s) dict_keys(['example_complex']) retrieved from /Users/danielcollins/opt/anaconda3/lib/python3.8/site-packages/airflow/example_dags/example_complex.py
[2021-11-26 17:31:35,745] {logging_mixin.py:109} INFO - [2021-11-26 17:31:35,745] {dag.py:2396} INFO - Sync 1 DAGs
[2021-11-26 17:31:35,750] {logging_mixin.py:109} INFO - [2021-11-26 17:31:35,750] {dag.py:2928} INFO - Setting next_dagrun for example_complex to None
[2021-11-26 17:31:35,757] {processor.py:171} INFO - Processing /Users/danielcollins/opt/anaconda3/lib/python3.8/site-packages/airflow/example_dags/example_complex.py took 0.057 seconds
[2021-11-26 17:33:11,974] {processor.py:163} INFO - Started process (PID=22925) to work on /Users/danielcollins/opt/anaconda3/lib/python3.8/site-packages/airflow/example_dags/example_complex.py
[2021-11-26 17:33:11,975] {processor.py:625} INFO - Processing file /Users/danielcollins/opt/anaconda3/lib/python3.8/site-packages/airflow/example_dags/example_complex.py for tasks to queue
[2021-11-26 17:33:11,975] {logging_mixin.py:109} INFO - [2021-11-26 17:33:11,975] {dagbag.py:500} INFO - Filling up the DagBag from /Users/danielcollins/opt/anaconda3/lib/python3.8/site-packages/airflow/example_dags/example_complex.py
[2021-11-26 17:33:12,008] {processor.py:637} INFO - DAG(s) dict_keys(['example_complex']) retrieved from /Users/danielcollins/opt/anaconda3/lib/python3.8/site-packages/airflow/example_dags/example_complex.py
[2021-11-26 17:33:12,021] {logging_mixin.py:109} INFO - [2021-11-26 17:33:12,020] {dag.py:2396} INFO - Sync 1 DAGs
[2021-11-26 17:33:12,025] {logging_mixin.py:109} INFO - [2021-11-26 17:33:12,025] {dag.py:2928} INFO - Setting next_dagrun for example_complex to None
[2021-11-26 17:33:12,034] {processor.py:171} INFO - Processing /Users/danielcollins/opt/anaconda3/lib/python3.8/site-packages/airflow/example_dags/example_complex.py took 0.060 seconds
[2021-11-26 17:51:27,063] {processor.py:163} INFO - Started process (PID=23105) to work on /Users/danielcollins/opt/anaconda3/lib/python3.8/site-packages/airflow/example_dags/example_complex.py
[2021-11-26 17:51:27,063] {processor.py:625} INFO - Processing file /Users/danielcollins/opt/anaconda3/lib/python3.8/site-packages/airflow/example_dags/example_complex.py for tasks to queue
[2021-11-26 17:51:27,063] {logging_mixin.py:109} INFO - [2021-11-26 17:51:27,063] {dagbag.py:500} INFO - Filling up the DagBag from /Users/danielcollins/opt/anaconda3/lib/python3.8/site-packages/airflow/example_dags/example_complex.py
[2021-11-26 17:51:27,099] {processor.py:637} INFO - DAG(s) dict_keys(['example_complex']) retrieved from /Users/danielcollins/opt/anaconda3/lib/python3.8/site-packages/airflow/example_dags/example_complex.py
[2021-11-26 17:51:27,112] {logging_mixin.py:109} INFO - [2021-11-26 17:51:27,112] {dag.py:2396} INFO - Sync 1 DAGs
[2021-11-26 17:51:27,117] {logging_mixin.py:109} INFO - [2021-11-26 17:51:27,117] {dag.py:2928} INFO - Setting next_dagrun for example_complex to None
[2021-11-26 17:51:27,126] {processor.py:171} INFO - Processing /Users/danielcollins/opt/anaconda3/lib/python3.8/site-packages/airflow/example_dags/example_complex.py took 0.063 seconds
[2021-11-26 17:53:07,125] {processor.py:163} INFO - Started process (PID=23313) to work on /Users/danielcollins/opt/anaconda3/lib/python3.8/site-packages/airflow/example_dags/example_complex.py
[2021-11-26 17:53:07,126] {processor.py:625} INFO - Processing file /Users/danielcollins/opt/anaconda3/lib/python3.8/site-packages/airflow/example_dags/example_complex.py for tasks to queue
[2021-11-26 17:53:07,127] {logging_mixin.py:109} INFO - [2021-11-26 17:53:07,127] {dagbag.py:500} INFO - Filling up the DagBag from /Users/danielcollins/opt/anaconda3/lib/python3.8/site-packages/airflow/example_dags/example_complex.py
[2021-11-26 17:53:07,184] {processor.py:637} INFO - DAG(s) dict_keys(['example_complex']) retrieved from /Users/danielcollins/opt/anaconda3/lib/python3.8/site-packages/airflow/example_dags/example_complex.py
[2021-11-26 17:53:07,197] {logging_mixin.py:109} INFO - [2021-11-26 17:53:07,197] {dag.py:2396} INFO - Sync 1 DAGs
[2021-11-26 17:53:07,202] {logging_mixin.py:109} INFO - [2021-11-26 17:53:07,202] {dag.py:2928} INFO - Setting next_dagrun for example_complex to None
[2021-11-26 17:53:07,211] {processor.py:171} INFO - Processing /Users/danielcollins/opt/anaconda3/lib/python3.8/site-packages/airflow/example_dags/example_complex.py took 0.091 seconds
[2021-11-26 17:54:59,791] {processor.py:163} INFO - Started process (PID=23466) to work on /Users/danielcollins/opt/anaconda3/lib/python3.8/site-packages/airflow/example_dags/example_complex.py
[2021-11-26 17:54:59,791] {processor.py:625} INFO - Processing file /Users/danielcollins/opt/anaconda3/lib/python3.8/site-packages/airflow/example_dags/example_complex.py for tasks to queue
[2021-11-26 17:54:59,792] {logging_mixin.py:109} INFO - [2021-11-26 17:54:59,792] {dagbag.py:500} INFO - Filling up the DagBag from /Users/danielcollins/opt/anaconda3/lib/python3.8/site-packages/airflow/example_dags/example_complex.py
[2021-11-26 17:54:59,842] {processor.py:637} INFO - DAG(s) dict_keys(['example_complex']) retrieved from /Users/danielcollins/opt/anaconda3/lib/python3.8/site-packages/airflow/example_dags/example_complex.py
[2021-11-26 17:54:59,856] {logging_mixin.py:109} INFO - [2021-11-26 17:54:59,856] {dag.py:2396} INFO - Sync 1 DAGs
[2021-11-26 17:54:59,861] {logging_mixin.py:109} INFO - [2021-11-26 17:54:59,861] {dag.py:2928} INFO - Setting next_dagrun for example_complex to None
[2021-11-26 17:54:59,868] {processor.py:171} INFO - Processing /Users/danielcollins/opt/anaconda3/lib/python3.8/site-packages/airflow/example_dags/example_complex.py took 0.078 seconds
[2021-11-26 17:57:02,287] {processor.py:163} INFO - Started process (PID=23641) to work on /Users/danielcollins/opt/anaconda3/lib/python3.8/site-packages/airflow/example_dags/example_complex.py
[2021-11-26 17:57:02,287] {processor.py:625} INFO - Processing file /Users/danielcollins/opt/anaconda3/lib/python3.8/site-packages/airflow/example_dags/example_complex.py for tasks to queue
[2021-11-26 17:57:02,288] {logging_mixin.py:109} INFO - [2021-11-26 17:57:02,288] {dagbag.py:500} INFO - Filling up the DagBag from /Users/danielcollins/opt/anaconda3/lib/python3.8/site-packages/airflow/example_dags/example_complex.py
[2021-11-26 17:57:02,326] {processor.py:637} INFO - DAG(s) dict_keys(['example_complex']) retrieved from /Users/danielcollins/opt/anaconda3/lib/python3.8/site-packages/airflow/example_dags/example_complex.py
[2021-11-26 17:57:02,339] {logging_mixin.py:109} INFO - [2021-11-26 17:57:02,339] {dag.py:2396} INFO - Sync 1 DAGs
[2021-11-26 17:57:02,344] {logging_mixin.py:109} INFO - [2021-11-26 17:57:02,344] {dag.py:2928} INFO - Setting next_dagrun for example_complex to None
[2021-11-26 17:57:02,353] {processor.py:171} INFO - Processing /Users/danielcollins/opt/anaconda3/lib/python3.8/site-packages/airflow/example_dags/example_complex.py took 0.067 seconds
[2021-11-26 17:58:58,600] {processor.py:163} INFO - Started process (PID=23848) to work on /Users/danielcollins/opt/anaconda3/lib/python3.8/site-packages/airflow/example_dags/example_complex.py
[2021-11-26 17:58:58,600] {processor.py:625} INFO - Processing file /Users/danielcollins/opt/anaconda3/lib/python3.8/site-packages/airflow/example_dags/example_complex.py for tasks to queue
[2021-11-26 17:58:58,600] {logging_mixin.py:109} INFO - [2021-11-26 17:58:58,600] {dagbag.py:500} INFO - Filling up the DagBag from /Users/danielcollins/opt/anaconda3/lib/python3.8/site-packages/airflow/example_dags/example_complex.py
[2021-11-26 17:58:58,639] {processor.py:637} INFO - DAG(s) dict_keys(['example_complex']) retrieved from /Users/danielcollins/opt/anaconda3/lib/python3.8/site-packages/airflow/example_dags/example_complex.py
[2021-11-26 17:58:58,652] {logging_mixin.py:109} INFO - [2021-11-26 17:58:58,652] {dag.py:2396} INFO - Sync 1 DAGs
[2021-11-26 17:58:58,657] {logging_mixin.py:109} INFO - [2021-11-26 17:58:58,657] {dag.py:2928} INFO - Setting next_dagrun for example_complex to None
[2021-11-26 17:58:58,666] {processor.py:171} INFO - Processing /Users/danielcollins/opt/anaconda3/lib/python3.8/site-packages/airflow/example_dags/example_complex.py took 0.067 seconds
[2021-11-26 18:00:57,262] {processor.py:163} INFO - Started process (PID=23990) to work on /Users/danielcollins/opt/anaconda3/lib/python3.8/site-packages/airflow/example_dags/example_complex.py
[2021-11-26 18:00:57,263] {processor.py:625} INFO - Processing file /Users/danielcollins/opt/anaconda3/lib/python3.8/site-packages/airflow/example_dags/example_complex.py for tasks to queue
[2021-11-26 18:00:57,263] {logging_mixin.py:109} INFO - [2021-11-26 18:00:57,263] {dagbag.py:500} INFO - Filling up the DagBag from /Users/danielcollins/opt/anaconda3/lib/python3.8/site-packages/airflow/example_dags/example_complex.py
[2021-11-26 18:00:57,301] {processor.py:637} INFO - DAG(s) dict_keys(['example_complex']) retrieved from /Users/danielcollins/opt/anaconda3/lib/python3.8/site-packages/airflow/example_dags/example_complex.py
[2021-11-26 18:00:57,314] {logging_mixin.py:109} INFO - [2021-11-26 18:00:57,314] {dag.py:2396} INFO - Sync 1 DAGs
[2021-11-26 18:00:57,319] {logging_mixin.py:109} INFO - [2021-11-26 18:00:57,318] {dag.py:2928} INFO - Setting next_dagrun for example_complex to None
[2021-11-26 18:00:57,324] {processor.py:171} INFO - Processing /Users/danielcollins/opt/anaconda3/lib/python3.8/site-packages/airflow/example_dags/example_complex.py took 0.063 seconds
[2021-11-26 18:03:04,037] {processor.py:163} INFO - Started process (PID=24144) to work on /Users/danielcollins/opt/anaconda3/lib/python3.8/site-packages/airflow/example_dags/example_complex.py
[2021-11-26 18:03:04,038] {processor.py:625} INFO - Processing file /Users/danielcollins/opt/anaconda3/lib/python3.8/site-packages/airflow/example_dags/example_complex.py for tasks to queue
[2021-11-26 18:03:04,038] {logging_mixin.py:109} INFO - [2021-11-26 18:03:04,038] {dagbag.py:500} INFO - Filling up the DagBag from /Users/danielcollins/opt/anaconda3/lib/python3.8/site-packages/airflow/example_dags/example_complex.py
[2021-11-26 18:03:04,081] {processor.py:637} INFO - DAG(s) dict_keys(['example_complex']) retrieved from /Users/danielcollins/opt/anaconda3/lib/python3.8/site-packages/airflow/example_dags/example_complex.py
[2021-11-26 18:03:04,095] {logging_mixin.py:109} INFO - [2021-11-26 18:03:04,095] {dag.py:2396} INFO - Sync 1 DAGs
[2021-11-26 18:03:04,100] {logging_mixin.py:109} INFO - [2021-11-26 18:03:04,100] {dag.py:2928} INFO - Setting next_dagrun for example_complex to None
[2021-11-26 18:03:04,108] {processor.py:171} INFO - Processing /Users/danielcollins/opt/anaconda3/lib/python3.8/site-packages/airflow/example_dags/example_complex.py took 0.072 seconds
[2021-11-26 18:04:52,330] {processor.py:163} INFO - Started process (PID=24341) to work on /Users/danielcollins/opt/anaconda3/lib/python3.8/site-packages/airflow/example_dags/example_complex.py
[2021-11-26 18:04:52,330] {processor.py:625} INFO - Processing file /Users/danielcollins/opt/anaconda3/lib/python3.8/site-packages/airflow/example_dags/example_complex.py for tasks to queue
[2021-11-26 18:04:52,331] {logging_mixin.py:109} INFO - [2021-11-26 18:04:52,331] {dagbag.py:500} INFO - Filling up the DagBag from /Users/danielcollins/opt/anaconda3/lib/python3.8/site-packages/airflow/example_dags/example_complex.py
[2021-11-26 18:04:52,379] {processor.py:637} INFO - DAG(s) dict_keys(['example_complex']) retrieved from /Users/danielcollins/opt/anaconda3/lib/python3.8/site-packages/airflow/example_dags/example_complex.py
[2021-11-26 18:04:52,416] {logging_mixin.py:109} INFO - [2021-11-26 18:04:52,416] {dag.py:2396} INFO - Sync 1 DAGs
[2021-11-26 18:04:52,421] {logging_mixin.py:109} INFO - [2021-11-26 18:04:52,421] {dag.py:2928} INFO - Setting next_dagrun for example_complex to None
[2021-11-26 18:04:52,429] {processor.py:171} INFO - Processing /Users/danielcollins/opt/anaconda3/lib/python3.8/site-packages/airflow/example_dags/example_complex.py took 0.101 seconds
[2021-11-26 18:06:41,132] {processor.py:163} INFO - Started process (PID=24506) to work on /Users/danielcollins/opt/anaconda3/lib/python3.8/site-packages/airflow/example_dags/example_complex.py
[2021-11-26 18:06:41,132] {processor.py:625} INFO - Processing file /Users/danielcollins/opt/anaconda3/lib/python3.8/site-packages/airflow/example_dags/example_complex.py for tasks to queue
[2021-11-26 18:06:41,132] {logging_mixin.py:109} INFO - [2021-11-26 18:06:41,132] {dagbag.py:500} INFO - Filling up the DagBag from /Users/danielcollins/opt/anaconda3/lib/python3.8/site-packages/airflow/example_dags/example_complex.py
[2021-11-26 18:06:41,169] {processor.py:637} INFO - DAG(s) dict_keys(['example_complex']) retrieved from /Users/danielcollins/opt/anaconda3/lib/python3.8/site-packages/airflow/example_dags/example_complex.py
[2021-11-26 18:06:41,182] {logging_mixin.py:109} INFO - [2021-11-26 18:06:41,181] {dag.py:2396} INFO - Sync 1 DAGs
[2021-11-26 18:06:41,186] {logging_mixin.py:109} INFO - [2021-11-26 18:06:41,186] {dag.py:2928} INFO - Setting next_dagrun for example_complex to None
[2021-11-26 18:06:41,191] {processor.py:171} INFO - Processing /Users/danielcollins/opt/anaconda3/lib/python3.8/site-packages/airflow/example_dags/example_complex.py took 0.060 seconds
[2021-11-26 18:13:32,142] {processor.py:163} INFO - Started process (PID=24642) to work on /Users/danielcollins/opt/anaconda3/lib/python3.8/site-packages/airflow/example_dags/example_complex.py
[2021-11-26 18:13:32,142] {processor.py:625} INFO - Processing file /Users/danielcollins/opt/anaconda3/lib/python3.8/site-packages/airflow/example_dags/example_complex.py for tasks to queue
[2021-11-26 18:13:32,142] {logging_mixin.py:109} INFO - [2021-11-26 18:13:32,142] {dagbag.py:500} INFO - Filling up the DagBag from /Users/danielcollins/opt/anaconda3/lib/python3.8/site-packages/airflow/example_dags/example_complex.py
[2021-11-26 18:13:32,195] {processor.py:637} INFO - DAG(s) dict_keys(['example_complex']) retrieved from /Users/danielcollins/opt/anaconda3/lib/python3.8/site-packages/airflow/example_dags/example_complex.py
[2021-11-26 18:13:32,229] {logging_mixin.py:109} INFO - [2021-11-26 18:13:32,229] {dag.py:2396} INFO - Sync 1 DAGs
[2021-11-26 18:13:32,236] {logging_mixin.py:109} INFO - [2021-11-26 18:13:32,236] {dag.py:2928} INFO - Setting next_dagrun for example_complex to None
[2021-11-26 18:13:32,257] {processor.py:171} INFO - Processing /Users/danielcollins/opt/anaconda3/lib/python3.8/site-packages/airflow/example_dags/example_complex.py took 0.115 seconds
[2021-11-26 18:31:55,491] {processor.py:163} INFO - Started process (PID=24876) to work on /Users/danielcollins/opt/anaconda3/lib/python3.8/site-packages/airflow/example_dags/example_complex.py
[2021-11-26 18:31:55,493] {processor.py:625} INFO - Processing file /Users/danielcollins/opt/anaconda3/lib/python3.8/site-packages/airflow/example_dags/example_complex.py for tasks to queue
[2021-11-26 18:31:55,493] {logging_mixin.py:109} INFO - [2021-11-26 18:31:55,493] {dagbag.py:500} INFO - Filling up the DagBag from /Users/danielcollins/opt/anaconda3/lib/python3.8/site-packages/airflow/example_dags/example_complex.py
[2021-11-26 18:31:55,529] {processor.py:637} INFO - DAG(s) dict_keys(['example_complex']) retrieved from /Users/danielcollins/opt/anaconda3/lib/python3.8/site-packages/airflow/example_dags/example_complex.py
[2021-11-26 18:31:55,542] {logging_mixin.py:109} INFO - [2021-11-26 18:31:55,542] {dag.py:2396} INFO - Sync 1 DAGs
[2021-11-26 18:31:55,547] {logging_mixin.py:109} INFO - [2021-11-26 18:31:55,547] {dag.py:2928} INFO - Setting next_dagrun for example_complex to None
[2021-11-26 18:31:55,552] {processor.py:171} INFO - Processing /Users/danielcollins/opt/anaconda3/lib/python3.8/site-packages/airflow/example_dags/example_complex.py took 0.061 seconds
[2021-11-26 19:31:11,752] {processor.py:163} INFO - Started process (PID=25066) to work on /Users/danielcollins/opt/anaconda3/lib/python3.8/site-packages/airflow/example_dags/example_complex.py
[2021-11-26 19:31:11,752] {processor.py:625} INFO - Processing file /Users/danielcollins/opt/anaconda3/lib/python3.8/site-packages/airflow/example_dags/example_complex.py for tasks to queue
[2021-11-26 19:31:11,753] {logging_mixin.py:109} INFO - [2021-11-26 19:31:11,753] {dagbag.py:500} INFO - Filling up the DagBag from /Users/danielcollins/opt/anaconda3/lib/python3.8/site-packages/airflow/example_dags/example_complex.py
[2021-11-26 19:31:11,794] {processor.py:637} INFO - DAG(s) dict_keys(['example_complex']) retrieved from /Users/danielcollins/opt/anaconda3/lib/python3.8/site-packages/airflow/example_dags/example_complex.py
[2021-11-26 19:31:11,809] {logging_mixin.py:109} INFO - [2021-11-26 19:31:11,809] {dag.py:2396} INFO - Sync 1 DAGs
[2021-11-26 19:31:11,814] {logging_mixin.py:109} INFO - [2021-11-26 19:31:11,814] {dag.py:2928} INFO - Setting next_dagrun for example_complex to None
[2021-11-26 19:31:11,821] {processor.py:171} INFO - Processing /Users/danielcollins/opt/anaconda3/lib/python3.8/site-packages/airflow/example_dags/example_complex.py took 0.070 seconds
[2021-11-27 04:04:54,723] {processor.py:163} INFO - Started process (PID=25600) to work on /Users/danielcollins/opt/anaconda3/lib/python3.8/site-packages/airflow/example_dags/example_complex.py
[2021-11-27 04:04:54,724] {processor.py:625} INFO - Processing file /Users/danielcollins/opt/anaconda3/lib/python3.8/site-packages/airflow/example_dags/example_complex.py for tasks to queue
[2021-11-27 04:04:54,724] {logging_mixin.py:109} INFO - [2021-11-27 04:04:54,724] {dagbag.py:500} INFO - Filling up the DagBag from /Users/danielcollins/opt/anaconda3/lib/python3.8/site-packages/airflow/example_dags/example_complex.py
[2021-11-27 04:04:54,764] {processor.py:637} INFO - DAG(s) dict_keys(['example_complex']) retrieved from /Users/danielcollins/opt/anaconda3/lib/python3.8/site-packages/airflow/example_dags/example_complex.py
[2021-11-27 04:04:54,778] {logging_mixin.py:109} INFO - [2021-11-27 04:04:54,778] {dag.py:2396} INFO - Sync 1 DAGs
[2021-11-27 04:04:54,784] {logging_mixin.py:109} INFO - [2021-11-27 04:04:54,784] {dag.py:2928} INFO - Setting next_dagrun for example_complex to None
[2021-11-27 04:04:54,823] {processor.py:171} INFO - Processing /Users/danielcollins/opt/anaconda3/lib/python3.8/site-packages/airflow/example_dags/example_complex.py took 0.100 seconds
[2021-11-27 11:58:24,373] {processor.py:163} INFO - Started process (PID=26083) to work on /Users/danielcollins/opt/anaconda3/lib/python3.8/site-packages/airflow/example_dags/example_complex.py
[2021-11-27 11:58:24,374] {processor.py:625} INFO - Processing file /Users/danielcollins/opt/anaconda3/lib/python3.8/site-packages/airflow/example_dags/example_complex.py for tasks to queue
[2021-11-27 11:58:24,374] {logging_mixin.py:109} INFO - [2021-11-27 11:58:24,374] {dagbag.py:500} INFO - Filling up the DagBag from /Users/danielcollins/opt/anaconda3/lib/python3.8/site-packages/airflow/example_dags/example_complex.py
[2021-11-27 11:58:24,405] {processor.py:637} INFO - DAG(s) dict_keys(['example_complex']) retrieved from /Users/danielcollins/opt/anaconda3/lib/python3.8/site-packages/airflow/example_dags/example_complex.py
[2021-11-27 11:58:24,418] {logging_mixin.py:109} INFO - [2021-11-27 11:58:24,418] {dag.py:2396} INFO - Sync 1 DAGs
[2021-11-27 11:58:24,423] {logging_mixin.py:109} INFO - [2021-11-27 11:58:24,423] {dag.py:2928} INFO - Setting next_dagrun for example_complex to None
[2021-11-27 11:58:24,486] {processor.py:171} INFO - Processing /Users/danielcollins/opt/anaconda3/lib/python3.8/site-packages/airflow/example_dags/example_complex.py took 0.113 seconds
[2021-11-27 14:20:06,208] {processor.py:163} INFO - Started process (PID=26334) to work on /Users/danielcollins/opt/anaconda3/lib/python3.8/site-packages/airflow/example_dags/example_complex.py
[2021-11-27 14:20:06,209] {processor.py:625} INFO - Processing file /Users/danielcollins/opt/anaconda3/lib/python3.8/site-packages/airflow/example_dags/example_complex.py for tasks to queue
[2021-11-27 14:20:06,209] {logging_mixin.py:109} INFO - [2021-11-27 14:20:06,209] {dagbag.py:500} INFO - Filling up the DagBag from /Users/danielcollins/opt/anaconda3/lib/python3.8/site-packages/airflow/example_dags/example_complex.py
[2021-11-27 14:20:06,243] {processor.py:637} INFO - DAG(s) dict_keys(['example_complex']) retrieved from /Users/danielcollins/opt/anaconda3/lib/python3.8/site-packages/airflow/example_dags/example_complex.py
[2021-11-27 14:20:06,255] {logging_mixin.py:109} INFO - [2021-11-27 14:20:06,255] {dag.py:2396} INFO - Sync 1 DAGs
[2021-11-27 14:20:06,260] {logging_mixin.py:109} INFO - [2021-11-27 14:20:06,260] {dag.py:2928} INFO - Setting next_dagrun for example_complex to None
[2021-11-27 14:20:06,266] {processor.py:171} INFO - Processing /Users/danielcollins/opt/anaconda3/lib/python3.8/site-packages/airflow/example_dags/example_complex.py took 0.058 seconds
[2021-11-27 14:21:30,406] {processor.py:163} INFO - Started process (PID=26539) to work on /Users/danielcollins/opt/anaconda3/lib/python3.8/site-packages/airflow/example_dags/example_complex.py
[2021-11-27 14:21:30,407] {processor.py:625} INFO - Processing file /Users/danielcollins/opt/anaconda3/lib/python3.8/site-packages/airflow/example_dags/example_complex.py for tasks to queue
[2021-11-27 14:21:30,407] {logging_mixin.py:109} INFO - [2021-11-27 14:21:30,407] {dagbag.py:500} INFO - Filling up the DagBag from /Users/danielcollins/opt/anaconda3/lib/python3.8/site-packages/airflow/example_dags/example_complex.py
[2021-11-27 14:21:30,442] {processor.py:637} INFO - DAG(s) dict_keys(['example_complex']) retrieved from /Users/danielcollins/opt/anaconda3/lib/python3.8/site-packages/airflow/example_dags/example_complex.py
[2021-11-27 14:21:30,454] {logging_mixin.py:109} INFO - [2021-11-27 14:21:30,454] {dag.py:2396} INFO - Sync 1 DAGs
[2021-11-27 14:21:30,459] {logging_mixin.py:109} INFO - [2021-11-27 14:21:30,459] {dag.py:2928} INFO - Setting next_dagrun for example_complex to None
[2021-11-27 14:21:30,464] {processor.py:171} INFO - Processing /Users/danielcollins/opt/anaconda3/lib/python3.8/site-packages/airflow/example_dags/example_complex.py took 0.059 seconds
[2021-11-27 14:22:59,093] {processor.py:163} INFO - Started process (PID=26712) to work on /Users/danielcollins/opt/anaconda3/lib/python3.8/site-packages/airflow/example_dags/example_complex.py
[2021-11-27 14:22:59,093] {processor.py:625} INFO - Processing file /Users/danielcollins/opt/anaconda3/lib/python3.8/site-packages/airflow/example_dags/example_complex.py for tasks to queue
[2021-11-27 14:22:59,093] {logging_mixin.py:109} INFO - [2021-11-27 14:22:59,093] {dagbag.py:500} INFO - Filling up the DagBag from /Users/danielcollins/opt/anaconda3/lib/python3.8/site-packages/airflow/example_dags/example_complex.py
[2021-11-27 14:22:59,128] {processor.py:637} INFO - DAG(s) dict_keys(['example_complex']) retrieved from /Users/danielcollins/opt/anaconda3/lib/python3.8/site-packages/airflow/example_dags/example_complex.py
[2021-11-27 14:22:59,146] {logging_mixin.py:109} INFO - [2021-11-27 14:22:59,146] {dag.py:2396} INFO - Sync 1 DAGs
[2021-11-27 14:22:59,154] {logging_mixin.py:109} INFO - [2021-11-27 14:22:59,154] {dag.py:2928} INFO - Setting next_dagrun for example_complex to None
[2021-11-27 14:22:59,160] {processor.py:171} INFO - Processing /Users/danielcollins/opt/anaconda3/lib/python3.8/site-packages/airflow/example_dags/example_complex.py took 0.068 seconds
[2021-11-27 14:24:36,179] {processor.py:163} INFO - Started process (PID=28203) to work on /Users/danielcollins/opt/anaconda3/lib/python3.8/site-packages/airflow/example_dags/example_complex.py
[2021-11-27 14:24:36,180] {processor.py:625} INFO - Processing file /Users/danielcollins/opt/anaconda3/lib/python3.8/site-packages/airflow/example_dags/example_complex.py for tasks to queue
[2021-11-27 14:24:36,180] {logging_mixin.py:109} INFO - [2021-11-27 14:24:36,180] {dagbag.py:500} INFO - Filling up the DagBag from /Users/danielcollins/opt/anaconda3/lib/python3.8/site-packages/airflow/example_dags/example_complex.py
[2021-11-27 14:24:36,218] {processor.py:637} INFO - DAG(s) dict_keys(['example_complex']) retrieved from /Users/danielcollins/opt/anaconda3/lib/python3.8/site-packages/airflow/example_dags/example_complex.py
[2021-11-27 14:24:36,231] {logging_mixin.py:109} INFO - [2021-11-27 14:24:36,231] {dag.py:2396} INFO - Sync 1 DAGs
[2021-11-27 14:24:36,235] {logging_mixin.py:109} INFO - [2021-11-27 14:24:36,235] {dag.py:2928} INFO - Setting next_dagrun for example_complex to None
[2021-11-27 14:24:36,240] {processor.py:171} INFO - Processing /Users/danielcollins/opt/anaconda3/lib/python3.8/site-packages/airflow/example_dags/example_complex.py took 0.062 seconds
[2021-11-27 14:26:00,088] {processor.py:163} INFO - Started process (PID=28323) to work on /Users/danielcollins/opt/anaconda3/lib/python3.8/site-packages/airflow/example_dags/example_complex.py
[2021-11-27 14:26:00,088] {processor.py:625} INFO - Processing file /Users/danielcollins/opt/anaconda3/lib/python3.8/site-packages/airflow/example_dags/example_complex.py for tasks to queue
[2021-11-27 14:26:00,088] {logging_mixin.py:109} INFO - [2021-11-27 14:26:00,088] {dagbag.py:500} INFO - Filling up the DagBag from /Users/danielcollins/opt/anaconda3/lib/python3.8/site-packages/airflow/example_dags/example_complex.py
[2021-11-27 14:26:00,130] {processor.py:637} INFO - DAG(s) dict_keys(['example_complex']) retrieved from /Users/danielcollins/opt/anaconda3/lib/python3.8/site-packages/airflow/example_dags/example_complex.py
[2021-11-27 14:42:17,643] {logging_mixin.py:109} INFO - [2021-11-27 14:42:17,643] {dag.py:2396} INFO - Sync 1 DAGs
[2021-11-27 14:42:17,666] {logging_mixin.py:109} INFO - [2021-11-27 14:42:17,666] {dag.py:2928} INFO - Setting next_dagrun for example_complex to None
[2021-11-27 14:42:17,796] {processor.py:171} INFO - Processing /Users/danielcollins/opt/anaconda3/lib/python3.8/site-packages/airflow/example_dags/example_complex.py took 0.535 seconds
[2021-11-27 14:55:16,640] {processor.py:163} INFO - Started process (PID=28515) to work on /Users/danielcollins/opt/anaconda3/lib/python3.8/site-packages/airflow/example_dags/example_complex.py
[2021-11-27 14:55:16,640] {processor.py:625} INFO - Processing file /Users/danielcollins/opt/anaconda3/lib/python3.8/site-packages/airflow/example_dags/example_complex.py for tasks to queue
[2021-11-27 14:55:16,641] {logging_mixin.py:109} INFO - [2021-11-27 14:55:16,641] {dagbag.py:500} INFO - Filling up the DagBag from /Users/danielcollins/opt/anaconda3/lib/python3.8/site-packages/airflow/example_dags/example_complex.py
[2021-11-27 14:55:16,674] {processor.py:637} INFO - DAG(s) dict_keys(['example_complex']) retrieved from /Users/danielcollins/opt/anaconda3/lib/python3.8/site-packages/airflow/example_dags/example_complex.py
[2021-11-27 14:55:16,687] {logging_mixin.py:109} INFO - [2021-11-27 14:55:16,687] {dag.py:2396} INFO - Sync 1 DAGs
[2021-11-27 14:55:16,692] {logging_mixin.py:109} INFO - [2021-11-27 14:55:16,692] {dag.py:2928} INFO - Setting next_dagrun for example_complex to None
[2021-11-27 14:55:16,700] {processor.py:171} INFO - Processing /Users/danielcollins/opt/anaconda3/lib/python3.8/site-packages/airflow/example_dags/example_complex.py took 0.060 seconds
[2021-11-27 14:56:43,798] {processor.py:163} INFO - Started process (PID=28639) to work on /Users/danielcollins/opt/anaconda3/lib/python3.8/site-packages/airflow/example_dags/example_complex.py
[2021-11-27 14:56:43,799] {processor.py:625} INFO - Processing file /Users/danielcollins/opt/anaconda3/lib/python3.8/site-packages/airflow/example_dags/example_complex.py for tasks to queue
[2021-11-27 14:56:43,799] {logging_mixin.py:109} INFO - [2021-11-27 14:56:43,799] {dagbag.py:500} INFO - Filling up the DagBag from /Users/danielcollins/opt/anaconda3/lib/python3.8/site-packages/airflow/example_dags/example_complex.py
[2021-11-27 14:56:43,834] {processor.py:637} INFO - DAG(s) dict_keys(['example_complex']) retrieved from /Users/danielcollins/opt/anaconda3/lib/python3.8/site-packages/airflow/example_dags/example_complex.py
[2021-11-27 14:56:43,848] {logging_mixin.py:109} INFO - [2021-11-27 14:56:43,848] {dag.py:2396} INFO - Sync 1 DAGs
[2021-11-27 14:56:43,853] {logging_mixin.py:109} INFO - [2021-11-27 14:56:43,853] {dag.py:2928} INFO - Setting next_dagrun for example_complex to None
[2021-11-27 14:56:43,860] {processor.py:171} INFO - Processing /Users/danielcollins/opt/anaconda3/lib/python3.8/site-packages/airflow/example_dags/example_complex.py took 0.063 seconds
[2021-11-27 14:58:06,016] {processor.py:163} INFO - Started process (PID=28747) to work on /Users/danielcollins/opt/anaconda3/lib/python3.8/site-packages/airflow/example_dags/example_complex.py
[2021-11-27 14:58:06,018] {processor.py:625} INFO - Processing file /Users/danielcollins/opt/anaconda3/lib/python3.8/site-packages/airflow/example_dags/example_complex.py for tasks to queue
[2021-11-27 14:58:06,018] {logging_mixin.py:109} INFO - [2021-11-27 14:58:06,018] {dagbag.py:500} INFO - Filling up the DagBag from /Users/danielcollins/opt/anaconda3/lib/python3.8/site-packages/airflow/example_dags/example_complex.py
[2021-11-27 14:58:06,052] {processor.py:637} INFO - DAG(s) dict_keys(['example_complex']) retrieved from /Users/danielcollins/opt/anaconda3/lib/python3.8/site-packages/airflow/example_dags/example_complex.py
[2021-11-27 14:58:06,064] {logging_mixin.py:109} INFO - [2021-11-27 14:58:06,064] {dag.py:2396} INFO - Sync 1 DAGs
[2021-11-27 14:58:06,069] {logging_mixin.py:109} INFO - [2021-11-27 14:58:06,069] {dag.py:2928} INFO - Setting next_dagrun for example_complex to None
[2021-11-27 14:58:06,075] {processor.py:171} INFO - Processing /Users/danielcollins/opt/anaconda3/lib/python3.8/site-packages/airflow/example_dags/example_complex.py took 0.059 seconds
[2021-11-27 14:59:29,571] {processor.py:163} INFO - Started process (PID=28866) to work on /Users/danielcollins/opt/anaconda3/lib/python3.8/site-packages/airflow/example_dags/example_complex.py
[2021-11-27 14:59:29,572] {processor.py:625} INFO - Processing file /Users/danielcollins/opt/anaconda3/lib/python3.8/site-packages/airflow/example_dags/example_complex.py for tasks to queue
[2021-11-27 14:59:29,572] {logging_mixin.py:109} INFO - [2021-11-27 14:59:29,572] {dagbag.py:500} INFO - Filling up the DagBag from /Users/danielcollins/opt/anaconda3/lib/python3.8/site-packages/airflow/example_dags/example_complex.py
[2021-11-27 14:59:29,604] {processor.py:637} INFO - DAG(s) dict_keys(['example_complex']) retrieved from /Users/danielcollins/opt/anaconda3/lib/python3.8/site-packages/airflow/example_dags/example_complex.py
[2021-11-27 14:59:29,617] {logging_mixin.py:109} INFO - [2021-11-27 14:59:29,617] {dag.py:2396} INFO - Sync 1 DAGs
[2021-11-27 14:59:29,623] {logging_mixin.py:109} INFO - [2021-11-27 14:59:29,622] {dag.py:2928} INFO - Setting next_dagrun for example_complex to None
[2021-11-27 14:59:29,632] {processor.py:171} INFO - Processing /Users/danielcollins/opt/anaconda3/lib/python3.8/site-packages/airflow/example_dags/example_complex.py took 0.061 seconds
[2021-11-27 15:00:54,467] {processor.py:163} INFO - Started process (PID=29100) to work on /Users/danielcollins/opt/anaconda3/lib/python3.8/site-packages/airflow/example_dags/example_complex.py
[2021-11-27 15:00:54,468] {processor.py:625} INFO - Processing file /Users/danielcollins/opt/anaconda3/lib/python3.8/site-packages/airflow/example_dags/example_complex.py for tasks to queue
[2021-11-27 15:00:54,468] {logging_mixin.py:109} INFO - [2021-11-27 15:00:54,468] {dagbag.py:500} INFO - Filling up the DagBag from /Users/danielcollins/opt/anaconda3/lib/python3.8/site-packages/airflow/example_dags/example_complex.py
[2021-11-27 15:00:54,501] {processor.py:637} INFO - DAG(s) dict_keys(['example_complex']) retrieved from /Users/danielcollins/opt/anaconda3/lib/python3.8/site-packages/airflow/example_dags/example_complex.py
[2021-11-27 15:00:54,514] {logging_mixin.py:109} INFO - [2021-11-27 15:00:54,514] {dag.py:2396} INFO - Sync 1 DAGs
[2021-11-27 15:00:54,519] {logging_mixin.py:109} INFO - [2021-11-27 15:00:54,519] {dag.py:2928} INFO - Setting next_dagrun for example_complex to None
[2021-11-27 15:00:54,526] {processor.py:171} INFO - Processing /Users/danielcollins/opt/anaconda3/lib/python3.8/site-packages/airflow/example_dags/example_complex.py took 0.059 seconds
[2021-11-27 15:02:26,784] {processor.py:163} INFO - Started process (PID=29353) to work on /Users/danielcollins/opt/anaconda3/lib/python3.8/site-packages/airflow/example_dags/example_complex.py
[2021-11-27 15:02:26,786] {processor.py:625} INFO - Processing file /Users/danielcollins/opt/anaconda3/lib/python3.8/site-packages/airflow/example_dags/example_complex.py for tasks to queue
[2021-11-27 15:02:26,786] {logging_mixin.py:109} INFO - [2021-11-27 15:02:26,786] {dagbag.py:500} INFO - Filling up the DagBag from /Users/danielcollins/opt/anaconda3/lib/python3.8/site-packages/airflow/example_dags/example_complex.py
[2021-11-27 15:02:26,818] {processor.py:637} INFO - DAG(s) dict_keys(['example_complex']) retrieved from /Users/danielcollins/opt/anaconda3/lib/python3.8/site-packages/airflow/example_dags/example_complex.py
[2021-11-27 15:02:26,834] {logging_mixin.py:109} INFO - [2021-11-27 15:02:26,834] {dag.py:2396} INFO - Sync 1 DAGs
[2021-11-27 15:02:26,839] {logging_mixin.py:109} INFO - [2021-11-27 15:02:26,839] {dag.py:2928} INFO - Setting next_dagrun for example_complex to None
[2021-11-27 15:02:26,845] {processor.py:171} INFO - Processing /Users/danielcollins/opt/anaconda3/lib/python3.8/site-packages/airflow/example_dags/example_complex.py took 0.061 seconds
[2021-11-27 15:03:57,910] {processor.py:163} INFO - Started process (PID=29492) to work on /Users/danielcollins/opt/anaconda3/lib/python3.8/site-packages/airflow/example_dags/example_complex.py
[2021-11-27 15:03:57,911] {processor.py:625} INFO - Processing file /Users/danielcollins/opt/anaconda3/lib/python3.8/site-packages/airflow/example_dags/example_complex.py for tasks to queue
[2021-11-27 15:03:57,912] {logging_mixin.py:109} INFO - [2021-11-27 15:03:57,911] {dagbag.py:500} INFO - Filling up the DagBag from /Users/danielcollins/opt/anaconda3/lib/python3.8/site-packages/airflow/example_dags/example_complex.py
[2021-11-27 15:03:57,947] {processor.py:637} INFO - DAG(s) dict_keys(['example_complex']) retrieved from /Users/danielcollins/opt/anaconda3/lib/python3.8/site-packages/airflow/example_dags/example_complex.py
[2021-11-27 15:03:57,960] {logging_mixin.py:109} INFO - [2021-11-27 15:03:57,960] {dag.py:2396} INFO - Sync 1 DAGs
[2021-11-27 15:03:57,965] {logging_mixin.py:109} INFO - [2021-11-27 15:03:57,965] {dag.py:2928} INFO - Setting next_dagrun for example_complex to None
[2021-11-27 15:03:57,975] {processor.py:171} INFO - Processing /Users/danielcollins/opt/anaconda3/lib/python3.8/site-packages/airflow/example_dags/example_complex.py took 0.065 seconds
[2021-11-27 15:05:22,208] {processor.py:163} INFO - Started process (PID=29639) to work on /Users/danielcollins/opt/anaconda3/lib/python3.8/site-packages/airflow/example_dags/example_complex.py
[2021-11-27 15:05:22,209] {processor.py:625} INFO - Processing file /Users/danielcollins/opt/anaconda3/lib/python3.8/site-packages/airflow/example_dags/example_complex.py for tasks to queue
[2021-11-27 15:05:22,209] {logging_mixin.py:109} INFO - [2021-11-27 15:05:22,209] {dagbag.py:500} INFO - Filling up the DagBag from /Users/danielcollins/opt/anaconda3/lib/python3.8/site-packages/airflow/example_dags/example_complex.py
[2021-11-27 15:05:22,242] {processor.py:637} INFO - DAG(s) dict_keys(['example_complex']) retrieved from /Users/danielcollins/opt/anaconda3/lib/python3.8/site-packages/airflow/example_dags/example_complex.py
[2021-11-27 15:05:22,254] {logging_mixin.py:109} INFO - [2021-11-27 15:05:22,254] {dag.py:2396} INFO - Sync 1 DAGs
[2021-11-27 15:05:22,260] {logging_mixin.py:109} INFO - [2021-11-27 15:05:22,260] {dag.py:2928} INFO - Setting next_dagrun for example_complex to None
[2021-11-27 15:05:22,269] {processor.py:171} INFO - Processing /Users/danielcollins/opt/anaconda3/lib/python3.8/site-packages/airflow/example_dags/example_complex.py took 0.061 seconds
[2021-11-27 15:06:45,577] {processor.py:163} INFO - Started process (PID=29757) to work on /Users/danielcollins/opt/anaconda3/lib/python3.8/site-packages/airflow/example_dags/example_complex.py
[2021-11-27 15:06:45,577] {processor.py:625} INFO - Processing file /Users/danielcollins/opt/anaconda3/lib/python3.8/site-packages/airflow/example_dags/example_complex.py for tasks to queue
[2021-11-27 15:06:45,578] {logging_mixin.py:109} INFO - [2021-11-27 15:06:45,578] {dagbag.py:500} INFO - Filling up the DagBag from /Users/danielcollins/opt/anaconda3/lib/python3.8/site-packages/airflow/example_dags/example_complex.py
[2021-11-27 15:06:45,613] {processor.py:637} INFO - DAG(s) dict_keys(['example_complex']) retrieved from /Users/danielcollins/opt/anaconda3/lib/python3.8/site-packages/airflow/example_dags/example_complex.py
[2021-11-27 15:06:45,626] {logging_mixin.py:109} INFO - [2021-11-27 15:06:45,626] {dag.py:2396} INFO - Sync 1 DAGs
[2021-11-27 15:06:45,631] {logging_mixin.py:109} INFO - [2021-11-27 15:06:45,631] {dag.py:2928} INFO - Setting next_dagrun for example_complex to None
[2021-11-27 15:06:45,636] {processor.py:171} INFO - Processing /Users/danielcollins/opt/anaconda3/lib/python3.8/site-packages/airflow/example_dags/example_complex.py took 0.059 seconds
[2021-11-27 15:08:08,092] {processor.py:163} INFO - Started process (PID=29867) to work on /Users/danielcollins/opt/anaconda3/lib/python3.8/site-packages/airflow/example_dags/example_complex.py
[2021-11-27 15:08:08,094] {processor.py:625} INFO - Processing file /Users/danielcollins/opt/anaconda3/lib/python3.8/site-packages/airflow/example_dags/example_complex.py for tasks to queue
[2021-11-27 15:08:08,094] {logging_mixin.py:109} INFO - [2021-11-27 15:08:08,094] {dagbag.py:500} INFO - Filling up the DagBag from /Users/danielcollins/opt/anaconda3/lib/python3.8/site-packages/airflow/example_dags/example_complex.py
[2021-11-27 15:08:08,131] {processor.py:637} INFO - DAG(s) dict_keys(['example_complex']) retrieved from /Users/danielcollins/opt/anaconda3/lib/python3.8/site-packages/airflow/example_dags/example_complex.py
[2021-11-27 15:08:08,145] {logging_mixin.py:109} INFO - [2021-11-27 15:08:08,145] {dag.py:2396} INFO - Sync 1 DAGs
[2021-11-27 15:08:08,154] {logging_mixin.py:109} INFO - [2021-11-27 15:08:08,154] {dag.py:2928} INFO - Setting next_dagrun for example_complex to None
[2021-11-27 15:08:08,162] {processor.py:171} INFO - Processing /Users/danielcollins/opt/anaconda3/lib/python3.8/site-packages/airflow/example_dags/example_complex.py took 0.071 seconds
[2021-11-27 15:09:35,533] {processor.py:163} INFO - Started process (PID=30045) to work on /Users/danielcollins/opt/anaconda3/lib/python3.8/site-packages/airflow/example_dags/example_complex.py
[2021-11-27 15:09:35,534] {processor.py:625} INFO - Processing file /Users/danielcollins/opt/anaconda3/lib/python3.8/site-packages/airflow/example_dags/example_complex.py for tasks to queue
[2021-11-27 15:09:35,534] {logging_mixin.py:109} INFO - [2021-11-27 15:09:35,534] {dagbag.py:500} INFO - Filling up the DagBag from /Users/danielcollins/opt/anaconda3/lib/python3.8/site-packages/airflow/example_dags/example_complex.py
[2021-11-27 15:09:35,570] {processor.py:637} INFO - DAG(s) dict_keys(['example_complex']) retrieved from /Users/danielcollins/opt/anaconda3/lib/python3.8/site-packages/airflow/example_dags/example_complex.py
[2021-11-27 15:09:35,584] {logging_mixin.py:109} INFO - [2021-11-27 15:09:35,583] {dag.py:2396} INFO - Sync 1 DAGs
[2021-11-27 15:09:35,588] {logging_mixin.py:109} INFO - [2021-11-27 15:09:35,588] {dag.py:2928} INFO - Setting next_dagrun for example_complex to None
[2021-11-27 15:09:35,596] {processor.py:171} INFO - Processing /Users/danielcollins/opt/anaconda3/lib/python3.8/site-packages/airflow/example_dags/example_complex.py took 0.063 seconds
[2021-11-27 15:10:59,061] {processor.py:163} INFO - Started process (PID=30171) to work on /Users/danielcollins/opt/anaconda3/lib/python3.8/site-packages/airflow/example_dags/example_complex.py
[2021-11-27 15:10:59,061] {processor.py:625} INFO - Processing file /Users/danielcollins/opt/anaconda3/lib/python3.8/site-packages/airflow/example_dags/example_complex.py for tasks to queue
[2021-11-27 15:10:59,061] {logging_mixin.py:109} INFO - [2021-11-27 15:10:59,061] {dagbag.py:500} INFO - Filling up the DagBag from /Users/danielcollins/opt/anaconda3/lib/python3.8/site-packages/airflow/example_dags/example_complex.py
[2021-11-27 15:10:59,097] {processor.py:637} INFO - DAG(s) dict_keys(['example_complex']) retrieved from /Users/danielcollins/opt/anaconda3/lib/python3.8/site-packages/airflow/example_dags/example_complex.py
[2021-11-27 15:10:59,110] {logging_mixin.py:109} INFO - [2021-11-27 15:10:59,109] {dag.py:2396} INFO - Sync 1 DAGs
[2021-11-27 15:10:59,114] {logging_mixin.py:109} INFO - [2021-11-27 15:10:59,114] {dag.py:2928} INFO - Setting next_dagrun for example_complex to None
[2021-11-27 15:10:59,120] {processor.py:171} INFO - Processing /Users/danielcollins/opt/anaconda3/lib/python3.8/site-packages/airflow/example_dags/example_complex.py took 0.060 seconds
[2021-11-27 15:12:29,117] {processor.py:163} INFO - Started process (PID=30313) to work on /Users/danielcollins/opt/anaconda3/lib/python3.8/site-packages/airflow/example_dags/example_complex.py
[2021-11-27 15:12:29,118] {processor.py:625} INFO - Processing file /Users/danielcollins/opt/anaconda3/lib/python3.8/site-packages/airflow/example_dags/example_complex.py for tasks to queue
[2021-11-27 15:12:29,118] {logging_mixin.py:109} INFO - [2021-11-27 15:12:29,118] {dagbag.py:500} INFO - Filling up the DagBag from /Users/danielcollins/opt/anaconda3/lib/python3.8/site-packages/airflow/example_dags/example_complex.py
[2021-11-27 15:12:29,153] {processor.py:637} INFO - DAG(s) dict_keys(['example_complex']) retrieved from /Users/danielcollins/opt/anaconda3/lib/python3.8/site-packages/airflow/example_dags/example_complex.py
[2021-11-27 15:12:29,167] {logging_mixin.py:109} INFO - [2021-11-27 15:12:29,167] {dag.py:2396} INFO - Sync 1 DAGs
[2021-11-27 15:12:29,172] {logging_mixin.py:109} INFO - [2021-11-27 15:12:29,172] {dag.py:2928} INFO - Setting next_dagrun for example_complex to None
[2021-11-27 15:12:29,178] {processor.py:171} INFO - Processing /Users/danielcollins/opt/anaconda3/lib/python3.8/site-packages/airflow/example_dags/example_complex.py took 0.062 seconds
[2021-11-27 15:13:59,287] {processor.py:163} INFO - Started process (PID=30443) to work on /Users/danielcollins/opt/anaconda3/lib/python3.8/site-packages/airflow/example_dags/example_complex.py
[2021-11-27 15:13:59,287] {processor.py:625} INFO - Processing file /Users/danielcollins/opt/anaconda3/lib/python3.8/site-packages/airflow/example_dags/example_complex.py for tasks to queue
[2021-11-27 15:13:59,288] {logging_mixin.py:109} INFO - [2021-11-27 15:13:59,288] {dagbag.py:500} INFO - Filling up the DagBag from /Users/danielcollins/opt/anaconda3/lib/python3.8/site-packages/airflow/example_dags/example_complex.py
[2021-11-27 15:13:59,321] {processor.py:637} INFO - DAG(s) dict_keys(['example_complex']) retrieved from /Users/danielcollins/opt/anaconda3/lib/python3.8/site-packages/airflow/example_dags/example_complex.py
[2021-11-27 15:13:59,334] {logging_mixin.py:109} INFO - [2021-11-27 15:13:59,334] {dag.py:2396} INFO - Sync 1 DAGs
[2021-11-27 15:13:59,338] {logging_mixin.py:109} INFO - [2021-11-27 15:13:59,338] {dag.py:2928} INFO - Setting next_dagrun for example_complex to None
[2021-11-27 15:13:59,344] {processor.py:171} INFO - Processing /Users/danielcollins/opt/anaconda3/lib/python3.8/site-packages/airflow/example_dags/example_complex.py took 0.057 seconds
[2021-11-27 15:15:27,886] {processor.py:163} INFO - Started process (PID=30554) to work on /Users/danielcollins/opt/anaconda3/lib/python3.8/site-packages/airflow/example_dags/example_complex.py
[2021-11-27 15:15:27,887] {processor.py:625} INFO - Processing file /Users/danielcollins/opt/anaconda3/lib/python3.8/site-packages/airflow/example_dags/example_complex.py for tasks to queue
[2021-11-27 15:15:27,887] {logging_mixin.py:109} INFO - [2021-11-27 15:15:27,887] {dagbag.py:500} INFO - Filling up the DagBag from /Users/danielcollins/opt/anaconda3/lib/python3.8/site-packages/airflow/example_dags/example_complex.py
[2021-11-27 15:15:27,921] {processor.py:637} INFO - DAG(s) dict_keys(['example_complex']) retrieved from /Users/danielcollins/opt/anaconda3/lib/python3.8/site-packages/airflow/example_dags/example_complex.py
[2021-11-27 15:15:27,933] {logging_mixin.py:109} INFO - [2021-11-27 15:15:27,933] {dag.py:2396} INFO - Sync 1 DAGs
[2021-11-27 15:15:27,938] {logging_mixin.py:109} INFO - [2021-11-27 15:15:27,938] {dag.py:2928} INFO - Setting next_dagrun for example_complex to None
[2021-11-27 15:15:27,943] {processor.py:171} INFO - Processing /Users/danielcollins/opt/anaconda3/lib/python3.8/site-packages/airflow/example_dags/example_complex.py took 0.058 seconds
[2021-11-27 15:16:51,348] {processor.py:163} INFO - Started process (PID=30726) to work on /Users/danielcollins/opt/anaconda3/lib/python3.8/site-packages/airflow/example_dags/example_complex.py
[2021-11-27 15:16:51,349] {processor.py:625} INFO - Processing file /Users/danielcollins/opt/anaconda3/lib/python3.8/site-packages/airflow/example_dags/example_complex.py for tasks to queue
[2021-11-27 15:16:51,349] {logging_mixin.py:109} INFO - [2021-11-27 15:16:51,349] {dagbag.py:500} INFO - Filling up the DagBag from /Users/danielcollins/opt/anaconda3/lib/python3.8/site-packages/airflow/example_dags/example_complex.py
[2021-11-27 15:16:51,385] {processor.py:637} INFO - DAG(s) dict_keys(['example_complex']) retrieved from /Users/danielcollins/opt/anaconda3/lib/python3.8/site-packages/airflow/example_dags/example_complex.py
[2021-11-27 15:16:51,398] {logging_mixin.py:109} INFO - [2021-11-27 15:16:51,398] {dag.py:2396} INFO - Sync 1 DAGs
[2021-11-27 15:16:51,404] {logging_mixin.py:109} INFO - [2021-11-27 15:16:51,404] {dag.py:2928} INFO - Setting next_dagrun for example_complex to None
[2021-11-27 15:16:51,409] {processor.py:171} INFO - Processing /Users/danielcollins/opt/anaconda3/lib/python3.8/site-packages/airflow/example_dags/example_complex.py took 0.061 seconds
[2021-11-27 15:18:20,095] {processor.py:163} INFO - Started process (PID=30859) to work on /Users/danielcollins/opt/anaconda3/lib/python3.8/site-packages/airflow/example_dags/example_complex.py
[2021-11-27 15:18:20,096] {processor.py:625} INFO - Processing file /Users/danielcollins/opt/anaconda3/lib/python3.8/site-packages/airflow/example_dags/example_complex.py for tasks to queue
[2021-11-27 15:18:20,096] {logging_mixin.py:109} INFO - [2021-11-27 15:18:20,096] {dagbag.py:500} INFO - Filling up the DagBag from /Users/danielcollins/opt/anaconda3/lib/python3.8/site-packages/airflow/example_dags/example_complex.py
[2021-11-27 15:18:20,131] {processor.py:637} INFO - DAG(s) dict_keys(['example_complex']) retrieved from /Users/danielcollins/opt/anaconda3/lib/python3.8/site-packages/airflow/example_dags/example_complex.py
[2021-11-27 15:18:20,144] {logging_mixin.py:109} INFO - [2021-11-27 15:18:20,144] {dag.py:2396} INFO - Sync 1 DAGs
[2021-11-27 15:18:20,148] {logging_mixin.py:109} INFO - [2021-11-27 15:18:20,148] {dag.py:2928} INFO - Setting next_dagrun for example_complex to None
[2021-11-27 15:18:20,157] {processor.py:171} INFO - Processing /Users/danielcollins/opt/anaconda3/lib/python3.8/site-packages/airflow/example_dags/example_complex.py took 0.063 seconds
[2021-11-27 15:19:53,483] {processor.py:163} INFO - Started process (PID=31056) to work on /Users/danielcollins/opt/anaconda3/lib/python3.8/site-packages/airflow/example_dags/example_complex.py
[2021-11-27 15:19:53,484] {processor.py:625} INFO - Processing file /Users/danielcollins/opt/anaconda3/lib/python3.8/site-packages/airflow/example_dags/example_complex.py for tasks to queue
[2021-11-27 15:19:53,484] {logging_mixin.py:109} INFO - [2021-11-27 15:19:53,484] {dagbag.py:500} INFO - Filling up the DagBag from /Users/danielcollins/opt/anaconda3/lib/python3.8/site-packages/airflow/example_dags/example_complex.py
[2021-11-27 15:19:53,518] {processor.py:637} INFO - DAG(s) dict_keys(['example_complex']) retrieved from /Users/danielcollins/opt/anaconda3/lib/python3.8/site-packages/airflow/example_dags/example_complex.py
[2021-11-27 15:19:53,531] {logging_mixin.py:109} INFO - [2021-11-27 15:19:53,531] {dag.py:2396} INFO - Sync 1 DAGs
[2021-11-27 15:19:53,536] {logging_mixin.py:109} INFO - [2021-11-27 15:19:53,536] {dag.py:2928} INFO - Setting next_dagrun for example_complex to None
[2021-11-27 15:19:53,542] {processor.py:171} INFO - Processing /Users/danielcollins/opt/anaconda3/lib/python3.8/site-packages/airflow/example_dags/example_complex.py took 0.060 seconds
[2021-11-27 15:21:27,127] {processor.py:163} INFO - Started process (PID=31172) to work on /Users/danielcollins/opt/anaconda3/lib/python3.8/site-packages/airflow/example_dags/example_complex.py
[2021-11-27 15:21:27,128] {processor.py:625} INFO - Processing file /Users/danielcollins/opt/anaconda3/lib/python3.8/site-packages/airflow/example_dags/example_complex.py for tasks to queue
[2021-11-27 15:21:27,128] {logging_mixin.py:109} INFO - [2021-11-27 15:21:27,128] {dagbag.py:500} INFO - Filling up the DagBag from /Users/danielcollins/opt/anaconda3/lib/python3.8/site-packages/airflow/example_dags/example_complex.py
[2021-11-27 15:21:27,162] {processor.py:637} INFO - DAG(s) dict_keys(['example_complex']) retrieved from /Users/danielcollins/opt/anaconda3/lib/python3.8/site-packages/airflow/example_dags/example_complex.py
[2021-11-27 15:21:27,175] {logging_mixin.py:109} INFO - [2021-11-27 15:21:27,174] {dag.py:2396} INFO - Sync 1 DAGs
[2021-11-27 15:21:27,179] {logging_mixin.py:109} INFO - [2021-11-27 15:21:27,179] {dag.py:2928} INFO - Setting next_dagrun for example_complex to None
[2021-11-27 15:21:27,187] {processor.py:171} INFO - Processing /Users/danielcollins/opt/anaconda3/lib/python3.8/site-packages/airflow/example_dags/example_complex.py took 0.060 seconds
[2021-11-27 15:22:55,231] {processor.py:163} INFO - Started process (PID=31289) to work on /Users/danielcollins/opt/anaconda3/lib/python3.8/site-packages/airflow/example_dags/example_complex.py
[2021-11-27 15:22:55,233] {processor.py:625} INFO - Processing file /Users/danielcollins/opt/anaconda3/lib/python3.8/site-packages/airflow/example_dags/example_complex.py for tasks to queue
[2021-11-27 15:22:55,233] {logging_mixin.py:109} INFO - [2021-11-27 15:22:55,233] {dagbag.py:500} INFO - Filling up the DagBag from /Users/danielcollins/opt/anaconda3/lib/python3.8/site-packages/airflow/example_dags/example_complex.py
[2021-11-27 15:22:55,267] {processor.py:637} INFO - DAG(s) dict_keys(['example_complex']) retrieved from /Users/danielcollins/opt/anaconda3/lib/python3.8/site-packages/airflow/example_dags/example_complex.py
[2021-11-27 15:22:55,280] {logging_mixin.py:109} INFO - [2021-11-27 15:22:55,280] {dag.py:2396} INFO - Sync 1 DAGs
[2021-11-27 15:22:55,285] {logging_mixin.py:109} INFO - [2021-11-27 15:22:55,285] {dag.py:2928} INFO - Setting next_dagrun for example_complex to None
[2021-11-27 15:22:55,293] {processor.py:171} INFO - Processing /Users/danielcollins/opt/anaconda3/lib/python3.8/site-packages/airflow/example_dags/example_complex.py took 0.062 seconds
[2021-11-27 15:24:20,390] {processor.py:163} INFO - Started process (PID=31434) to work on /Users/danielcollins/opt/anaconda3/lib/python3.8/site-packages/airflow/example_dags/example_complex.py
[2021-11-27 15:24:20,391] {processor.py:625} INFO - Processing file /Users/danielcollins/opt/anaconda3/lib/python3.8/site-packages/airflow/example_dags/example_complex.py for tasks to queue
[2021-11-27 15:24:20,391] {logging_mixin.py:109} INFO - [2021-11-27 15:24:20,391] {dagbag.py:500} INFO - Filling up the DagBag from /Users/danielcollins/opt/anaconda3/lib/python3.8/site-packages/airflow/example_dags/example_complex.py
[2021-11-27 15:24:20,423] {processor.py:637} INFO - DAG(s) dict_keys(['example_complex']) retrieved from /Users/danielcollins/opt/anaconda3/lib/python3.8/site-packages/airflow/example_dags/example_complex.py
[2021-11-27 15:24:20,436] {logging_mixin.py:109} INFO - [2021-11-27 15:24:20,436] {dag.py:2396} INFO - Sync 1 DAGs
[2021-11-27 15:24:20,441] {logging_mixin.py:109} INFO - [2021-11-27 15:24:20,441] {dag.py:2928} INFO - Setting next_dagrun for example_complex to None
[2021-11-27 15:24:20,446] {processor.py:171} INFO - Processing /Users/danielcollins/opt/anaconda3/lib/python3.8/site-packages/airflow/example_dags/example_complex.py took 0.056 seconds
[2021-11-27 15:25:43,453] {processor.py:163} INFO - Started process (PID=31557) to work on /Users/danielcollins/opt/anaconda3/lib/python3.8/site-packages/airflow/example_dags/example_complex.py
[2021-11-27 15:25:43,454] {processor.py:625} INFO - Processing file /Users/danielcollins/opt/anaconda3/lib/python3.8/site-packages/airflow/example_dags/example_complex.py for tasks to queue
[2021-11-27 15:25:43,454] {logging_mixin.py:109} INFO - [2021-11-27 15:25:43,454] {dagbag.py:500} INFO - Filling up the DagBag from /Users/danielcollins/opt/anaconda3/lib/python3.8/site-packages/airflow/example_dags/example_complex.py
[2021-11-27 15:25:43,489] {processor.py:637} INFO - DAG(s) dict_keys(['example_complex']) retrieved from /Users/danielcollins/opt/anaconda3/lib/python3.8/site-packages/airflow/example_dags/example_complex.py
[2021-11-27 15:25:43,502] {logging_mixin.py:109} INFO - [2021-11-27 15:25:43,502] {dag.py:2396} INFO - Sync 1 DAGs
[2021-11-27 15:25:43,507] {logging_mixin.py:109} INFO - [2021-11-27 15:25:43,507] {dag.py:2928} INFO - Setting next_dagrun for example_complex to None
[2021-11-27 15:25:43,513] {processor.py:171} INFO - Processing /Users/danielcollins/opt/anaconda3/lib/python3.8/site-packages/airflow/example_dags/example_complex.py took 0.060 seconds
[2021-11-27 15:27:09,773] {processor.py:163} INFO - Started process (PID=31748) to work on /Users/danielcollins/opt/anaconda3/lib/python3.8/site-packages/airflow/example_dags/example_complex.py
[2021-11-27 15:27:09,773] {processor.py:625} INFO - Processing file /Users/danielcollins/opt/anaconda3/lib/python3.8/site-packages/airflow/example_dags/example_complex.py for tasks to queue
[2021-11-27 15:27:09,773] {logging_mixin.py:109} INFO - [2021-11-27 15:27:09,773] {dagbag.py:500} INFO - Filling up the DagBag from /Users/danielcollins/opt/anaconda3/lib/python3.8/site-packages/airflow/example_dags/example_complex.py
[2021-11-27 15:27:09,806] {processor.py:637} INFO - DAG(s) dict_keys(['example_complex']) retrieved from /Users/danielcollins/opt/anaconda3/lib/python3.8/site-packages/airflow/example_dags/example_complex.py
[2021-11-27 15:27:09,818] {logging_mixin.py:109} INFO - [2021-11-27 15:27:09,818] {dag.py:2396} INFO - Sync 1 DAGs
[2021-11-27 15:27:09,823] {logging_mixin.py:109} INFO - [2021-11-27 15:27:09,823] {dag.py:2928} INFO - Setting next_dagrun for example_complex to None
[2021-11-27 15:27:09,828] {processor.py:171} INFO - Processing /Users/danielcollins/opt/anaconda3/lib/python3.8/site-packages/airflow/example_dags/example_complex.py took 0.056 seconds
[2021-11-27 15:28:35,932] {processor.py:163} INFO - Started process (PID=31907) to work on /Users/danielcollins/opt/anaconda3/lib/python3.8/site-packages/airflow/example_dags/example_complex.py
[2021-11-27 15:28:35,933] {processor.py:625} INFO - Processing file /Users/danielcollins/opt/anaconda3/lib/python3.8/site-packages/airflow/example_dags/example_complex.py for tasks to queue
[2021-11-27 15:28:35,933] {logging_mixin.py:109} INFO - [2021-11-27 15:28:35,933] {dagbag.py:500} INFO - Filling up the DagBag from /Users/danielcollins/opt/anaconda3/lib/python3.8/site-packages/airflow/example_dags/example_complex.py
[2021-11-27 15:28:35,966] {processor.py:637} INFO - DAG(s) dict_keys(['example_complex']) retrieved from /Users/danielcollins/opt/anaconda3/lib/python3.8/site-packages/airflow/example_dags/example_complex.py
[2021-11-27 15:28:35,980] {logging_mixin.py:109} INFO - [2021-11-27 15:28:35,980] {dag.py:2396} INFO - Sync 1 DAGs
[2021-11-27 15:28:35,985] {logging_mixin.py:109} INFO - [2021-11-27 15:28:35,985] {dag.py:2928} INFO - Setting next_dagrun for example_complex to None
[2021-11-27 15:28:35,990] {processor.py:171} INFO - Processing /Users/danielcollins/opt/anaconda3/lib/python3.8/site-packages/airflow/example_dags/example_complex.py took 0.058 seconds
[2021-11-27 15:46:43,906] {processor.py:163} INFO - Started process (PID=32296) to work on /Users/danielcollins/opt/anaconda3/lib/python3.8/site-packages/airflow/example_dags/example_complex.py
[2021-11-27 15:46:43,906] {processor.py:625} INFO - Processing file /Users/danielcollins/opt/anaconda3/lib/python3.8/site-packages/airflow/example_dags/example_complex.py for tasks to queue
[2021-11-27 15:46:43,906] {logging_mixin.py:109} INFO - [2021-11-27 15:46:43,906] {dagbag.py:500} INFO - Filling up the DagBag from /Users/danielcollins/opt/anaconda3/lib/python3.8/site-packages/airflow/example_dags/example_complex.py
[2021-11-27 15:46:43,966] {processor.py:637} INFO - DAG(s) dict_keys(['example_complex']) retrieved from /Users/danielcollins/opt/anaconda3/lib/python3.8/site-packages/airflow/example_dags/example_complex.py
[2021-11-27 15:46:44,004] {logging_mixin.py:109} INFO - [2021-11-27 15:46:44,003] {dag.py:2396} INFO - Sync 1 DAGs
[2021-11-27 15:46:44,009] {logging_mixin.py:109} INFO - [2021-11-27 15:46:44,009] {dag.py:2928} INFO - Setting next_dagrun for example_complex to None
[2021-11-27 15:46:44,017] {processor.py:171} INFO - Processing /Users/danielcollins/opt/anaconda3/lib/python3.8/site-packages/airflow/example_dags/example_complex.py took 0.112 seconds
[2021-11-27 16:08:51,748] {processor.py:163} INFO - Started process (PID=32679) to work on /Users/danielcollins/opt/anaconda3/lib/python3.8/site-packages/airflow/example_dags/example_complex.py
[2021-11-27 16:08:51,748] {processor.py:625} INFO - Processing file /Users/danielcollins/opt/anaconda3/lib/python3.8/site-packages/airflow/example_dags/example_complex.py for tasks to queue
[2021-11-27 16:08:51,749] {logging_mixin.py:109} INFO - [2021-11-27 16:08:51,749] {dagbag.py:500} INFO - Filling up the DagBag from /Users/danielcollins/opt/anaconda3/lib/python3.8/site-packages/airflow/example_dags/example_complex.py
[2021-11-27 16:08:51,825] {processor.py:637} INFO - DAG(s) dict_keys(['example_complex']) retrieved from /Users/danielcollins/opt/anaconda3/lib/python3.8/site-packages/airflow/example_dags/example_complex.py
[2021-11-27 16:08:51,860] {logging_mixin.py:109} INFO - [2021-11-27 16:08:51,859] {dag.py:2396} INFO - Sync 1 DAGs
[2021-11-27 16:08:51,865] {logging_mixin.py:109} INFO - [2021-11-27 16:08:51,865] {dag.py:2928} INFO - Setting next_dagrun for example_complex to None
[2021-11-27 16:08:51,871] {processor.py:171} INFO - Processing /Users/danielcollins/opt/anaconda3/lib/python3.8/site-packages/airflow/example_dags/example_complex.py took 0.124 seconds
[2021-11-27 16:52:36,244] {processor.py:163} INFO - Started process (PID=33027) to work on /Users/danielcollins/opt/anaconda3/lib/python3.8/site-packages/airflow/example_dags/example_complex.py
[2021-11-27 16:52:36,244] {processor.py:625} INFO - Processing file /Users/danielcollins/opt/anaconda3/lib/python3.8/site-packages/airflow/example_dags/example_complex.py for tasks to queue
[2021-11-27 16:52:36,244] {logging_mixin.py:109} INFO - [2021-11-27 16:52:36,244] {dagbag.py:500} INFO - Filling up the DagBag from /Users/danielcollins/opt/anaconda3/lib/python3.8/site-packages/airflow/example_dags/example_complex.py
[2021-11-27 16:52:36,279] {processor.py:637} INFO - DAG(s) dict_keys(['example_complex']) retrieved from /Users/danielcollins/opt/anaconda3/lib/python3.8/site-packages/airflow/example_dags/example_complex.py
[2021-11-27 16:52:36,292] {logging_mixin.py:109} INFO - [2021-11-27 16:52:36,292] {dag.py:2396} INFO - Sync 1 DAGs
[2021-11-27 16:52:36,296] {logging_mixin.py:109} INFO - [2021-11-27 16:52:36,296] {dag.py:2928} INFO - Setting next_dagrun for example_complex to None
[2021-11-27 16:52:36,302] {processor.py:171} INFO - Processing /Users/danielcollins/opt/anaconda3/lib/python3.8/site-packages/airflow/example_dags/example_complex.py took 0.059 seconds
[2021-11-27 16:54:07,806] {processor.py:163} INFO - Started process (PID=33137) to work on /Users/danielcollins/opt/anaconda3/lib/python3.8/site-packages/airflow/example_dags/example_complex.py
[2021-11-27 16:54:07,807] {processor.py:625} INFO - Processing file /Users/danielcollins/opt/anaconda3/lib/python3.8/site-packages/airflow/example_dags/example_complex.py for tasks to queue
[2021-11-27 16:54:07,807] {logging_mixin.py:109} INFO - [2021-11-27 16:54:07,807] {dagbag.py:500} INFO - Filling up the DagBag from /Users/danielcollins/opt/anaconda3/lib/python3.8/site-packages/airflow/example_dags/example_complex.py
[2021-11-27 16:54:07,843] {processor.py:637} INFO - DAG(s) dict_keys(['example_complex']) retrieved from /Users/danielcollins/opt/anaconda3/lib/python3.8/site-packages/airflow/example_dags/example_complex.py
[2021-11-27 16:54:07,855] {logging_mixin.py:109} INFO - [2021-11-27 16:54:07,855] {dag.py:2396} INFO - Sync 1 DAGs
[2021-11-27 16:54:07,860] {logging_mixin.py:109} INFO - [2021-11-27 16:54:07,860] {dag.py:2928} INFO - Setting next_dagrun for example_complex to None
[2021-11-27 16:54:07,870] {processor.py:171} INFO - Processing /Users/danielcollins/opt/anaconda3/lib/python3.8/site-packages/airflow/example_dags/example_complex.py took 0.064 seconds
[2021-11-27 16:55:33,912] {processor.py:163} INFO - Started process (PID=33304) to work on /Users/danielcollins/opt/anaconda3/lib/python3.8/site-packages/airflow/example_dags/example_complex.py
[2021-11-27 16:55:33,913] {processor.py:625} INFO - Processing file /Users/danielcollins/opt/anaconda3/lib/python3.8/site-packages/airflow/example_dags/example_complex.py for tasks to queue
[2021-11-27 16:55:33,913] {logging_mixin.py:109} INFO - [2021-11-27 16:55:33,913] {dagbag.py:500} INFO - Filling up the DagBag from /Users/danielcollins/opt/anaconda3/lib/python3.8/site-packages/airflow/example_dags/example_complex.py
[2021-11-27 16:55:33,946] {processor.py:637} INFO - DAG(s) dict_keys(['example_complex']) retrieved from /Users/danielcollins/opt/anaconda3/lib/python3.8/site-packages/airflow/example_dags/example_complex.py
[2021-11-27 16:55:33,958] {logging_mixin.py:109} INFO - [2021-11-27 16:55:33,958] {dag.py:2396} INFO - Sync 1 DAGs
[2021-11-27 16:55:33,963] {logging_mixin.py:109} INFO - [2021-11-27 16:55:33,963] {dag.py:2928} INFO - Setting next_dagrun for example_complex to None
[2021-11-27 16:55:33,967] {processor.py:171} INFO - Processing /Users/danielcollins/opt/anaconda3/lib/python3.8/site-packages/airflow/example_dags/example_complex.py took 0.055 seconds
