[2021-11-26 17:01:27,895] {processor.py:163} INFO - Started process (PID=19339) to work on /Users/danielcollins/opt/anaconda3/lib/python3.8/site-packages/airflow/example_dags/example_dag_decorator.py
[2021-11-26 17:01:27,895] {processor.py:625} INFO - Processing file /Users/danielcollins/opt/anaconda3/lib/python3.8/site-packages/airflow/example_dags/example_dag_decorator.py for tasks to queue
[2021-11-26 17:01:27,895] {logging_mixin.py:109} INFO - [2021-11-26 17:01:27,895] {dagbag.py:500} INFO - Filling up the DagBag from /Users/danielcollins/opt/anaconda3/lib/python3.8/site-packages/airflow/example_dags/example_dag_decorator.py
[2021-11-26 17:01:27,927] {processor.py:637} INFO - DAG(s) dict_keys(['example_dag_decorator']) retrieved from /Users/danielcollins/opt/anaconda3/lib/python3.8/site-packages/airflow/example_dags/example_dag_decorator.py
[2021-11-26 17:01:28,176] {logging_mixin.py:109} INFO - [2021-11-26 17:01:28,176] {dag.py:2396} INFO - Sync 1 DAGs
[2021-11-26 17:01:28,181] {logging_mixin.py:109} INFO - [2021-11-26 17:01:28,180] {dag.py:2928} INFO - Setting next_dagrun for example_dag_decorator to None
[2021-11-26 17:01:28,192] {processor.py:171} INFO - Processing /Users/danielcollins/opt/anaconda3/lib/python3.8/site-packages/airflow/example_dags/example_dag_decorator.py took 0.297 seconds
[2021-11-26 17:02:50,734] {processor.py:163} INFO - Started process (PID=19497) to work on /Users/danielcollins/opt/anaconda3/lib/python3.8/site-packages/airflow/example_dags/example_dag_decorator.py
[2021-11-26 17:02:50,735] {processor.py:625} INFO - Processing file /Users/danielcollins/opt/anaconda3/lib/python3.8/site-packages/airflow/example_dags/example_dag_decorator.py for tasks to queue
[2021-11-26 17:02:50,735] {logging_mixin.py:109} INFO - [2021-11-26 17:02:50,735] {dagbag.py:500} INFO - Filling up the DagBag from /Users/danielcollins/opt/anaconda3/lib/python3.8/site-packages/airflow/example_dags/example_dag_decorator.py
[2021-11-26 17:02:50,769] {processor.py:637} INFO - DAG(s) dict_keys(['example_dag_decorator']) retrieved from /Users/danielcollins/opt/anaconda3/lib/python3.8/site-packages/airflow/example_dags/example_dag_decorator.py
[2021-11-26 17:02:50,968] {logging_mixin.py:109} INFO - [2021-11-26 17:02:50,968] {dag.py:2396} INFO - Sync 1 DAGs
[2021-11-26 17:02:50,972] {logging_mixin.py:109} INFO - [2021-11-26 17:02:50,972] {dag.py:2928} INFO - Setting next_dagrun for example_dag_decorator to None
[2021-11-26 17:02:50,978] {processor.py:171} INFO - Processing /Users/danielcollins/opt/anaconda3/lib/python3.8/site-packages/airflow/example_dags/example_dag_decorator.py took 0.244 seconds
[2021-11-26 17:04:14,561] {processor.py:163} INFO - Started process (PID=19616) to work on /Users/danielcollins/opt/anaconda3/lib/python3.8/site-packages/airflow/example_dags/example_dag_decorator.py
[2021-11-26 17:04:14,562] {processor.py:625} INFO - Processing file /Users/danielcollins/opt/anaconda3/lib/python3.8/site-packages/airflow/example_dags/example_dag_decorator.py for tasks to queue
[2021-11-26 17:04:14,562] {logging_mixin.py:109} INFO - [2021-11-26 17:04:14,562] {dagbag.py:500} INFO - Filling up the DagBag from /Users/danielcollins/opt/anaconda3/lib/python3.8/site-packages/airflow/example_dags/example_dag_decorator.py
[2021-11-26 17:04:14,595] {processor.py:637} INFO - DAG(s) dict_keys(['example_dag_decorator']) retrieved from /Users/danielcollins/opt/anaconda3/lib/python3.8/site-packages/airflow/example_dags/example_dag_decorator.py
[2021-11-26 17:04:14,890] {logging_mixin.py:109} INFO - [2021-11-26 17:04:14,890] {dag.py:2396} INFO - Sync 1 DAGs
[2021-11-26 17:04:14,894] {logging_mixin.py:109} INFO - [2021-11-26 17:04:14,894] {dag.py:2928} INFO - Setting next_dagrun for example_dag_decorator to None
[2021-11-26 17:04:14,900] {processor.py:171} INFO - Processing /Users/danielcollins/opt/anaconda3/lib/python3.8/site-packages/airflow/example_dags/example_dag_decorator.py took 0.340 seconds
[2021-11-26 17:05:39,271] {processor.py:163} INFO - Started process (PID=19727) to work on /Users/danielcollins/opt/anaconda3/lib/python3.8/site-packages/airflow/example_dags/example_dag_decorator.py
[2021-11-26 17:05:39,272] {processor.py:625} INFO - Processing file /Users/danielcollins/opt/anaconda3/lib/python3.8/site-packages/airflow/example_dags/example_dag_decorator.py for tasks to queue
[2021-11-26 17:05:39,272] {logging_mixin.py:109} INFO - [2021-11-26 17:05:39,272] {dagbag.py:500} INFO - Filling up the DagBag from /Users/danielcollins/opt/anaconda3/lib/python3.8/site-packages/airflow/example_dags/example_dag_decorator.py
[2021-11-26 17:05:39,304] {processor.py:637} INFO - DAG(s) dict_keys(['example_dag_decorator']) retrieved from /Users/danielcollins/opt/anaconda3/lib/python3.8/site-packages/airflow/example_dags/example_dag_decorator.py
[2021-11-26 17:05:39,571] {logging_mixin.py:109} INFO - [2021-11-26 17:05:39,571] {dag.py:2396} INFO - Sync 1 DAGs
[2021-11-26 17:05:39,576] {logging_mixin.py:109} INFO - [2021-11-26 17:05:39,576] {dag.py:2928} INFO - Setting next_dagrun for example_dag_decorator to None
[2021-11-26 17:05:39,582] {processor.py:171} INFO - Processing /Users/danielcollins/opt/anaconda3/lib/python3.8/site-packages/airflow/example_dags/example_dag_decorator.py took 0.311 seconds
[2021-11-26 17:07:01,959] {processor.py:163} INFO - Started process (PID=19831) to work on /Users/danielcollins/opt/anaconda3/lib/python3.8/site-packages/airflow/example_dags/example_dag_decorator.py
[2021-11-26 17:07:01,960] {processor.py:625} INFO - Processing file /Users/danielcollins/opt/anaconda3/lib/python3.8/site-packages/airflow/example_dags/example_dag_decorator.py for tasks to queue
[2021-11-26 17:07:01,960] {logging_mixin.py:109} INFO - [2021-11-26 17:07:01,960] {dagbag.py:500} INFO - Filling up the DagBag from /Users/danielcollins/opt/anaconda3/lib/python3.8/site-packages/airflow/example_dags/example_dag_decorator.py
[2021-11-26 17:07:01,992] {processor.py:637} INFO - DAG(s) dict_keys(['example_dag_decorator']) retrieved from /Users/danielcollins/opt/anaconda3/lib/python3.8/site-packages/airflow/example_dags/example_dag_decorator.py
[2021-11-26 17:07:02,184] {logging_mixin.py:109} INFO - [2021-11-26 17:07:02,184] {dag.py:2396} INFO - Sync 1 DAGs
[2021-11-26 17:07:02,188] {logging_mixin.py:109} INFO - [2021-11-26 17:07:02,188] {dag.py:2928} INFO - Setting next_dagrun for example_dag_decorator to None
[2021-11-26 17:07:02,194] {processor.py:171} INFO - Processing /Users/danielcollins/opt/anaconda3/lib/python3.8/site-packages/airflow/example_dags/example_dag_decorator.py took 0.235 seconds
[2021-11-26 17:08:25,878] {processor.py:163} INFO - Started process (PID=19945) to work on /Users/danielcollins/opt/anaconda3/lib/python3.8/site-packages/airflow/example_dags/example_dag_decorator.py
[2021-11-26 17:08:25,879] {processor.py:625} INFO - Processing file /Users/danielcollins/opt/anaconda3/lib/python3.8/site-packages/airflow/example_dags/example_dag_decorator.py for tasks to queue
[2021-11-26 17:08:25,879] {logging_mixin.py:109} INFO - [2021-11-26 17:08:25,879] {dagbag.py:500} INFO - Filling up the DagBag from /Users/danielcollins/opt/anaconda3/lib/python3.8/site-packages/airflow/example_dags/example_dag_decorator.py
[2021-11-26 17:08:25,916] {processor.py:637} INFO - DAG(s) dict_keys(['example_dag_decorator']) retrieved from /Users/danielcollins/opt/anaconda3/lib/python3.8/site-packages/airflow/example_dags/example_dag_decorator.py
[2021-11-26 17:08:26,146] {logging_mixin.py:109} INFO - [2021-11-26 17:08:26,145] {dag.py:2396} INFO - Sync 1 DAGs
[2021-11-26 17:08:26,150] {logging_mixin.py:109} INFO - [2021-11-26 17:08:26,150] {dag.py:2928} INFO - Setting next_dagrun for example_dag_decorator to None
[2021-11-26 17:08:26,156] {processor.py:171} INFO - Processing /Users/danielcollins/opt/anaconda3/lib/python3.8/site-packages/airflow/example_dags/example_dag_decorator.py took 0.278 seconds
[2021-11-26 17:09:50,769] {processor.py:163} INFO - Started process (PID=20056) to work on /Users/danielcollins/opt/anaconda3/lib/python3.8/site-packages/airflow/example_dags/example_dag_decorator.py
[2021-11-26 17:09:50,770] {processor.py:625} INFO - Processing file /Users/danielcollins/opt/anaconda3/lib/python3.8/site-packages/airflow/example_dags/example_dag_decorator.py for tasks to queue
[2021-11-26 17:09:50,770] {logging_mixin.py:109} INFO - [2021-11-26 17:09:50,770] {dagbag.py:500} INFO - Filling up the DagBag from /Users/danielcollins/opt/anaconda3/lib/python3.8/site-packages/airflow/example_dags/example_dag_decorator.py
[2021-11-26 17:09:50,806] {processor.py:637} INFO - DAG(s) dict_keys(['example_dag_decorator']) retrieved from /Users/danielcollins/opt/anaconda3/lib/python3.8/site-packages/airflow/example_dags/example_dag_decorator.py
[2021-11-26 17:09:51,019] {logging_mixin.py:109} INFO - [2021-11-26 17:09:51,019] {dag.py:2396} INFO - Sync 1 DAGs
[2021-11-26 17:09:51,023] {logging_mixin.py:109} INFO - [2021-11-26 17:09:51,023] {dag.py:2928} INFO - Setting next_dagrun for example_dag_decorator to None
[2021-11-26 17:09:51,029] {processor.py:171} INFO - Processing /Users/danielcollins/opt/anaconda3/lib/python3.8/site-packages/airflow/example_dags/example_dag_decorator.py took 0.260 seconds
[2021-11-26 17:11:14,298] {processor.py:163} INFO - Started process (PID=20170) to work on /Users/danielcollins/opt/anaconda3/lib/python3.8/site-packages/airflow/example_dags/example_dag_decorator.py
[2021-11-26 17:11:14,299] {processor.py:625} INFO - Processing file /Users/danielcollins/opt/anaconda3/lib/python3.8/site-packages/airflow/example_dags/example_dag_decorator.py for tasks to queue
[2021-11-26 17:11:14,299] {logging_mixin.py:109} INFO - [2021-11-26 17:11:14,299] {dagbag.py:500} INFO - Filling up the DagBag from /Users/danielcollins/opt/anaconda3/lib/python3.8/site-packages/airflow/example_dags/example_dag_decorator.py
[2021-11-26 17:11:14,336] {processor.py:637} INFO - DAG(s) dict_keys(['example_dag_decorator']) retrieved from /Users/danielcollins/opt/anaconda3/lib/python3.8/site-packages/airflow/example_dags/example_dag_decorator.py
[2021-11-26 17:11:14,550] {logging_mixin.py:109} INFO - [2021-11-26 17:11:14,550] {dag.py:2396} INFO - Sync 1 DAGs
[2021-11-26 17:11:14,554] {logging_mixin.py:109} INFO - [2021-11-26 17:11:14,554] {dag.py:2928} INFO - Setting next_dagrun for example_dag_decorator to None
[2021-11-26 17:11:14,561] {processor.py:171} INFO - Processing /Users/danielcollins/opt/anaconda3/lib/python3.8/site-packages/airflow/example_dags/example_dag_decorator.py took 0.264 seconds
[2021-11-26 17:12:39,153] {processor.py:163} INFO - Started process (PID=20273) to work on /Users/danielcollins/opt/anaconda3/lib/python3.8/site-packages/airflow/example_dags/example_dag_decorator.py
[2021-11-26 17:12:39,153] {processor.py:625} INFO - Processing file /Users/danielcollins/opt/anaconda3/lib/python3.8/site-packages/airflow/example_dags/example_dag_decorator.py for tasks to queue
[2021-11-26 17:12:39,153] {logging_mixin.py:109} INFO - [2021-11-26 17:12:39,153] {dagbag.py:500} INFO - Filling up the DagBag from /Users/danielcollins/opt/anaconda3/lib/python3.8/site-packages/airflow/example_dags/example_dag_decorator.py
[2021-11-26 17:12:39,186] {processor.py:637} INFO - DAG(s) dict_keys(['example_dag_decorator']) retrieved from /Users/danielcollins/opt/anaconda3/lib/python3.8/site-packages/airflow/example_dags/example_dag_decorator.py
[2021-11-26 17:12:39,421] {logging_mixin.py:109} INFO - [2021-11-26 17:12:39,421] {dag.py:2396} INFO - Sync 1 DAGs
[2021-11-26 17:12:39,425] {logging_mixin.py:109} INFO - [2021-11-26 17:12:39,425] {dag.py:2928} INFO - Setting next_dagrun for example_dag_decorator to None
[2021-11-26 17:12:39,432] {processor.py:171} INFO - Processing /Users/danielcollins/opt/anaconda3/lib/python3.8/site-packages/airflow/example_dags/example_dag_decorator.py took 0.280 seconds
[2021-11-26 17:14:02,632] {processor.py:163} INFO - Started process (PID=20392) to work on /Users/danielcollins/opt/anaconda3/lib/python3.8/site-packages/airflow/example_dags/example_dag_decorator.py
[2021-11-26 17:14:02,632] {processor.py:625} INFO - Processing file /Users/danielcollins/opt/anaconda3/lib/python3.8/site-packages/airflow/example_dags/example_dag_decorator.py for tasks to queue
[2021-11-26 17:14:02,633] {logging_mixin.py:109} INFO - [2021-11-26 17:14:02,633] {dagbag.py:500} INFO - Filling up the DagBag from /Users/danielcollins/opt/anaconda3/lib/python3.8/site-packages/airflow/example_dags/example_dag_decorator.py
[2021-11-26 17:14:02,665] {processor.py:637} INFO - DAG(s) dict_keys(['example_dag_decorator']) retrieved from /Users/danielcollins/opt/anaconda3/lib/python3.8/site-packages/airflow/example_dags/example_dag_decorator.py
[2021-11-26 17:14:02,909] {logging_mixin.py:109} INFO - [2021-11-26 17:14:02,909] {dag.py:2396} INFO - Sync 1 DAGs
[2021-11-26 17:14:02,913] {logging_mixin.py:109} INFO - [2021-11-26 17:14:02,913] {dag.py:2928} INFO - Setting next_dagrun for example_dag_decorator to None
[2021-11-26 17:14:02,919] {processor.py:171} INFO - Processing /Users/danielcollins/opt/anaconda3/lib/python3.8/site-packages/airflow/example_dags/example_dag_decorator.py took 0.287 seconds
[2021-11-26 17:15:25,739] {processor.py:163} INFO - Started process (PID=20502) to work on /Users/danielcollins/opt/anaconda3/lib/python3.8/site-packages/airflow/example_dags/example_dag_decorator.py
[2021-11-26 17:15:25,739] {processor.py:625} INFO - Processing file /Users/danielcollins/opt/anaconda3/lib/python3.8/site-packages/airflow/example_dags/example_dag_decorator.py for tasks to queue
[2021-11-26 17:15:25,739] {logging_mixin.py:109} INFO - [2021-11-26 17:15:25,739] {dagbag.py:500} INFO - Filling up the DagBag from /Users/danielcollins/opt/anaconda3/lib/python3.8/site-packages/airflow/example_dags/example_dag_decorator.py
[2021-11-26 17:15:25,769] {processor.py:637} INFO - DAG(s) dict_keys(['example_dag_decorator']) retrieved from /Users/danielcollins/opt/anaconda3/lib/python3.8/site-packages/airflow/example_dags/example_dag_decorator.py
[2021-11-26 17:15:26,016] {logging_mixin.py:109} INFO - [2021-11-26 17:15:26,016] {dag.py:2396} INFO - Sync 1 DAGs
[2021-11-26 17:15:26,020] {logging_mixin.py:109} INFO - [2021-11-26 17:15:26,020] {dag.py:2928} INFO - Setting next_dagrun for example_dag_decorator to None
[2021-11-26 17:15:26,025] {processor.py:171} INFO - Processing /Users/danielcollins/opt/anaconda3/lib/python3.8/site-packages/airflow/example_dags/example_dag_decorator.py took 0.287 seconds
[2021-11-26 17:16:48,475] {processor.py:163} INFO - Started process (PID=20676) to work on /Users/danielcollins/opt/anaconda3/lib/python3.8/site-packages/airflow/example_dags/example_dag_decorator.py
[2021-11-26 17:16:48,475] {processor.py:625} INFO - Processing file /Users/danielcollins/opt/anaconda3/lib/python3.8/site-packages/airflow/example_dags/example_dag_decorator.py for tasks to queue
[2021-11-26 17:16:48,475] {logging_mixin.py:109} INFO - [2021-11-26 17:16:48,475] {dagbag.py:500} INFO - Filling up the DagBag from /Users/danielcollins/opt/anaconda3/lib/python3.8/site-packages/airflow/example_dags/example_dag_decorator.py
[2021-11-26 17:16:48,507] {processor.py:637} INFO - DAG(s) dict_keys(['example_dag_decorator']) retrieved from /Users/danielcollins/opt/anaconda3/lib/python3.8/site-packages/airflow/example_dags/example_dag_decorator.py
[2021-11-26 17:16:48,727] {logging_mixin.py:109} INFO - [2021-11-26 17:16:48,727] {dag.py:2396} INFO - Sync 1 DAGs
[2021-11-26 17:16:48,731] {logging_mixin.py:109} INFO - [2021-11-26 17:16:48,731] {dag.py:2928} INFO - Setting next_dagrun for example_dag_decorator to None
[2021-11-26 17:16:48,736] {processor.py:171} INFO - Processing /Users/danielcollins/opt/anaconda3/lib/python3.8/site-packages/airflow/example_dags/example_dag_decorator.py took 0.262 seconds
[2021-11-26 17:18:11,107] {processor.py:163} INFO - Started process (PID=20835) to work on /Users/danielcollins/opt/anaconda3/lib/python3.8/site-packages/airflow/example_dags/example_dag_decorator.py
[2021-11-26 17:18:11,107] {processor.py:625} INFO - Processing file /Users/danielcollins/opt/anaconda3/lib/python3.8/site-packages/airflow/example_dags/example_dag_decorator.py for tasks to queue
[2021-11-26 17:18:11,108] {logging_mixin.py:109} INFO - [2021-11-26 17:18:11,108] {dagbag.py:500} INFO - Filling up the DagBag from /Users/danielcollins/opt/anaconda3/lib/python3.8/site-packages/airflow/example_dags/example_dag_decorator.py
[2021-11-26 17:18:11,140] {processor.py:637} INFO - DAG(s) dict_keys(['example_dag_decorator']) retrieved from /Users/danielcollins/opt/anaconda3/lib/python3.8/site-packages/airflow/example_dags/example_dag_decorator.py
[2021-11-26 17:18:11,421] {logging_mixin.py:109} INFO - [2021-11-26 17:18:11,421] {dag.py:2396} INFO - Sync 1 DAGs
[2021-11-26 17:18:11,425] {logging_mixin.py:109} INFO - [2021-11-26 17:18:11,425] {dag.py:2928} INFO - Setting next_dagrun for example_dag_decorator to None
[2021-11-26 17:18:11,431] {processor.py:171} INFO - Processing /Users/danielcollins/opt/anaconda3/lib/python3.8/site-packages/airflow/example_dags/example_dag_decorator.py took 0.324 seconds
[2021-11-26 17:19:40,046] {processor.py:163} INFO - Started process (PID=20998) to work on /Users/danielcollins/opt/anaconda3/lib/python3.8/site-packages/airflow/example_dags/example_dag_decorator.py
[2021-11-26 17:19:40,047] {processor.py:625} INFO - Processing file /Users/danielcollins/opt/anaconda3/lib/python3.8/site-packages/airflow/example_dags/example_dag_decorator.py for tasks to queue
[2021-11-26 17:19:40,047] {logging_mixin.py:109} INFO - [2021-11-26 17:19:40,047] {dagbag.py:500} INFO - Filling up the DagBag from /Users/danielcollins/opt/anaconda3/lib/python3.8/site-packages/airflow/example_dags/example_dag_decorator.py
[2021-11-26 17:19:40,081] {processor.py:637} INFO - DAG(s) dict_keys(['example_dag_decorator']) retrieved from /Users/danielcollins/opt/anaconda3/lib/python3.8/site-packages/airflow/example_dags/example_dag_decorator.py
[2021-11-26 17:19:40,320] {logging_mixin.py:109} INFO - [2021-11-26 17:19:40,320] {dag.py:2396} INFO - Sync 1 DAGs
[2021-11-26 17:19:40,324] {logging_mixin.py:109} INFO - [2021-11-26 17:19:40,324] {dag.py:2928} INFO - Setting next_dagrun for example_dag_decorator to None
[2021-11-26 17:19:40,332] {processor.py:171} INFO - Processing /Users/danielcollins/opt/anaconda3/lib/python3.8/site-packages/airflow/example_dags/example_dag_decorator.py took 0.286 seconds
[2021-11-26 17:21:04,208] {processor.py:163} INFO - Started process (PID=21108) to work on /Users/danielcollins/opt/anaconda3/lib/python3.8/site-packages/airflow/example_dags/example_dag_decorator.py
[2021-11-26 17:21:04,209] {processor.py:625} INFO - Processing file /Users/danielcollins/opt/anaconda3/lib/python3.8/site-packages/airflow/example_dags/example_dag_decorator.py for tasks to queue
[2021-11-26 17:21:04,209] {logging_mixin.py:109} INFO - [2021-11-26 17:21:04,209] {dagbag.py:500} INFO - Filling up the DagBag from /Users/danielcollins/opt/anaconda3/lib/python3.8/site-packages/airflow/example_dags/example_dag_decorator.py
[2021-11-26 17:21:04,243] {processor.py:637} INFO - DAG(s) dict_keys(['example_dag_decorator']) retrieved from /Users/danielcollins/opt/anaconda3/lib/python3.8/site-packages/airflow/example_dags/example_dag_decorator.py
[2021-11-26 17:21:04,483] {logging_mixin.py:109} INFO - [2021-11-26 17:21:04,483] {dag.py:2396} INFO - Sync 1 DAGs
[2021-11-26 17:21:04,487] {logging_mixin.py:109} INFO - [2021-11-26 17:21:04,487] {dag.py:2928} INFO - Setting next_dagrun for example_dag_decorator to None
[2021-11-26 17:21:04,494] {processor.py:171} INFO - Processing /Users/danielcollins/opt/anaconda3/lib/python3.8/site-packages/airflow/example_dags/example_dag_decorator.py took 0.286 seconds
[2021-11-26 17:22:28,445] {processor.py:163} INFO - Started process (PID=21257) to work on /Users/danielcollins/opt/anaconda3/lib/python3.8/site-packages/airflow/example_dags/example_dag_decorator.py
[2021-11-26 17:22:28,446] {processor.py:625} INFO - Processing file /Users/danielcollins/opt/anaconda3/lib/python3.8/site-packages/airflow/example_dags/example_dag_decorator.py for tasks to queue
[2021-11-26 17:22:28,446] {logging_mixin.py:109} INFO - [2021-11-26 17:22:28,446] {dagbag.py:500} INFO - Filling up the DagBag from /Users/danielcollins/opt/anaconda3/lib/python3.8/site-packages/airflow/example_dags/example_dag_decorator.py
[2021-11-26 17:22:28,480] {processor.py:637} INFO - DAG(s) dict_keys(['example_dag_decorator']) retrieved from /Users/danielcollins/opt/anaconda3/lib/python3.8/site-packages/airflow/example_dags/example_dag_decorator.py
[2021-11-26 17:22:28,702] {logging_mixin.py:109} INFO - [2021-11-26 17:22:28,702] {dag.py:2396} INFO - Sync 1 DAGs
[2021-11-26 17:22:28,706] {logging_mixin.py:109} INFO - [2021-11-26 17:22:28,706] {dag.py:2928} INFO - Setting next_dagrun for example_dag_decorator to None
[2021-11-26 17:22:28,715] {processor.py:171} INFO - Processing /Users/danielcollins/opt/anaconda3/lib/python3.8/site-packages/airflow/example_dags/example_dag_decorator.py took 0.270 seconds
[2021-11-26 17:23:50,749] {processor.py:163} INFO - Started process (PID=21361) to work on /Users/danielcollins/opt/anaconda3/lib/python3.8/site-packages/airflow/example_dags/example_dag_decorator.py
[2021-11-26 17:23:50,750] {processor.py:625} INFO - Processing file /Users/danielcollins/opt/anaconda3/lib/python3.8/site-packages/airflow/example_dags/example_dag_decorator.py for tasks to queue
[2021-11-26 17:23:50,750] {logging_mixin.py:109} INFO - [2021-11-26 17:23:50,750] {dagbag.py:500} INFO - Filling up the DagBag from /Users/danielcollins/opt/anaconda3/lib/python3.8/site-packages/airflow/example_dags/example_dag_decorator.py
[2021-11-26 17:23:50,782] {processor.py:637} INFO - DAG(s) dict_keys(['example_dag_decorator']) retrieved from /Users/danielcollins/opt/anaconda3/lib/python3.8/site-packages/airflow/example_dags/example_dag_decorator.py
[2021-11-26 17:23:51,092] {logging_mixin.py:109} INFO - [2021-11-26 17:23:51,092] {dag.py:2396} INFO - Sync 1 DAGs
[2021-11-26 17:23:51,096] {logging_mixin.py:109} INFO - [2021-11-26 17:23:51,096] {dag.py:2928} INFO - Setting next_dagrun for example_dag_decorator to None
[2021-11-26 17:23:51,105] {processor.py:171} INFO - Processing /Users/danielcollins/opt/anaconda3/lib/python3.8/site-packages/airflow/example_dags/example_dag_decorator.py took 0.356 seconds
[2021-11-26 17:25:14,133] {processor.py:163} INFO - Started process (PID=21490) to work on /Users/danielcollins/opt/anaconda3/lib/python3.8/site-packages/airflow/example_dags/example_dag_decorator.py
[2021-11-26 17:25:14,134] {processor.py:625} INFO - Processing file /Users/danielcollins/opt/anaconda3/lib/python3.8/site-packages/airflow/example_dags/example_dag_decorator.py for tasks to queue
[2021-11-26 17:25:14,134] {logging_mixin.py:109} INFO - [2021-11-26 17:25:14,134] {dagbag.py:500} INFO - Filling up the DagBag from /Users/danielcollins/opt/anaconda3/lib/python3.8/site-packages/airflow/example_dags/example_dag_decorator.py
[2021-11-26 17:25:14,166] {processor.py:637} INFO - DAG(s) dict_keys(['example_dag_decorator']) retrieved from /Users/danielcollins/opt/anaconda3/lib/python3.8/site-packages/airflow/example_dags/example_dag_decorator.py
[2021-11-26 17:25:14,391] {logging_mixin.py:109} INFO - [2021-11-26 17:25:14,391] {dag.py:2396} INFO - Sync 1 DAGs
[2021-11-26 17:25:14,396] {logging_mixin.py:109} INFO - [2021-11-26 17:25:14,396] {dag.py:2928} INFO - Setting next_dagrun for example_dag_decorator to None
[2021-11-26 17:25:14,404] {processor.py:171} INFO - Processing /Users/danielcollins/opt/anaconda3/lib/python3.8/site-packages/airflow/example_dags/example_dag_decorator.py took 0.272 seconds
[2021-11-26 17:26:44,504] {processor.py:163} INFO - Started process (PID=22175) to work on /Users/danielcollins/opt/anaconda3/lib/python3.8/site-packages/airflow/example_dags/example_dag_decorator.py
[2021-11-26 17:26:44,505] {processor.py:625} INFO - Processing file /Users/danielcollins/opt/anaconda3/lib/python3.8/site-packages/airflow/example_dags/example_dag_decorator.py for tasks to queue
[2021-11-26 17:26:44,505] {logging_mixin.py:109} INFO - [2021-11-26 17:26:44,505] {dagbag.py:500} INFO - Filling up the DagBag from /Users/danielcollins/opt/anaconda3/lib/python3.8/site-packages/airflow/example_dags/example_dag_decorator.py
[2021-11-26 17:26:44,540] {processor.py:637} INFO - DAG(s) dict_keys(['example_dag_decorator']) retrieved from /Users/danielcollins/opt/anaconda3/lib/python3.8/site-packages/airflow/example_dags/example_dag_decorator.py
[2021-11-26 17:26:44,869] {logging_mixin.py:109} INFO - [2021-11-26 17:26:44,868] {dag.py:2396} INFO - Sync 1 DAGs
[2021-11-26 17:26:44,874] {logging_mixin.py:109} INFO - [2021-11-26 17:26:44,874] {dag.py:2928} INFO - Setting next_dagrun for example_dag_decorator to None
[2021-11-26 17:26:44,882] {processor.py:171} INFO - Processing /Users/danielcollins/opt/anaconda3/lib/python3.8/site-packages/airflow/example_dags/example_dag_decorator.py took 0.378 seconds
[2021-11-26 17:28:19,330] {processor.py:163} INFO - Started process (PID=22352) to work on /Users/danielcollins/opt/anaconda3/lib/python3.8/site-packages/airflow/example_dags/example_dag_decorator.py
[2021-11-26 17:28:19,331] {processor.py:625} INFO - Processing file /Users/danielcollins/opt/anaconda3/lib/python3.8/site-packages/airflow/example_dags/example_dag_decorator.py for tasks to queue
[2021-11-26 17:28:19,331] {logging_mixin.py:109} INFO - [2021-11-26 17:28:19,331] {dagbag.py:500} INFO - Filling up the DagBag from /Users/danielcollins/opt/anaconda3/lib/python3.8/site-packages/airflow/example_dags/example_dag_decorator.py
[2021-11-26 17:28:19,363] {processor.py:637} INFO - DAG(s) dict_keys(['example_dag_decorator']) retrieved from /Users/danielcollins/opt/anaconda3/lib/python3.8/site-packages/airflow/example_dags/example_dag_decorator.py
[2021-11-26 17:28:19,575] {logging_mixin.py:109} INFO - [2021-11-26 17:28:19,574] {dag.py:2396} INFO - Sync 1 DAGs
[2021-11-26 17:28:19,579] {logging_mixin.py:109} INFO - [2021-11-26 17:28:19,579] {dag.py:2928} INFO - Setting next_dagrun for example_dag_decorator to None
[2021-11-26 17:28:19,587] {processor.py:171} INFO - Processing /Users/danielcollins/opt/anaconda3/lib/python3.8/site-packages/airflow/example_dags/example_dag_decorator.py took 0.258 seconds
[2021-11-26 17:29:41,352] {processor.py:163} INFO - Started process (PID=22471) to work on /Users/danielcollins/opt/anaconda3/lib/python3.8/site-packages/airflow/example_dags/example_dag_decorator.py
[2021-11-26 17:29:41,353] {processor.py:625} INFO - Processing file /Users/danielcollins/opt/anaconda3/lib/python3.8/site-packages/airflow/example_dags/example_dag_decorator.py for tasks to queue
[2021-11-26 17:29:41,353] {logging_mixin.py:109} INFO - [2021-11-26 17:29:41,353] {dagbag.py:500} INFO - Filling up the DagBag from /Users/danielcollins/opt/anaconda3/lib/python3.8/site-packages/airflow/example_dags/example_dag_decorator.py
[2021-11-26 17:29:41,387] {processor.py:637} INFO - DAG(s) dict_keys(['example_dag_decorator']) retrieved from /Users/danielcollins/opt/anaconda3/lib/python3.8/site-packages/airflow/example_dags/example_dag_decorator.py
[2021-11-26 17:29:41,610] {logging_mixin.py:109} INFO - [2021-11-26 17:29:41,610] {dag.py:2396} INFO - Sync 1 DAGs
[2021-11-26 17:29:41,614] {logging_mixin.py:109} INFO - [2021-11-26 17:29:41,614] {dag.py:2928} INFO - Setting next_dagrun for example_dag_decorator to None
[2021-11-26 17:29:41,620] {processor.py:171} INFO - Processing /Users/danielcollins/opt/anaconda3/lib/python3.8/site-packages/airflow/example_dags/example_dag_decorator.py took 0.268 seconds
[2021-11-26 17:31:03,612] {processor.py:163} INFO - Started process (PID=22604) to work on /Users/danielcollins/opt/anaconda3/lib/python3.8/site-packages/airflow/example_dags/example_dag_decorator.py
[2021-11-26 17:31:03,613] {processor.py:625} INFO - Processing file /Users/danielcollins/opt/anaconda3/lib/python3.8/site-packages/airflow/example_dags/example_dag_decorator.py for tasks to queue
[2021-11-26 17:31:03,614] {logging_mixin.py:109} INFO - [2021-11-26 17:31:03,614] {dagbag.py:500} INFO - Filling up the DagBag from /Users/danielcollins/opt/anaconda3/lib/python3.8/site-packages/airflow/example_dags/example_dag_decorator.py
[2021-11-26 17:31:03,645] {processor.py:637} INFO - DAG(s) dict_keys(['example_dag_decorator']) retrieved from /Users/danielcollins/opt/anaconda3/lib/python3.8/site-packages/airflow/example_dags/example_dag_decorator.py
[2021-11-26 17:31:03,858] {logging_mixin.py:109} INFO - [2021-11-26 17:31:03,858] {dag.py:2396} INFO - Sync 1 DAGs
[2021-11-26 17:31:03,862] {logging_mixin.py:109} INFO - [2021-11-26 17:31:03,862] {dag.py:2928} INFO - Setting next_dagrun for example_dag_decorator to None
[2021-11-26 17:31:03,869] {processor.py:171} INFO - Processing /Users/danielcollins/opt/anaconda3/lib/python3.8/site-packages/airflow/example_dags/example_dag_decorator.py took 0.257 seconds
[2021-11-26 17:32:35,188] {processor.py:163} INFO - Started process (PID=22846) to work on /Users/danielcollins/opt/anaconda3/lib/python3.8/site-packages/airflow/example_dags/example_dag_decorator.py
[2021-11-26 17:32:35,188] {processor.py:625} INFO - Processing file /Users/danielcollins/opt/anaconda3/lib/python3.8/site-packages/airflow/example_dags/example_dag_decorator.py for tasks to queue
[2021-11-26 17:32:35,189] {logging_mixin.py:109} INFO - [2021-11-26 17:32:35,188] {dagbag.py:500} INFO - Filling up the DagBag from /Users/danielcollins/opt/anaconda3/lib/python3.8/site-packages/airflow/example_dags/example_dag_decorator.py
[2021-11-26 17:32:35,218] {processor.py:637} INFO - DAG(s) dict_keys(['example_dag_decorator']) retrieved from /Users/danielcollins/opt/anaconda3/lib/python3.8/site-packages/airflow/example_dags/example_dag_decorator.py
[2021-11-26 17:32:35,430] {logging_mixin.py:109} INFO - [2021-11-26 17:32:35,430] {dag.py:2396} INFO - Sync 1 DAGs
[2021-11-26 17:32:35,434] {logging_mixin.py:109} INFO - [2021-11-26 17:32:35,434] {dag.py:2928} INFO - Setting next_dagrun for example_dag_decorator to None
[2021-11-26 17:32:35,447] {processor.py:171} INFO - Processing /Users/danielcollins/opt/anaconda3/lib/python3.8/site-packages/airflow/example_dags/example_dag_decorator.py took 0.259 seconds
[2021-11-26 17:50:38,707] {processor.py:163} INFO - Started process (PID=23035) to work on /Users/danielcollins/opt/anaconda3/lib/python3.8/site-packages/airflow/example_dags/example_dag_decorator.py
[2021-11-26 17:50:38,708] {processor.py:625} INFO - Processing file /Users/danielcollins/opt/anaconda3/lib/python3.8/site-packages/airflow/example_dags/example_dag_decorator.py for tasks to queue
[2021-11-26 17:50:38,708] {logging_mixin.py:109} INFO - [2021-11-26 17:50:38,708] {dagbag.py:500} INFO - Filling up the DagBag from /Users/danielcollins/opt/anaconda3/lib/python3.8/site-packages/airflow/example_dags/example_dag_decorator.py
[2021-11-26 17:50:38,742] {processor.py:637} INFO - DAG(s) dict_keys(['example_dag_decorator']) retrieved from /Users/danielcollins/opt/anaconda3/lib/python3.8/site-packages/airflow/example_dags/example_dag_decorator.py
[2021-11-26 17:50:38,950] {logging_mixin.py:109} INFO - [2021-11-26 17:50:38,950] {dag.py:2396} INFO - Sync 1 DAGs
[2021-11-26 17:50:38,954] {logging_mixin.py:109} INFO - [2021-11-26 17:50:38,954] {dag.py:2928} INFO - Setting next_dagrun for example_dag_decorator to None
[2021-11-26 17:50:38,960] {processor.py:171} INFO - Processing /Users/danielcollins/opt/anaconda3/lib/python3.8/site-packages/airflow/example_dags/example_dag_decorator.py took 0.253 seconds
[2021-11-26 17:52:21,116] {processor.py:163} INFO - Started process (PID=23256) to work on /Users/danielcollins/opt/anaconda3/lib/python3.8/site-packages/airflow/example_dags/example_dag_decorator.py
[2021-11-26 17:52:21,116] {processor.py:625} INFO - Processing file /Users/danielcollins/opt/anaconda3/lib/python3.8/site-packages/airflow/example_dags/example_dag_decorator.py for tasks to queue
[2021-11-26 17:52:21,117] {logging_mixin.py:109} INFO - [2021-11-26 17:52:21,117] {dagbag.py:500} INFO - Filling up the DagBag from /Users/danielcollins/opt/anaconda3/lib/python3.8/site-packages/airflow/example_dags/example_dag_decorator.py
[2021-11-26 17:52:21,150] {processor.py:637} INFO - DAG(s) dict_keys(['example_dag_decorator']) retrieved from /Users/danielcollins/opt/anaconda3/lib/python3.8/site-packages/airflow/example_dags/example_dag_decorator.py
[2021-11-26 17:52:21,376] {logging_mixin.py:109} INFO - [2021-11-26 17:52:21,375] {dag.py:2396} INFO - Sync 1 DAGs
[2021-11-26 17:52:21,380] {logging_mixin.py:109} INFO - [2021-11-26 17:52:21,380] {dag.py:2928} INFO - Setting next_dagrun for example_dag_decorator to None
[2021-11-26 17:52:21,408] {processor.py:171} INFO - Processing /Users/danielcollins/opt/anaconda3/lib/python3.8/site-packages/airflow/example_dags/example_dag_decorator.py took 0.293 seconds
[2021-11-26 17:54:20,325] {processor.py:163} INFO - Started process (PID=23417) to work on /Users/danielcollins/opt/anaconda3/lib/python3.8/site-packages/airflow/example_dags/example_dag_decorator.py
[2021-11-26 17:54:20,326] {processor.py:625} INFO - Processing file /Users/danielcollins/opt/anaconda3/lib/python3.8/site-packages/airflow/example_dags/example_dag_decorator.py for tasks to queue
[2021-11-26 17:54:20,326] {logging_mixin.py:109} INFO - [2021-11-26 17:54:20,326] {dagbag.py:500} INFO - Filling up the DagBag from /Users/danielcollins/opt/anaconda3/lib/python3.8/site-packages/airflow/example_dags/example_dag_decorator.py
[2021-11-26 17:54:20,366] {processor.py:637} INFO - DAG(s) dict_keys(['example_dag_decorator']) retrieved from /Users/danielcollins/opt/anaconda3/lib/python3.8/site-packages/airflow/example_dags/example_dag_decorator.py
[2021-11-26 17:54:20,595] {logging_mixin.py:109} INFO - [2021-11-26 17:54:20,595] {dag.py:2396} INFO - Sync 1 DAGs
[2021-11-26 17:54:20,599] {logging_mixin.py:109} INFO - [2021-11-26 17:54:20,599] {dag.py:2928} INFO - Setting next_dagrun for example_dag_decorator to None
[2021-11-26 17:54:20,608] {processor.py:171} INFO - Processing /Users/danielcollins/opt/anaconda3/lib/python3.8/site-packages/airflow/example_dags/example_dag_decorator.py took 0.283 seconds
[2021-11-26 17:56:15,446] {processor.py:163} INFO - Started process (PID=23560) to work on /Users/danielcollins/opt/anaconda3/lib/python3.8/site-packages/airflow/example_dags/example_dag_decorator.py
[2021-11-26 17:56:15,447] {processor.py:625} INFO - Processing file /Users/danielcollins/opt/anaconda3/lib/python3.8/site-packages/airflow/example_dags/example_dag_decorator.py for tasks to queue
[2021-11-26 17:56:15,447] {logging_mixin.py:109} INFO - [2021-11-26 17:56:15,447] {dagbag.py:500} INFO - Filling up the DagBag from /Users/danielcollins/opt/anaconda3/lib/python3.8/site-packages/airflow/example_dags/example_dag_decorator.py
[2021-11-26 17:56:15,533] {processor.py:637} INFO - DAG(s) dict_keys(['example_dag_decorator']) retrieved from /Users/danielcollins/opt/anaconda3/lib/python3.8/site-packages/airflow/example_dags/example_dag_decorator.py
[2021-11-26 17:56:15,777] {logging_mixin.py:109} INFO - [2021-11-26 17:56:15,777] {dag.py:2396} INFO - Sync 1 DAGs
[2021-11-26 17:56:15,781] {logging_mixin.py:109} INFO - [2021-11-26 17:56:15,781] {dag.py:2928} INFO - Setting next_dagrun for example_dag_decorator to None
[2021-11-26 17:56:15,790] {processor.py:171} INFO - Processing /Users/danielcollins/opt/anaconda3/lib/python3.8/site-packages/airflow/example_dags/example_dag_decorator.py took 0.345 seconds
[2021-11-26 17:58:10,746] {processor.py:163} INFO - Started process (PID=23786) to work on /Users/danielcollins/opt/anaconda3/lib/python3.8/site-packages/airflow/example_dags/example_dag_decorator.py
[2021-11-26 17:58:10,748] {processor.py:625} INFO - Processing file /Users/danielcollins/opt/anaconda3/lib/python3.8/site-packages/airflow/example_dags/example_dag_decorator.py for tasks to queue
[2021-11-26 17:58:10,748] {logging_mixin.py:109} INFO - [2021-11-26 17:58:10,748] {dagbag.py:500} INFO - Filling up the DagBag from /Users/danielcollins/opt/anaconda3/lib/python3.8/site-packages/airflow/example_dags/example_dag_decorator.py
[2021-11-26 17:58:10,791] {processor.py:637} INFO - DAG(s) dict_keys(['example_dag_decorator']) retrieved from /Users/danielcollins/opt/anaconda3/lib/python3.8/site-packages/airflow/example_dags/example_dag_decorator.py
[2021-11-26 17:58:11,143] {logging_mixin.py:109} INFO - [2021-11-26 17:58:11,143] {dag.py:2396} INFO - Sync 1 DAGs
[2021-11-26 17:58:11,148] {logging_mixin.py:109} INFO - [2021-11-26 17:58:11,148] {dag.py:2928} INFO - Setting next_dagrun for example_dag_decorator to None
[2021-11-26 17:58:11,156] {processor.py:171} INFO - Processing /Users/danielcollins/opt/anaconda3/lib/python3.8/site-packages/airflow/example_dags/example_dag_decorator.py took 0.410 seconds
[2021-11-26 18:00:08,150] {processor.py:163} INFO - Started process (PID=23940) to work on /Users/danielcollins/opt/anaconda3/lib/python3.8/site-packages/airflow/example_dags/example_dag_decorator.py
[2021-11-26 18:00:08,151] {processor.py:625} INFO - Processing file /Users/danielcollins/opt/anaconda3/lib/python3.8/site-packages/airflow/example_dags/example_dag_decorator.py for tasks to queue
[2021-11-26 18:00:08,151] {logging_mixin.py:109} INFO - [2021-11-26 18:00:08,151] {dagbag.py:500} INFO - Filling up the DagBag from /Users/danielcollins/opt/anaconda3/lib/python3.8/site-packages/airflow/example_dags/example_dag_decorator.py
[2021-11-26 18:00:08,188] {processor.py:637} INFO - DAG(s) dict_keys(['example_dag_decorator']) retrieved from /Users/danielcollins/opt/anaconda3/lib/python3.8/site-packages/airflow/example_dags/example_dag_decorator.py
[2021-11-26 18:00:08,458] {logging_mixin.py:109} INFO - [2021-11-26 18:00:08,455] {dag.py:2396} INFO - Sync 1 DAGs
[2021-11-26 18:00:08,528] {logging_mixin.py:109} INFO - [2021-11-26 18:00:08,528] {dag.py:2928} INFO - Setting next_dagrun for example_dag_decorator to None
[2021-11-26 18:00:08,564] {processor.py:171} INFO - Processing /Users/danielcollins/opt/anaconda3/lib/python3.8/site-packages/airflow/example_dags/example_dag_decorator.py took 0.414 seconds
[2021-11-26 18:02:12,280] {processor.py:163} INFO - Started process (PID=24084) to work on /Users/danielcollins/opt/anaconda3/lib/python3.8/site-packages/airflow/example_dags/example_dag_decorator.py
[2021-11-26 18:02:12,280] {processor.py:625} INFO - Processing file /Users/danielcollins/opt/anaconda3/lib/python3.8/site-packages/airflow/example_dags/example_dag_decorator.py for tasks to queue
[2021-11-26 18:02:12,281] {logging_mixin.py:109} INFO - [2021-11-26 18:02:12,281] {dagbag.py:500} INFO - Filling up the DagBag from /Users/danielcollins/opt/anaconda3/lib/python3.8/site-packages/airflow/example_dags/example_dag_decorator.py
[2021-11-26 18:02:12,326] {processor.py:637} INFO - DAG(s) dict_keys(['example_dag_decorator']) retrieved from /Users/danielcollins/opt/anaconda3/lib/python3.8/site-packages/airflow/example_dags/example_dag_decorator.py
[2021-11-26 18:02:12,779] {logging_mixin.py:109} INFO - [2021-11-26 18:02:12,766] {dag.py:2396} INFO - Sync 1 DAGs
[2021-11-26 18:02:12,824] {logging_mixin.py:109} INFO - [2021-11-26 18:02:12,814] {dag.py:2928} INFO - Setting next_dagrun for example_dag_decorator to None
[2021-11-26 18:02:12,836] {processor.py:171} INFO - Processing /Users/danielcollins/opt/anaconda3/lib/python3.8/site-packages/airflow/example_dags/example_dag_decorator.py took 0.556 seconds
[2021-11-26 18:04:15,351] {processor.py:163} INFO - Started process (PID=24302) to work on /Users/danielcollins/opt/anaconda3/lib/python3.8/site-packages/airflow/example_dags/example_dag_decorator.py
[2021-11-26 18:04:15,351] {processor.py:625} INFO - Processing file /Users/danielcollins/opt/anaconda3/lib/python3.8/site-packages/airflow/example_dags/example_dag_decorator.py for tasks to queue
[2021-11-26 18:04:15,351] {logging_mixin.py:109} INFO - [2021-11-26 18:04:15,351] {dagbag.py:500} INFO - Filling up the DagBag from /Users/danielcollins/opt/anaconda3/lib/python3.8/site-packages/airflow/example_dags/example_dag_decorator.py
[2021-11-26 18:04:15,383] {processor.py:637} INFO - DAG(s) dict_keys(['example_dag_decorator']) retrieved from /Users/danielcollins/opt/anaconda3/lib/python3.8/site-packages/airflow/example_dags/example_dag_decorator.py
[2021-11-26 18:04:15,545] {logging_mixin.py:109} INFO - [2021-11-26 18:04:15,545] {dag.py:2396} INFO - Sync 1 DAGs
[2021-11-26 18:04:15,549] {logging_mixin.py:109} INFO - [2021-11-26 18:04:15,549] {dag.py:2928} INFO - Setting next_dagrun for example_dag_decorator to None
[2021-11-26 18:04:15,557] {processor.py:171} INFO - Processing /Users/danielcollins/opt/anaconda3/lib/python3.8/site-packages/airflow/example_dags/example_dag_decorator.py took 0.207 seconds
[2021-11-26 18:06:02,696] {processor.py:163} INFO - Started process (PID=24443) to work on /Users/danielcollins/opt/anaconda3/lib/python3.8/site-packages/airflow/example_dags/example_dag_decorator.py
[2021-11-26 18:06:02,697] {processor.py:625} INFO - Processing file /Users/danielcollins/opt/anaconda3/lib/python3.8/site-packages/airflow/example_dags/example_dag_decorator.py for tasks to queue
[2021-11-26 18:06:02,697] {logging_mixin.py:109} INFO - [2021-11-26 18:06:02,697] {dagbag.py:500} INFO - Filling up the DagBag from /Users/danielcollins/opt/anaconda3/lib/python3.8/site-packages/airflow/example_dags/example_dag_decorator.py
[2021-11-26 18:06:02,730] {processor.py:637} INFO - DAG(s) dict_keys(['example_dag_decorator']) retrieved from /Users/danielcollins/opt/anaconda3/lib/python3.8/site-packages/airflow/example_dags/example_dag_decorator.py
[2021-11-26 18:06:02,942] {logging_mixin.py:109} INFO - [2021-11-26 18:06:02,942] {dag.py:2396} INFO - Sync 1 DAGs
[2021-11-26 18:06:02,946] {logging_mixin.py:109} INFO - [2021-11-26 18:06:02,946] {dag.py:2928} INFO - Setting next_dagrun for example_dag_decorator to None
[2021-11-26 18:06:02,952] {processor.py:171} INFO - Processing /Users/danielcollins/opt/anaconda3/lib/python3.8/site-packages/airflow/example_dags/example_dag_decorator.py took 0.256 seconds
[2021-11-26 18:07:37,528] {processor.py:163} INFO - Started process (PID=24569) to work on /Users/danielcollins/opt/anaconda3/lib/python3.8/site-packages/airflow/example_dags/example_dag_decorator.py
[2021-11-26 18:07:37,528] {processor.py:625} INFO - Processing file /Users/danielcollins/opt/anaconda3/lib/python3.8/site-packages/airflow/example_dags/example_dag_decorator.py for tasks to queue
[2021-11-26 18:07:37,528] {logging_mixin.py:109} INFO - [2021-11-26 18:07:37,528] {dagbag.py:500} INFO - Filling up the DagBag from /Users/danielcollins/opt/anaconda3/lib/python3.8/site-packages/airflow/example_dags/example_dag_decorator.py
[2021-11-26 18:07:37,567] {processor.py:637} INFO - DAG(s) dict_keys(['example_dag_decorator']) retrieved from /Users/danielcollins/opt/anaconda3/lib/python3.8/site-packages/airflow/example_dags/example_dag_decorator.py
[2021-11-26 18:07:37,830] {logging_mixin.py:109} INFO - [2021-11-26 18:07:37,828] {dag.py:2396} INFO - Sync 1 DAGs
[2021-11-26 18:07:37,836] {logging_mixin.py:109} INFO - [2021-11-26 18:07:37,836] {dag.py:2928} INFO - Setting next_dagrun for example_dag_decorator to None
[2021-11-26 18:07:37,848] {processor.py:171} INFO - Processing /Users/danielcollins/opt/anaconda3/lib/python3.8/site-packages/airflow/example_dags/example_dag_decorator.py took 0.321 seconds
[2021-11-26 18:31:13,278] {processor.py:163} INFO - Started process (PID=24820) to work on /Users/danielcollins/opt/anaconda3/lib/python3.8/site-packages/airflow/example_dags/example_dag_decorator.py
[2021-11-26 18:31:13,279] {processor.py:625} INFO - Processing file /Users/danielcollins/opt/anaconda3/lib/python3.8/site-packages/airflow/example_dags/example_dag_decorator.py for tasks to queue
[2021-11-26 18:31:13,279] {logging_mixin.py:109} INFO - [2021-11-26 18:31:13,279] {dagbag.py:500} INFO - Filling up the DagBag from /Users/danielcollins/opt/anaconda3/lib/python3.8/site-packages/airflow/example_dags/example_dag_decorator.py
[2021-11-26 18:31:13,311] {processor.py:637} INFO - DAG(s) dict_keys(['example_dag_decorator']) retrieved from /Users/danielcollins/opt/anaconda3/lib/python3.8/site-packages/airflow/example_dags/example_dag_decorator.py
[2021-11-26 18:31:13,538] {logging_mixin.py:109} INFO - [2021-11-26 18:31:13,538] {dag.py:2396} INFO - Sync 1 DAGs
[2021-11-26 18:31:13,544] {logging_mixin.py:109} INFO - [2021-11-26 18:31:13,544] {dag.py:2928} INFO - Setting next_dagrun for example_dag_decorator to None
[2021-11-26 18:31:13,552] {processor.py:171} INFO - Processing /Users/danielcollins/opt/anaconda3/lib/python3.8/site-packages/airflow/example_dags/example_dag_decorator.py took 0.275 seconds
[2021-11-26 18:32:45,479] {processor.py:163} INFO - Started process (PID=24937) to work on /Users/danielcollins/opt/anaconda3/lib/python3.8/site-packages/airflow/example_dags/example_dag_decorator.py
[2021-11-26 18:32:45,480] {processor.py:625} INFO - Processing file /Users/danielcollins/opt/anaconda3/lib/python3.8/site-packages/airflow/example_dags/example_dag_decorator.py for tasks to queue
[2021-11-26 18:32:45,480] {logging_mixin.py:109} INFO - [2021-11-26 18:32:45,480] {dagbag.py:500} INFO - Filling up the DagBag from /Users/danielcollins/opt/anaconda3/lib/python3.8/site-packages/airflow/example_dags/example_dag_decorator.py
[2021-11-26 18:32:45,516] {processor.py:637} INFO - DAG(s) dict_keys(['example_dag_decorator']) retrieved from /Users/danielcollins/opt/anaconda3/lib/python3.8/site-packages/airflow/example_dags/example_dag_decorator.py
[2021-11-26 18:32:45,721] {logging_mixin.py:109} INFO - [2021-11-26 18:32:45,721] {dag.py:2396} INFO - Sync 1 DAGs
[2021-11-26 18:32:45,725] {logging_mixin.py:109} INFO - [2021-11-26 18:32:45,725] {dag.py:2928} INFO - Setting next_dagrun for example_dag_decorator to None
[2021-11-26 18:32:45,730] {processor.py:171} INFO - Processing /Users/danielcollins/opt/anaconda3/lib/python3.8/site-packages/airflow/example_dags/example_dag_decorator.py took 0.252 seconds
[2021-11-27 03:30:23,849] {processor.py:163} INFO - Started process (PID=25546) to work on /Users/danielcollins/opt/anaconda3/lib/python3.8/site-packages/airflow/example_dags/example_dag_decorator.py
[2021-11-27 03:30:23,850] {processor.py:625} INFO - Processing file /Users/danielcollins/opt/anaconda3/lib/python3.8/site-packages/airflow/example_dags/example_dag_decorator.py for tasks to queue
[2021-11-27 03:30:23,850] {logging_mixin.py:109} INFO - [2021-11-27 03:30:23,850] {dagbag.py:500} INFO - Filling up the DagBag from /Users/danielcollins/opt/anaconda3/lib/python3.8/site-packages/airflow/example_dags/example_dag_decorator.py
[2021-11-27 03:30:23,890] {processor.py:637} INFO - DAG(s) dict_keys(['example_dag_decorator']) retrieved from /Users/danielcollins/opt/anaconda3/lib/python3.8/site-packages/airflow/example_dags/example_dag_decorator.py
[2021-11-27 03:30:24,571] {logging_mixin.py:109} INFO - [2021-11-27 03:30:24,570] {dag.py:2396} INFO - Sync 1 DAGs
[2021-11-27 03:30:24,578] {logging_mixin.py:109} INFO - [2021-11-27 03:30:24,578] {dag.py:2928} INFO - Setting next_dagrun for example_dag_decorator to None
[2021-11-27 03:30:24,589] {processor.py:171} INFO - Processing /Users/danielcollins/opt/anaconda3/lib/python3.8/site-packages/airflow/example_dags/example_dag_decorator.py took 0.653 seconds
[2021-11-27 11:58:16,772] {processor.py:163} INFO - Started process (PID=25995) to work on /Users/danielcollins/opt/anaconda3/lib/python3.8/site-packages/airflow/example_dags/example_dag_decorator.py
[2021-11-27 11:58:16,773] {processor.py:625} INFO - Processing file /Users/danielcollins/opt/anaconda3/lib/python3.8/site-packages/airflow/example_dags/example_dag_decorator.py for tasks to queue
[2021-11-27 11:58:16,773] {logging_mixin.py:109} INFO - [2021-11-27 11:58:16,773] {dagbag.py:500} INFO - Filling up the DagBag from /Users/danielcollins/opt/anaconda3/lib/python3.8/site-packages/airflow/example_dags/example_dag_decorator.py
[2021-11-27 11:58:16,834] {processor.py:637} INFO - DAG(s) dict_keys(['example_dag_decorator']) retrieved from /Users/danielcollins/opt/anaconda3/lib/python3.8/site-packages/airflow/example_dags/example_dag_decorator.py
[2021-11-27 11:58:18,322] {logging_mixin.py:109} INFO - [2021-11-27 11:58:18,274] {dag.py:2396} INFO - Sync 1 DAGs
[2021-11-27 11:58:18,520] {logging_mixin.py:109} INFO - [2021-11-27 11:58:18,520] {dag.py:2928} INFO - Setting next_dagrun for example_dag_decorator to None
[2021-11-27 11:58:18,586] {processor.py:171} INFO - Processing /Users/danielcollins/opt/anaconda3/lib/python3.8/site-packages/airflow/example_dags/example_dag_decorator.py took 1.816 seconds
[2021-11-27 14:20:03,558] {processor.py:163} INFO - Started process (PID=26331) to work on /Users/danielcollins/opt/anaconda3/lib/python3.8/site-packages/airflow/example_dags/example_dag_decorator.py
[2021-11-27 14:20:03,559] {processor.py:625} INFO - Processing file /Users/danielcollins/opt/anaconda3/lib/python3.8/site-packages/airflow/example_dags/example_dag_decorator.py for tasks to queue
[2021-11-27 14:20:03,559] {logging_mixin.py:109} INFO - [2021-11-27 14:20:03,559] {dagbag.py:500} INFO - Filling up the DagBag from /Users/danielcollins/opt/anaconda3/lib/python3.8/site-packages/airflow/example_dags/example_dag_decorator.py
[2021-11-27 14:20:03,592] {processor.py:637} INFO - DAG(s) dict_keys(['example_dag_decorator']) retrieved from /Users/danielcollins/opt/anaconda3/lib/python3.8/site-packages/airflow/example_dags/example_dag_decorator.py
[2021-11-27 14:20:03,824] {logging_mixin.py:109} INFO - [2021-11-27 14:20:03,824] {dag.py:2396} INFO - Sync 1 DAGs
[2021-11-27 14:20:03,829] {logging_mixin.py:109} INFO - [2021-11-27 14:20:03,828] {dag.py:2928} INFO - Setting next_dagrun for example_dag_decorator to None
[2021-11-27 14:20:03,835] {processor.py:171} INFO - Processing /Users/danielcollins/opt/anaconda3/lib/python3.8/site-packages/airflow/example_dags/example_dag_decorator.py took 0.277 seconds
[2021-11-27 14:21:27,762] {processor.py:163} INFO - Started process (PID=26536) to work on /Users/danielcollins/opt/anaconda3/lib/python3.8/site-packages/airflow/example_dags/example_dag_decorator.py
[2021-11-27 14:21:27,764] {processor.py:625} INFO - Processing file /Users/danielcollins/opt/anaconda3/lib/python3.8/site-packages/airflow/example_dags/example_dag_decorator.py for tasks to queue
[2021-11-27 14:21:27,764] {logging_mixin.py:109} INFO - [2021-11-27 14:21:27,764] {dagbag.py:500} INFO - Filling up the DagBag from /Users/danielcollins/opt/anaconda3/lib/python3.8/site-packages/airflow/example_dags/example_dag_decorator.py
[2021-11-27 14:21:27,799] {processor.py:637} INFO - DAG(s) dict_keys(['example_dag_decorator']) retrieved from /Users/danielcollins/opt/anaconda3/lib/python3.8/site-packages/airflow/example_dags/example_dag_decorator.py
[2021-11-27 14:21:28,019] {logging_mixin.py:109} INFO - [2021-11-27 14:21:28,019] {dag.py:2396} INFO - Sync 1 DAGs
[2021-11-27 14:21:28,023] {logging_mixin.py:109} INFO - [2021-11-27 14:21:28,023] {dag.py:2928} INFO - Setting next_dagrun for example_dag_decorator to None
[2021-11-27 14:21:28,028] {processor.py:171} INFO - Processing /Users/danielcollins/opt/anaconda3/lib/python3.8/site-packages/airflow/example_dags/example_dag_decorator.py took 0.266 seconds
[2021-11-27 14:22:56,181] {processor.py:163} INFO - Started process (PID=26702) to work on /Users/danielcollins/opt/anaconda3/lib/python3.8/site-packages/airflow/example_dags/example_dag_decorator.py
[2021-11-27 14:22:56,182] {processor.py:625} INFO - Processing file /Users/danielcollins/opt/anaconda3/lib/python3.8/site-packages/airflow/example_dags/example_dag_decorator.py for tasks to queue
[2021-11-27 14:22:56,182] {logging_mixin.py:109} INFO - [2021-11-27 14:22:56,182] {dagbag.py:500} INFO - Filling up the DagBag from /Users/danielcollins/opt/anaconda3/lib/python3.8/site-packages/airflow/example_dags/example_dag_decorator.py
[2021-11-27 14:22:56,215] {processor.py:637} INFO - DAG(s) dict_keys(['example_dag_decorator']) retrieved from /Users/danielcollins/opt/anaconda3/lib/python3.8/site-packages/airflow/example_dags/example_dag_decorator.py
[2021-11-27 14:22:56,441] {logging_mixin.py:109} INFO - [2021-11-27 14:22:56,441] {dag.py:2396} INFO - Sync 1 DAGs
[2021-11-27 14:22:56,445] {logging_mixin.py:109} INFO - [2021-11-27 14:22:56,445] {dag.py:2928} INFO - Setting next_dagrun for example_dag_decorator to None
[2021-11-27 14:22:56,469] {processor.py:171} INFO - Processing /Users/danielcollins/opt/anaconda3/lib/python3.8/site-packages/airflow/example_dags/example_dag_decorator.py took 0.288 seconds
[2021-11-27 14:24:33,538] {processor.py:163} INFO - Started process (PID=28201) to work on /Users/danielcollins/opt/anaconda3/lib/python3.8/site-packages/airflow/example_dags/example_dag_decorator.py
[2021-11-27 14:24:33,539] {processor.py:625} INFO - Processing file /Users/danielcollins/opt/anaconda3/lib/python3.8/site-packages/airflow/example_dags/example_dag_decorator.py for tasks to queue
[2021-11-27 14:24:33,540] {logging_mixin.py:109} INFO - [2021-11-27 14:24:33,540] {dagbag.py:500} INFO - Filling up the DagBag from /Users/danielcollins/opt/anaconda3/lib/python3.8/site-packages/airflow/example_dags/example_dag_decorator.py
[2021-11-27 14:24:33,574] {processor.py:637} INFO - DAG(s) dict_keys(['example_dag_decorator']) retrieved from /Users/danielcollins/opt/anaconda3/lib/python3.8/site-packages/airflow/example_dags/example_dag_decorator.py
[2021-11-27 14:24:33,786] {logging_mixin.py:109} INFO - [2021-11-27 14:24:33,786] {dag.py:2396} INFO - Sync 1 DAGs
[2021-11-27 14:24:33,790] {logging_mixin.py:109} INFO - [2021-11-27 14:24:33,790] {dag.py:2928} INFO - Setting next_dagrun for example_dag_decorator to None
[2021-11-27 14:24:33,797] {processor.py:171} INFO - Processing /Users/danielcollins/opt/anaconda3/lib/python3.8/site-packages/airflow/example_dags/example_dag_decorator.py took 0.259 seconds
[2021-11-27 14:25:58,054] {processor.py:163} INFO - Started process (PID=28320) to work on /Users/danielcollins/opt/anaconda3/lib/python3.8/site-packages/airflow/example_dags/example_dag_decorator.py
[2021-11-27 14:25:58,055] {processor.py:625} INFO - Processing file /Users/danielcollins/opt/anaconda3/lib/python3.8/site-packages/airflow/example_dags/example_dag_decorator.py for tasks to queue
[2021-11-27 14:25:58,055] {logging_mixin.py:109} INFO - [2021-11-27 14:25:58,055] {dagbag.py:500} INFO - Filling up the DagBag from /Users/danielcollins/opt/anaconda3/lib/python3.8/site-packages/airflow/example_dags/example_dag_decorator.py
[2021-11-27 14:25:58,087] {processor.py:637} INFO - DAG(s) dict_keys(['example_dag_decorator']) retrieved from /Users/danielcollins/opt/anaconda3/lib/python3.8/site-packages/airflow/example_dags/example_dag_decorator.py
[2021-11-27 14:25:58,296] {logging_mixin.py:109} INFO - [2021-11-27 14:25:58,296] {dag.py:2396} INFO - Sync 1 DAGs
[2021-11-27 14:25:58,300] {logging_mixin.py:109} INFO - [2021-11-27 14:25:58,300] {dag.py:2928} INFO - Setting next_dagrun for example_dag_decorator to None
[2021-11-27 14:25:58,308] {processor.py:171} INFO - Processing /Users/danielcollins/opt/anaconda3/lib/python3.8/site-packages/airflow/example_dags/example_dag_decorator.py took 0.254 seconds
[2021-11-27 14:55:13,978] {processor.py:163} INFO - Started process (PID=28513) to work on /Users/danielcollins/opt/anaconda3/lib/python3.8/site-packages/airflow/example_dags/example_dag_decorator.py
[2021-11-27 14:55:13,978] {processor.py:625} INFO - Processing file /Users/danielcollins/opt/anaconda3/lib/python3.8/site-packages/airflow/example_dags/example_dag_decorator.py for tasks to queue
[2021-11-27 14:55:13,978] {logging_mixin.py:109} INFO - [2021-11-27 14:55:13,978] {dagbag.py:500} INFO - Filling up the DagBag from /Users/danielcollins/opt/anaconda3/lib/python3.8/site-packages/airflow/example_dags/example_dag_decorator.py
[2021-11-27 14:55:14,010] {processor.py:637} INFO - DAG(s) dict_keys(['example_dag_decorator']) retrieved from /Users/danielcollins/opt/anaconda3/lib/python3.8/site-packages/airflow/example_dags/example_dag_decorator.py
[2021-11-27 14:55:14,229] {logging_mixin.py:109} INFO - [2021-11-27 14:55:14,228] {dag.py:2396} INFO - Sync 1 DAGs
[2021-11-27 14:55:14,233] {logging_mixin.py:109} INFO - [2021-11-27 14:55:14,233] {dag.py:2928} INFO - Setting next_dagrun for example_dag_decorator to None
[2021-11-27 14:55:14,241] {processor.py:171} INFO - Processing /Users/danielcollins/opt/anaconda3/lib/python3.8/site-packages/airflow/example_dags/example_dag_decorator.py took 0.264 seconds
[2021-11-27 14:56:41,137] {processor.py:163} INFO - Started process (PID=28636) to work on /Users/danielcollins/opt/anaconda3/lib/python3.8/site-packages/airflow/example_dags/example_dag_decorator.py
[2021-11-27 14:56:41,137] {processor.py:625} INFO - Processing file /Users/danielcollins/opt/anaconda3/lib/python3.8/site-packages/airflow/example_dags/example_dag_decorator.py for tasks to queue
[2021-11-27 14:56:41,137] {logging_mixin.py:109} INFO - [2021-11-27 14:56:41,137] {dagbag.py:500} INFO - Filling up the DagBag from /Users/danielcollins/opt/anaconda3/lib/python3.8/site-packages/airflow/example_dags/example_dag_decorator.py
[2021-11-27 14:56:41,171] {processor.py:637} INFO - DAG(s) dict_keys(['example_dag_decorator']) retrieved from /Users/danielcollins/opt/anaconda3/lib/python3.8/site-packages/airflow/example_dags/example_dag_decorator.py
[2021-11-27 14:56:41,449] {logging_mixin.py:109} INFO - [2021-11-27 14:56:41,449] {dag.py:2396} INFO - Sync 1 DAGs
[2021-11-27 14:56:41,455] {logging_mixin.py:109} INFO - [2021-11-27 14:56:41,455] {dag.py:2928} INFO - Setting next_dagrun for example_dag_decorator to None
[2021-11-27 14:56:41,463] {processor.py:171} INFO - Processing /Users/danielcollins/opt/anaconda3/lib/python3.8/site-packages/airflow/example_dags/example_dag_decorator.py took 0.326 seconds
[2021-11-27 14:58:03,393] {processor.py:163} INFO - Started process (PID=28745) to work on /Users/danielcollins/opt/anaconda3/lib/python3.8/site-packages/airflow/example_dags/example_dag_decorator.py
[2021-11-27 14:58:03,394] {processor.py:625} INFO - Processing file /Users/danielcollins/opt/anaconda3/lib/python3.8/site-packages/airflow/example_dags/example_dag_decorator.py for tasks to queue
[2021-11-27 14:58:03,394] {logging_mixin.py:109} INFO - [2021-11-27 14:58:03,394] {dagbag.py:500} INFO - Filling up the DagBag from /Users/danielcollins/opt/anaconda3/lib/python3.8/site-packages/airflow/example_dags/example_dag_decorator.py
[2021-11-27 14:58:03,430] {processor.py:637} INFO - DAG(s) dict_keys(['example_dag_decorator']) retrieved from /Users/danielcollins/opt/anaconda3/lib/python3.8/site-packages/airflow/example_dags/example_dag_decorator.py
[2021-11-27 14:58:03,631] {logging_mixin.py:109} INFO - [2021-11-27 14:58:03,631] {dag.py:2396} INFO - Sync 1 DAGs
[2021-11-27 14:58:03,635] {logging_mixin.py:109} INFO - [2021-11-27 14:58:03,635] {dag.py:2928} INFO - Setting next_dagrun for example_dag_decorator to None
[2021-11-27 14:58:03,643] {processor.py:171} INFO - Processing /Users/danielcollins/opt/anaconda3/lib/python3.8/site-packages/airflow/example_dags/example_dag_decorator.py took 0.250 seconds
[2021-11-27 14:59:26,824] {processor.py:163} INFO - Started process (PID=28863) to work on /Users/danielcollins/opt/anaconda3/lib/python3.8/site-packages/airflow/example_dags/example_dag_decorator.py
[2021-11-27 14:59:26,825] {processor.py:625} INFO - Processing file /Users/danielcollins/opt/anaconda3/lib/python3.8/site-packages/airflow/example_dags/example_dag_decorator.py for tasks to queue
[2021-11-27 14:59:26,825] {logging_mixin.py:109} INFO - [2021-11-27 14:59:26,825] {dagbag.py:500} INFO - Filling up the DagBag from /Users/danielcollins/opt/anaconda3/lib/python3.8/site-packages/airflow/example_dags/example_dag_decorator.py
[2021-11-27 14:59:26,856] {processor.py:637} INFO - DAG(s) dict_keys(['example_dag_decorator']) retrieved from /Users/danielcollins/opt/anaconda3/lib/python3.8/site-packages/airflow/example_dags/example_dag_decorator.py
[2021-11-27 14:59:27,161] {logging_mixin.py:109} INFO - [2021-11-27 14:59:27,161] {dag.py:2396} INFO - Sync 1 DAGs
[2021-11-27 14:59:27,165] {logging_mixin.py:109} INFO - [2021-11-27 14:59:27,165] {dag.py:2928} INFO - Setting next_dagrun for example_dag_decorator to None
[2021-11-27 14:59:27,177] {processor.py:171} INFO - Processing /Users/danielcollins/opt/anaconda3/lib/python3.8/site-packages/airflow/example_dags/example_dag_decorator.py took 0.353 seconds
[2021-11-27 15:00:51,807] {processor.py:163} INFO - Started process (PID=29097) to work on /Users/danielcollins/opt/anaconda3/lib/python3.8/site-packages/airflow/example_dags/example_dag_decorator.py
[2021-11-27 15:00:51,807] {processor.py:625} INFO - Processing file /Users/danielcollins/opt/anaconda3/lib/python3.8/site-packages/airflow/example_dags/example_dag_decorator.py for tasks to queue
[2021-11-27 15:00:51,807] {logging_mixin.py:109} INFO - [2021-11-27 15:00:51,807] {dagbag.py:500} INFO - Filling up the DagBag from /Users/danielcollins/opt/anaconda3/lib/python3.8/site-packages/airflow/example_dags/example_dag_decorator.py
[2021-11-27 15:00:51,843] {processor.py:637} INFO - DAG(s) dict_keys(['example_dag_decorator']) retrieved from /Users/danielcollins/opt/anaconda3/lib/python3.8/site-packages/airflow/example_dags/example_dag_decorator.py
[2021-11-27 15:00:52,069] {logging_mixin.py:109} INFO - [2021-11-27 15:00:52,069] {dag.py:2396} INFO - Sync 1 DAGs
[2021-11-27 15:00:52,073] {logging_mixin.py:109} INFO - [2021-11-27 15:00:52,073] {dag.py:2928} INFO - Setting next_dagrun for example_dag_decorator to None
[2021-11-27 15:00:52,080] {processor.py:171} INFO - Processing /Users/danielcollins/opt/anaconda3/lib/python3.8/site-packages/airflow/example_dags/example_dag_decorator.py took 0.274 seconds
[2021-11-27 15:02:24,124] {processor.py:163} INFO - Started process (PID=29347) to work on /Users/danielcollins/opt/anaconda3/lib/python3.8/site-packages/airflow/example_dags/example_dag_decorator.py
[2021-11-27 15:02:24,124] {processor.py:625} INFO - Processing file /Users/danielcollins/opt/anaconda3/lib/python3.8/site-packages/airflow/example_dags/example_dag_decorator.py for tasks to queue
[2021-11-27 15:02:24,124] {logging_mixin.py:109} INFO - [2021-11-27 15:02:24,124] {dagbag.py:500} INFO - Filling up the DagBag from /Users/danielcollins/opt/anaconda3/lib/python3.8/site-packages/airflow/example_dags/example_dag_decorator.py
[2021-11-27 15:02:24,158] {processor.py:637} INFO - DAG(s) dict_keys(['example_dag_decorator']) retrieved from /Users/danielcollins/opt/anaconda3/lib/python3.8/site-packages/airflow/example_dags/example_dag_decorator.py
[2021-11-27 15:02:24,378] {logging_mixin.py:109} INFO - [2021-11-27 15:02:24,378] {dag.py:2396} INFO - Sync 1 DAGs
[2021-11-27 15:02:24,384] {logging_mixin.py:109} INFO - [2021-11-27 15:02:24,383] {dag.py:2928} INFO - Setting next_dagrun for example_dag_decorator to None
[2021-11-27 15:02:24,392] {processor.py:171} INFO - Processing /Users/danielcollins/opt/anaconda3/lib/python3.8/site-packages/airflow/example_dags/example_dag_decorator.py took 0.268 seconds
[2021-11-27 15:03:55,210] {processor.py:163} INFO - Started process (PID=29489) to work on /Users/danielcollins/opt/anaconda3/lib/python3.8/site-packages/airflow/example_dags/example_dag_decorator.py
[2021-11-27 15:03:55,212] {processor.py:625} INFO - Processing file /Users/danielcollins/opt/anaconda3/lib/python3.8/site-packages/airflow/example_dags/example_dag_decorator.py for tasks to queue
[2021-11-27 15:03:55,212] {logging_mixin.py:109} INFO - [2021-11-27 15:03:55,212] {dagbag.py:500} INFO - Filling up the DagBag from /Users/danielcollins/opt/anaconda3/lib/python3.8/site-packages/airflow/example_dags/example_dag_decorator.py
[2021-11-27 15:03:55,253] {processor.py:637} INFO - DAG(s) dict_keys(['example_dag_decorator']) retrieved from /Users/danielcollins/opt/anaconda3/lib/python3.8/site-packages/airflow/example_dags/example_dag_decorator.py
[2021-11-27 15:03:55,539] {logging_mixin.py:109} INFO - [2021-11-27 15:03:55,539] {dag.py:2396} INFO - Sync 1 DAGs
[2021-11-27 15:03:55,543] {logging_mixin.py:109} INFO - [2021-11-27 15:03:55,543] {dag.py:2928} INFO - Setting next_dagrun for example_dag_decorator to None
[2021-11-27 15:03:55,552] {processor.py:171} INFO - Processing /Users/danielcollins/opt/anaconda3/lib/python3.8/site-packages/airflow/example_dags/example_dag_decorator.py took 0.342 seconds
[2021-11-27 15:05:20,381] {processor.py:163} INFO - Started process (PID=29636) to work on /Users/danielcollins/opt/anaconda3/lib/python3.8/site-packages/airflow/example_dags/example_dag_decorator.py
[2021-11-27 15:05:20,382] {processor.py:625} INFO - Processing file /Users/danielcollins/opt/anaconda3/lib/python3.8/site-packages/airflow/example_dags/example_dag_decorator.py for tasks to queue
[2021-11-27 15:05:20,382] {logging_mixin.py:109} INFO - [2021-11-27 15:05:20,382] {dagbag.py:500} INFO - Filling up the DagBag from /Users/danielcollins/opt/anaconda3/lib/python3.8/site-packages/airflow/example_dags/example_dag_decorator.py
[2021-11-27 15:05:20,418] {processor.py:637} INFO - DAG(s) dict_keys(['example_dag_decorator']) retrieved from /Users/danielcollins/opt/anaconda3/lib/python3.8/site-packages/airflow/example_dags/example_dag_decorator.py
[2021-11-27 15:05:20,652] {logging_mixin.py:109} INFO - [2021-11-27 15:05:20,652] {dag.py:2396} INFO - Sync 1 DAGs
[2021-11-27 15:05:20,656] {logging_mixin.py:109} INFO - [2021-11-27 15:05:20,656] {dag.py:2928} INFO - Setting next_dagrun for example_dag_decorator to None
[2021-11-27 15:05:20,662] {processor.py:171} INFO - Processing /Users/danielcollins/opt/anaconda3/lib/python3.8/site-packages/airflow/example_dags/example_dag_decorator.py took 0.282 seconds
[2021-11-27 15:06:42,926] {processor.py:163} INFO - Started process (PID=29753) to work on /Users/danielcollins/opt/anaconda3/lib/python3.8/site-packages/airflow/example_dags/example_dag_decorator.py
[2021-11-27 15:06:42,927] {processor.py:625} INFO - Processing file /Users/danielcollins/opt/anaconda3/lib/python3.8/site-packages/airflow/example_dags/example_dag_decorator.py for tasks to queue
[2021-11-27 15:06:42,927] {logging_mixin.py:109} INFO - [2021-11-27 15:06:42,927] {dagbag.py:500} INFO - Filling up the DagBag from /Users/danielcollins/opt/anaconda3/lib/python3.8/site-packages/airflow/example_dags/example_dag_decorator.py
[2021-11-27 15:06:42,962] {processor.py:637} INFO - DAG(s) dict_keys(['example_dag_decorator']) retrieved from /Users/danielcollins/opt/anaconda3/lib/python3.8/site-packages/airflow/example_dags/example_dag_decorator.py
[2021-11-27 15:06:43,240] {logging_mixin.py:109} INFO - [2021-11-27 15:06:43,240] {dag.py:2396} INFO - Sync 1 DAGs
[2021-11-27 15:06:43,244] {logging_mixin.py:109} INFO - [2021-11-27 15:06:43,244] {dag.py:2928} INFO - Setting next_dagrun for example_dag_decorator to None
[2021-11-27 15:06:43,251] {processor.py:171} INFO - Processing /Users/danielcollins/opt/anaconda3/lib/python3.8/site-packages/airflow/example_dags/example_dag_decorator.py took 0.326 seconds
[2021-11-27 15:08:05,248] {processor.py:163} INFO - Started process (PID=29865) to work on /Users/danielcollins/opt/anaconda3/lib/python3.8/site-packages/airflow/example_dags/example_dag_decorator.py
[2021-11-27 15:08:05,248] {processor.py:625} INFO - Processing file /Users/danielcollins/opt/anaconda3/lib/python3.8/site-packages/airflow/example_dags/example_dag_decorator.py for tasks to queue
[2021-11-27 15:08:05,248] {logging_mixin.py:109} INFO - [2021-11-27 15:08:05,248] {dagbag.py:500} INFO - Filling up the DagBag from /Users/danielcollins/opt/anaconda3/lib/python3.8/site-packages/airflow/example_dags/example_dag_decorator.py
[2021-11-27 15:08:05,284] {processor.py:637} INFO - DAG(s) dict_keys(['example_dag_decorator']) retrieved from /Users/danielcollins/opt/anaconda3/lib/python3.8/site-packages/airflow/example_dags/example_dag_decorator.py
[2021-11-27 15:08:05,526] {logging_mixin.py:109} INFO - [2021-11-27 15:08:05,526] {dag.py:2396} INFO - Sync 1 DAGs
[2021-11-27 15:08:05,530] {logging_mixin.py:109} INFO - [2021-11-27 15:08:05,530] {dag.py:2928} INFO - Setting next_dagrun for example_dag_decorator to None
[2021-11-27 15:08:05,540] {processor.py:171} INFO - Processing /Users/danielcollins/opt/anaconda3/lib/python3.8/site-packages/airflow/example_dags/example_dag_decorator.py took 0.292 seconds
[2021-11-27 15:09:32,866] {processor.py:163} INFO - Started process (PID=30041) to work on /Users/danielcollins/opt/anaconda3/lib/python3.8/site-packages/airflow/example_dags/example_dag_decorator.py
[2021-11-27 15:09:32,868] {processor.py:625} INFO - Processing file /Users/danielcollins/opt/anaconda3/lib/python3.8/site-packages/airflow/example_dags/example_dag_decorator.py for tasks to queue
[2021-11-27 15:09:32,868] {logging_mixin.py:109} INFO - [2021-11-27 15:09:32,868] {dagbag.py:500} INFO - Filling up the DagBag from /Users/danielcollins/opt/anaconda3/lib/python3.8/site-packages/airflow/example_dags/example_dag_decorator.py
[2021-11-27 15:09:32,908] {processor.py:637} INFO - DAG(s) dict_keys(['example_dag_decorator']) retrieved from /Users/danielcollins/opt/anaconda3/lib/python3.8/site-packages/airflow/example_dags/example_dag_decorator.py
[2021-11-27 15:09:33,122] {logging_mixin.py:109} INFO - [2021-11-27 15:09:33,122] {dag.py:2396} INFO - Sync 1 DAGs
[2021-11-27 15:09:33,126] {logging_mixin.py:109} INFO - [2021-11-27 15:09:33,126] {dag.py:2928} INFO - Setting next_dagrun for example_dag_decorator to None
[2021-11-27 15:09:33,132] {processor.py:171} INFO - Processing /Users/danielcollins/opt/anaconda3/lib/python3.8/site-packages/airflow/example_dags/example_dag_decorator.py took 0.266 seconds
[2021-11-27 15:10:56,423] {processor.py:163} INFO - Started process (PID=30168) to work on /Users/danielcollins/opt/anaconda3/lib/python3.8/site-packages/airflow/example_dags/example_dag_decorator.py
[2021-11-27 15:10:56,424] {processor.py:625} INFO - Processing file /Users/danielcollins/opt/anaconda3/lib/python3.8/site-packages/airflow/example_dags/example_dag_decorator.py for tasks to queue
[2021-11-27 15:10:56,424] {logging_mixin.py:109} INFO - [2021-11-27 15:10:56,424] {dagbag.py:500} INFO - Filling up the DagBag from /Users/danielcollins/opt/anaconda3/lib/python3.8/site-packages/airflow/example_dags/example_dag_decorator.py
[2021-11-27 15:10:56,457] {processor.py:637} INFO - DAG(s) dict_keys(['example_dag_decorator']) retrieved from /Users/danielcollins/opt/anaconda3/lib/python3.8/site-packages/airflow/example_dags/example_dag_decorator.py
[2021-11-27 15:10:56,730] {logging_mixin.py:109} INFO - [2021-11-27 15:10:56,730] {dag.py:2396} INFO - Sync 1 DAGs
[2021-11-27 15:10:56,734] {logging_mixin.py:109} INFO - [2021-11-27 15:10:56,734] {dag.py:2928} INFO - Setting next_dagrun for example_dag_decorator to None
[2021-11-27 15:10:56,740] {processor.py:171} INFO - Processing /Users/danielcollins/opt/anaconda3/lib/python3.8/site-packages/airflow/example_dags/example_dag_decorator.py took 0.318 seconds
[2021-11-27 15:12:26,425] {processor.py:163} INFO - Started process (PID=30311) to work on /Users/danielcollins/opt/anaconda3/lib/python3.8/site-packages/airflow/example_dags/example_dag_decorator.py
[2021-11-27 15:12:26,425] {processor.py:625} INFO - Processing file /Users/danielcollins/opt/anaconda3/lib/python3.8/site-packages/airflow/example_dags/example_dag_decorator.py for tasks to queue
[2021-11-27 15:12:26,426] {logging_mixin.py:109} INFO - [2021-11-27 15:12:26,426] {dagbag.py:500} INFO - Filling up the DagBag from /Users/danielcollins/opt/anaconda3/lib/python3.8/site-packages/airflow/example_dags/example_dag_decorator.py
[2021-11-27 15:12:26,457] {processor.py:637} INFO - DAG(s) dict_keys(['example_dag_decorator']) retrieved from /Users/danielcollins/opt/anaconda3/lib/python3.8/site-packages/airflow/example_dags/example_dag_decorator.py
[2021-11-27 15:12:26,680] {logging_mixin.py:109} INFO - [2021-11-27 15:12:26,679] {dag.py:2396} INFO - Sync 1 DAGs
[2021-11-27 15:12:26,684] {logging_mixin.py:109} INFO - [2021-11-27 15:12:26,684] {dag.py:2928} INFO - Setting next_dagrun for example_dag_decorator to None
[2021-11-27 15:12:26,689] {processor.py:171} INFO - Processing /Users/danielcollins/opt/anaconda3/lib/python3.8/site-packages/airflow/example_dags/example_dag_decorator.py took 0.265 seconds
[2021-11-27 15:13:56,638] {processor.py:163} INFO - Started process (PID=30440) to work on /Users/danielcollins/opt/anaconda3/lib/python3.8/site-packages/airflow/example_dags/example_dag_decorator.py
[2021-11-27 15:13:56,638] {processor.py:625} INFO - Processing file /Users/danielcollins/opt/anaconda3/lib/python3.8/site-packages/airflow/example_dags/example_dag_decorator.py for tasks to queue
[2021-11-27 15:13:56,638] {logging_mixin.py:109} INFO - [2021-11-27 15:13:56,638] {dagbag.py:500} INFO - Filling up the DagBag from /Users/danielcollins/opt/anaconda3/lib/python3.8/site-packages/airflow/example_dags/example_dag_decorator.py
[2021-11-27 15:13:56,672] {processor.py:637} INFO - DAG(s) dict_keys(['example_dag_decorator']) retrieved from /Users/danielcollins/opt/anaconda3/lib/python3.8/site-packages/airflow/example_dags/example_dag_decorator.py
[2021-11-27 15:13:56,896] {logging_mixin.py:109} INFO - [2021-11-27 15:13:56,895] {dag.py:2396} INFO - Sync 1 DAGs
[2021-11-27 15:13:56,900] {logging_mixin.py:109} INFO - [2021-11-27 15:13:56,900] {dag.py:2928} INFO - Setting next_dagrun for example_dag_decorator to None
[2021-11-27 15:13:56,908] {processor.py:171} INFO - Processing /Users/danielcollins/opt/anaconda3/lib/python3.8/site-packages/airflow/example_dags/example_dag_decorator.py took 0.271 seconds
[2021-11-27 15:15:25,261] {processor.py:163} INFO - Started process (PID=30551) to work on /Users/danielcollins/opt/anaconda3/lib/python3.8/site-packages/airflow/example_dags/example_dag_decorator.py
[2021-11-27 15:15:25,261] {processor.py:625} INFO - Processing file /Users/danielcollins/opt/anaconda3/lib/python3.8/site-packages/airflow/example_dags/example_dag_decorator.py for tasks to queue
[2021-11-27 15:15:25,261] {logging_mixin.py:109} INFO - [2021-11-27 15:15:25,261] {dagbag.py:500} INFO - Filling up the DagBag from /Users/danielcollins/opt/anaconda3/lib/python3.8/site-packages/airflow/example_dags/example_dag_decorator.py
[2021-11-27 15:15:25,294] {processor.py:637} INFO - DAG(s) dict_keys(['example_dag_decorator']) retrieved from /Users/danielcollins/opt/anaconda3/lib/python3.8/site-packages/airflow/example_dags/example_dag_decorator.py
[2021-11-27 15:15:25,555] {logging_mixin.py:109} INFO - [2021-11-27 15:15:25,554] {dag.py:2396} INFO - Sync 1 DAGs
[2021-11-27 15:15:25,559] {logging_mixin.py:109} INFO - [2021-11-27 15:15:25,559] {dag.py:2928} INFO - Setting next_dagrun for example_dag_decorator to None
[2021-11-27 15:15:25,565] {processor.py:171} INFO - Processing /Users/danielcollins/opt/anaconda3/lib/python3.8/site-packages/airflow/example_dags/example_dag_decorator.py took 0.304 seconds
[2021-11-27 15:16:48,752] {processor.py:163} INFO - Started process (PID=30724) to work on /Users/danielcollins/opt/anaconda3/lib/python3.8/site-packages/airflow/example_dags/example_dag_decorator.py
[2021-11-27 15:16:48,753] {processor.py:625} INFO - Processing file /Users/danielcollins/opt/anaconda3/lib/python3.8/site-packages/airflow/example_dags/example_dag_decorator.py for tasks to queue
[2021-11-27 15:16:48,754] {logging_mixin.py:109} INFO - [2021-11-27 15:16:48,754] {dagbag.py:500} INFO - Filling up the DagBag from /Users/danielcollins/opt/anaconda3/lib/python3.8/site-packages/airflow/example_dags/example_dag_decorator.py
[2021-11-27 15:16:48,787] {processor.py:637} INFO - DAG(s) dict_keys(['example_dag_decorator']) retrieved from /Users/danielcollins/opt/anaconda3/lib/python3.8/site-packages/airflow/example_dags/example_dag_decorator.py
[2021-11-27 15:16:48,976] {logging_mixin.py:109} INFO - [2021-11-27 15:16:48,976] {dag.py:2396} INFO - Sync 1 DAGs
[2021-11-27 15:16:48,980] {logging_mixin.py:109} INFO - [2021-11-27 15:16:48,980] {dag.py:2928} INFO - Setting next_dagrun for example_dag_decorator to None
[2021-11-27 15:16:48,990] {processor.py:171} INFO - Processing /Users/danielcollins/opt/anaconda3/lib/python3.8/site-packages/airflow/example_dags/example_dag_decorator.py took 0.239 seconds
[2021-11-27 15:18:18,149] {processor.py:163} INFO - Started process (PID=30857) to work on /Users/danielcollins/opt/anaconda3/lib/python3.8/site-packages/airflow/example_dags/example_dag_decorator.py
[2021-11-27 15:18:18,149] {processor.py:625} INFO - Processing file /Users/danielcollins/opt/anaconda3/lib/python3.8/site-packages/airflow/example_dags/example_dag_decorator.py for tasks to queue
[2021-11-27 15:18:18,150] {logging_mixin.py:109} INFO - [2021-11-27 15:18:18,150] {dagbag.py:500} INFO - Filling up the DagBag from /Users/danielcollins/opt/anaconda3/lib/python3.8/site-packages/airflow/example_dags/example_dag_decorator.py
[2021-11-27 15:18:18,184] {processor.py:637} INFO - DAG(s) dict_keys(['example_dag_decorator']) retrieved from /Users/danielcollins/opt/anaconda3/lib/python3.8/site-packages/airflow/example_dags/example_dag_decorator.py
[2021-11-27 15:18:18,404] {logging_mixin.py:109} INFO - [2021-11-27 15:18:18,404] {dag.py:2396} INFO - Sync 1 DAGs
[2021-11-27 15:18:18,408] {logging_mixin.py:109} INFO - [2021-11-27 15:18:18,408] {dag.py:2928} INFO - Setting next_dagrun for example_dag_decorator to None
[2021-11-27 15:18:18,414] {processor.py:171} INFO - Processing /Users/danielcollins/opt/anaconda3/lib/python3.8/site-packages/airflow/example_dags/example_dag_decorator.py took 0.265 seconds
[2021-11-27 15:19:51,098] {processor.py:163} INFO - Started process (PID=31053) to work on /Users/danielcollins/opt/anaconda3/lib/python3.8/site-packages/airflow/example_dags/example_dag_decorator.py
[2021-11-27 15:19:51,099] {processor.py:625} INFO - Processing file /Users/danielcollins/opt/anaconda3/lib/python3.8/site-packages/airflow/example_dags/example_dag_decorator.py for tasks to queue
[2021-11-27 15:19:51,099] {logging_mixin.py:109} INFO - [2021-11-27 15:19:51,099] {dagbag.py:500} INFO - Filling up the DagBag from /Users/danielcollins/opt/anaconda3/lib/python3.8/site-packages/airflow/example_dags/example_dag_decorator.py
[2021-11-27 15:19:51,130] {processor.py:637} INFO - DAG(s) dict_keys(['example_dag_decorator']) retrieved from /Users/danielcollins/opt/anaconda3/lib/python3.8/site-packages/airflow/example_dags/example_dag_decorator.py
[2021-11-27 15:19:51,347] {logging_mixin.py:109} INFO - [2021-11-27 15:19:51,347] {dag.py:2396} INFO - Sync 1 DAGs
[2021-11-27 15:19:51,352] {logging_mixin.py:109} INFO - [2021-11-27 15:19:51,352] {dag.py:2928} INFO - Setting next_dagrun for example_dag_decorator to None
[2021-11-27 15:19:51,360] {processor.py:171} INFO - Processing /Users/danielcollins/opt/anaconda3/lib/python3.8/site-packages/airflow/example_dags/example_dag_decorator.py took 0.262 seconds
[2021-11-27 15:21:24,334] {processor.py:163} INFO - Started process (PID=31168) to work on /Users/danielcollins/opt/anaconda3/lib/python3.8/site-packages/airflow/example_dags/example_dag_decorator.py
[2021-11-27 15:21:24,335] {processor.py:625} INFO - Processing file /Users/danielcollins/opt/anaconda3/lib/python3.8/site-packages/airflow/example_dags/example_dag_decorator.py for tasks to queue
[2021-11-27 15:21:24,335] {logging_mixin.py:109} INFO - [2021-11-27 15:21:24,335] {dagbag.py:500} INFO - Filling up the DagBag from /Users/danielcollins/opt/anaconda3/lib/python3.8/site-packages/airflow/example_dags/example_dag_decorator.py
[2021-11-27 15:21:24,370] {processor.py:637} INFO - DAG(s) dict_keys(['example_dag_decorator']) retrieved from /Users/danielcollins/opt/anaconda3/lib/python3.8/site-packages/airflow/example_dags/example_dag_decorator.py
[2021-11-27 15:21:24,669] {logging_mixin.py:109} INFO - [2021-11-27 15:21:24,669] {dag.py:2396} INFO - Sync 1 DAGs
[2021-11-27 15:21:24,673] {logging_mixin.py:109} INFO - [2021-11-27 15:21:24,673] {dag.py:2928} INFO - Setting next_dagrun for example_dag_decorator to None
[2021-11-27 15:21:24,680] {processor.py:171} INFO - Processing /Users/danielcollins/opt/anaconda3/lib/python3.8/site-packages/airflow/example_dags/example_dag_decorator.py took 0.346 seconds
[2021-11-27 15:22:52,594] {processor.py:163} INFO - Started process (PID=31286) to work on /Users/danielcollins/opt/anaconda3/lib/python3.8/site-packages/airflow/example_dags/example_dag_decorator.py
[2021-11-27 15:22:52,594] {processor.py:625} INFO - Processing file /Users/danielcollins/opt/anaconda3/lib/python3.8/site-packages/airflow/example_dags/example_dag_decorator.py for tasks to queue
[2021-11-27 15:22:52,594] {logging_mixin.py:109} INFO - [2021-11-27 15:22:52,594] {dagbag.py:500} INFO - Filling up the DagBag from /Users/danielcollins/opt/anaconda3/lib/python3.8/site-packages/airflow/example_dags/example_dag_decorator.py
[2021-11-27 15:22:52,625] {processor.py:637} INFO - DAG(s) dict_keys(['example_dag_decorator']) retrieved from /Users/danielcollins/opt/anaconda3/lib/python3.8/site-packages/airflow/example_dags/example_dag_decorator.py
[2021-11-27 15:22:52,866] {logging_mixin.py:109} INFO - [2021-11-27 15:22:52,866] {dag.py:2396} INFO - Sync 1 DAGs
[2021-11-27 15:22:52,871] {logging_mixin.py:109} INFO - [2021-11-27 15:22:52,871] {dag.py:2928} INFO - Setting next_dagrun for example_dag_decorator to None
[2021-11-27 15:22:52,877] {processor.py:171} INFO - Processing /Users/danielcollins/opt/anaconda3/lib/python3.8/site-packages/airflow/example_dags/example_dag_decorator.py took 0.284 seconds
[2021-11-27 15:24:17,750] {processor.py:163} INFO - Started process (PID=31432) to work on /Users/danielcollins/opt/anaconda3/lib/python3.8/site-packages/airflow/example_dags/example_dag_decorator.py
[2021-11-27 15:24:17,751] {processor.py:625} INFO - Processing file /Users/danielcollins/opt/anaconda3/lib/python3.8/site-packages/airflow/example_dags/example_dag_decorator.py for tasks to queue
[2021-11-27 15:24:17,751] {logging_mixin.py:109} INFO - [2021-11-27 15:24:17,751] {dagbag.py:500} INFO - Filling up the DagBag from /Users/danielcollins/opt/anaconda3/lib/python3.8/site-packages/airflow/example_dags/example_dag_decorator.py
[2021-11-27 15:24:17,783] {processor.py:637} INFO - DAG(s) dict_keys(['example_dag_decorator']) retrieved from /Users/danielcollins/opt/anaconda3/lib/python3.8/site-packages/airflow/example_dags/example_dag_decorator.py
[2021-11-27 15:24:18,009] {logging_mixin.py:109} INFO - [2021-11-27 15:24:18,009] {dag.py:2396} INFO - Sync 1 DAGs
[2021-11-27 15:24:18,013] {logging_mixin.py:109} INFO - [2021-11-27 15:24:18,013] {dag.py:2928} INFO - Setting next_dagrun for example_dag_decorator to None
[2021-11-27 15:24:18,020] {processor.py:171} INFO - Processing /Users/danielcollins/opt/anaconda3/lib/python3.8/site-packages/airflow/example_dags/example_dag_decorator.py took 0.270 seconds
[2021-11-27 15:25:40,869] {processor.py:163} INFO - Started process (PID=31555) to work on /Users/danielcollins/opt/anaconda3/lib/python3.8/site-packages/airflow/example_dags/example_dag_decorator.py
[2021-11-27 15:25:40,869] {processor.py:625} INFO - Processing file /Users/danielcollins/opt/anaconda3/lib/python3.8/site-packages/airflow/example_dags/example_dag_decorator.py for tasks to queue
[2021-11-27 15:25:40,870] {logging_mixin.py:109} INFO - [2021-11-27 15:25:40,870] {dagbag.py:500} INFO - Filling up the DagBag from /Users/danielcollins/opt/anaconda3/lib/python3.8/site-packages/airflow/example_dags/example_dag_decorator.py
[2021-11-27 15:25:40,907] {processor.py:637} INFO - DAG(s) dict_keys(['example_dag_decorator']) retrieved from /Users/danielcollins/opt/anaconda3/lib/python3.8/site-packages/airflow/example_dags/example_dag_decorator.py
[2021-11-27 15:25:41,113] {logging_mixin.py:109} INFO - [2021-11-27 15:25:41,113] {dag.py:2396} INFO - Sync 1 DAGs
[2021-11-27 15:25:41,117] {logging_mixin.py:109} INFO - [2021-11-27 15:25:41,117] {dag.py:2928} INFO - Setting next_dagrun for example_dag_decorator to None
[2021-11-27 15:25:41,123] {processor.py:171} INFO - Processing /Users/danielcollins/opt/anaconda3/lib/python3.8/site-packages/airflow/example_dags/example_dag_decorator.py took 0.254 seconds
[2021-11-27 15:27:07,158] {processor.py:163} INFO - Started process (PID=31745) to work on /Users/danielcollins/opt/anaconda3/lib/python3.8/site-packages/airflow/example_dags/example_dag_decorator.py
[2021-11-27 15:27:07,159] {processor.py:625} INFO - Processing file /Users/danielcollins/opt/anaconda3/lib/python3.8/site-packages/airflow/example_dags/example_dag_decorator.py for tasks to queue
[2021-11-27 15:27:07,159] {logging_mixin.py:109} INFO - [2021-11-27 15:27:07,159] {dagbag.py:500} INFO - Filling up the DagBag from /Users/danielcollins/opt/anaconda3/lib/python3.8/site-packages/airflow/example_dags/example_dag_decorator.py
[2021-11-27 15:27:07,194] {processor.py:637} INFO - DAG(s) dict_keys(['example_dag_decorator']) retrieved from /Users/danielcollins/opt/anaconda3/lib/python3.8/site-packages/airflow/example_dags/example_dag_decorator.py
[2021-11-27 15:27:07,415] {logging_mixin.py:109} INFO - [2021-11-27 15:27:07,415] {dag.py:2396} INFO - Sync 1 DAGs
[2021-11-27 15:27:07,420] {logging_mixin.py:109} INFO - [2021-11-27 15:27:07,420] {dag.py:2928} INFO - Setting next_dagrun for example_dag_decorator to None
[2021-11-27 15:27:07,427] {processor.py:171} INFO - Processing /Users/danielcollins/opt/anaconda3/lib/python3.8/site-packages/airflow/example_dags/example_dag_decorator.py took 0.269 seconds
[2021-11-27 15:28:33,317] {processor.py:163} INFO - Started process (PID=31903) to work on /Users/danielcollins/opt/anaconda3/lib/python3.8/site-packages/airflow/example_dags/example_dag_decorator.py
[2021-11-27 15:28:33,318] {processor.py:625} INFO - Processing file /Users/danielcollins/opt/anaconda3/lib/python3.8/site-packages/airflow/example_dags/example_dag_decorator.py for tasks to queue
[2021-11-27 15:28:33,318] {logging_mixin.py:109} INFO - [2021-11-27 15:28:33,318] {dagbag.py:500} INFO - Filling up the DagBag from /Users/danielcollins/opt/anaconda3/lib/python3.8/site-packages/airflow/example_dags/example_dag_decorator.py
[2021-11-27 15:28:33,353] {processor.py:637} INFO - DAG(s) dict_keys(['example_dag_decorator']) retrieved from /Users/danielcollins/opt/anaconda3/lib/python3.8/site-packages/airflow/example_dags/example_dag_decorator.py
[2021-11-27 15:28:33,563] {logging_mixin.py:109} INFO - [2021-11-27 15:28:33,563] {dag.py:2396} INFO - Sync 1 DAGs
[2021-11-27 15:28:33,567] {logging_mixin.py:109} INFO - [2021-11-27 15:28:33,567] {dag.py:2928} INFO - Setting next_dagrun for example_dag_decorator to None
[2021-11-27 15:28:33,574] {processor.py:171} INFO - Processing /Users/danielcollins/opt/anaconda3/lib/python3.8/site-packages/airflow/example_dags/example_dag_decorator.py took 0.257 seconds
[2021-11-27 15:46:36,732] {processor.py:163} INFO - Started process (PID=32233) to work on /Users/danielcollins/opt/anaconda3/lib/python3.8/site-packages/airflow/example_dags/example_dag_decorator.py
[2021-11-27 15:46:36,734] {processor.py:625} INFO - Processing file /Users/danielcollins/opt/anaconda3/lib/python3.8/site-packages/airflow/example_dags/example_dag_decorator.py for tasks to queue
[2021-11-27 15:46:36,735] {logging_mixin.py:109} INFO - [2021-11-27 15:46:36,735] {dagbag.py:500} INFO - Filling up the DagBag from /Users/danielcollins/opt/anaconda3/lib/python3.8/site-packages/airflow/example_dags/example_dag_decorator.py
[2021-11-27 15:46:36,855] {processor.py:637} INFO - DAG(s) dict_keys(['example_dag_decorator']) retrieved from /Users/danielcollins/opt/anaconda3/lib/python3.8/site-packages/airflow/example_dags/example_dag_decorator.py
[2021-11-27 15:46:38,094] {logging_mixin.py:109} INFO - [2021-11-27 15:46:38,028] {dag.py:2396} INFO - Sync 1 DAGs
[2021-11-27 15:46:38,496] {logging_mixin.py:109} INFO - [2021-11-27 15:46:38,496] {dag.py:2928} INFO - Setting next_dagrun for example_dag_decorator to None
[2021-11-27 15:46:38,554] {processor.py:171} INFO - Processing /Users/danielcollins/opt/anaconda3/lib/python3.8/site-packages/airflow/example_dags/example_dag_decorator.py took 1.840 seconds
[2021-11-27 16:08:47,380] {processor.py:163} INFO - Started process (PID=32673) to work on /Users/danielcollins/opt/anaconda3/lib/python3.8/site-packages/airflow/example_dags/example_dag_decorator.py
[2021-11-27 16:08:47,381] {processor.py:625} INFO - Processing file /Users/danielcollins/opt/anaconda3/lib/python3.8/site-packages/airflow/example_dags/example_dag_decorator.py for tasks to queue
[2021-11-27 16:08:47,382] {logging_mixin.py:109} INFO - [2021-11-27 16:08:47,382] {dagbag.py:500} INFO - Filling up the DagBag from /Users/danielcollins/opt/anaconda3/lib/python3.8/site-packages/airflow/example_dags/example_dag_decorator.py
[2021-11-27 16:08:47,572] {processor.py:637} INFO - DAG(s) dict_keys(['example_dag_decorator']) retrieved from /Users/danielcollins/opt/anaconda3/lib/python3.8/site-packages/airflow/example_dags/example_dag_decorator.py
[2021-11-27 16:08:48,307] {logging_mixin.py:109} INFO - [2021-11-27 16:08:48,294] {dag.py:2396} INFO - Sync 1 DAGs
[2021-11-27 16:08:48,404] {logging_mixin.py:109} INFO - [2021-11-27 16:08:48,402] {dag.py:2928} INFO - Setting next_dagrun for example_dag_decorator to None
[2021-11-27 16:08:48,442] {processor.py:171} INFO - Processing /Users/danielcollins/opt/anaconda3/lib/python3.8/site-packages/airflow/example_dags/example_dag_decorator.py took 1.063 seconds
[2021-11-27 16:52:33,591] {processor.py:163} INFO - Started process (PID=33025) to work on /Users/danielcollins/opt/anaconda3/lib/python3.8/site-packages/airflow/example_dags/example_dag_decorator.py
[2021-11-27 16:52:33,592] {processor.py:625} INFO - Processing file /Users/danielcollins/opt/anaconda3/lib/python3.8/site-packages/airflow/example_dags/example_dag_decorator.py for tasks to queue
[2021-11-27 16:52:33,592] {logging_mixin.py:109} INFO - [2021-11-27 16:52:33,592] {dagbag.py:500} INFO - Filling up the DagBag from /Users/danielcollins/opt/anaconda3/lib/python3.8/site-packages/airflow/example_dags/example_dag_decorator.py
[2021-11-27 16:52:33,630] {processor.py:637} INFO - DAG(s) dict_keys(['example_dag_decorator']) retrieved from /Users/danielcollins/opt/anaconda3/lib/python3.8/site-packages/airflow/example_dags/example_dag_decorator.py
[2021-11-27 16:52:33,853] {logging_mixin.py:109} INFO - [2021-11-27 16:52:33,853] {dag.py:2396} INFO - Sync 1 DAGs
[2021-11-27 16:52:33,857] {logging_mixin.py:109} INFO - [2021-11-27 16:52:33,857] {dag.py:2928} INFO - Setting next_dagrun for example_dag_decorator to None
[2021-11-27 16:52:33,865] {processor.py:171} INFO - Processing /Users/danielcollins/opt/anaconda3/lib/python3.8/site-packages/airflow/example_dags/example_dag_decorator.py took 0.273 seconds
[2021-11-27 16:54:05,064] {processor.py:163} INFO - Started process (PID=33135) to work on /Users/danielcollins/opt/anaconda3/lib/python3.8/site-packages/airflow/example_dags/example_dag_decorator.py
[2021-11-27 16:54:05,065] {processor.py:625} INFO - Processing file /Users/danielcollins/opt/anaconda3/lib/python3.8/site-packages/airflow/example_dags/example_dag_decorator.py for tasks to queue
[2021-11-27 16:54:05,065] {logging_mixin.py:109} INFO - [2021-11-27 16:54:05,065] {dagbag.py:500} INFO - Filling up the DagBag from /Users/danielcollins/opt/anaconda3/lib/python3.8/site-packages/airflow/example_dags/example_dag_decorator.py
[2021-11-27 16:54:05,099] {processor.py:637} INFO - DAG(s) dict_keys(['example_dag_decorator']) retrieved from /Users/danielcollins/opt/anaconda3/lib/python3.8/site-packages/airflow/example_dags/example_dag_decorator.py
[2021-11-27 16:54:05,400] {logging_mixin.py:109} INFO - [2021-11-27 16:54:05,400] {dag.py:2396} INFO - Sync 1 DAGs
[2021-11-27 16:54:05,404] {logging_mixin.py:109} INFO - [2021-11-27 16:54:05,404] {dag.py:2928} INFO - Setting next_dagrun for example_dag_decorator to None
[2021-11-27 16:54:05,416] {processor.py:171} INFO - Processing /Users/danielcollins/opt/anaconda3/lib/python3.8/site-packages/airflow/example_dags/example_dag_decorator.py took 0.352 seconds
[2021-11-27 16:55:31,220] {processor.py:163} INFO - Started process (PID=33297) to work on /Users/danielcollins/opt/anaconda3/lib/python3.8/site-packages/airflow/example_dags/example_dag_decorator.py
[2021-11-27 16:55:31,221] {processor.py:625} INFO - Processing file /Users/danielcollins/opt/anaconda3/lib/python3.8/site-packages/airflow/example_dags/example_dag_decorator.py for tasks to queue
[2021-11-27 16:55:31,221] {logging_mixin.py:109} INFO - [2021-11-27 16:55:31,221] {dagbag.py:500} INFO - Filling up the DagBag from /Users/danielcollins/opt/anaconda3/lib/python3.8/site-packages/airflow/example_dags/example_dag_decorator.py
[2021-11-27 16:55:31,256] {processor.py:637} INFO - DAG(s) dict_keys(['example_dag_decorator']) retrieved from /Users/danielcollins/opt/anaconda3/lib/python3.8/site-packages/airflow/example_dags/example_dag_decorator.py
[2021-11-27 16:55:31,569] {logging_mixin.py:109} INFO - [2021-11-27 16:55:31,569] {dag.py:2396} INFO - Sync 1 DAGs
[2021-11-27 16:55:31,573] {logging_mixin.py:109} INFO - [2021-11-27 16:55:31,573] {dag.py:2928} INFO - Setting next_dagrun for example_dag_decorator to None
[2021-11-27 16:55:31,581] {processor.py:171} INFO - Processing /Users/danielcollins/opt/anaconda3/lib/python3.8/site-packages/airflow/example_dags/example_dag_decorator.py took 0.361 seconds
