[2021-11-26 17:00:05,529] {taskinstance.py:1035} INFO - Dependencies all met for <TaskInstance: example_bash_operator.runme_1 scheduled__2021-11-26T00:00:00+00:00 [queued]>
[2021-11-26 17:00:05,532] {taskinstance.py:1035} INFO - Dependencies all met for <TaskInstance: example_bash_operator.runme_1 scheduled__2021-11-26T00:00:00+00:00 [queued]>
[2021-11-26 17:00:05,532] {taskinstance.py:1241} INFO - 
--------------------------------------------------------------------------------
[2021-11-26 17:00:05,532] {taskinstance.py:1242} INFO - Starting attempt 1 of 1
[2021-11-26 17:00:05,532] {taskinstance.py:1243} INFO - 
--------------------------------------------------------------------------------
[2021-11-26 17:00:05,536] {taskinstance.py:1262} INFO - Executing <Task(BashOperator): runme_1> on 2021-11-26 00:00:00+00:00
[2021-11-26 17:00:05,539] {standard_task_runner.py:52} INFO - Started process 19226 to run task
[2021-11-26 17:00:05,543] {standard_task_runner.py:76} INFO - Running: ['airflow', 'tasks', 'run', 'example_bash_operator', 'runme_1', 'scheduled__2021-11-26T00:00:00+00:00', '--job-id', '16', '--raw', '--subdir', '/Users/danielcollins/opt/anaconda3/lib/python3.8/site-packages/airflow/example_dags/example_bash_operator.py', '--cfg-path', '/var/folders/9_/3lc9lq1570l2_y2nsyxbktvw0000gn/T/tmpxfzda1al', '--error-file', '/var/folders/9_/3lc9lq1570l2_y2nsyxbktvw0000gn/T/tmpv8f4p87l']
[2021-11-26 17:00:05,552] {standard_task_runner.py:77} INFO - Job 16: Subtask runme_1
[2021-11-26 17:00:05,581] {logging_mixin.py:109} INFO - Running <TaskInstance: example_bash_operator.runme_1 scheduled__2021-11-26T00:00:00+00:00 [running]> on host 1.0.0.0.0.0.0.0.0.0.0.0.0.0.0.0.0.0.0.0.0.0.0.0.0.0.0.0.0.0.0.0.ip6.arpa
[2021-11-26 17:00:05,599] {taskinstance.py:1427} INFO - Exporting the following env vars:
AIRFLOW_CTX_DAG_OWNER=airflow
AIRFLOW_CTX_DAG_ID=example_bash_operator
AIRFLOW_CTX_TASK_ID=runme_1
AIRFLOW_CTX_EXECUTION_DATE=2021-11-26T00:00:00+00:00
AIRFLOW_CTX_DAG_RUN_ID=scheduled__2021-11-26T00:00:00+00:00
[2021-11-26 17:00:05,600] {subprocess.py:62} INFO - Tmp dir root location: 
 /var/folders/9_/3lc9lq1570l2_y2nsyxbktvw0000gn/T
[2021-11-26 17:00:05,601] {subprocess.py:74} INFO - Running command: ['bash', '-c', 'echo "example_bash_operator__runme_1__20211126" && sleep 1']
[2021-11-26 17:00:05,608] {subprocess.py:85} INFO - Output:
[2021-11-26 17:00:05,615] {subprocess.py:89} INFO - example_bash_operator__runme_1__20211126
[2021-11-26 17:00:06,627] {subprocess.py:93} INFO - Command exited with return code 0
[2021-11-26 17:00:06,664] {taskinstance.py:1270} INFO - Marking task as SUCCESS. dag_id=example_bash_operator, task_id=runme_1, execution_date=20211126T000000, start_date=20211127T000005, end_date=20211127T000006
[2021-11-26 17:00:06,694] {local_task_job.py:154} INFO - Task exited with return code 0
[2021-11-26 17:00:06,722] {local_task_job.py:264} INFO - 0 downstream tasks scheduled from follow-on schedule check
