[2021-11-27 18:17:29,760] {taskinstance.py:1035} INFO - Dependencies all met for <TaskInstance: example_bash_operator.this_will_skip scheduled__2021-11-27T00:00:00+00:00 [queued]>
[2021-11-27 18:17:29,763] {taskinstance.py:1035} INFO - Dependencies all met for <TaskInstance: example_bash_operator.this_will_skip scheduled__2021-11-27T00:00:00+00:00 [queued]>
[2021-11-27 18:17:29,763] {taskinstance.py:1241} INFO - 
--------------------------------------------------------------------------------
[2021-11-27 18:17:29,763] {taskinstance.py:1242} INFO - Starting attempt 1 of 1
[2021-11-27 18:17:29,763] {taskinstance.py:1243} INFO - 
--------------------------------------------------------------------------------
[2021-11-27 18:17:29,767] {taskinstance.py:1262} INFO - Executing <Task(BashOperator): this_will_skip> on 2021-11-27 00:00:00+00:00
[2021-11-27 18:17:29,770] {standard_task_runner.py:52} INFO - Started process 33510 to run task
[2021-11-27 18:17:29,774] {standard_task_runner.py:76} INFO - Running: ['airflow', 'tasks', 'run', 'example_bash_operator', 'this_will_skip', 'scheduled__2021-11-27T00:00:00+00:00', '--job-id', '25', '--raw', '--subdir', '/Users/danielcollins/opt/anaconda3/lib/python3.8/site-packages/airflow/example_dags/example_bash_operator.py', '--cfg-path', '/var/folders/9_/3lc9lq1570l2_y2nsyxbktvw0000gn/T/tmpmk96y15i', '--error-file', '/var/folders/9_/3lc9lq1570l2_y2nsyxbktvw0000gn/T/tmpdaeo0pa_']
[2021-11-27 18:17:29,778] {standard_task_runner.py:77} INFO - Job 25: Subtask this_will_skip
[2021-11-27 18:17:29,803] {logging_mixin.py:109} INFO - Running <TaskInstance: example_bash_operator.this_will_skip scheduled__2021-11-27T00:00:00+00:00 [running]> on host 1.0.0.0.0.0.0.0.0.0.0.0.0.0.0.0.0.0.0.0.0.0.0.0.0.0.0.0.0.0.0.0.ip6.arpa
[2021-11-27 18:17:29,823] {taskinstance.py:1427} INFO - Exporting the following env vars:
AIRFLOW_CTX_DAG_OWNER=airflow
AIRFLOW_CTX_DAG_ID=example_bash_operator
AIRFLOW_CTX_TASK_ID=this_will_skip
AIRFLOW_CTX_EXECUTION_DATE=2021-11-27T00:00:00+00:00
AIRFLOW_CTX_DAG_RUN_ID=scheduled__2021-11-27T00:00:00+00:00
[2021-11-27 18:17:29,823] {subprocess.py:62} INFO - Tmp dir root location: 
 /var/folders/9_/3lc9lq1570l2_y2nsyxbktvw0000gn/T
[2021-11-27 18:17:29,824] {subprocess.py:74} INFO - Running command: ['bash', '-c', 'echo "hello world"; exit 99;']
[2021-11-27 18:17:29,832] {subprocess.py:85} INFO - Output:
[2021-11-27 18:17:29,890] {subprocess.py:89} INFO - hello world
[2021-11-27 18:17:29,890] {subprocess.py:93} INFO - Command exited with return code 99
[2021-11-27 18:17:29,892] {taskinstance.py:1359} INFO - Bash command returned exit code 99. Skipping.
[2021-11-27 18:17:29,897] {taskinstance.py:1270} INFO - Marking task as SKIPPED. dag_id=example_bash_operator, task_id=this_will_skip, execution_date=20211127T000000, start_date=20211128T011729, end_date=20211128T011729
[2021-11-27 18:17:29,926] {local_task_job.py:154} INFO - Task exited with return code 0
[2021-11-27 18:17:29,941] {local_task_job.py:264} INFO - 0 downstream tasks scheduled from follow-on schedule check
