[2021-11-26 13:19:48,435] {taskinstance.py:1035} INFO - Dependencies all met for <TaskInstance: example_bash_operator.this_will_skip scheduled__2021-11-25T00:00:00+00:00 [queued]>
[2021-11-26 13:19:48,438] {taskinstance.py:1035} INFO - Dependencies all met for <TaskInstance: example_bash_operator.this_will_skip scheduled__2021-11-25T00:00:00+00:00 [queued]>
[2021-11-26 13:19:48,438] {taskinstance.py:1241} INFO - 
--------------------------------------------------------------------------------
[2021-11-26 13:19:48,438] {taskinstance.py:1242} INFO - Starting attempt 1 of 1
[2021-11-26 13:19:48,438] {taskinstance.py:1243} INFO - 
--------------------------------------------------------------------------------
[2021-11-26 13:19:48,443] {taskinstance.py:1262} INFO - Executing <Task(BashOperator): this_will_skip> on 2021-11-25 00:00:00+00:00
[2021-11-26 13:19:48,446] {standard_task_runner.py:52} INFO - Started process 15573 to run task
[2021-11-26 13:19:48,449] {standard_task_runner.py:76} INFO - Running: ['airflow', 'tasks', 'run', 'example_bash_operator', 'this_will_skip', 'scheduled__2021-11-25T00:00:00+00:00', '--job-id', '7', '--raw', '--subdir', '/Users/danielcollins/opt/anaconda3/lib/python3.8/site-packages/airflow/example_dags/example_bash_operator.py', '--cfg-path', '/var/folders/9_/3lc9lq1570l2_y2nsyxbktvw0000gn/T/tmpoc43r58_', '--error-file', '/var/folders/9_/3lc9lq1570l2_y2nsyxbktvw0000gn/T/tmpbfoao41f']
[2021-11-26 13:19:48,451] {standard_task_runner.py:77} INFO - Job 7: Subtask this_will_skip
[2021-11-26 13:19:48,473] {logging_mixin.py:109} INFO - Running <TaskInstance: example_bash_operator.this_will_skip scheduled__2021-11-25T00:00:00+00:00 [running]> on host 1.0.0.0.0.0.0.0.0.0.0.0.0.0.0.0.0.0.0.0.0.0.0.0.0.0.0.0.0.0.0.0.ip6.arpa
[2021-11-26 13:19:48,494] {taskinstance.py:1427} INFO - Exporting the following env vars:
AIRFLOW_CTX_DAG_OWNER=airflow
AIRFLOW_CTX_DAG_ID=example_bash_operator
AIRFLOW_CTX_TASK_ID=this_will_skip
AIRFLOW_CTX_EXECUTION_DATE=2021-11-25T00:00:00+00:00
AIRFLOW_CTX_DAG_RUN_ID=scheduled__2021-11-25T00:00:00+00:00
[2021-11-26 13:19:48,495] {subprocess.py:62} INFO - Tmp dir root location: 
 /var/folders/9_/3lc9lq1570l2_y2nsyxbktvw0000gn/T
[2021-11-26 13:19:48,496] {subprocess.py:74} INFO - Running command: ['bash', '-c', 'echo "hello world"; exit 99;']
[2021-11-26 13:19:48,503] {subprocess.py:85} INFO - Output:
[2021-11-26 13:19:48,511] {subprocess.py:89} INFO - hello world
[2021-11-26 13:19:48,512] {subprocess.py:93} INFO - Command exited with return code 99
[2021-11-26 13:19:48,514] {taskinstance.py:1359} INFO - Bash command returned exit code 99. Skipping.
[2021-11-26 13:19:48,521] {taskinstance.py:1270} INFO - Marking task as SKIPPED. dag_id=example_bash_operator, task_id=this_will_skip, execution_date=20211125T000000, start_date=20211126T201948, end_date=20211126T201948
[2021-11-26 13:19:48,553] {local_task_job.py:154} INFO - Task exited with return code 0
[2021-11-26 13:19:48,568] {local_task_job.py:264} INFO - 0 downstream tasks scheduled from follow-on schedule check
