[2021-11-26 13:19:38,133] {taskinstance.py:1035} INFO - Dependencies all met for <TaskInstance: example_bash_operator.runme_0 scheduled__2021-11-25T00:00:00+00:00 [queued]>
[2021-11-26 13:19:38,138] {taskinstance.py:1035} INFO - Dependencies all met for <TaskInstance: example_bash_operator.runme_0 scheduled__2021-11-25T00:00:00+00:00 [queued]>
[2021-11-26 13:19:38,138] {taskinstance.py:1241} INFO - 
--------------------------------------------------------------------------------
[2021-11-26 13:19:38,138] {taskinstance.py:1242} INFO - Starting attempt 1 of 1
[2021-11-26 13:19:38,138] {taskinstance.py:1243} INFO - 
--------------------------------------------------------------------------------
[2021-11-26 13:19:38,143] {taskinstance.py:1262} INFO - Executing <Task(BashOperator): runme_0> on 2021-11-25 00:00:00+00:00
[2021-11-26 13:19:38,146] {standard_task_runner.py:52} INFO - Started process 15543 to run task
[2021-11-26 13:19:38,154] {standard_task_runner.py:76} INFO - Running: ['airflow', 'tasks', 'run', 'example_bash_operator', 'runme_0', 'scheduled__2021-11-25T00:00:00+00:00', '--job-id', '3', '--raw', '--subdir', '/Users/danielcollins/opt/anaconda3/lib/python3.8/site-packages/airflow/example_dags/example_bash_operator.py', '--cfg-path', '/var/folders/9_/3lc9lq1570l2_y2nsyxbktvw0000gn/T/tmp_bwsc07q', '--error-file', '/var/folders/9_/3lc9lq1570l2_y2nsyxbktvw0000gn/T/tmpa4ykb5z_']
[2021-11-26 13:19:38,156] {standard_task_runner.py:77} INFO - Job 3: Subtask runme_0
[2021-11-26 13:19:38,192] {logging_mixin.py:109} INFO - Running <TaskInstance: example_bash_operator.runme_0 scheduled__2021-11-25T00:00:00+00:00 [running]> on host 1.0.0.0.0.0.0.0.0.0.0.0.0.0.0.0.0.0.0.0.0.0.0.0.0.0.0.0.0.0.0.0.ip6.arpa
[2021-11-26 13:19:38,221] {taskinstance.py:1427} INFO - Exporting the following env vars:
AIRFLOW_CTX_DAG_OWNER=airflow
AIRFLOW_CTX_DAG_ID=example_bash_operator
AIRFLOW_CTX_TASK_ID=runme_0
AIRFLOW_CTX_EXECUTION_DATE=2021-11-25T00:00:00+00:00
AIRFLOW_CTX_DAG_RUN_ID=scheduled__2021-11-25T00:00:00+00:00
[2021-11-26 13:19:38,222] {subprocess.py:62} INFO - Tmp dir root location: 
 /var/folders/9_/3lc9lq1570l2_y2nsyxbktvw0000gn/T
[2021-11-26 13:19:38,223] {subprocess.py:74} INFO - Running command: ['bash', '-c', 'echo "example_bash_operator__runme_0__20211125" && sleep 1']
[2021-11-26 13:19:38,264] {subprocess.py:85} INFO - Output:
[2021-11-26 13:19:38,381] {subprocess.py:89} INFO - example_bash_operator__runme_0__20211125
[2021-11-26 13:19:39,429] {subprocess.py:93} INFO - Command exited with return code 0
[2021-11-26 13:19:39,474] {taskinstance.py:1270} INFO - Marking task as SUCCESS. dag_id=example_bash_operator, task_id=runme_0, execution_date=20211125T000000, start_date=20211126T201938, end_date=20211126T201939
[2021-11-26 13:19:39,502] {local_task_job.py:154} INFO - Task exited with return code 0
[2021-11-26 13:19:39,528] {local_task_job.py:264} INFO - 0 downstream tasks scheduled from follow-on schedule check
