[2021-11-27 17:59:14,125] {taskinstance.py:1035} INFO - Dependencies all met for <TaskInstance: example_bash_operator.runme_0 scheduled__2021-11-27T00:00:00+00:00 [queued]>
[2021-11-27 18:04:52,004] {taskinstance.py:1035} INFO - Dependencies all met for <TaskInstance: example_bash_operator.runme_0 scheduled__2021-11-27T00:00:00+00:00 [queued]>
[2021-11-27 18:04:52,004] {taskinstance.py:1241} INFO - 
--------------------------------------------------------------------------------
[2021-11-27 18:04:52,004] {taskinstance.py:1242} INFO - Starting attempt 1 of 1
[2021-11-27 18:04:52,004] {taskinstance.py:1243} INFO - 
--------------------------------------------------------------------------------
[2021-11-27 18:04:52,015] {taskinstance.py:1262} INFO - Executing <Task(BashOperator): runme_0> on 2021-11-27 00:00:00+00:00
[2021-11-27 18:04:52,024] {standard_task_runner.py:52} INFO - Started process 33368 to run task
[2021-11-27 18:04:52,036] {standard_task_runner.py:76} INFO - Running: ['airflow', 'tasks', 'run', 'example_bash_operator', 'runme_0', 'scheduled__2021-11-27T00:00:00+00:00', '--job-id', '21', '--raw', '--subdir', '/Users/danielcollins/opt/anaconda3/lib/python3.8/site-packages/airflow/example_dags/example_bash_operator.py', '--cfg-path', '/var/folders/9_/3lc9lq1570l2_y2nsyxbktvw0000gn/T/tmpt3yn8_2f', '--error-file', '/var/folders/9_/3lc9lq1570l2_y2nsyxbktvw0000gn/T/tmpipr43gg4']
[2021-11-27 18:04:52,040] {standard_task_runner.py:77} INFO - Job 21: Subtask runme_0
[2021-11-27 18:04:57,512] {logging_mixin.py:109} INFO - Running <TaskInstance: example_bash_operator.runme_0 scheduled__2021-11-27T00:00:00+00:00 [running]> on host Daniels-MacBook-Air.local
[2021-11-27 18:12:55,827] {taskinstance.py:1427} INFO - Exporting the following env vars:
AIRFLOW_CTX_DAG_OWNER=airflow
AIRFLOW_CTX_DAG_ID=example_bash_operator
AIRFLOW_CTX_TASK_ID=runme_0
AIRFLOW_CTX_EXECUTION_DATE=2021-11-27T00:00:00+00:00
AIRFLOW_CTX_DAG_RUN_ID=scheduled__2021-11-27T00:00:00+00:00
[2021-11-27 18:12:55,828] {subprocess.py:62} INFO - Tmp dir root location: 
 /var/folders/9_/3lc9lq1570l2_y2nsyxbktvw0000gn/T
[2021-11-27 18:12:55,829] {subprocess.py:74} INFO - Running command: ['bash', '-c', 'echo "example_bash_operator__runme_0__20211127" && sleep 1']
[2021-11-27 18:12:55,859] {subprocess.py:85} INFO - Output:
[2021-11-27 18:12:55,975] {subprocess.py:89} INFO - example_bash_operator__runme_0__20211127
[2021-11-27 18:12:57,009] {subprocess.py:93} INFO - Command exited with return code 0
[2021-11-27 18:12:57,044] {taskinstance.py:1270} INFO - Marking task as SUCCESS. dag_id=example_bash_operator, task_id=runme_0, execution_date=20211127T000000, start_date=20211128T005914, end_date=20211128T011257
[2021-11-27 18:13:00,990] {local_task_job.py:154} INFO - Task exited with return code 0
[2021-11-27 18:13:01,025] {local_task_job.py:264} INFO - 0 downstream tasks scheduled from follow-on schedule check
