[2021-11-26 13:20:06,051] {taskinstance.py:1035} INFO - Dependencies all met for <TaskInstance: example_bash_operator.run_after_loop manual__2021-11-26T20:19:40.360596+00:00 [queued]>
[2021-11-26 13:20:06,054] {taskinstance.py:1035} INFO - Dependencies all met for <TaskInstance: example_bash_operator.run_after_loop manual__2021-11-26T20:19:40.360596+00:00 [queued]>
[2021-11-26 13:20:06,054] {taskinstance.py:1241} INFO - 
--------------------------------------------------------------------------------
[2021-11-26 13:20:06,054] {taskinstance.py:1242} INFO - Starting attempt 1 of 1
[2021-11-26 13:20:06,054] {taskinstance.py:1243} INFO - 
--------------------------------------------------------------------------------
[2021-11-26 13:20:06,059] {taskinstance.py:1262} INFO - Executing <Task(BashOperator): run_after_loop> on 2021-11-26 20:19:40.360596+00:00
[2021-11-26 13:20:06,062] {standard_task_runner.py:52} INFO - Started process 15612 to run task
[2021-11-26 13:20:06,066] {standard_task_runner.py:76} INFO - Running: ['airflow', 'tasks', 'run', 'example_bash_operator', 'run_after_loop', 'manual__2021-11-26T20:19:40.360596+00:00', '--job-id', '14', '--raw', '--subdir', '/Users/danielcollins/opt/anaconda3/lib/python3.8/site-packages/airflow/example_dags/example_bash_operator.py', '--cfg-path', '/var/folders/9_/3lc9lq1570l2_y2nsyxbktvw0000gn/T/tmp9sepxuxg', '--error-file', '/var/folders/9_/3lc9lq1570l2_y2nsyxbktvw0000gn/T/tmpoifsmtxz']
[2021-11-26 13:20:06,067] {standard_task_runner.py:77} INFO - Job 14: Subtask run_after_loop
[2021-11-26 13:20:06,093] {logging_mixin.py:109} INFO - Running <TaskInstance: example_bash_operator.run_after_loop manual__2021-11-26T20:19:40.360596+00:00 [running]> on host 1.0.0.0.0.0.0.0.0.0.0.0.0.0.0.0.0.0.0.0.0.0.0.0.0.0.0.0.0.0.0.0.ip6.arpa
[2021-11-26 13:20:06,112] {taskinstance.py:1427} INFO - Exporting the following env vars:
AIRFLOW_CTX_DAG_OWNER=airflow
AIRFLOW_CTX_DAG_ID=example_bash_operator
AIRFLOW_CTX_TASK_ID=run_after_loop
AIRFLOW_CTX_EXECUTION_DATE=2021-11-26T20:19:40.360596+00:00
AIRFLOW_CTX_DAG_RUN_ID=manual__2021-11-26T20:19:40.360596+00:00
[2021-11-26 13:20:06,113] {subprocess.py:62} INFO - Tmp dir root location: 
 /var/folders/9_/3lc9lq1570l2_y2nsyxbktvw0000gn/T
[2021-11-26 13:20:06,114] {subprocess.py:74} INFO - Running command: ['bash', '-c', 'echo 1']
[2021-11-26 13:20:06,122] {subprocess.py:85} INFO - Output:
[2021-11-26 13:20:06,130] {subprocess.py:89} INFO - 1
[2021-11-26 13:20:06,131] {subprocess.py:93} INFO - Command exited with return code 0
[2021-11-26 13:20:06,143] {taskinstance.py:1270} INFO - Marking task as SUCCESS. dag_id=example_bash_operator, task_id=run_after_loop, execution_date=20211126T201940, start_date=20211126T202006, end_date=20211126T202006
[2021-11-26 13:20:06,174] {local_task_job.py:154} INFO - Task exited with return code 0
[2021-11-26 13:20:06,189] {local_task_job.py:264} INFO - 0 downstream tasks scheduled from follow-on schedule check
