[2021-11-26 17:00:15,473] {taskinstance.py:1035} INFO - Dependencies all met for <TaskInstance: example_bash_operator.run_after_loop scheduled__2021-11-26T00:00:00+00:00 [queued]>
[2021-11-26 17:00:15,476] {taskinstance.py:1035} INFO - Dependencies all met for <TaskInstance: example_bash_operator.run_after_loop scheduled__2021-11-26T00:00:00+00:00 [queued]>
[2021-11-26 17:00:15,476] {taskinstance.py:1241} INFO - 
--------------------------------------------------------------------------------
[2021-11-26 17:00:15,476] {taskinstance.py:1242} INFO - Starting attempt 1 of 1
[2021-11-26 17:00:15,476] {taskinstance.py:1243} INFO - 
--------------------------------------------------------------------------------
[2021-11-26 17:00:15,486] {taskinstance.py:1262} INFO - Executing <Task(BashOperator): run_after_loop> on 2021-11-26 00:00:00+00:00
[2021-11-26 17:00:15,490] {standard_task_runner.py:52} INFO - Started process 19249 to run task
[2021-11-26 17:00:15,503] {standard_task_runner.py:76} INFO - Running: ['airflow', 'tasks', 'run', 'example_bash_operator', 'run_after_loop', 'scheduled__2021-11-26T00:00:00+00:00', '--job-id', '20', '--raw', '--subdir', '/Users/danielcollins/opt/anaconda3/lib/python3.8/site-packages/airflow/example_dags/example_bash_operator.py', '--cfg-path', '/var/folders/9_/3lc9lq1570l2_y2nsyxbktvw0000gn/T/tmp2vuby371', '--error-file', '/var/folders/9_/3lc9lq1570l2_y2nsyxbktvw0000gn/T/tmp0ibycrc4']
[2021-11-26 17:00:15,505] {standard_task_runner.py:77} INFO - Job 20: Subtask run_after_loop
[2021-11-26 17:00:15,536] {logging_mixin.py:109} INFO - Running <TaskInstance: example_bash_operator.run_after_loop scheduled__2021-11-26T00:00:00+00:00 [running]> on host 1.0.0.0.0.0.0.0.0.0.0.0.0.0.0.0.0.0.0.0.0.0.0.0.0.0.0.0.0.0.0.0.ip6.arpa
[2021-11-26 17:00:15,554] {taskinstance.py:1427} INFO - Exporting the following env vars:
AIRFLOW_CTX_DAG_OWNER=airflow
AIRFLOW_CTX_DAG_ID=example_bash_operator
AIRFLOW_CTX_TASK_ID=run_after_loop
AIRFLOW_CTX_EXECUTION_DATE=2021-11-26T00:00:00+00:00
AIRFLOW_CTX_DAG_RUN_ID=scheduled__2021-11-26T00:00:00+00:00
[2021-11-26 17:00:15,556] {subprocess.py:62} INFO - Tmp dir root location: 
 /var/folders/9_/3lc9lq1570l2_y2nsyxbktvw0000gn/T
[2021-11-26 17:00:15,557] {subprocess.py:74} INFO - Running command: ['bash', '-c', 'echo 1']
[2021-11-26 17:00:15,567] {subprocess.py:85} INFO - Output:
[2021-11-26 17:00:15,575] {subprocess.py:89} INFO - 1
[2021-11-26 17:00:15,576] {subprocess.py:93} INFO - Command exited with return code 0
[2021-11-26 17:00:15,587] {taskinstance.py:1270} INFO - Marking task as SUCCESS. dag_id=example_bash_operator, task_id=run_after_loop, execution_date=20211126T000000, start_date=20211127T000015, end_date=20211127T000015
[2021-11-26 17:00:15,609] {local_task_job.py:154} INFO - Task exited with return code 0
[2021-11-26 17:00:15,621] {local_task_job.py:264} INFO - 0 downstream tasks scheduled from follow-on schedule check
